number,value,datetime_start,datetime_complete,duration,params_compile_batch_size,params_compile_beta_b,params_compile_beta_z,params_compile_lr,params_compile_prior_rate,params_compile_train_steps,params_hidden_size,state
0,0.12954,2025-06-11 06:06:49.808406,2025-06-11 06:22:50.086880,0 days 00:16:00.278474000,128,0.01,1.0,0.1,15,5000,64,COMPLETE
1,0.27268000000000003,2025-06-11 06:22:50.092587,2025-06-11 06:36:27.697743,0 days 00:13:37.605156000,128,0.01,0.1,0.001,15,500,512,COMPLETE
2,0.29134000000000004,2025-06-11 06:36:27.705056,2025-06-11 06:52:32.808481,0 days 00:16:05.103425000,256,0.5,0.5,0.001,10,5000,64,COMPLETE
3,0.27904,2025-06-11 06:52:32.813369,2025-06-11 07:20:06.747174,0 days 00:27:33.933805000,256,0.01,0.01,0.0001,3,5000,128,COMPLETE
4,0.27664000000000005,2025-06-11 07:20:06.752272,2025-06-11 07:22:56.781949,0 days 00:02:50.029677000,256,0.01,0.01,0.001,3,500,128,COMPLETE
5,0.17118,2025-06-11 07:22:56.787238,2025-06-11 07:50:18.342012,0 days 00:27:21.554774000,256,0.01,0.5,0.1,10,5000,128,COMPLETE
6,0.24956,2025-06-11 07:50:18.347537,2025-06-11 08:06:25.347675,0 days 00:16:07.000138000,128,0.1,0.5,0.001,15,5000,64,COMPLETE
7,0.30786,2025-06-11 08:06:25.353370,2025-06-11 08:40:19.644296,0 days 00:33:54.290926000,64,1.0,0.01,0.0001,3,5000,256,COMPLETE
8,0.14896,2025-06-11 08:40:19.650189,2025-06-11 08:55:45.191604,0 days 00:15:25.541415000,64,1.0,1.0,0.001,3,5000,128,COMPLETE
9,0.15986,2025-06-11 08:55:45.199760,2025-06-11 09:29:19.226183,0 days 00:33:34.026423000,256,1.0,0.01,0.1,15,3000,256,COMPLETE
10,0.22184,2025-06-11 09:29:19.232309,2025-06-11 09:50:01.923992,0 days 00:20:42.691683000,64,1.0,0.1,0.0001,3,3000,256,COMPLETE
11,0.29906,2025-06-11 09:50:01.930466,2025-06-11 10:24:05.332508,0 days 00:34:03.402042000,64,0.5,0.5,0.0001,10,5000,256,COMPLETE
12,0.26978,2025-06-11 10:24:05.339014,2025-06-11 10:57:54.645051,0 days 00:33:49.306037000,64,0.5,0.01,0.0001,10,5000,256,COMPLETE
13,0.27706,2025-06-11 10:57:54.651874,2025-06-11 11:31:45.042443,0 days 00:33:50.390569000,64,0.5,0.5,0.0001,10,5000,256,COMPLETE
14,0.29300000000000004,2025-06-11 11:31:45.049452,2025-06-11 11:52:14.054034,0 days 00:20:29.004582000,64,0.1,0.01,0.0001,3,3000,256,COMPLETE
15,0.27024,2025-06-11 11:52:14.061247,2025-06-11 12:01:53.342110,0 days 00:09:39.280863000,64,1.0,0.5,0.0001,10,500,512,COMPLETE
16,0.29058,2025-06-11 12:01:53.349553,2025-06-11 12:35:46.297573,0 days 00:33:52.948020000,64,0.5,1.0,0.0001,10,5000,256,COMPLETE
17,0.12184,2025-06-11 12:35:46.305035,2025-06-11 13:09:48.260494,0 days 00:34:01.955459000,64,1.0,0.1,0.0001,3,5000,256,COMPLETE
18,0.0897,2025-06-11 13:09:48.268368,2025-06-11 13:13:21.625598,0 days 00:03:33.357230000,64,0.5,0.5,0.0001,3,500,256,COMPLETE
19,0.35964,2025-06-11 13:13:21.633640,2025-06-11 14:10:33.681904,0 days 00:57:12.048264000,64,0.1,0.01,0.0001,10,3000,512,COMPLETE
20,0.16108000000000003,2025-06-11 14:10:33.690106,2025-06-11 15:50:26.419028,0 days 01:39:52.728922000,128,0.1,0.01,0.1,10,3000,512,COMPLETE
21,0.28636,2025-06-11 15:50:26.431034,2025-06-11 16:48:33.309184,0 days 00:58:06.878150000,64,0.1,0.01,0.0001,10,3000,512,COMPLETE
22,0.2778,2025-06-11 16:48:33.317749,2025-06-11 17:45:40.610092,0 days 00:57:07.292343000,64,0.1,0.01,0.0001,10,3000,512,COMPLETE
23,0.29710000000000003,2025-06-11 17:45:40.618859,2025-06-11 18:42:44.617061,0 days 00:57:03.998202000,64,0.1,0.01,0.0001,10,3000,512,COMPLETE
24,0.25328,2025-06-11 18:42:44.625945,2025-06-11 19:16:42.226260,0 days 00:33:57.600315000,64,1.0,0.01,0.0001,10,5000,256,COMPLETE
25,0.15448,2025-06-11 19:16:42.235482,2025-06-11 19:35:07.250122,0 days 00:18:25.014640000,64,0.5,0.5,0.0001,3,3000,256,COMPLETE
26,0.27198,2025-06-11 19:35:07.259458,2025-06-11 21:10:10.499107,0 days 01:35:03.239649000,64,0.1,0.1,0.0001,10,5000,512,COMPLETE
27,0.26384,2025-06-11 21:10:10.508578,2025-06-11 21:15:33.061327,0 days 00:05:22.552749000,64,1.0,1.0,0.0001,15,3000,64,COMPLETE
28,0.25236,2025-06-11 21:15:33.070924,2025-06-11 21:21:21.883521,0 days 00:05:48.812597000,128,0.5,0.01,0.0001,10,500,256,COMPLETE
29,0.13514,2025-06-11 21:21:21.893449,2025-06-11 21:31:14.551036,0 days 00:09:52.657587000,64,1.0,1.0,0.1,3,5000,64,COMPLETE
30,0.16974000000000003,2025-06-11 21:31:14.561094,2025-06-12 00:17:14.175449,0 days 02:45:59.614355000,128,0.1,0.5,0.1,15,5000,512,COMPLETE
31,0.31692000000000004,2025-06-12 00:17:14.185782,2025-06-12 01:14:14.701186,0 days 00:57:00.515404000,64,0.1,0.01,0.0001,10,3000,512,COMPLETE
32,0.29716,2025-06-12 01:14:14.711696,2025-06-12 02:11:18.851607,0 days 00:57:04.139911000,64,0.1,0.01,0.0001,10,3000,512,COMPLETE
33,0.31562,2025-06-12 02:11:18.862265,2025-06-12 03:08:19.371359,0 days 00:57:00.509094000,64,0.1,0.01,0.0001,10,3000,512,COMPLETE
34,0.26652,2025-06-12 03:08:19.382202,2025-06-12 04:05:11.931970,0 days 00:56:52.549768000,64,0.1,0.01,0.0001,10,3000,512,COMPLETE
35,0.26210000000000006,2025-06-12 04:05:11.942950,2025-06-12 05:46:44.967204,0 days 01:41:33.024254000,256,0.1,0.01,0.001,10,3000,512,COMPLETE
36,0.32392000000000004,2025-06-12 05:46:44.978753,2025-06-12 06:42:50.409293,0 days 00:56:05.430540000,64,0.1,0.01,0.0001,10,3000,512,COMPLETE
37,0.26332,2025-06-12 06:42:50.420492,2025-06-12 08:24:34.406242,0 days 01:41:43.985750000,128,0.1,0.01,0.001,10,3000,512,COMPLETE
38,0.3576,2025-06-12 08:24:34.417874,2025-06-12 10:06:35.866657,0 days 01:42:01.448783000,256,0.01,0.01,0.0001,10,3000,512,COMPLETE
39,0.33414,2025-06-12 10:06:35.878560,2025-06-12 11:48:40.163504,0 days 01:42:04.284944000,256,0.01,0.01,0.0001,10,3000,512,COMPLETE
40,0.22574,2025-06-12 11:48:40.175539,2025-06-12 12:05:11.898794,0 days 00:16:31.723255000,256,0.01,0.01,0.001,15,3000,128,COMPLETE
41,0.34752000000000005,2025-06-12 12:05:11.911008,2025-06-12 13:47:18.188723,0 days 01:42:06.277715000,256,0.01,0.01,0.0001,10,3000,512,COMPLETE
42,0.35250000000000004,2025-06-12 13:47:18.201147,2025-06-12 15:29:27.854647,0 days 01:42:09.653500000,256,0.01,0.01,0.0001,10,3000,512,COMPLETE
43,0.32202,2025-06-12 15:29:27.866970,2025-06-12 17:15:13.247453,0 days 01:45:45.380483000,256,0.01,0.01,0.0001,10,3000,512,COMPLETE
44,0.30884,2025-06-12 17:15:13.260992,2025-06-12 18:57:47.979603,0 days 01:42:34.718611000,256,0.01,0.1,0.0001,10,3000,512,COMPLETE
45,0.1847,2025-06-12 18:57:47.992508,2025-06-12 20:37:53.517470,0 days 01:40:05.524962000,256,0.01,0.01,0.1,10,3000,512,COMPLETE
46,0.35636,2025-06-12 20:37:53.530631,2025-06-12 20:54:27.487852,0 days 00:16:33.957221000,256,0.01,0.01,0.0001,10,3000,128,COMPLETE
47,0.29274000000000006,2025-06-12 20:54:27.501130,2025-06-12 20:57:17.700721,0 days 00:02:50.199591000,256,0.01,0.01,0.0001,10,500,128,COMPLETE
48,0.28634000000000004,2025-06-12 20:57:17.714211,2025-06-12 21:13:49.055054,0 days 00:16:31.340843000,256,0.01,0.01,0.001,15,3000,128,COMPLETE
49,0.28122,2025-06-12 21:13:49.068751,2025-06-12 21:30:23.931824,0 days 00:16:34.863073000,256,0.01,1.0,0.0001,10,3000,128,COMPLETE
50,0.27964,2025-06-12 21:30:23.945421,2025-06-12 21:46:58.228822,0 days 00:16:34.283401000,256,0.01,0.01,0.0001,10,3000,128,COMPLETE
51,0.26558000000000004,2025-06-12 21:46:58.243063,2025-06-12 21:56:42.053939,0 days 00:09:43.810876000,256,0.01,0.01,0.0001,10,3000,64,COMPLETE
52,0.31912,2025-06-12 21:56:42.068268,2025-06-12 23:41:30.380503,0 days 01:44:48.312235000,256,0.01,0.01,0.0001,10,3000,512,COMPLETE
53,0.32526000000000005,2025-06-12 23:41:30.394811,2025-06-13 01:23:24.800127,0 days 01:41:54.405316000,256,0.01,0.01,0.0001,10,3000,512,COMPLETE
54,0.30616,2025-06-13 01:23:24.814513,2025-06-13 01:39:58.308563,0 days 00:16:33.494050000,256,0.01,0.01,0.0001,10,3000,128,COMPLETE
55,0.29635999999999996,2025-06-13 01:39:58.323323,2025-06-13 03:21:47.203627,0 days 01:41:48.880304000,256,0.01,0.1,0.0001,10,3000,512,COMPLETE
56,0.34612000000000004,2025-06-13 03:21:47.218359,2025-06-13 03:38:51.651159,0 days 00:17:04.432800000,256,0.01,0.01,0.0001,10,500,512,COMPLETE
57,0.13242,2025-06-13 03:38:51.666346,2025-06-13 03:55:35.652887,0 days 00:16:43.986541000,256,0.01,0.01,0.1,10,500,512,COMPLETE
58,0.29548,2025-06-13 03:55:35.668326,2025-06-13 03:58:25.904609,0 days 00:02:50.236283000,256,0.01,0.01,0.0001,10,500,128,COMPLETE
59,0.17198000000000002,2025-06-13 03:58:25.920715,2025-06-13 03:59:50.776155,0 days 00:01:24.855440000,256,0.01,0.01,0.0001,10,500,64,COMPLETE
60,0.2195,2025-06-13 03:59:50.791859,2025-06-13 04:16:53.951544,0 days 00:17:03.159685000,256,0.01,1.0,0.0001,15,500,512,COMPLETE
61,0.3268,2025-06-13 04:16:53.967464,2025-06-13 05:58:39.772200,0 days 01:41:45.804736000,256,0.01,0.01,0.0001,10,3000,512,COMPLETE
62,0.34298,2025-06-13 05:58:39.788405,2025-06-13 06:15:43.529270,0 days 00:17:03.740865000,256,0.01,0.01,0.0001,10,500,512,COMPLETE
63,0.31546,2025-06-13 06:15:43.545535,2025-06-13 06:32:49.207897,0 days 00:17:05.662362000,256,0.01,0.01,0.0001,10,500,512,COMPLETE
64,0.33744,2025-06-13 06:32:49.224507,2025-06-13 06:49:53.359603,0 days 00:17:04.135096000,256,0.01,0.01,0.0001,10,500,512,COMPLETE
65,0.3147,2025-06-13 06:49:53.376125,2025-06-13 07:06:58.942236,0 days 00:17:05.566111000,256,0.01,0.01,0.0001,3,500,512,COMPLETE
66,0.32294,2025-06-13 07:06:58.959122,2025-06-13 07:24:04.945933,0 days 00:17:05.986811000,256,0.01,0.1,0.0001,10,500,512,COMPLETE
67,0.24404,2025-06-13 07:24:04.962876,2025-06-13 07:41:11.730992,0 days 00:17:06.768116000,128,0.01,0.5,0.0001,10,500,512,COMPLETE
68,0.34440000000000004,2025-06-13 07:41:11.748151,2025-06-13 07:58:17.964816,0 days 00:17:06.216665000,256,0.01,0.01,0.0001,10,500,512,COMPLETE
69,0.19284,2025-06-13 07:58:17.981910,2025-06-13 08:07:57.193364,0 days 00:09:39.211454000,256,0.5,0.01,0.1,10,3000,64,COMPLETE
70,0.31428,2025-06-13 08:07:57.213559,2025-06-13 08:25:01.035286,0 days 00:17:03.821727000,256,0.01,0.01,0.001,10,500,512,COMPLETE
71,0.32024,2025-06-13 08:25:01.053279,2025-06-13 08:42:08.500947,0 days 00:17:07.447668000,256,0.01,0.01,0.0001,10,500,512,COMPLETE
72,0.3546,2025-06-13 08:42:08.519019,2025-06-13 08:59:15.775857,0 days 00:17:07.256838000,256,0.01,0.01,0.0001,10,500,512,COMPLETE
73,0.3537,2025-06-13 08:59:15.794079,2025-06-13 09:16:22.772352,0 days 00:17:06.978273000,256,0.01,0.01,0.0001,10,500,512,COMPLETE
74,0.33254000000000006,2025-06-13 09:16:22.790856,2025-06-13 09:33:30.115723,0 days 00:17:07.324867000,256,0.01,0.01,0.0001,10,500,512,COMPLETE
75,0.33226,2025-06-13 09:33:30.134102,2025-06-13 11:15:51.714603,0 days 01:42:21.580501000,128,1.0,0.01,0.0001,3,3000,512,COMPLETE
76,0.26142,2025-06-13 11:15:51.733346,2025-06-13 11:18:41.975891,0 days 00:02:50.242545000,256,0.01,0.01,0.0001,10,500,128,COMPLETE
77,0.27214,2025-06-13 11:18:41.994996,2025-06-13 13:01:08.200108,0 days 01:42:26.205112000,256,0.01,0.5,0.0001,10,3000,512,COMPLETE
78,0.15592,2025-06-13 13:01:08.219427,2025-06-13 14:43:33.400043,0 days 01:42:25.180616000,256,0.01,1.0,0.0001,15,3000,512,COMPLETE
79,0.27878000000000003,2025-06-13 14:43:33.419510,2025-06-13 15:00:42.517271,0 days 00:17:09.097761000,256,0.5,0.01,0.0001,10,500,512,COMPLETE
80,0.35068,2025-06-13 15:00:42.536894,2025-06-13 17:50:54.605307,0 days 02:50:12.068413000,256,0.01,0.01,0.0001,10,5000,512,COMPLETE
81,0.2884,2025-06-13 17:50:54.624937,2025-06-13 20:40:52.136301,0 days 02:49:57.511364000,256,0.01,0.01,0.0001,10,5000,512,COMPLETE
82,0.3379,2025-06-13 20:40:52.155943,2025-06-13 23:30:52.264915,0 days 02:50:00.108972000,256,0.01,0.01,0.0001,10,5000,512,COMPLETE
83,0.30206,2025-06-13 23:30:52.284991,2025-06-14 02:20:38.840136,0 days 02:49:46.555145000,256,0.01,0.01,0.0001,10,5000,512,COMPLETE
84,0.33506,2025-06-14 02:20:38.860258,2025-06-14 05:10:35.363778,0 days 02:49:56.503520000,256,0.01,0.01,0.0001,10,5000,512,COMPLETE
85,0.25678,2025-06-14 05:10:35.384220,2025-06-14 05:38:06.550711,0 days 00:27:31.166491000,256,0.01,0.01,0.0001,10,5000,128,COMPLETE
86,0.2746,2025-06-14 05:38:06.571596,2025-06-14 07:19:48.719164,0 days 01:41:42.147568000,128,0.1,0.1,0.001,10,3000,512,COMPLETE
87,0.28684,2025-06-14 07:19:48.739980,2025-06-14 09:02:01.623541,0 days 01:42:12.883561000,256,1.0,0.01,0.0001,10,3000,512,COMPLETE
88,0.16778,2025-06-14 09:02:01.644745,2025-06-14 09:35:33.676935,0 days 00:33:32.032190000,256,0.01,0.01,0.1,3,3000,256,COMPLETE
89,0.28482,2025-06-14 09:35:33.698409,2025-06-14 09:43:36.269797,0 days 00:08:02.571388000,256,0.01,0.01,0.0001,10,3000,64,COMPLETE
90,0.35740000000000005,2025-06-14 09:43:36.291146,2025-06-14 12:33:51.650165,0 days 02:50:15.359019000,256,0.01,0.01,0.0001,10,5000,512,COMPLETE
91,0.33808,2025-06-14 12:33:51.671723,2025-06-14 15:24:03.053180,0 days 02:50:11.381457000,256,0.01,0.01,0.0001,10,5000,512,COMPLETE
92,0.36296,2025-06-14 15:24:03.074906,2025-06-14 18:14:29.961632,0 days 02:50:26.886726000,256,0.01,0.01,0.0001,10,5000,512,COMPLETE
93,0.31738000000000005,2025-06-14 18:14:29.983495,2025-06-14 21:04:24.366207,0 days 02:49:54.382712000,256,0.01,0.01,0.0001,10,5000,512,COMPLETE
94,0.32024,2025-06-14 21:04:24.390270,2025-06-14 23:54:07.597422,0 days 02:49:43.207152000,256,0.01,0.01,0.0001,10,5000,512,COMPLETE
95,0.31379999999999997,2025-06-14 23:54:07.619639,2025-06-15 01:29:02.423741,0 days 01:34:54.804102000,64,0.1,0.01,0.0001,10,5000,512,COMPLETE
96,0.16452,2025-06-15 01:29:02.446340,2025-06-15 01:56:34.357752,0 days 00:27:31.911412000,256,0.01,1.0,0.0001,15,5000,128,COMPLETE
97,0.33158000000000004,2025-06-15 01:56:34.380820,2025-06-15 04:46:02.343187,0 days 02:49:27.962367000,256,0.01,0.01,0.0001,10,5000,512,COMPLETE
98,0.3027,2025-06-15 04:46:02.366156,2025-06-15 07:35:37.622543,0 days 02:49:35.256387000,256,0.5,0.01,0.0001,10,5000,512,COMPLETE
99,0.2923,2025-06-15 07:35:37.645416,2025-06-15 09:10:29.001167,0 days 01:34:51.355751000,64,0.01,0.5,0.0001,10,5000,512,COMPLETE
100,0.26520000000000005,2025-06-15 09:10:29.024494,2025-06-15 10:52:06.002213,0 days 01:41:36.977719000,256,0.1,0.01,0.001,10,3000,512,COMPLETE
101,0.30690000000000006,2025-06-15 10:52:06.025907,2025-06-15 13:41:57.829354,0 days 02:49:51.803447000,256,0.01,0.01,0.0001,10,5000,512,COMPLETE
102,0.37442,2025-06-15 13:41:57.853009,2025-06-15 13:59:05.417293,0 days 00:17:07.564284000,256,0.01,0.01,0.0001,10,500,512,COMPLETE
103,0.37348000000000003,2025-06-15 13:59:05.441135,2025-06-15 15:41:13.200712,0 days 01:42:07.759577000,256,0.01,0.01,0.0001,10,3000,512,COMPLETE
104,0.34668,2025-06-15 15:41:13.224858,2025-06-15 17:23:21.403898,0 days 01:42:08.179040000,256,0.01,0.01,0.0001,10,3000,512,COMPLETE
105,0.34928000000000003,2025-06-15 17:23:21.428359,2025-06-15 17:40:28.922283,0 days 00:17:07.493924000,256,0.01,0.01,0.0001,10,500,512,COMPLETE
106,0.34522,2025-06-15 17:40:28.947081,2025-06-15 18:08:01.901872,0 days 00:27:32.954791000,256,0.01,0.01,0.0001,10,5000,128,COMPLETE
107,0.32872,2025-06-15 18:08:01.926583,2025-06-15 18:42:28.705355,0 days 00:34:26.778772000,128,0.01,0.1,0.0001,10,3000,256,COMPLETE
108,0.2129,2025-06-15 18:42:28.730101,2025-06-15 18:59:14.170758,0 days 00:16:45.440657000,256,1.0,0.01,0.1,10,500,512,COMPLETE
109,0.33454,2025-06-15 18:59:14.195649,2025-06-15 20:41:15.305206,0 days 01:42:01.109557000,256,0.01,0.01,0.0001,3,3000,512,COMPLETE
110,0.31504,2025-06-15 20:41:15.330649,2025-06-15 20:50:54.417892,0 days 00:09:39.087243000,64,0.01,0.01,0.0001,10,500,512,COMPLETE
111,0.34204,2025-06-15 20:50:54.443255,2025-06-15 21:08:00.810939,0 days 00:17:06.367684000,256,0.01,0.01,0.0001,10,500,512,COMPLETE
112,0.3594,2025-06-15 21:08:00.836687,2025-06-15 21:25:07.138814,0 days 00:17:06.302127000,256,0.01,0.01,0.0001,10,500,512,COMPLETE
113,0.32632,2025-06-15 21:25:07.164772,2025-06-15 21:42:12.102284,0 days 00:17:04.937512000,256,0.01,0.01,0.0001,10,500,512,COMPLETE
114,0.37272000000000005,2025-06-15 21:42:12.128495,2025-06-15 21:59:16.871925,0 days 00:17:04.743430000,256,0.01,0.01,0.0001,10,500,512,COMPLETE
115,0.16902,2025-06-15 21:59:16.898272,2025-06-15 22:00:58.583139,0 days 00:01:41.684867000,256,0.01,0.01,0.0001,10,500,64,COMPLETE
116,0.33436000000000005,2025-06-15 22:00:58.609823,2025-06-15 22:18:05.025111,0 days 00:17:06.415288000,256,0.01,0.01,0.0001,10,500,512,COMPLETE
117,0.3367,2025-06-15 22:18:05.052486,2025-06-15 22:35:16.570641,0 days 00:17:11.518155000,256,0.1,0.01,0.0001,15,500,512,COMPLETE
118,0.27434000000000003,2025-06-15 22:35:16.598296,2025-06-15 22:52:28.779092,0 days 00:17:12.180796000,256,0.01,1.0,0.0001,10,500,512,COMPLETE
119,0.27154,2025-06-15 22:52:28.808070,2025-06-15 22:55:20.159730,0 days 00:02:51.351660000,256,0.01,0.01,0.0001,10,500,128,COMPLETE
120,0.2596200000000001,2025-06-15 22:55:20.188323,2025-06-15 23:05:00.274935,0 days 00:09:40.086612000,64,0.01,0.5,0.0001,10,500,512,COMPLETE
121,0.31684,2025-06-15 23:05:00.302539,2025-06-16 00:47:02.652077,0 days 01:42:02.349538000,256,0.01,0.01,0.0001,10,3000,512,COMPLETE
122,0.31448000000000004,2025-06-16 00:47:02.679622,2025-06-16 01:04:08.234933,0 days 00:17:05.555311000,256,0.01,0.01,0.0001,10,500,512,COMPLETE
123,0.34844,2025-06-16 01:04:08.262454,2025-06-16 02:46:06.157490,0 days 01:41:57.895036000,256,0.01,0.01,0.0001,10,3000,512,COMPLETE
124,0.28558000000000006,2025-06-16 02:46:06.185204,2025-06-16 05:35:49.926119,0 days 02:49:43.740915000,256,0.01,0.01,0.0001,10,5000,512,COMPLETE
125,0.27232,2025-06-16 05:35:49.954051,2025-06-16 05:52:56.009423,0 days 00:17:06.055372000,256,0.5,0.01,0.0001,10,500,512,COMPLETE
126,0.35290000000000005,2025-06-16 05:52:56.037546,2025-06-16 07:34:52.194585,0 days 01:41:56.157039000,256,0.01,0.01,0.0001,10,3000,512,COMPLETE
127,0.26942,2025-06-16 07:34:52.222776,2025-06-16 09:16:34.716207,0 days 01:41:42.493431000,256,0.01,0.01,0.001,10,3000,512,COMPLETE
128,0.32204,2025-06-16 09:16:34.744752,2025-06-16 10:58:36.986901,0 days 01:42:02.242149000,256,0.01,0.01,0.0001,10,3000,512,COMPLETE
129,0.18658,2025-06-16 10:58:37.015791,2025-06-16 11:32:12.140269,0 days 00:33:35.124478000,128,0.1,0.01,0.1,10,3000,256,COMPLETE
130,0.29810000000000003,2025-06-16 11:32:12.169600,2025-06-16 13:14:19.096297,0 days 01:42:06.926697000,256,0.01,0.1,0.0001,10,3000,512,COMPLETE
131,0.25702,2025-06-16 13:14:19.125745,2025-06-16 14:56:23.087865,0 days 01:42:03.962120000,256,0.01,0.01,0.0001,10,3000,512,COMPLETE
132,0.35764000000000007,2025-06-16 14:56:23.117494,2025-06-16 16:38:28.197419,0 days 01:42:05.079925000,256,0.01,0.01,0.0001,10,3000,512,COMPLETE
133,0.36298,2025-06-16 16:38:28.226739,2025-06-16 18:00:04.110934,0 days 01:21:35.884195000,256,0.01,0.01,0.0001,10,3000,512,COMPLETE
134,0.32566,2025-06-16 18:00:04.140845,2025-06-16 19:42:08.409780,0 days 01:42:04.268935000,256,0.01,0.01,0.0001,10,3000,512,COMPLETE
135,0.35936,2025-06-16 19:42:08.442779,2025-06-16 21:24:04.327553,0 days 01:41:55.884774000,256,0.01,0.01,0.0001,10,3000,512,COMPLETE
136,0.25364,2025-06-16 21:24:04.357428,2025-06-16 21:40:39.631057,0 days 00:16:35.273629000,256,1.0,0.01,0.0001,3,3000,128,COMPLETE
137,0.34986,2025-06-16 21:40:39.661206,2025-06-16 23:02:11.298555,0 days 01:21:31.637349000,256,0.01,0.01,0.0001,10,3000,512,COMPLETE
138,0.3321,2025-06-16 23:02:11.328955,2025-06-16 23:59:16.335357,0 days 00:57:05.006402000,64,0.01,0.01,0.0001,10,3000,512,COMPLETE
139,0.18624,2025-06-16 23:59:16.368723,2025-06-17 00:00:58.313320,0 days 00:01:41.944597000,256,0.01,0.01,0.0001,10,500,64,COMPLETE
140,0.28896,2025-06-17 00:00:58.344410,2025-06-17 01:42:56.520327,0 days 01:41:58.175917000,256,0.01,0.01,0.0001,15,3000,512,COMPLETE
141,0.3379,2025-06-17 01:42:56.551191,2025-06-17 03:24:59.052344,0 days 01:42:02.501153000,256,0.01,0.01,0.0001,10,3000,512,COMPLETE
142,0.36234,2025-06-17 03:24:59.083594,2025-06-17 05:06:59.909621,0 days 01:42:00.826027000,256,0.01,0.01,0.0001,10,3000,512,COMPLETE
143,0.3448,2025-06-17 05:06:59.944012,2025-06-17 06:49:02.052057,0 days 01:42:02.108045000,256,0.01,0.01,0.0001,10,3000,512,COMPLETE
144,0.32776000000000005,2025-06-17 06:49:02.083667,2025-06-17 08:31:06.666813,0 days 01:42:04.583146000,256,0.01,0.01,0.0001,10,3000,512,COMPLETE
145,0.36836,2025-06-17 08:31:06.698806,2025-06-17 10:13:30.365596,0 days 01:42:23.666790000,256,0.01,0.01,0.0001,10,3000,512,COMPLETE
146,0.36992,2025-06-17 10:13:30.397531,2025-06-17 11:55:54.662978,0 days 01:42:24.265447000,256,0.01,0.01,0.0001,10,3000,512,COMPLETE
147,0.27428,2025-06-17 11:55:54.695448,2025-06-17 13:38:19.211493,0 days 01:42:24.516045000,256,0.1,0.01,0.0001,10,3000,512,COMPLETE
148,0.34547999999999995,2025-06-17 13:38:19.244276,2025-06-17 15:20:48.758411,0 days 01:42:29.514135000,256,0.01,0.01,0.0001,10,3000,512,COMPLETE
149,0.27156,2025-06-17 15:20:48.792252,2025-06-17 17:03:29.099226,0 days 01:42:40.306974000,256,0.01,1.0,0.0001,10,3000,512,COMPLETE
