number,value,datetime_start,datetime_complete,duration,params_compile_batch_size,params_compile_beta_b,params_compile_beta_z,params_compile_lr,params_compile_prior_rate,params_compile_train_steps,params_hidden_size,state
0,0.37148,2025-05-23 20:40:20.747068,2025-05-23 20:44:09.557846,0 days 00:03:48.810778000,128,0.01,0.1,0.1,10,3000,64,COMPLETE
1,0.4335,2025-05-23 20:44:09.568418,2025-05-23 20:46:25.371016,0 days 00:02:15.802598000,128,0.1,0.5,0.1,10,500,256,COMPLETE
2,0.4999800000000001,2025-05-23 20:46:25.375706,2025-05-23 20:53:24.609008,0 days 00:06:59.233302000,64,1.0,0.1,0.0001,3,3000,256,COMPLETE
3,0.3486,2025-05-23 20:53:24.613865,2025-05-23 20:57:15.371435,0 days 00:03:50.757570000,128,1.0,1.0,0.0001,10,3000,64,COMPLETE
4,0.28504,2025-05-23 20:57:15.376418,2025-05-23 21:10:35.642382,0 days 00:13:20.265964000,128,0.5,1.0,0.1,3,3000,256,COMPLETE
5,0.35264000000000006,2025-05-23 21:10:35.647552,2025-05-23 21:23:58.931131,0 days 00:13:23.283579000,256,0.01,1.0,0.0001,10,3000,256,COMPLETE
6,0.37062,2025-05-23 21:23:58.936980,2025-05-23 21:55:14.758656,0 days 00:31:15.821676000,256,0.01,0.01,0.001,10,3000,512,COMPLETE
7,0.29912,2025-05-23 21:55:14.764183,2025-05-23 21:57:31.806200,0 days 00:02:17.042017000,256,0.5,1.0,0.001,15,500,256,COMPLETE
8,0.3457,2025-05-23 21:57:31.812105,2025-05-23 22:00:48.034637,0 days 00:03:16.222532000,64,0.1,0.01,0.1,10,5000,64,COMPLETE
9,0.35112,2025-05-23 22:00:48.040640,2025-05-23 22:02:00.800359,0 days 00:01:12.759719000,64,0.1,0.1,0.1,3,500,256,COMPLETE
10,0.49670000000000003,2025-05-23 22:02:00.806522,2025-05-23 22:07:19.192318,0 days 00:05:18.385796000,64,1.0,0.1,0.0001,3,5000,128,COMPLETE
11,0.48878,2025-05-23 22:07:19.198673,2025-05-23 22:12:36.477573,0 days 00:05:17.278900000,64,1.0,0.1,0.0001,3,5000,128,COMPLETE
12,0.5662400000000001,2025-05-23 22:12:36.484067,2025-05-23 22:17:53.769510,0 days 00:05:17.285443000,64,1.0,0.1,0.0001,3,5000,128,COMPLETE
13,0.51832,2025-05-23 22:17:53.776300,2025-05-23 22:23:09.251787,0 days 00:05:15.475487000,64,1.0,0.1,0.0001,3,5000,128,COMPLETE
14,0.30076,2025-05-23 22:23:09.258797,2025-05-23 22:28:26.241208,0 days 00:05:16.982411000,64,1.0,0.5,0.0001,15,5000,128,COMPLETE
15,0.61266,2025-05-23 22:28:26.248353,2025-05-23 22:33:44.718235,0 days 00:05:18.469882000,64,1.0,0.1,0.0001,3,5000,128,COMPLETE
16,0.5732200000000001,2025-05-23 22:33:44.725547,2025-05-23 22:39:02.761618,0 days 00:05:18.036071000,64,1.0,0.1,0.0001,3,5000,128,COMPLETE
17,0.40546,2025-05-23 22:39:02.771343,2025-05-23 23:07:47.489267,0 days 00:28:44.717924000,64,1.0,0.1,0.001,3,5000,512,COMPLETE
18,0.3166,2025-05-23 23:07:47.497081,2025-05-23 23:13:05.664793,0 days 00:05:18.167712000,64,0.5,0.01,0.0001,15,5000,128,COMPLETE
19,0.39496,2025-05-23 23:13:05.672701,2025-05-23 23:23:15.457991,0 days 00:10:09.785290000,256,1.0,0.5,0.0001,3,5000,128,COMPLETE
20,0.37988000000000005,2025-05-23 23:23:15.466101,2025-05-23 23:28:32.745033,0 days 00:05:17.278932000,64,1.0,0.1,0.001,3,5000,128,COMPLETE
21,0.5126400000000001,2025-05-23 23:28:32.753276,2025-05-23 23:33:50.984530,0 days 00:05:18.231254000,64,1.0,0.1,0.0001,3,5000,128,COMPLETE
22,0.5655600000000001,2025-05-23 23:33:50.993008,2025-05-23 23:39:09.687991,0 days 00:05:18.694983000,64,1.0,0.1,0.0001,3,5000,128,COMPLETE
23,0.55552,2025-05-23 23:39:09.696696,2025-05-23 23:44:27.529098,0 days 00:05:17.832402000,64,1.0,0.1,0.0001,3,5000,128,COMPLETE
24,0.54164,2025-05-23 23:44:27.537939,2025-05-24 00:13:23.624373,0 days 00:28:56.086434000,64,1.0,0.1,0.0001,3,5000,512,COMPLETE
25,0.29318000000000005,2025-05-24 00:13:23.635881,2025-05-24 00:13:59.138455,0 days 00:00:35.502574000,64,1.0,0.1,0.0001,15,500,128,COMPLETE
26,0.46654,2025-05-24 00:13:59.147741,2025-05-24 00:19:16.495048,0 days 00:05:17.347307000,64,0.01,0.1,0.0001,3,5000,128,COMPLETE
27,0.40348,2025-05-24 00:19:16.504378,2025-05-24 00:29:25.798805,0 days 00:10:09.294427000,128,0.5,0.5,0.0001,3,5000,128,COMPLETE
28,0.7814,2025-05-24 00:29:25.810267,2025-05-24 00:34:43.861494,0 days 00:05:18.051227000,64,0.1,0.01,0.0001,3,5000,128,COMPLETE
29,0.388,2025-05-24 00:34:43.871416,2025-05-24 00:35:25.642791,0 days 00:00:41.771375000,256,0.1,0.01,0.001,15,500,64,COMPLETE
30,0.37234,2025-05-24 00:35:25.652758,2025-05-24 01:26:07.373935,0 days 00:50:41.721177000,128,0.1,0.01,0.1,3,5000,512,COMPLETE
31,0.6775,2025-05-24 01:26:07.384015,2025-05-24 01:31:25.080033,0 days 00:05:17.696018000,64,0.1,0.01,0.0001,3,5000,128,COMPLETE
32,0.7574200000000001,2025-05-24 01:31:25.090450,2025-05-24 01:36:42.017430,0 days 00:05:16.926980000,64,0.1,0.01,0.0001,3,5000,128,COMPLETE
33,0.783,2025-05-24 01:36:42.027956,2025-05-24 01:41:21.751357,0 days 00:04:39.723401000,64,0.1,0.01,0.0001,3,5000,128,COMPLETE
34,0.62756,2025-05-24 01:41:21.764714,2025-05-24 01:45:00.309965,0 days 00:03:38.545251000,64,0.1,0.01,0.0001,3,5000,64,COMPLETE
35,0.5084,2025-05-24 01:45:00.320839,2025-05-24 01:51:06.624890,0 days 00:06:06.304051000,128,0.1,0.01,0.0001,10,3000,128,COMPLETE
36,0.45694,2025-05-24 01:51:06.637888,2025-05-24 01:56:23.254149,0 days 00:05:16.616261000,64,0.1,0.01,0.1,3,5000,128,COMPLETE
37,0.71026,2025-05-24 01:56:23.265300,2025-05-24 01:59:35.743468,0 days 00:03:12.478168000,64,0.1,0.01,0.0001,3,3000,128,COMPLETE
38,0.48668,2025-05-24 01:59:35.754905,2025-05-24 02:03:26.767931,0 days 00:03:51.013026000,128,0.1,0.01,0.0001,10,3000,64,COMPLETE
39,0.69818,2025-05-24 02:03:26.780653,2025-05-24 02:16:47.723046,0 days 00:13:20.942393000,256,0.1,0.01,0.0001,3,3000,256,COMPLETE
40,0.37234,2025-05-24 02:16:47.734880,2025-05-24 02:33:36.888804,0 days 00:16:49.153924000,64,0.1,0.01,0.1,10,3000,512,COMPLETE
41,0.8227800000000001,2025-05-24 02:33:36.900703,2025-05-24 02:46:57.044923,0 days 00:13:20.144220000,256,0.1,0.01,0.0001,3,3000,256,COMPLETE
42,0.7509,2025-05-24 02:46:57.057192,2025-05-24 03:00:16.859397,0 days 00:13:19.802205000,256,0.1,0.01,0.0001,3,3000,256,COMPLETE
43,0.77134,2025-05-24 03:00:16.871887,2025-05-24 03:13:37.207576,0 days 00:13:20.335689000,256,0.1,0.01,0.0001,3,3000,256,COMPLETE
44,0.39028000000000007,2025-05-24 03:13:37.220137,2025-05-24 03:27:02.632059,0 days 00:13:25.411922000,256,0.1,1.0,0.0001,3,3000,256,COMPLETE
45,0.4887,2025-05-24 03:27:02.644836,2025-05-24 03:40:20.488069,0 days 00:13:17.843233000,256,0.1,0.01,0.001,3,3000,256,COMPLETE
46,0.5478,2025-05-24 03:40:20.500933,2025-05-24 03:53:41.040587,0 days 00:13:20.539654000,256,0.01,0.01,0.0001,3,3000,256,COMPLETE
47,0.6845,2025-05-24 03:53:41.053797,2025-05-24 03:55:58.211764,0 days 00:02:17.157967000,256,0.1,0.01,0.0001,3,500,256,COMPLETE
48,0.29144000000000003,2025-05-24 03:55:58.225051,2025-05-24 04:09:19.602627,0 days 00:13:21.377576000,256,0.1,1.0,0.0001,15,3000,256,COMPLETE
49,0.4421,2025-05-24 04:09:19.616169,2025-05-24 04:22:36.008670,0 days 00:13:16.392501000,256,0.1,0.01,0.1,10,3000,256,COMPLETE
50,0.8821800000000001,2025-05-24 04:22:36.022415,2025-05-24 04:24:53.137390,0 days 00:02:17.114975000,256,0.5,0.01,0.0001,3,500,256,COMPLETE
51,0.8235000000000001,2025-05-24 04:24:53.154037,2025-05-24 04:27:10.267130,0 days 00:02:17.113093000,256,0.5,0.01,0.0001,3,500,256,COMPLETE
52,0.81366,2025-05-24 04:27:10.281460,2025-05-24 04:29:27.444500,0 days 00:02:17.163040000,256,0.5,0.01,0.0001,3,500,256,COMPLETE
53,0.8509800000000001,2025-05-24 04:29:27.458792,2025-05-24 04:31:44.596756,0 days 00:02:17.137964000,256,0.5,0.01,0.0001,3,500,256,COMPLETE
54,0.85836,2025-05-24 04:31:44.611386,2025-05-24 04:34:01.393203,0 days 00:02:16.781817000,256,0.5,0.01,0.0001,3,500,256,COMPLETE
55,0.39170000000000005,2025-05-24 04:34:01.408008,2025-05-24 04:36:18.569184,0 days 00:02:17.161176000,256,0.5,0.5,0.0001,3,500,256,COMPLETE
56,0.8345800000000001,2025-05-24 04:36:18.584397,2025-05-24 04:38:35.452969,0 days 00:02:16.868572000,256,0.5,0.01,0.001,3,500,256,COMPLETE
57,0.39206,2025-05-24 04:38:35.468162,2025-05-24 04:40:52.667942,0 days 00:02:17.199780000,256,0.5,1.0,0.001,3,500,256,COMPLETE
58,0.7018,2025-05-24 04:40:52.683217,2025-05-24 04:43:09.467549,0 days 00:02:16.784332000,256,0.5,0.01,0.001,3,500,256,COMPLETE
59,0.28586,2025-05-24 04:43:09.483890,2025-05-24 04:45:26.359268,0 days 00:02:16.875378000,256,0.5,0.01,0.001,15,500,256,COMPLETE
60,0.8240800000000001,2025-05-24 04:45:26.375184,2025-05-24 04:47:43.147833,0 days 00:02:16.772649000,256,0.5,0.01,0.001,3,500,256,COMPLETE
61,0.9028800000000001,2025-05-24 04:47:43.163811,2025-05-24 04:50:00.017189,0 days 00:02:16.853378000,256,0.5,0.01,0.001,3,500,256,COMPLETE
62,0.63852,2025-05-24 04:50:00.033224,2025-05-24 04:52:16.870180,0 days 00:02:16.836956000,256,0.5,0.01,0.001,3,500,256,COMPLETE
63,0.6076400000000001,2025-05-24 04:52:16.886550,2025-05-24 04:54:33.676893,0 days 00:02:16.790343000,256,0.5,0.01,0.001,3,500,256,COMPLETE
64,0.3950000000000001,2025-05-24 04:54:33.693587,2025-05-24 04:56:50.845134,0 days 00:02:17.151547000,256,0.5,0.5,0.001,3,500,256,COMPLETE
65,0.79866,2025-05-24 04:56:50.861738,2025-05-24 04:59:07.607678,0 days 00:02:16.745940000,256,0.5,0.01,0.001,3,500,256,COMPLETE
66,0.87228,2025-05-24 04:59:07.624173,2025-05-24 05:01:24.465105,0 days 00:02:16.840932000,256,0.5,0.01,0.001,3,500,256,COMPLETE
67,0.62642,2025-05-24 05:01:24.482111,2025-05-24 05:03:20.733583,0 days 00:01:56.251472000,256,0.5,0.01,0.001,3,500,256,COMPLETE
68,0.57402,2025-05-24 05:03:20.750641,2025-05-24 05:05:37.592114,0 days 00:02:16.841473000,256,0.5,0.01,0.001,3,500,256,COMPLETE
69,0.29102000000000006,2025-05-24 05:05:37.609515,2025-05-24 05:07:54.471565,0 days 00:02:16.862050000,256,0.5,0.01,0.001,15,500,256,COMPLETE
70,0.39511999999999997,2025-05-24 05:07:54.489462,2025-05-24 05:10:11.644065,0 days 00:02:17.154603000,256,0.5,1.0,0.001,3,500,256,COMPLETE
71,0.8805000000000001,2025-05-24 05:10:11.662245,2025-05-24 05:12:28.529506,0 days 00:02:16.867261000,256,0.5,0.01,0.001,3,500,256,COMPLETE
72,0.85154,2025-05-24 05:12:28.547510,2025-05-24 05:14:45.345351,0 days 00:02:16.797841000,256,0.5,0.01,0.001,3,500,256,COMPLETE
73,0.9018800000000001,2025-05-24 05:14:45.363623,2025-05-24 05:17:02.158126,0 days 00:02:16.794503000,256,0.5,0.01,0.001,3,500,256,COMPLETE
74,0.47836,2025-05-24 05:17:02.176523,2025-05-24 05:19:19.114232,0 days 00:02:16.937709000,256,0.5,0.01,0.001,3,500,256,COMPLETE
75,0.48556000000000005,2025-05-24 05:19:19.132669,2025-05-24 05:20:00.923715,0 days 00:00:41.791046000,256,0.5,0.01,0.001,3,500,64,COMPLETE
76,0.39914000000000005,2025-05-24 05:20:00.945236,2025-05-24 05:25:22.793453,0 days 00:05:21.848217000,256,0.5,0.5,0.001,10,500,512,COMPLETE
77,0.6527200000000001,2025-05-24 05:25:22.812510,2025-05-24 05:27:40.186867,0 days 00:02:17.374357000,128,0.01,0.01,0.001,3,500,256,COMPLETE
78,0.8805000000000001,2025-05-24 05:27:40.206072,2025-05-24 05:29:57.200665,0 days 00:02:16.994593000,256,0.5,0.01,0.001,3,500,256,COMPLETE
79,0.93964,2025-05-24 05:29:57.219759,2025-05-24 05:32:14.051808,0 days 00:02:16.832049000,256,0.5,0.01,0.001,3,500,256,COMPLETE
80,0.95138,2025-05-24 05:32:14.071480,2025-05-24 05:34:10.322065,0 days 00:01:56.250585000,256,0.5,0.01,0.001,3,500,256,COMPLETE
81,0.77044,2025-05-24 05:34:10.341910,2025-05-24 05:36:27.129644,0 days 00:02:16.787734000,256,0.5,0.01,0.001,3,500,256,COMPLETE
82,0.7910400000000001,2025-05-24 05:36:27.151128,2025-05-24 05:38:44.048599,0 days 00:02:16.897471000,256,0.5,0.01,0.001,3,500,256,COMPLETE
83,0.8071,2025-05-24 05:38:44.068780,2025-05-24 05:41:00.789071,0 days 00:02:16.720291000,256,0.5,0.01,0.001,3,500,256,COMPLETE
84,0.6498,2025-05-24 05:41:00.809500,2025-05-24 05:43:17.538234,0 days 00:02:16.728734000,256,0.5,0.01,0.001,3,500,256,COMPLETE
85,0.56432,2025-05-24 05:43:17.560662,2025-05-24 05:45:34.271298,0 days 00:02:16.710636000,256,0.5,0.01,0.001,3,500,256,COMPLETE
86,0.47572000000000003,2025-05-24 05:45:34.291757,2025-05-24 05:46:16.046672,0 days 00:00:41.754915000,128,0.5,0.01,0.001,3,500,64,COMPLETE
87,0.56504,2025-05-24 05:46:16.067505,2025-05-24 05:48:32.988172,0 days 00:02:16.920667000,256,0.5,0.01,0.001,3,500,256,COMPLETE
88,0.37234,2025-05-24 05:48:33.009404,2025-05-24 05:53:39.531618,0 days 00:05:06.522214000,256,0.01,0.01,0.1,10,500,512,COMPLETE
89,0.6489200000000002,2025-05-24 05:53:39.552519,2025-05-24 05:55:56.164018,0 days 00:02:16.611499000,256,0.5,0.01,0.001,3,500,256,COMPLETE
90,0.28696,2025-05-24 05:55:56.185466,2025-05-24 05:58:12.914417,0 days 00:02:16.728951000,256,0.5,1.0,0.001,15,500,256,COMPLETE
91,0.91808,2025-05-24 05:58:12.935676,2025-05-24 06:00:29.795334,0 days 00:02:16.859658000,256,0.5,0.01,0.001,3,500,256,COMPLETE
92,0.66766,2025-05-24 06:00:29.817232,2025-05-24 06:02:46.706590,0 days 00:02:16.889358000,256,0.5,0.01,0.001,3,500,256,COMPLETE
93,0.47418,2025-05-24 06:02:46.728707,2025-05-24 06:05:03.710378,0 days 00:02:16.981671000,256,0.5,0.01,0.001,3,500,256,COMPLETE
94,0.86384,2025-05-24 06:05:03.732953,2025-05-24 06:07:20.708623,0 days 00:02:16.975670000,256,0.5,0.01,0.001,3,500,256,COMPLETE
95,0.60506,2025-05-24 06:07:20.733190,2025-05-24 06:09:37.715791,0 days 00:02:16.982601000,256,0.5,0.01,0.001,3,500,256,COMPLETE
96,0.7107,2025-05-24 06:09:37.737862,2025-05-24 06:11:54.625642,0 days 00:02:16.887780000,256,0.5,0.01,0.001,3,500,256,COMPLETE
97,0.39292000000000005,2025-05-24 06:11:54.648315,2025-05-24 06:14:11.863137,0 days 00:02:17.214822000,256,0.5,0.5,0.001,3,500,256,COMPLETE
98,0.79478,2025-05-24 06:14:11.886127,2025-05-24 06:16:28.770723,0 days 00:02:16.884596000,256,0.5,0.01,0.001,3,500,256,COMPLETE
99,0.5592400000000001,2025-05-24 06:16:28.793800,2025-05-24 06:18:45.647878,0 days 00:02:16.854078000,128,0.5,0.01,0.001,3,500,256,COMPLETE
100,0.52306,2025-05-24 06:18:45.672624,2025-05-24 06:19:27.344063,0 days 00:00:41.671439000,256,0.01,0.01,0.001,3,500,64,COMPLETE
101,0.8679,2025-05-24 06:19:27.367204,2025-05-24 06:21:44.163075,0 days 00:02:16.795871000,256,0.5,0.01,0.001,3,500,256,COMPLETE
102,0.87958,2025-05-24 06:21:44.186819,2025-05-24 06:24:01.133364,0 days 00:02:16.946545000,256,0.5,0.01,0.001,3,500,256,COMPLETE
103,0.5142000000000001,2025-05-24 06:24:01.157261,2025-05-24 06:26:17.993177,0 days 00:02:16.835916000,256,0.5,0.01,0.001,3,500,256,COMPLETE
104,0.81488,2025-05-24 06:26:18.017450,2025-05-24 06:28:34.870893,0 days 00:02:16.853443000,256,0.5,0.01,0.001,3,500,256,COMPLETE
105,0.46846000000000004,2025-05-24 06:28:34.895077,2025-05-24 06:30:51.906090,0 days 00:02:17.011013000,256,0.5,0.01,0.1,3,500,256,COMPLETE
106,0.39796,2025-05-24 06:30:51.930461,2025-05-24 06:33:09.110582,0 days 00:02:17.180121000,256,0.5,0.1,0.001,3,500,256,COMPLETE
107,0.6449,2025-05-24 06:33:09.135205,2025-05-24 06:38:23.965705,0 days 00:05:14.830500000,256,0.5,0.01,0.001,3,500,512,COMPLETE
108,0.3639,2025-05-24 06:38:23.990445,2025-05-24 06:40:40.879672,0 days 00:02:16.889227000,256,0.5,0.01,0.001,10,500,256,COMPLETE
109,0.73488,2025-05-24 06:40:40.904695,2025-05-24 06:42:57.620748,0 days 00:02:16.716053000,256,0.5,0.01,0.001,3,500,256,COMPLETE
110,0.29354,2025-05-24 06:42:57.646221,2025-05-24 06:45:14.685195,0 days 00:02:17.038974000,256,0.5,0.01,0.001,15,500,256,COMPLETE
111,0.52824,2025-05-24 06:45:14.710798,2025-05-24 06:47:31.562527,0 days 00:02:16.851729000,256,0.5,0.01,0.001,3,500,256,COMPLETE
112,0.8599800000000001,2025-05-24 06:47:31.588261,2025-05-24 06:49:48.429033,0 days 00:02:16.840772000,256,0.5,0.01,0.001,3,500,256,COMPLETE
113,0.7699,2025-05-24 06:49:48.454878,2025-05-24 06:52:05.368726,0 days 00:02:16.913848000,256,0.5,0.01,0.001,3,500,256,COMPLETE
114,0.92022,2025-05-24 06:52:05.394368,2025-05-24 06:54:22.124593,0 days 00:02:16.730225000,256,0.5,0.01,0.001,3,500,256,COMPLETE
115,0.5862800000000001,2025-05-24 06:54:22.150423,2025-05-24 06:56:39.037457,0 days 00:02:16.887034000,256,0.5,0.01,0.001,3,500,256,COMPLETE
116,0.41490000000000005,2025-05-24 06:56:39.063840,2025-05-24 06:58:35.524677,0 days 00:01:56.460837000,256,1.0,1.0,0.001,3,500,256,COMPLETE
117,0.8711200000000001,2025-05-24 06:58:35.550740,2025-05-24 07:00:52.285258,0 days 00:02:16.734518000,256,0.5,0.01,0.001,3,500,256,COMPLETE
118,0.38024,2025-05-24 07:00:52.312012,2025-05-24 07:03:09.531290,0 days 00:02:17.219278000,256,0.5,0.5,0.001,3,500,256,COMPLETE
119,0.47654,2025-05-24 07:03:09.558278,2025-05-24 07:05:26.135270,0 days 00:02:16.576992000,256,0.5,0.01,0.1,3,500,256,COMPLETE
120,0.5679200000000001,2025-05-24 07:05:26.162323,2025-05-24 07:07:43.334616,0 days 00:02:17.172293000,128,0.5,0.01,0.001,3,500,256,COMPLETE
121,0.81,2025-05-24 07:07:43.361956,2025-05-24 07:09:39.586154,0 days 00:01:56.224198000,256,0.5,0.01,0.001,3,500,256,COMPLETE
122,0.88944,2025-05-24 07:09:39.613660,2025-05-24 07:11:56.460454,0 days 00:02:16.846794000,256,0.5,0.01,0.001,3,500,256,COMPLETE
123,0.89348,2025-05-24 07:11:56.488019,2025-05-24 07:14:13.337986,0 days 00:02:16.849967000,256,0.5,0.01,0.001,3,500,256,COMPLETE
124,0.8475,2025-05-24 07:14:13.365854,2025-05-24 07:16:30.155115,0 days 00:02:16.789261000,256,0.5,0.01,0.001,3,500,256,COMPLETE
125,0.79428,2025-05-24 07:16:30.183080,2025-05-24 07:18:47.111170,0 days 00:02:16.928090000,256,0.5,0.01,0.001,3,500,256,COMPLETE
126,0.44272000000000006,2025-05-24 07:18:47.139571,2025-05-24 07:19:28.857595,0 days 00:00:41.718024000,256,0.01,0.01,0.001,3,500,64,COMPLETE
127,0.8555200000000001,2025-05-24 07:19:28.887380,2025-05-24 07:21:45.732049,0 days 00:02:16.844669000,256,0.5,0.01,0.001,3,500,256,COMPLETE
128,0.46746000000000004,2025-05-24 07:21:45.760938,2025-05-24 07:27:01.786496,0 days 00:05:16.025558000,256,0.5,0.01,0.001,3,500,512,COMPLETE
129,0.36572000000000005,2025-05-24 07:27:01.815473,2025-05-24 07:29:19.485867,0 days 00:02:17.670394000,256,0.5,0.1,0.001,10,500,256,COMPLETE
130,0.72302,2025-05-24 07:29:19.514956,2025-05-24 07:31:36.377133,0 days 00:02:16.862177000,256,0.5,0.01,0.001,3,500,256,COMPLETE
131,0.84316,2025-05-24 07:31:36.406013,2025-05-24 07:33:53.243736,0 days 00:02:16.837723000,256,0.5,0.01,0.001,3,500,256,COMPLETE
132,0.8388800000000001,2025-05-24 07:33:53.273026,2025-05-24 07:36:10.156017,0 days 00:02:16.882991000,256,0.5,0.01,0.001,3,500,256,COMPLETE
133,0.82604,2025-05-24 07:36:10.185811,2025-05-24 07:38:27.120870,0 days 00:02:16.935059000,256,0.5,0.01,0.001,3,500,256,COMPLETE
134,0.72184,2025-05-24 07:38:27.150629,2025-05-24 07:40:44.095353,0 days 00:02:16.944724000,256,0.5,0.01,0.001,3,500,256,COMPLETE
135,0.73566,2025-05-24 07:40:44.125416,2025-05-24 07:43:00.959966,0 days 00:02:16.834550000,256,0.5,0.01,0.001,3,500,256,COMPLETE
136,0.28754,2025-05-24 07:43:00.990557,2025-05-24 07:45:18.166155,0 days 00:02:17.175598000,256,0.5,0.01,0.001,15,500,256,COMPLETE
137,0.44868,2025-05-24 07:45:18.196782,2025-05-24 07:47:35.209832,0 days 00:02:17.013050000,256,1.0,0.01,0.001,3,500,256,COMPLETE
138,0.5318,2025-05-24 07:47:35.240632,2025-05-24 07:49:51.994648,0 days 00:02:16.754016000,256,0.5,0.01,0.001,3,500,256,COMPLETE
139,0.39246000000000003,2025-05-24 07:49:52.025664,2025-05-24 07:52:09.228792,0 days 00:02:17.203128000,256,0.5,1.0,0.001,3,500,256,COMPLETE
140,0.81454,2025-05-24 07:52:09.259686,2025-05-24 07:54:25.913270,0 days 00:02:16.653584000,256,0.5,0.01,0.001,3,500,256,COMPLETE
141,0.83802,2025-05-24 07:54:25.944393,2025-05-24 07:56:42.710101,0 days 00:02:16.765708000,256,0.5,0.01,0.001,3,500,256,COMPLETE
142,0.97928,2025-05-24 07:56:42.753276,2025-05-24 07:58:59.704083,0 days 00:02:16.950807000,256,0.5,0.01,0.001,3,500,256,COMPLETE
143,0.81258,2025-05-24 07:58:59.734901,2025-05-24 08:01:16.693505,0 days 00:02:16.958604000,256,0.5,0.01,0.001,3,500,256,COMPLETE
144,0.89992,2025-05-24 08:01:16.725271,2025-05-24 08:03:33.531062,0 days 00:02:16.805791000,256,0.5,0.01,0.001,3,500,256,COMPLETE
145,0.38448,2025-05-24 08:03:33.563009,2025-05-24 08:05:49.825519,0 days 00:02:16.262510000,256,0.5,0.01,0.1,3,500,256,COMPLETE
146,0.64714,2025-05-24 08:05:49.857800,2025-05-24 08:08:06.676635,0 days 00:02:16.818835000,128,0.5,0.01,0.001,3,500,256,COMPLETE
147,0.41492000000000007,2025-05-24 08:08:06.708730,2025-05-24 08:10:23.950586,0 days 00:02:17.241856000,256,0.5,0.5,0.001,3,500,256,COMPLETE
148,0.7591600000000001,2025-05-24 08:10:23.983046,2025-05-24 08:12:40.883109,0 days 00:02:16.900063000,256,0.5,0.01,0.001,3,500,256,COMPLETE
149,0.46488000000000007,2025-05-24 08:12:40.917903,2025-05-24 08:13:22.732761,0 days 00:00:41.814858000,256,0.5,0.01,0.001,3,500,64,COMPLETE
