number,value,datetime_start,datetime_complete,duration,params_compile_batch_size,params_compile_beta_b,params_compile_beta_z,params_compile_lr,params_compile_prior_rate,params_compile_train_steps,params_hidden_size,state
0,0.2097,2025-07-05 16:12:45.664738,2025-07-05 16:35:03.387502,0 days 00:22:17.722764000,128,0.01,0.5,0.0001,10,5000,64,COMPLETE
1,0.20716,2025-07-05 16:35:03.393354,2025-07-05 16:44:34.715183,0 days 00:09:31.321829000,128,1.0,0.01,0.0001,3,500,256,COMPLETE
2,0.09304,2025-07-05 16:44:34.720024,2025-07-05 16:58:04.613066,0 days 00:13:29.893042000,128,0.1,0.5,0.1,10,3000,64,COMPLETE
3,0.20600000000000002,2025-07-05 16:58:04.618158,2025-07-05 17:07:33.438755,0 days 00:09:28.820597000,128,0.1,0.5,0.001,15,500,256,COMPLETE
4,0.18598,2025-07-05 17:07:33.443878,2025-07-05 17:09:53.951199,0 days 00:02:20.507321000,64,0.1,0.01,0.001,10,500,128,COMPLETE
5,0.10750000000000001,2025-07-05 17:09:53.956524,2025-07-05 17:54:03.394402,0 days 00:44:09.437878000,256,0.1,0.5,0.1,15,3000,128,COMPLETE
6,0.26562,2025-07-05 17:54:03.399989,2025-07-05 18:17:04.813026,0 days 00:23:01.413037000,128,1.0,0.01,0.0001,15,3000,128,COMPLETE
7,0.13434000000000001,2025-07-05 18:17:04.818701,2025-07-05 18:29:39.333538,0 days 00:12:34.514837000,64,0.01,0.01,0.001,15,3000,128,COMPLETE
8,0.21764,2025-07-05 18:29:39.342769,2025-07-05 18:37:34.223274,0 days 00:07:54.880505000,64,0.01,0.1,0.001,10,3000,64,COMPLETE
9,0.09864,2025-07-05 18:37:34.229330,2025-07-05 19:00:10.992961,0 days 00:22:36.763631000,128,0.01,0.1,0.1,15,3000,128,COMPLETE
10,-inf,2025-07-05 19:00:11.000892,2025-07-05 19:00:15.014216,0 days 00:00:04.013324000,256,1.0,1.0,0.0001,3,5000,512,COMPLETE
11,0.25862,2025-07-05 19:00:15.020676,2025-07-05 19:08:05.785933,0 days 00:07:50.765257000,64,0.5,0.1,0.001,10,3000,64,COMPLETE
12,0.20402000000000003,2025-07-05 19:08:05.792604,2025-07-05 20:38:27.918867,0 days 01:30:22.126263000,64,0.5,0.1,0.0001,15,3000,512,COMPLETE
13,0.11782000000000001,2025-07-05 20:38:27.925662,2025-07-05 20:46:17.852094,0 days 00:07:49.926432000,64,0.5,1.0,0.001,10,3000,64,COMPLETE
14,0.18244000000000002,2025-07-05 20:46:17.859097,2025-07-05 21:31:34.141455,0 days 00:45:16.282358000,256,1.0,0.01,0.0001,3,3000,128,COMPLETE
15,0.24730000000000002,2025-07-05 21:31:34.148590,2025-07-05 21:53:47.764073,0 days 00:22:13.615483000,128,0.5,0.1,0.001,15,5000,64,COMPLETE
16,0.2284,2025-07-05 21:53:47.771436,2025-07-05 23:24:13.889768,0 days 01:30:26.118332000,64,1.0,0.1,0.0001,10,3000,512,COMPLETE
17,0.2435,2025-07-05 23:24:13.897387,2025-07-06 00:18:48.018848,0 days 00:54:34.121461000,128,0.5,0.01,0.0001,15,3000,256,COMPLETE
18,0.19280000000000003,2025-07-06 00:18:48.026731,2025-07-06 00:21:10.574372,0 days 00:02:22.547641000,64,1.0,1.0,0.001,10,500,128,COMPLETE
19,0.09304,2025-07-06 00:21:10.582378,2025-07-06 01:04:16.288759,0 days 00:43:05.706381000,256,0.5,0.01,0.1,3,5000,64,COMPLETE
20,0.23464000000000002,2025-07-06 01:04:16.296930,2025-07-06 01:27:14.989380,0 days 00:22:58.692450000,128,1.0,0.1,0.0001,15,3000,128,COMPLETE
21,0.26014000000000004,2025-07-06 01:27:14.997724,2025-07-06 01:49:31.234145,0 days 00:22:16.236421000,128,0.5,0.1,0.001,15,5000,64,COMPLETE
22,0.22350000000000003,2025-07-06 01:49:31.242685,2025-07-06 02:11:47.843530,0 days 00:22:16.600845000,128,0.5,0.1,0.001,15,5000,64,COMPLETE
23,0.22864,2025-07-06 02:11:47.852187,2025-07-06 02:33:56.855531,0 days 00:22:09.003344000,128,0.5,0.1,0.001,15,5000,64,COMPLETE
24,0.26396,2025-07-06 02:33:56.864477,2025-07-06 02:56:14.746240,0 days 00:22:17.881763000,128,0.5,0.1,0.001,15,5000,64,COMPLETE
25,0.22654000000000002,2025-07-06 02:56:14.755424,2025-07-06 03:18:33.824905,0 days 00:22:19.069481000,128,0.5,0.1,0.001,15,5000,64,COMPLETE
26,0.15698,2025-07-06 03:18:33.834285,2025-07-06 04:47:34.041996,0 days 01:29:00.207711000,128,0.5,0.01,0.001,15,5000,256,COMPLETE
27,-inf,2025-07-06 04:47:34.051394,2025-07-06 09:11:43.184474,0 days 04:24:09.133080000,128,1.0,1.0,0.1,15,5000,512,COMPLETE
28,0.20852,2025-07-06 09:11:43.194043,2025-07-06 09:33:29.276724,0 days 00:21:46.082681000,128,0.5,0.1,0.001,15,5000,64,COMPLETE
29,0.19090000000000001,2025-07-06 09:33:29.286649,2025-07-06 09:55:44.327555,0 days 00:22:15.040906000,128,0.01,0.5,0.0001,15,5000,64,COMPLETE
30,0.24258000000000002,2025-07-06 09:55:44.337677,2025-07-06 10:33:50.862069,0 days 00:38:06.524392000,128,1.0,0.01,0.0001,15,5000,128,COMPLETE
31,0.22148,2025-07-06 10:33:50.872300,2025-07-06 10:41:45.496661,0 days 00:07:54.624361000,64,0.5,0.1,0.001,10,3000,64,COMPLETE
32,0.20824000000000004,2025-07-06 10:41:45.507268,2025-07-06 11:03:26.981944,0 days 00:21:41.474676000,128,0.5,0.1,0.001,10,5000,64,COMPLETE
33,0.31856000000000007,2025-07-06 11:03:26.992631,2025-07-06 11:05:58.204081,0 days 00:02:31.211450000,128,0.5,0.1,0.001,3,500,64,COMPLETE
34,0.24916000000000002,2025-07-06 11:05:58.214986,2025-07-06 11:08:30.554286,0 days 00:02:32.339300000,128,0.5,0.1,0.001,3,500,64,COMPLETE
35,0.19514,2025-07-06 11:08:30.565418,2025-07-06 11:18:08.830372,0 days 00:09:38.264954000,128,0.1,0.5,0.001,3,500,256,COMPLETE
36,0.23376000000000002,2025-07-06 11:18:08.841596,2025-07-06 11:20:40.514496,0 days 00:02:31.672900000,128,0.5,0.01,0.001,3,500,64,COMPLETE
37,0.09304,2025-07-06 11:20:40.526226,2025-07-06 11:23:09.200276,0 days 00:02:28.674050000,128,0.1,0.1,0.1,3,500,64,COMPLETE
38,0.20338,2025-07-06 11:23:09.211942,2025-07-06 11:27:16.457665,0 days 00:04:07.245723000,128,1.0,0.5,0.0001,3,500,128,COMPLETE
39,0.22904,2025-07-06 11:27:16.469455,2025-07-06 11:46:20.934943,0 days 00:19:04.465488000,256,0.01,0.1,0.001,15,500,256,COMPLETE
40,0.2356,2025-07-06 11:46:20.947106,2025-07-06 11:50:26.884731,0 days 00:04:05.937625000,128,0.1,0.01,0.001,15,500,128,COMPLETE
41,0.22940000000000002,2025-07-06 11:50:26.896968,2025-07-06 11:58:20.634194,0 days 00:07:53.737226000,64,0.5,0.1,0.001,10,3000,64,COMPLETE
42,0.20590000000000003,2025-07-06 11:58:20.646644,2025-07-06 12:06:14.557045,0 days 00:07:53.910401000,64,0.5,0.1,0.001,10,3000,64,COMPLETE
43,0.32436000000000004,2025-07-06 12:06:14.571284,2025-07-06 12:19:48.436951,0 days 00:13:33.865667000,128,0.5,0.1,0.001,3,3000,64,COMPLETE
44,0.20962000000000003,2025-07-06 12:19:48.449669,2025-07-06 12:42:11.323811,0 days 00:22:22.874142000,128,0.5,0.1,0.001,3,5000,64,COMPLETE
45,0.09304,2025-07-06 12:42:11.336816,2025-07-06 12:55:38.250813,0 days 00:13:26.913997000,128,0.5,0.1,0.1,3,3000,64,COMPLETE
46,0.08041999999999999,2025-07-06 12:55:38.264012,2025-07-06 15:39:53.503034,0 days 02:44:15.239022000,128,0.01,1.0,0.001,3,3000,512,COMPLETE
47,0.19240000000000002,2025-07-06 15:39:53.516055,2025-07-06 16:02:13.953089,0 days 00:22:20.437034000,128,0.5,0.1,0.0001,3,5000,64,COMPLETE
48,0.24108000000000002,2025-07-06 16:02:13.966610,2025-07-06 16:47:47.316790,0 days 00:45:33.350180000,256,1.0,0.01,0.001,15,3000,128,COMPLETE
49,0.13832000000000003,2025-07-06 16:47:47.330466,2025-07-06 16:50:19.479582,0 days 00:02:32.149116000,128,0.5,0.5,0.001,3,500,64,COMPLETE
