number,value,datetime_start,datetime_complete,duration,params_compile_batch_size,params_compile_beta_b,params_compile_beta_z,params_compile_lr,params_compile_prior_rate,params_compile_train_steps,params_hidden_size,state
0,0.42088000000000003,2025-06-25 13:08:32.368856,2025-06-25 14:44:57.977208,0 days 01:36:25.608352000,128,0.01,0.5,0.001,10,3000,512,COMPLETE
1,0.18886000000000003,2025-06-25 14:44:57.983107,2025-06-25 17:21:04.742713,0 days 02:36:06.759606000,128,0.1,0.5,0.1,3,5000,512,COMPLETE
2,0.5681400000000001,2025-06-25 17:21:04.747497,2025-06-25 17:22:50.487659,0 days 00:01:45.740162000,64,0.5,0.1,0.001,3,500,128,COMPLETE
3,0.43050000000000005,2025-06-25 17:22:50.492567,2025-06-25 18:22:30.855620,0 days 00:59:40.363053000,128,0.01,0.5,0.1,10,5000,256,COMPLETE
4,0.24886,2025-06-25 18:22:30.860768,2025-06-25 18:23:38.978422,0 days 00:01:08.117654000,64,0.5,0.1,0.1,15,500,64,COMPLETE
5,0.4817,2025-06-25 18:23:38.983690,2025-06-25 18:53:21.406287,0 days 00:29:42.422597000,256,0.5,0.1,0.1,15,3000,128,COMPLETE
6,0.2018,2025-06-25 18:53:21.411759,2025-06-25 19:29:31.636180,0 days 00:36:10.224421000,128,0.5,1.0,0.1,15,3000,256,COMPLETE
7,0.46386000000000005,2025-06-25 19:29:31.641782,2025-06-25 19:39:13.102325,0 days 00:09:41.460543000,64,1.0,0.01,0.0001,3,5000,64,COMPLETE
8,0.47838,2025-06-25 19:39:13.108248,2025-06-25 19:42:21.862669,0 days 00:03:08.754421000,256,0.1,0.1,0.1,15,500,64,COMPLETE
9,0.28686,2025-06-25 19:42:21.868704,2025-06-25 19:46:04.959640,0 days 00:03:43.090936000,64,0.5,0.5,0.0001,10,500,256,COMPLETE
10,0.4383600000000001,2025-06-25 19:46:04.965879,2025-06-25 19:47:50.229687,0 days 00:01:45.263808000,64,1.0,0.01,0.001,3,500,128,COMPLETE
11,0.24074,2025-06-25 19:47:50.236028,2025-06-25 20:17:36.827379,0 days 00:29:46.591351000,256,0.5,0.1,0.001,15,3000,128,COMPLETE
12,0.31854,2025-06-25 20:17:36.834110,2025-06-25 20:47:24.483057,0 days 00:29:47.648947000,256,0.5,0.1,0.001,3,3000,128,COMPLETE
13,0.28866,2025-06-25 20:47:24.489910,2025-06-25 20:52:32.323516,0 days 00:05:07.833606000,256,0.5,0.1,0.001,15,500,128,COMPLETE
14,0.44958000000000004,2025-06-25 20:52:32.330506,2025-06-25 21:22:23.964186,0 days 00:29:51.633680000,256,0.5,1.0,0.0001,3,3000,128,COMPLETE
15,0.36742,2025-06-25 21:22:23.971381,2025-06-25 21:24:09.043614,0 days 00:01:45.072233000,64,0.5,0.1,0.1,15,500,128,COMPLETE
16,0.48488,2025-06-25 21:24:09.053691,2025-06-25 21:53:58.145204,0 days 00:29:49.091513000,256,1.0,0.1,0.001,3,3000,128,COMPLETE
17,0.5199400000000001,2025-06-25 21:53:58.152758,2025-06-25 21:55:43.268033,0 days 00:01:45.115275000,64,1.0,0.1,0.001,3,500,128,COMPLETE
18,0.47418000000000005,2025-06-25 21:55:43.275698,2025-06-25 22:05:10.432704,0 days 00:09:27.157006000,64,1.0,0.01,0.001,3,500,512,COMPLETE
19,0.39808,2025-06-25 22:05:10.440708,2025-06-25 22:06:56.144086,0 days 00:01:45.703378000,64,1.0,1.0,0.001,3,500,128,COMPLETE
20,0.39358,2025-06-25 22:06:56.152902,2025-06-25 22:08:41.798083,0 days 00:01:45.645181000,64,0.01,0.1,0.001,3,500,128,COMPLETE
21,0.53956,2025-06-25 22:08:41.806387,2025-06-25 22:10:27.420173,0 days 00:01:45.613786000,64,1.0,0.1,0.001,3,500,128,COMPLETE
22,0.5139400000000001,2025-06-25 22:10:27.428652,2025-06-25 22:12:12.905424,0 days 00:01:45.476772000,64,1.0,0.1,0.001,3,500,128,COMPLETE
23,0.5316000000000001,2025-06-25 22:12:12.913974,2025-06-25 22:13:58.223727,0 days 00:01:45.309753000,64,1.0,0.1,0.001,3,500,128,COMPLETE
24,0.48804000000000003,2025-06-25 22:13:58.234506,2025-06-25 22:15:42.266061,0 days 00:01:44.031555000,64,1.0,0.1,0.001,3,500,128,COMPLETE
25,0.50838,2025-06-25 22:15:42.275029,2025-06-25 22:17:27.944860,0 days 00:01:45.669831000,64,0.1,0.1,0.001,3,500,128,COMPLETE
26,0.42258,2025-06-25 22:17:27.954087,2025-06-25 23:50:39.147414,0 days 01:33:11.193327000,64,1.0,0.1,0.0001,10,5000,512,COMPLETE
27,0.40824,2025-06-25 23:50:39.156934,2025-06-25 23:54:22.556421,0 days 00:03:43.399487000,64,1.0,1.0,0.001,3,500,256,COMPLETE
28,0.38424,2025-06-25 23:54:22.566142,2025-06-25 23:55:30.424378,0 days 00:01:07.858236000,64,0.01,0.01,0.001,3,500,64,COMPLETE
29,0.30028,2025-06-25 23:55:30.434250,2025-06-26 00:11:37.342466,0 days 00:16:06.908216000,128,0.1,0.5,0.001,10,500,512,COMPLETE
30,0.36452000000000007,2025-06-26 00:11:37.352555,2025-06-26 00:27:24.185587,0 days 00:15:46.833032000,64,0.01,0.1,0.001,3,5000,128,COMPLETE
31,0.47412000000000004,2025-06-26 00:27:24.195882,2025-06-26 00:29:08.423711,0 days 00:01:44.227829000,64,1.0,0.1,0.001,3,500,128,COMPLETE
32,0.53444,2025-06-26 00:29:08.435107,2025-06-26 00:30:54.003130,0 days 00:01:45.568023000,64,1.0,0.1,0.001,3,500,128,COMPLETE
33,0.53416,2025-06-26 00:30:54.013866,2025-06-26 00:33:39.453841,0 days 00:02:45.439975000,128,1.0,0.1,0.001,3,500,128,COMPLETE
34,0.46928000000000003,2025-06-26 00:33:39.464683,2025-06-26 00:36:25.250698,0 days 00:02:45.786015000,128,1.0,0.5,0.001,3,500,128,COMPLETE
35,0.38782,2025-06-26 00:36:25.261714,2025-06-26 03:16:19.935943,0 days 02:39:54.674229000,128,1.0,0.1,0.001,10,5000,512,COMPLETE
36,0.4879800000000001,2025-06-26 03:16:19.947113,2025-06-26 03:22:30.754414,0 days 00:06:10.807301000,128,0.1,0.1,0.0001,3,500,256,COMPLETE
37,0.4524,2025-06-26 03:22:30.765848,2025-06-26 03:24:14.179990,0 days 00:01:43.414142000,128,1.0,0.1,0.001,3,500,64,COMPLETE
38,0.18886000000000003,2025-06-26 03:24:14.191700,2025-06-26 03:26:59.272651,0 days 00:02:45.080951000,128,0.01,0.5,0.1,3,500,128,COMPLETE
39,0.28518000000000004,2025-06-26 03:26:59.284267,2025-06-26 03:52:53.696514,0 days 00:25:54.412247000,128,1.0,1.0,0.001,10,5000,128,COMPLETE
40,0.31664000000000003,2025-06-26 03:52:53.708681,2025-06-26 03:59:05.352325,0 days 00:06:11.643644000,128,0.5,0.01,0.1,3,500,256,COMPLETE
41,0.43472,2025-06-26 03:59:05.364497,2025-06-26 04:00:51.012059,0 days 00:01:45.647562000,64,1.0,0.1,0.001,3,500,128,COMPLETE
42,0.5220800000000001,2025-06-26 04:00:51.024403,2025-06-26 04:02:34.702228,0 days 00:01:43.677825000,64,1.0,0.1,0.001,3,500,128,COMPLETE
43,0.52782,2025-06-26 04:02:34.714696,2025-06-26 04:04:19.469930,0 days 00:01:44.755234000,64,1.0,0.1,0.001,3,500,128,COMPLETE
44,0.5303,2025-06-26 04:04:19.482880,2025-06-26 04:06:05.383353,0 days 00:01:45.900473000,64,1.0,0.1,0.001,3,500,128,COMPLETE
45,0.3628,2025-06-26 04:06:05.396364,2025-06-26 04:07:13.414481,0 days 00:01:08.018117000,64,0.5,0.1,0.0001,15,500,64,COMPLETE
46,0.3184,2025-06-26 04:07:13.427428,2025-06-26 04:16:48.136204,0 days 00:09:34.708776000,64,1.0,0.1,0.001,3,3000,128,COMPLETE
47,0.49502,2025-06-26 04:16:48.149483,2025-06-26 04:18:30.938028,0 days 00:01:42.788545000,64,0.5,0.1,0.001,3,500,128,COMPLETE
48,0.22776000000000002,2025-06-26 04:18:30.951503,2025-06-26 04:23:37.946149,0 days 00:05:06.994646000,256,0.1,0.1,0.1,15,500,128,COMPLETE
49,0.4454600000000001,2025-06-26 04:23:37.959815,2025-06-26 04:39:17.713839,0 days 00:15:39.754024000,128,1.0,0.5,0.001,3,3000,128,COMPLETE
50,0.23218,2025-06-27 10:01:43.597332,2025-06-27 10:04:59.498979,0 days 00:03:15.901647000,64,0.5,0.01,0.0001,3,500,256,COMPLETE
51,0.23399999999999999,2025-06-27 10:04:59.514401,2025-06-27 10:06:38.963786,0 days 00:01:39.449385000,64,1.0,0.1,0.001,3,500,128,COMPLETE
52,0.21272000000000002,2025-06-27 10:06:38.978440,2025-06-27 10:08:13.661395,0 days 00:01:34.682955000,64,1.0,0.1,0.001,3,500,128,COMPLETE
53,0.20638,2025-06-27 10:08:13.675878,2025-06-27 10:09:49.755396,0 days 00:01:36.079518000,64,1.0,0.1,0.001,3,500,128,COMPLETE
54,0.19798000000000002,2025-06-27 10:09:49.769818,2025-06-27 10:11:39.197767,0 days 00:01:49.427949000,64,1.0,0.1,0.001,3,500,128,COMPLETE
55,0.19774000000000003,2025-06-27 10:11:39.212611,2025-06-27 10:13:27.175583,0 days 00:01:47.962972000,64,1.0,0.1,0.001,3,500,128,COMPLETE
56,0.32864000000000004,2025-06-27 10:13:27.190466,2025-06-27 10:18:37.647455,0 days 00:05:10.456989000,256,1.0,1.0,0.001,3,500,128,COMPLETE
57,0.22400000000000003,2025-06-27 10:18:37.662523,2025-06-27 11:52:07.505725,0 days 01:33:29.843202000,64,0.5,0.1,0.001,15,5000,512,COMPLETE
58,0.25617999999999996,2025-06-27 11:52:07.520921,2025-06-27 11:58:01.481305,0 days 00:05:53.960384000,64,1.0,0.1,0.001,10,3000,64,COMPLETE
59,0.18886000000000003,2025-06-27 11:58:01.496639,2025-06-27 11:59:46.971589,0 days 00:01:45.474950000,64,0.01,0.1,0.1,3,500,128,COMPLETE
60,0.24142,2025-06-27 11:59:46.987224,2025-06-27 12:01:33.539293,0 days 00:01:46.552069000,64,1.0,0.1,0.001,3,500,128,COMPLETE
61,0.24925999999999998,2025-06-27 12:01:33.555042,2025-06-27 12:03:21.630326,0 days 00:01:48.075284000,64,1.0,0.1,0.001,3,500,128,COMPLETE
62,0.18894,2025-06-27 12:03:21.646288,2025-06-27 12:05:11.511736,0 days 00:01:49.865448000,64,1.0,0.1,0.001,3,500,128,COMPLETE
63,0.23764,2025-06-27 12:05:11.527972,2025-06-27 12:06:59.927383,0 days 00:01:48.399411000,64,1.0,0.1,0.001,3,500,128,COMPLETE
64,0.2422,2025-06-27 12:06:59.943822,2025-06-27 12:08:48.310844,0 days 00:01:48.367022000,64,1.0,0.1,0.001,3,500,128,COMPLETE
65,0.22962,2025-06-27 12:08:48.327375,2025-06-27 12:10:36.192814,0 days 00:01:47.865439000,64,1.0,0.1,0.001,3,500,128,COMPLETE
66,0.24396,2025-06-27 12:10:36.209700,2025-06-27 12:15:45.193746,0 days 00:05:08.984046000,256,0.1,0.01,0.001,3,500,128,COMPLETE
67,0.27986,2025-06-27 12:15:45.210729,2025-06-27 12:17:29.986554,0 days 00:01:44.775825000,64,0.5,0.1,0.0001,3,500,128,COMPLETE
68,0.32228,2025-06-27 12:17:30.003592,2025-06-27 12:33:55.154143,0 days 00:16:25.150551000,128,1.0,1.0,0.001,3,500,512,COMPLETE
69,0.20114,2025-06-27 12:33:55.171366,2025-06-27 12:49:23.674809,0 days 00:15:28.503443000,64,1.0,0.5,0.001,10,5000,128,COMPLETE
70,0.18506,2025-06-27 12:49:23.692547,2025-06-27 12:53:09.256047,0 days 00:03:45.563500000,64,0.01,0.1,0.001,15,500,256,COMPLETE
71,0.21273999999999998,2025-06-27 12:53:09.273902,2025-06-27 12:54:57.972640,0 days 00:01:48.698738000,64,1.0,0.1,0.001,3,500,128,COMPLETE
72,0.28390000000000004,2025-06-27 12:54:57.990755,2025-06-27 12:56:47.919139,0 days 00:01:49.928384000,64,1.0,0.1,0.001,3,500,128,COMPLETE
73,0.22844000000000003,2025-06-27 12:56:47.937359,2025-06-27 12:58:35.835589,0 days 00:01:47.898230000,64,1.0,0.1,0.001,3,500,128,COMPLETE
74,0.22361999999999999,2025-06-27 12:58:35.854087,2025-06-27 13:00:23.813670,0 days 00:01:47.959583000,64,1.0,0.1,0.001,3,500,128,COMPLETE
75,0.20828000000000002,2025-06-27 13:00:23.832467,2025-06-27 13:03:13.604586,0 days 00:02:49.772119000,128,1.0,0.1,0.001,3,500,128,COMPLETE
76,0.23554,2025-06-27 13:03:13.623016,2025-06-27 13:09:01.812963,0 days 00:05:48.189947000,64,1.0,0.1,0.001,3,3000,64,COMPLETE
77,0.18886000000000003,2025-06-27 13:09:01.831600,2025-06-27 13:10:46.992753,0 days 00:01:45.161153000,64,0.5,0.1,0.1,3,500,128,COMPLETE
78,0.22258,2025-06-27 13:10:47.011980,2025-06-27 13:15:50.547568,0 days 00:05:03.535588000,256,1.0,0.1,0.001,3,500,128,COMPLETE
79,0.29616000000000003,2025-06-27 13:15:50.566693,2025-06-27 13:18:37.856275,0 days 00:02:47.289582000,128,0.1,0.01,0.0001,3,500,128,COMPLETE
80,0.20696000000000003,2025-06-27 13:18:37.875603,2025-06-27 13:20:26.666434,0 days 00:01:48.790831000,64,1.0,0.1,0.001,3,500,128,COMPLETE
81,0.2121,2025-06-27 13:20:26.686133,2025-06-27 13:22:16.528797,0 days 00:01:49.842664000,64,1.0,0.1,0.001,3,500,128,COMPLETE
82,0.24762,2025-06-27 13:22:16.548451,2025-06-27 13:24:05.165401,0 days 00:01:48.616950000,64,1.0,0.1,0.001,3,500,128,COMPLETE
83,0.22764,2025-06-27 13:24:05.185429,2025-06-27 13:25:53.415820,0 days 00:01:48.230391000,64,1.0,0.1,0.001,3,500,128,COMPLETE
84,0.26234,2025-06-27 13:25:53.436120,2025-06-27 13:27:42.115710,0 days 00:01:48.679590000,64,1.0,0.1,0.001,3,500,128,COMPLETE
85,0.28846,2025-06-27 13:27:42.136210,2025-06-27 13:43:32.261496,0 days 00:15:50.125286000,64,0.5,0.5,0.001,3,5000,128,COMPLETE
86,0.22866000000000003,2025-06-27 13:43:32.282235,2025-06-27 13:53:10.630657,0 days 00:09:38.348422000,64,1.0,1.0,0.001,10,500,512,COMPLETE
87,0.23420000000000002,2025-06-27 13:53:10.651300,2025-06-27 13:59:30.260252,0 days 00:06:19.608952000,128,1.0,0.1,0.001,15,500,256,COMPLETE
88,0.20498,2025-06-27 13:59:30.281337,2025-06-27 14:09:07.425744,0 days 00:09:37.144407000,64,0.01,0.1,0.001,3,3000,128,COMPLETE
89,0.18886000000000003,2025-06-27 14:09:07.446714,2025-06-27 14:10:15.884637,0 days 00:01:08.437923000,64,1.0,0.1,0.1,3,500,64,COMPLETE
90,0.1977,2025-06-27 14:10:15.906234,2025-06-27 14:12:04.141350,0 days 00:01:48.235116000,64,1.0,0.1,0.001,3,500,128,COMPLETE
91,0.23862000000000003,2025-06-27 14:12:04.162915,2025-06-27 14:13:52.460093,0 days 00:01:48.297178000,64,1.0,0.1,0.001,3,500,128,COMPLETE
92,0.219,2025-06-27 14:13:52.481891,2025-06-27 14:15:41.508752,0 days 00:01:49.026861000,64,1.0,0.1,0.001,3,500,128,COMPLETE
93,0.22894000000000003,2025-06-27 14:15:41.530390,2025-06-27 14:17:30.499472,0 days 00:01:48.969082000,64,1.0,0.1,0.001,3,500,128,COMPLETE
94,0.23168,2025-06-27 14:17:30.521781,2025-06-27 14:19:19.400107,0 days 00:01:48.878326000,64,1.0,0.1,0.001,3,500,128,COMPLETE
95,0.22752,2025-06-27 14:19:19.422203,2025-06-27 14:21:07.190633,0 days 00:01:47.768430000,64,0.5,0.1,0.001,3,500,128,COMPLETE
96,0.21678000000000003,2025-06-27 14:21:07.212935,2025-06-27 14:23:57.957418,0 days 00:02:50.744483000,128,1.0,0.1,0.001,3,500,128,COMPLETE
97,0.31570000000000004,2025-06-27 14:23:57.979922,2025-06-27 14:29:07.739784,0 days 00:05:09.759862000,256,1.0,0.01,0.0001,3,500,128,COMPLETE
98,0.21900000000000003,2025-06-27 14:29:07.762418,2025-06-27 14:30:53.557332,0 days 00:01:45.794914000,64,0.1,0.1,0.001,10,500,128,COMPLETE
99,0.23322,2025-06-27 14:30:53.580502,2025-06-27 14:46:32.567519,0 days 00:15:38.987017000,64,1.0,1.0,0.001,3,5000,128,COMPLETE
100,0.28162000000000004,2025-06-30 20:52:57.743681,2025-06-30 21:02:28.150680,0 days 00:09:30.406999000,64,1.0,0.5,0.001,3,500,512,COMPLETE
101,0.17874,2025-06-30 21:02:28.175850,2025-06-30 21:04:15.009465,0 days 00:01:46.833615000,64,0.1,0.1,0.001,3,500,128,COMPLETE
102,0.23208,2025-06-30 21:04:15.033342,2025-06-30 21:06:01.731803,0 days 00:01:46.698461000,64,0.1,0.1,0.001,3,500,128,COMPLETE
103,0.26972,2025-06-30 21:06:01.755563,2025-06-30 21:07:48.978542,0 days 00:01:47.222979000,64,0.1,0.1,0.001,3,500,128,COMPLETE
104,0.22366,2025-06-30 21:07:49.002561,2025-06-30 21:09:35.197943,0 days 00:01:46.195382000,64,0.1,0.1,0.001,3,500,128,COMPLETE
105,0.24203999999999998,2025-06-30 21:09:35.222261,2025-06-30 21:13:22.174180,0 days 00:03:46.951919000,64,0.5,0.1,0.001,15,500,256,COMPLETE
106,0.23076000000000002,2025-06-30 21:13:22.199387,2025-06-30 21:29:04.795838,0 days 00:15:42.596451000,128,1.0,0.1,0.001,3,3000,128,COMPLETE
107,0.18886000000000003,2025-06-30 21:29:04.820673,2025-06-30 21:30:50.264772,0 days 00:01:45.444099000,64,0.01,0.1,0.1,3,500,128,COMPLETE
108,0.28824000000000005,2025-06-30 21:30:50.289832,2025-06-30 21:32:00.035485,0 days 00:01:09.745653000,64,1.0,0.1,0.001,3,500,64,COMPLETE
109,0.23870000000000002,2025-06-30 21:32:00.060701,2025-06-30 21:33:46.888900,0 days 00:01:46.828199000,64,0.1,0.1,0.001,3,500,128,COMPLETE
110,0.196,2025-06-30 21:33:46.914410,2025-06-30 21:35:34.660778,0 days 00:01:47.746368000,64,1.0,0.1,0.001,3,500,128,COMPLETE
111,0.22002,2025-06-30 21:35:34.685968,2025-06-30 21:37:25.854983,0 days 00:01:51.169015000,64,0.5,0.1,0.001,3,500,128,COMPLETE
112,0.23716,2025-06-30 21:37:25.880420,2025-06-30 21:39:14.584538,0 days 00:01:48.704118000,64,0.5,0.1,0.001,3,500,128,COMPLETE
113,0.22708,2025-06-30 21:39:14.609979,2025-06-30 21:41:02.727544,0 days 00:01:48.117565000,64,0.5,0.1,0.001,3,500,128,COMPLETE
114,0.19206,2025-06-30 21:41:02.753474,2025-06-30 21:42:50.744397,0 days 00:01:47.990923000,64,0.5,0.1,0.001,3,500,128,COMPLETE
115,0.27232,2025-06-30 21:42:50.770496,2025-06-30 21:47:59.581234,0 days 00:05:08.810738000,256,0.5,0.1,0.0001,3,500,128,COMPLETE
116,0.26116,2025-06-30 21:47:59.607312,2025-06-30 21:49:47.794943,0 days 00:01:48.187631000,64,1.0,0.1,0.001,3,500,128,COMPLETE
117,0.2655,2025-06-30 21:49:47.821275,2025-06-30 22:15:48.676025,0 days 00:26:00.854750000,128,1.0,0.01,0.001,10,5000,128,COMPLETE
118,0.192,2025-06-30 22:15:48.702447,2025-06-30 22:17:37.168124,0 days 00:01:48.465677000,64,1.0,0.1,0.001,3,500,128,COMPLETE
119,0.221,2025-06-30 22:17:37.195176,2025-06-30 22:19:26.912848,0 days 00:01:49.717672000,64,0.5,0.1,0.001,3,500,128,COMPLETE
120,0.22128000000000003,2025-06-30 22:19:26.940443,2025-06-30 22:29:05.613567,0 days 00:09:38.673124000,64,1.0,0.5,0.001,15,500,512,COMPLETE
121,0.28308,2025-06-30 22:29:05.641040,2025-06-30 22:30:54.144087,0 days 00:01:48.503047000,64,1.0,0.1,0.001,3,500,128,COMPLETE
122,0.23960000000000004,2025-06-30 22:30:54.171932,2025-06-30 22:32:43.299242,0 days 00:01:49.127310000,64,1.0,0.1,0.001,3,500,128,COMPLETE
123,0.22232000000000002,2025-06-30 22:32:43.326774,2025-06-30 22:34:31.368251,0 days 00:01:48.041477000,64,1.0,0.1,0.001,3,500,128,COMPLETE
124,0.22174,2025-06-30 22:34:31.396230,2025-06-30 22:36:21.301555,0 days 00:01:49.905325000,64,1.0,0.1,0.001,3,500,128,COMPLETE
125,0.29958,2025-06-30 22:36:21.329779,2025-06-30 22:38:09.935222,0 days 00:01:48.605443000,64,1.0,1.0,0.001,3,500,128,COMPLETE
126,0.24366000000000002,2025-06-30 22:38:09.963881,2025-06-30 22:59:30.730980,0 days 00:21:20.767099000,64,1.0,0.1,0.001,3,3000,256,COMPLETE
127,0.2189,2025-06-30 22:59:30.759535,2025-06-30 23:02:16.392669,0 days 00:02:45.633134000,128,0.01,0.1,0.1,3,500,128,COMPLETE
128,0.21101999999999999,2025-06-30 23:02:16.420867,2025-06-30 23:04:03.939768,0 days 00:01:47.518901000,64,1.0,0.1,0.001,3,500,128,COMPLETE
129,0.26073999999999997,2025-06-30 23:04:03.968728,2025-06-30 23:05:12.814644,0 days 00:01:08.845916000,64,1.0,0.1,0.001,3,500,64,COMPLETE
130,0.22444,2025-06-30 23:05:12.843868,2025-06-30 23:06:59.366468,0 days 00:01:46.522600000,64,0.1,0.1,0.001,3,500,128,COMPLETE
131,0.29556000000000004,2025-06-30 23:06:59.395700,2025-06-30 23:13:04.173819,0 days 00:06:04.778119000,128,0.1,0.1,0.0001,3,500,256,COMPLETE
132,0.28274,2025-06-30 23:13:04.203568,2025-06-30 23:19:14.122492,0 days 00:06:09.918924000,128,0.1,0.1,0.0001,3,500,256,COMPLETE
133,0.3178,2025-06-30 23:19:14.152414,2025-06-30 23:25:26.647258,0 days 00:06:12.494844000,128,0.1,0.1,0.0001,3,500,256,COMPLETE
134,0.31878,2025-06-30 23:25:26.676895,2025-06-30 23:31:29.650802,0 days 00:06:02.973907000,128,0.1,0.1,0.0001,3,500,256,COMPLETE
135,0.27448,2025-06-30 23:31:29.680564,2025-06-30 23:33:13.983247,0 days 00:01:44.302683000,64,1.0,0.1,0.0001,3,500,128,COMPLETE
136,0.22558,2025-06-30 23:33:14.013506,2025-06-30 23:36:03.883119,0 days 00:02:49.869613000,128,0.5,0.1,0.001,3,500,128,COMPLETE
137,0.21376,2025-06-30 23:36:03.913750,2025-06-30 23:37:51.710551,0 days 00:01:47.796801000,64,1.0,0.1,0.001,3,500,128,COMPLETE
138,0.2631,2025-06-30 23:37:51.740893,2025-07-01 00:27:28.955065,0 days 00:49:37.214172000,256,0.1,0.1,0.001,10,5000,128,COMPLETE
139,0.21789999999999998,2025-07-01 00:27:28.986058,2025-07-01 00:31:23.199188,0 days 00:03:54.213130000,64,1.0,0.01,0.001,3,500,256,COMPLETE
140,0.23936000000000002,2025-07-01 00:31:23.230210,2025-07-01 00:33:09.569887,0 days 00:01:46.339677000,64,1.0,0.1,0.0001,3,500,128,COMPLETE
141,0.21834000000000003,2025-07-01 00:33:09.601548,2025-07-01 01:03:03.270880,0 days 00:29:53.669332000,256,1.0,0.1,0.001,3,3000,128,COMPLETE
142,0.2649,2025-07-01 01:03:03.302437,2025-07-01 01:32:55.382367,0 days 00:29:52.079930000,256,1.0,0.1,0.001,3,3000,128,COMPLETE
143,0.26624000000000003,2025-07-01 01:32:55.416879,2025-07-01 02:02:52.431011,0 days 00:29:57.014132000,256,1.0,0.1,0.001,3,3000,128,COMPLETE
144,0.28644000000000003,2025-07-01 02:02:52.463265,2025-07-01 02:32:45.459534,0 days 00:29:52.996269000,256,1.0,0.1,0.001,3,3000,128,COMPLETE
145,0.27616,2025-07-01 02:32:45.491569,2025-07-01 02:42:17.715384,0 days 00:09:32.223815000,64,1.0,0.1,0.001,3,3000,128,COMPLETE
146,0.28498,2025-07-01 02:42:17.747779,2025-07-01 02:45:03.912435,0 days 00:02:46.164656000,128,0.5,0.5,0.001,15,500,128,COMPLETE
147,0.2813,2025-07-01 02:45:03.975896,2025-07-01 02:54:42.276241,0 days 00:09:38.300345000,64,1.0,1.0,0.001,3,500,512,COMPLETE
148,0.20378000000000002,2025-07-01 02:54:42.309047,2025-07-01 02:59:56.001218,0 days 00:05:13.692171000,256,1.0,0.1,0.001,3,500,128,COMPLETE
149,0.18886000000000003,2025-07-01 02:59:56.034303,2025-07-01 03:01:41.620487,0 days 00:01:45.586184000,64,0.1,0.1,0.1,3,500,128,COMPLETE
