[I 2025-05-24 08:08:06,676] Trial 146 finished with value: 0.64714 and parameters: {'compile_train_steps': 500, 'compile_lr': 0.001, 'compile_batch_size': 128, 'compile_beta_z': 0.01, 'compile_beta_b': 0.5, 'compile_prior_rate': 3, 'hidden_size': 256}. Best is trial 142 with value: 0.97928.
[I 2025-05-24 08:10:23,950] Trial 147 finished with value: 0.41492000000000007 and parameters: {'compile_train_steps': 500, 'compile_lr': 0.001, 'compile_batch_size': 256, 'compile_beta_z': 0.5, 'compile_beta_b': 0.5, 'compile_prior_rate': 3, 'hidden_size': 256}. Best is trial 142 with value: 0.97928.
[I 2025-05-24 08:12:40,883] Trial 148 finished with value: 0.7591600000000001 and parameters: {'compile_train_steps': 500, 'compile_lr': 0.001, 'compile_batch_size': 256, 'compile_beta_z': 0.01, 'compile_beta_b': 0.5, 'compile_prior_rate': 3, 'hidden_size': 256}. Best is trial 142 with value: 0.97928.
[I 2025-05-24 08:13:22,733] Trial 149 finished with value: 0.46488000000000007 and parameters: {'compile_train_steps': 500, 'compile_lr': 0.001, 'compile_batch_size': 256, 'compile_beta_z': 0.01, 'compile_beta_b': 0.5, 'compile_prior_rate': 3, 'hidden_size': 64}. Best is trial 142 with value: 0.97928.
Study for task wsws_static_symbolic completed.
Running study for task: wsws_static_symbolic_big
No study file found. Starting a new study.
[I 2025-05-24 08:13:23,617] A new study created in memory with name: no-name-61712454-3fa4-4f8d-b4fa-127903ac323c
Task: wsws_static_symbolic_big
State size: 1087
Action size: 17
Max segments: 4
Skills: 2
[I 2025-05-24 08:14:49,533] Trial 0 finished with value: 0.81752 and parameters: {'compile_train_steps': 500, 'compile_lr': 0.0001, 'compile_batch_size': 64, 'compile_beta_z': 0.5, 'compile_beta_b': 0.01, 'compile_prior_rate': 3, 'hidden_size': 256}. Best is trial 0 with value: 0.81752.
[I 2025-05-24 08:18:41,122] Trial 1 finished with value: 0.2844 and parameters: {'compile_train_steps': 5000, 'compile_lr': 0.1, 'compile_batch_size': 64, 'compile_beta_z': 0.1, 'compile_beta_b': 1.0, 'compile_prior_rate': 15, 'hidden_size': 64}. Best is trial 0 with value: 0.81752.
[I 2025-05-24 08:20:04,205] Trial 2 finished with value: 0.30182 and parameters: {'compile_train_steps': 500, 'compile_lr': 0.0001, 'compile_batch_size': 256, 'compile_beta_z': 1.0, 'compile_beta_b': 0.01, 'compile_prior_rate': 10, 'hidden_size': 64}. Best is trial 0 with value: 0.81752.
[I 2025-05-24 08:21:29,916] Trial 3 finished with value: 0.28162 and parameters: {'compile_train_steps': 500, 'compile_lr': 0.001, 'compile_batch_size': 64, 'compile_beta_z': 1.0, 'compile_beta_b': 0.5, 'compile_prior_rate': 15, 'hidden_size': 256}. Best is trial 0 with value: 0.81752.
[I 2025-05-24 09:05:10,075] Trial 4 finished with value: 0.5524 and parameters: {'compile_train_steps': 5000, 'compile_lr': 0.0001, 'compile_batch_size': 256, 'compile_beta_z': 0.5, 'compile_beta_b': 1.0, 'compile_prior_rate': 3, 'hidden_size': 256}. Best is trial 0 with value: 0.81752.
[I 2025-05-24 09:12:51,434] Trial 5 finished with value: 0.32618 and parameters: {'compile_train_steps': 3000, 'compile_lr': 0.1, 'compile_batch_size': 64, 'compile_beta_z': 0.5, 'compile_beta_b': 0.1, 'compile_prior_rate': 3, 'hidden_size': 256}. Best is trial 0 with value: 0.81752.
[I 2025-05-24 09:20:20,327] Trial 6 finished with value: 0.29294 and parameters: {'compile_train_steps': 3000, 'compile_lr': 0.0001, 'compile_batch_size': 256, 'compile_beta_z': 1.0, 'compile_beta_b': 0.5, 'compile_prior_rate': 15, 'hidden_size': 64}. Best is trial 0 with value: 0.81752.
[I 2025-05-24 11:11:56,521] Trial 7 finished with value: 0.40092 and parameters: {'compile_train_steps': 5000, 'compile_lr': 0.001, 'compile_batch_size': 256, 'compile_beta_z': 0.01, 'compile_beta_b': 0.01, 'compile_prior_rate': 10, 'hidden_size': 512}. Best is trial 0 with value: 0.81752.
^[[A^[[A^[[A^[[A^[[A^[[A^[[A^[[A^[[A^[[A^[[A[I 2025-05-24 11:22:35,236] Trial 8 finished with value: 0.8572 and parameters: {'compile_train_steps': 5000, 'compile_lr': 0.0001, 'compile_batch_size': 128, 'compile_beta_z': 0.01, 'compile_beta_b': 0.1, 'compile_prior_rate': 3, 'hidden_size': 128}. Best is trial 8 with value: 0.8572.
[I 2025-05-24 11:30:01,582] Trial 9 finished with value: 0.36334 and parameters: {'compile_train_steps': 5000, 'compile_lr': 0.0001, 'compile_batch_size': 128, 'compile_beta_z': 0.5, 'compile_beta_b': 0.01, 'compile_prior_rate': 15, 'hidden_size': 64}. Best is trial 8 with value: 0.8572.
[I 2025-05-24 11:41:05,130] Trial 10 finished with value: 1.0 and parameters: {'compile_train_steps': 5000, 'compile_lr': 0.001, 'compile_batch_size': 128, 'compile_beta_z': 0.01, 'compile_beta_b': 0.1, 'compile_prior_rate': 3, 'hidden_size': 128}. Best is trial 10 with value: 1.0.
[I 2025-05-24 11:51:40,585] Trial 11 finished with value: 0.98644 and parameters: {'compile_train_steps': 5000, 'compile_lr': 0.001, 'compile_batch_size': 128, 'compile_beta_z': 0.01, 'compile_beta_b': 0.1, 'compile_prior_rate': 3, 'hidden_size': 128}. Best is trial 10 with value: 1.0.
[I 2025-05-24 12:01:49,700] Trial 12 finished with value: 0.66838 and parameters: {'compile_train_steps': 5000, 'compile_lr': 0.001, 'compile_batch_size': 128, 'compile_beta_z': 0.01, 'compile_beta_b': 0.1, 'compile_prior_rate': 3, 'hidden_size': 128}. Best is trial 10 with value: 1.0.
[I 2025-05-24 12:11:55,021] Trial 13 finished with value: 0.54598 and parameters: {'compile_train_steps': 5000, 'compile_lr': 0.001, 'compile_batch_size': 128, 'compile_beta_z': 0.01, 'compile_beta_b': 0.1, 'compile_prior_rate': 3, 'hidden_size': 128}. Best is trial 10 with value: 1.0.
[I 2025-05-24 12:22:03,425] Trial 14 finished with value: 0.5068 and parameters: {'compile_train_steps': 5000, 'compile_lr': 0.001, 'compile_batch_size': 128, 'compile_beta_z': 0.01, 'compile_beta_b': 0.1, 'compile_prior_rate': 3, 'hidden_size': 128}. Best is trial 10 with value: 1.0.
[I 2025-05-24 12:28:15,490] Trial 15 finished with value: 0.96128 and parameters: {'compile_train_steps': 3000, 'compile_lr': 0.001, 'compile_batch_size': 128, 'compile_beta_z': 0.1, 'compile_beta_b': 0.1, 'compile_prior_rate': 3, 'hidden_size': 128}. Best is trial 10 with value: 1.0.
[I 2025-05-24 13:22:52,808] Trial 16 finished with value: 0.36856 and parameters: {'compile_train_steps': 5000, 'compile_lr': 0.001, 'compile_batch_size': 128, 'compile_beta_z': 0.01, 'compile_beta_b': 0.1, 'compile_prior_rate': 10, 'hidden_size': 512}. Best is trial 10 with value: 1.0.
[I 2025-05-24 13:33:03,120] Trial 17 finished with value: 0.40336 and parameters: {'compile_train_steps': 5000, 'compile_lr': 0.001, 'compile_batch_size': 128, 'compile_beta_z': 0.01, 'compile_beta_b': 0.1, 'compile_prior_rate': 3, 'hidden_size': 128}. Best is trial 10 with value: 1.0.
[I 2025-05-24 13:34:13,044] Trial 18 finished with value: 0.48478000000000004 and parameters: {'compile_train_steps': 500, 'compile_lr': 0.1, 'compile_batch_size': 128, 'compile_beta_z': 0.01, 'compile_beta_b': 0.5, 'compile_prior_rate': 3, 'hidden_size': 128}. Best is trial 10 with value: 1.0.
[I 2025-05-24 13:40:23,959] Trial 19 finished with value: 0.37616 and parameters: {'compile_train_steps': 3000, 'compile_lr': 0.001, 'compile_batch_size': 128, 'compile_beta_z': 0.1, 'compile_beta_b': 1.0, 'compile_prior_rate': 10, 'hidden_size': 128}. Best is trial 10 with value: 1.0.
[I 2025-05-24 14:35:19,689] Trial 20 finished with value: 0.66878 and parameters: {'compile_train_steps': 5000, 'compile_lr': 0.001, 'compile_batch_size': 128, 'compile_beta_z': 0.01, 'compile_beta_b': 0.1, 'compile_prior_rate': 3, 'hidden_size': 512}. Best is trial 10 with value: 1.0.
[I 2025-05-24 14:41:29,256] Trial 21 finished with value: 0.44122 and parameters: {'compile_train_steps': 3000, 'compile_lr': 0.001, 'compile_batch_size': 128, 'compile_beta_z': 0.1, 'compile_beta_b': 0.1, 'compile_prior_rate': 3, 'hidden_size': 128}. Best is trial 10 with value: 1.0.
[I 2025-05-24 14:47:40,716] Trial 22 finished with value: 1.0 and parameters: {'compile_train_steps': 3000, 'compile_lr': 0.001, 'compile_batch_size': 128, 'compile_beta_z': 0.1, 'compile_beta_b': 0.1, 'compile_prior_rate': 3, 'hidden_size': 128}. Best is trial 10 with value: 1.0.
[I 2025-05-24 14:53:51,149] Trial 23 finished with value: 0.52428 and parameters: {'compile_train_steps': 3000, 'compile_lr': 0.001, 'compile_batch_size': 128, 'compile_beta_z': 0.1, 'compile_beta_b': 0.1, 'compile_prior_rate': 3, 'hidden_size': 128}. Best is trial 10 with value: 1.0.
[I 2025-05-24 15:00:00,914] Trial 24 finished with value: 0.78012 and parameters: {'compile_train_steps': 3000, 'compile_lr': 0.001, 'compile_batch_size': 128, 'compile_beta_z': 0.1, 'compile_beta_b': 0.1, 'compile_prior_rate': 3, 'hidden_size': 128}. Best is trial 10 with value: 1.0.
[I 2025-05-24 15:06:09,142] Trial 25 finished with value: 0.4786 and parameters: {'compile_train_steps': 3000, 'compile_lr': 0.1, 'compile_batch_size': 128, 'compile_beta_z': 0.01, 'compile_beta_b': 0.1, 'compile_prior_rate': 3, 'hidden_size': 128}. Best is trial 10 with value: 1.0.
[I 2025-05-24 15:16:18,557] Trial 26 finished with value: 0.5776000000000001 and parameters: {'compile_train_steps': 5000, 'compile_lr': 0.001, 'compile_batch_size': 128, 'compile_beta_z': 0.1, 'compile_beta_b': 0.1, 'compile_prior_rate': 3, 'hidden_size': 128}. Best is trial 10 with value: 1.0.
[I 2025-05-24 15:17:02,852] Trial 27 finished with value: 0.3224 and parameters: {'compile_train_steps': 500, 'compile_lr': 0.001, 'compile_batch_size': 64, 'compile_beta_z': 1.0, 'compile_beta_b': 1.0, 'compile_prior_rate': 15, 'hidden_size': 128}. Best is trial 10 with value: 1.0.
[I 2025-05-24 15:50:02,534] Trial 28 finished with value: 0.66838 and parameters: {'compile_train_steps': 3000, 'compile_lr': 0.001, 'compile_batch_size': 128, 'compile_beta_z': 0.01, 'compile_beta_b': 0.5, 'compile_prior_rate': 3, 'hidden_size': 512}. Best is trial 10 with value: 1.0.
[I 2025-05-24 16:33:47,327] Trial 29 finished with value: 0.44414 and parameters: {'compile_train_steps': 5000, 'compile_lr': 0.1, 'compile_batch_size': 256, 'compile_beta_z': 0.5, 'compile_beta_b': 0.01, 'compile_prior_rate': 10, 'hidden_size': 256}. Best is trial 10 with value: 1.0.
[I 2025-05-24 16:34:31,041] Trial 30 finished with value: 0.51634 and parameters: {'compile_train_steps': 500, 'compile_lr': 0.001, 'compile_batch_size': 64, 'compile_beta_z': 0.1, 'compile_beta_b': 0.1, 'compile_prior_rate': 3, 'hidden_size': 128}. Best is trial 10 with value: 1.0.
[I 2025-05-24 16:40:41,338] Trial 31 finished with value: 0.43148000000000003 and parameters: {'compile_train_steps': 3000, 'compile_lr': 0.001, 'compile_batch_size': 128, 'compile_beta_z': 0.1, 'compile_beta_b': 0.1, 'compile_prior_rate': 3, 'hidden_size': 128}. Best is trial 10 with value: 1.0.
[I 2025-05-24 16:46:52,340] Trial 32 finished with value: 0.8081 and parameters: {'compile_train_steps': 3000, 'compile_lr': 0.001, 'compile_batch_size': 128, 'compile_beta_z': 0.1, 'compile_beta_b': 0.1, 'compile_prior_rate': 3, 'hidden_size': 128}. Best is trial 10 with value: 1.0.
[I 2025-05-24 16:53:01,931] Trial 33 finished with value: 0.5108400000000001 and parameters: {'compile_train_steps': 3000, 'compile_lr': 0.001, 'compile_batch_size': 128, 'compile_beta_z': 0.1, 'compile_beta_b': 0.1, 'compile_prior_rate': 3, 'hidden_size': 128}. Best is trial 10 with value: 1.0.
[I 2025-05-24 16:57:04,686] Trial 34 finished with value: 1.0 and parameters: {'compile_train_steps': 3000, 'compile_lr': 0.001, 'compile_batch_size': 128, 'compile_beta_z': 0.1, 'compile_beta_b': 0.1, 'compile_prior_rate': 3, 'hidden_size': 64}. Best is trial 10 with value: 1.0.
[I 2025-05-24 16:59:27,929] Trial 35 finished with value: 0.29692 and parameters: {'compile_train_steps': 3000, 'compile_lr': 0.001, 'compile_batch_size': 64, 'compile_beta_z': 1.0, 'compile_beta_b': 1.0, 'compile_prior_rate': 15, 'hidden_size': 64}. Best is trial 10 with value: 1.0.
[I 2025-05-24 17:00:50,818] Trial 36 finished with value: 0.44414 and parameters: {'compile_train_steps': 500, 'compile_lr': 0.1, 'compile_batch_size': 256, 'compile_beta_z': 0.1, 'compile_beta_b': 0.1, 'compile_prior_rate': 3, 'hidden_size': 64}. Best is trial 10 with value: 1.0.
[I 2025-05-24 17:07:26,980] Trial 37 finished with value: 0.40766 and parameters: {'compile_train_steps': 5000, 'compile_lr': 0.0001, 'compile_batch_size': 128, 'compile_beta_z': 0.5, 'compile_beta_b': 0.5, 'compile_prior_rate': 3, 'hidden_size': 64}. Best is trial 10 with value: 1.0.
[I 2025-05-24 17:09:49,724] Trial 38 finished with value: 0.3492 and parameters: {'compile_train_steps': 3000, 'compile_lr': 0.001, 'compile_batch_size': 64, 'compile_beta_z': 1.0, 'compile_beta_b': 0.01, 'compile_prior_rate': 10, 'hidden_size': 64}. Best is trial 10 with value: 1.0.
[I 2025-05-24 17:53:32,024] Trial 39 finished with value: 0.42676000000000003 and parameters: {'compile_train_steps': 5000, 'compile_lr': 0.0001, 'compile_batch_size': 256, 'compile_beta_z': 0.01, 'compile_beta_b': 0.1, 'compile_prior_rate': 15, 'hidden_size': 256}. Best is trial 10 with value: 1.0.
[I 2025-05-24 18:00:09,290] Trial 40 finished with value: 0.72424 and parameters: {'compile_train_steps': 5000, 'compile_lr': 0.001, 'compile_batch_size': 128, 'compile_beta_z': 0.1, 'compile_beta_b': 1.0, 'compile_prior_rate': 3, 'hidden_size': 64}. Best is trial 10 with value: 1.0.
[I 2025-05-24 18:06:20,034] Trial 41 finished with value: 0.66878 and parameters: {'compile_train_steps': 3000, 'compile_lr': 0.001, 'compile_batch_size': 128, 'compile_beta_z': 0.1, 'compile_beta_b': 0.1, 'compile_prior_rate': 3, 'hidden_size': 128}. Best is trial 10 with value: 1.0.
[I 2025-05-24 18:19:38,312] Trial 42 finished with value: 0.66878 and parameters: {'compile_train_steps': 3000, 'compile_lr': 0.001, 'compile_batch_size': 128, 'compile_beta_z': 0.1, 'compile_beta_b': 0.1, 'compile_prior_rate': 3, 'hidden_size': 256}. Best is trial 10 with value: 1.0.
[I 2025-05-24 18:23:40,108] Trial 43 finished with value: 0.9431 and parameters: {'compile_train_steps': 3000, 'compile_lr': 0.001, 'compile_batch_size': 128, 'compile_beta_z': 0.1, 'compile_beta_b': 0.1, 'compile_prior_rate': 3, 'hidden_size': 64}. Best is trial 10 with value: 1.0.
[I 2025-05-24 18:29:51,133] Trial 44 finished with value: 0.94772 and parameters: {'compile_train_steps': 3000, 'compile_lr': 0.001, 'compile_batch_size': 128, 'compile_beta_z': 0.1, 'compile_beta_b': 0.1, 'compile_prior_rate': 3, 'hidden_size': 128}. Best is trial 10 with value: 1.0.
[I 2025-05-24 19:01:39,118] Trial 45 finished with value: 0.66878 and parameters: {'compile_train_steps': 3000, 'compile_lr': 0.001, 'compile_batch_size': 128, 'compile_beta_z': 0.01, 'compile_beta_b': 0.1, 'compile_prior_rate': 3, 'hidden_size': 512}. Best is trial 10 with value: 1.0.
[I 2025-05-24 19:11:49,304] Trial 46 finished with value: 0.9970400000000001 and parameters: {'compile_train_steps': 5000, 'compile_lr': 0.0001, 'compile_batch_size': 128, 'compile_beta_z': 0.5, 'compile_beta_b': 0.01, 'compile_prior_rate': 3, 'hidden_size': 128}. Best is trial 10 with value: 1.0.
[I 2025-05-24 19:24:10,613] Trial 47 finished with value: 0.35278000000000004 and parameters: {'compile_train_steps': 5000, 'compile_lr': 0.0001, 'compile_batch_size': 256, 'compile_beta_z': 0.5, 'compile_beta_b': 0.01, 'compile_prior_rate': 15, 'hidden_size': 64}. Best is trial 10 with value: 1.0.
[I 2025-05-24 19:34:20,846] Trial 48 finished with value: 0.96368 and parameters: {'compile_train_steps': 5000, 'compile_lr': 0.0001, 'compile_batch_size': 128, 'compile_beta_z': 0.5, 'compile_beta_b': 0.01, 'compile_prior_rate': 3, 'hidden_size': 128}. Best is trial 10 with value: 1.0.
[I 2025-05-24 19:44:33,248] Trial 49 finished with value: 1.0 and parameters: {'compile_train_steps': 5000, 'compile_lr': 0.0001, 'compile_batch_size': 128, 'compile_beta_z': 0.5, 'compile_beta_b': 0.01, 'compile_prior_rate': 10, 'hidden_size': 128}. Best is trial 10 with value: 1.0.
[I 2025-05-24 20:07:00,913] Trial 50 finished with value: 1.0 and parameters: {'compile_train_steps': 5000, 'compile_lr': 0.0001, 'compile_batch_size': 128, 'compile_beta_z': 0.5, 'compile_beta_b': 0.01, 'compile_prior_rate': 10, 'hidden_size': 256}. Best is trial 10 with value: 1.0.
[I 2025-05-24 20:29:30,431] Trial 51 finished with value: 0.9981 and parameters: {'compile_train_steps': 5000, 'compile_lr': 0.0001, 'compile_batch_size': 128, 'compile_beta_z': 0.5, 'compile_beta_b': 0.01, 'compile_prior_rate': 10, 'hidden_size': 256}. Best is trial 10 with value: 1.0.
[I 2025-05-24 20:51:57,338] Trial 52 finished with value: 1.0 and parameters: {'compile_train_steps': 5000, 'compile_lr': 0.0001, 'compile_batch_size': 128, 'compile_beta_z': 0.5, 'compile_beta_b': 0.01, 'compile_prior_rate': 10, 'hidden_size': 256}. Best is trial 10 with value: 1.0.
[I 2025-05-24 21:14:23,609] Trial 53 finished with value: 1.0 and parameters: {'compile_train_steps': 5000, 'compile_lr': 0.0001, 'compile_batch_size': 128, 'compile_beta_z': 0.5, 'compile_beta_b': 0.01, 'compile_prior_rate': 10, 'hidden_size': 256}. Best is trial 10 with value: 1.0.
[I 2025-05-24 21:36:51,781] Trial 54 finished with value: 0.40602000000000005 and parameters: {'compile_train_steps': 5000, 'compile_lr': 0.0001, 'compile_batch_size': 128, 'compile_beta_z': 0.5, 'compile_beta_b': 0.01, 'compile_prior_rate': 10, 'hidden_size': 256}. Best is trial 10 with value: 1.0.
[I 2025-05-24 21:59:15,712] Trial 55 finished with value: 1.0 and parameters: {'compile_train_steps': 5000, 'compile_lr': 0.0001, 'compile_batch_size': 128, 'compile_beta_z': 0.5, 'compile_beta_b': 0.01, 'compile_prior_rate': 10, 'hidden_size': 256}. Best is trial 10 with value: 1.0.
[I 2025-05-24 22:21:43,041] Trial 56 finished with value: 0.99724 and parameters: {'compile_train_steps': 5000, 'compile_lr': 0.0001, 'compile_batch_size': 128, 'compile_beta_z': 0.5, 'compile_beta_b': 0.01, 'compile_prior_rate': 10, 'hidden_size': 256}. Best is trial 10 with value: 1.0.
[I 2025-05-24 22:45:27,267] Trial 57 finished with value: 0.8479000000000001 and parameters: {'compile_train_steps': 5000, 'compile_lr': 0.0001, 'compile_batch_size': 128, 'compile_beta_z': 0.5, 'compile_beta_b': 0.01, 'compile_prior_rate': 10, 'hidden_size': 256}. Best is trial 10 with value: 1.0.
[I 2025-05-24 22:58:19,001] Trial 58 finished with value: 0.99724 and parameters: {'compile_train_steps': 5000, 'compile_lr': 0.0001, 'compile_batch_size': 64, 'compile_beta_z': 0.5, 'compile_beta_b': 0.01, 'compile_prior_rate': 10, 'hidden_size': 256}. Best is trial 10 with value: 1.0.
[I 2025-05-24 23:00:48,269] Trial 59 finished with value: 0.48668000000000006 and parameters: {'compile_train_steps': 500, 'compile_lr': 0.0001, 'compile_batch_size': 128, 'compile_beta_z': 0.5, 'compile_beta_b': 0.01, 'compile_prior_rate': 10, 'hidden_size': 256}. Best is trial 10 with value: 1.0.
[I 2025-05-24 23:24:21,597] Trial 60 finished with value: 1.0 and parameters: {'compile_train_steps': 5000, 'compile_lr': 0.0001, 'compile_batch_size': 128, 'compile_beta_z': 0.5, 'compile_beta_b': 0.01, 'compile_prior_rate': 10, 'hidden_size': 256}. Best is trial 10 with value: 1.0.
[I 2025-05-24 23:46:49,668] Trial 61 finished with value: 1.0 and parameters: {'compile_train_steps': 5000, 'compile_lr': 0.0001, 'compile_batch_size': 128, 'compile_beta_z': 0.5, 'compile_beta_b': 0.01, 'compile_prior_rate': 10, 'hidden_size': 256}. Best is trial 10 with value: 1.0.
[I 2025-05-25 00:09:16,086] Trial 62 finished with value: 0.35356000000000004 and parameters: {'compile_train_steps': 5000, 'compile_lr': 0.0001, 'compile_batch_size': 128, 'compile_beta_z': 0.5, 'compile_beta_b': 0.01, 'compile_prior_rate': 10, 'hidden_size': 256}. Best is trial 10 with value: 1.0.
[I 2025-05-25 00:31:04,117] Trial 63 finished with value: 1.0 and parameters: {'compile_train_steps': 5000, 'compile_lr': 0.0001, 'compile_batch_size': 128, 'compile_beta_z': 0.5, 'compile_beta_b': 0.01, 'compile_prior_rate': 10, 'hidden_size': 256}. Best is trial 10 with value: 1.0.
[I 2025-05-25 00:53:26,904] Trial 64 finished with value: 1.0 and parameters: {'compile_train_steps': 5000, 'compile_lr': 0.0001, 'compile_batch_size': 128, 'compile_beta_z': 0.5, 'compile_beta_b': 0.01, 'compile_prior_rate': 10, 'hidden_size': 256}. Best is trial 10 with value: 1.0.
[I 2025-05-25 01:15:55,173] Trial 65 finished with value: 0.9961800000000001 and parameters: {'compile_train_steps': 5000, 'compile_lr': 0.0001, 'compile_batch_size': 128, 'compile_beta_z': 0.5, 'compile_beta_b': 0.01, 'compile_prior_rate': 10, 'hidden_size': 256}. Best is trial 10 with value: 1.0.
[I 2025-05-25 01:38:22,611] Trial 66 finished with value: 1.0 and parameters: {'compile_train_steps': 5000, 'compile_lr': 0.0001, 'compile_batch_size': 128, 'compile_beta_z': 0.5, 'compile_beta_b': 0.01, 'compile_prior_rate': 10, 'hidden_size': 256}. Best is trial 10 with value: 1.0.
[I 2025-05-25 01:39:45,896] Trial 67 finished with value: 0.38646 and parameters: {'compile_train_steps': 500, 'compile_lr': 0.1, 'compile_batch_size': 256, 'compile_beta_z': 0.01, 'compile_beta_b': 0.5, 'compile_prior_rate': 10, 'hidden_size': 64}. Best is trial 10 with value: 1.0.
[I 2025-05-25 02:02:15,208] Trial 68 finished with value: 1.0 and parameters: {'compile_train_steps': 5000, 'compile_lr': 0.0001, 'compile_batch_size': 128, 'compile_beta_z': 0.5, 'compile_beta_b': 0.01, 'compile_prior_rate': 10, 'hidden_size': 256}. Best is trial 10 with value: 1.0.
[I 2025-05-25 02:24:43,750] Trial 69 finished with value: 1.0 and parameters: {'compile_train_steps': 5000, 'compile_lr': 0.0001, 'compile_batch_size': 128, 'compile_beta_z': 0.5, 'compile_beta_b': 0.01, 'compile_prior_rate': 10, 'hidden_size': 256}. Best is trial 10 with value: 1.0.
