[I 2025-05-25 02:47:08,862] Trial 70 finished with value: 0.99724 and parameters: {'compile_train_steps': 5000, 'compile_lr': 0.0001, 'compile_batch_size': 128, 'compile_beta_z': 0.5, 'compile_beta_b': 0.01, 'compile_prior_rate': 10, 'hidden_size': 256}. Best is trial 10 with value: 1.0.
[I 2025-05-25 03:09:27,991] Trial 71 finished with value: 1.0 and parameters: {'compile_train_steps': 5000, 'compile_lr': 0.0001, 'compile_batch_size': 128, 'compile_beta_z': 0.5, 'compile_beta_b': 0.01, 'compile_prior_rate': 10, 'hidden_size': 256}. Best is trial 10 with value: 1.0.
[I 2025-05-25 04:04:26,484] Trial 72 finished with value: 0.35318 and parameters: {'compile_train_steps': 5000, 'compile_lr': 0.0001, 'compile_batch_size': 128, 'compile_beta_z': 1.0, 'compile_beta_b': 0.01, 'compile_prior_rate': 10, 'hidden_size': 512}. Best is trial 10 with value: 1.0.
[I 2025-05-25 04:26:53,824] Trial 73 finished with value: 1.0 and parameters: {'compile_train_steps': 5000, 'compile_lr': 0.0001, 'compile_batch_size': 128, 'compile_beta_z': 0.5, 'compile_beta_b': 0.01, 'compile_prior_rate': 10, 'hidden_size': 256}. Best is trial 10 with value: 1.0.
[I 2025-05-25 04:49:22,261] Trial 74 finished with value: 0.47242 and parameters: {'compile_train_steps': 5000, 'compile_lr': 0.0001, 'compile_batch_size': 128, 'compile_beta_z': 0.5, 'compile_beta_b': 0.01, 'compile_prior_rate': 10, 'hidden_size': 256}. Best is trial 10 with value: 1.0.
[I 2025-05-25 05:01:31,572] Trial 75 finished with value: 0.99724 and parameters: {'compile_train_steps': 5000, 'compile_lr': 0.0001, 'compile_batch_size': 64, 'compile_beta_z': 0.5, 'compile_beta_b': 0.01, 'compile_prior_rate': 10, 'hidden_size': 256}. Best is trial 10 with value: 1.0.
[I 2025-05-25 05:15:00,619] Trial 76 finished with value: 0.38544000000000006 and parameters: {'compile_train_steps': 3000, 'compile_lr': 0.1, 'compile_batch_size': 128, 'compile_beta_z': 0.01, 'compile_beta_b': 1.0, 'compile_prior_rate': 15, 'hidden_size': 256}. Best is trial 10 with value: 1.0.
[I 2025-05-25 06:09:31,681] Trial 77 finished with value: 0.34878000000000003 and parameters: {'compile_train_steps': 5000, 'compile_lr': 0.0001, 'compile_batch_size': 128, 'compile_beta_z': 0.5, 'compile_beta_b': 0.5, 'compile_prior_rate': 10, 'hidden_size': 512}. Best is trial 10 with value: 1.0.
[I 2025-05-25 06:31:48,049] Trial 78 finished with value: 0.99724 and parameters: {'compile_train_steps': 5000, 'compile_lr': 0.0001, 'compile_batch_size': 128, 'compile_beta_z': 0.5, 'compile_beta_b': 0.01, 'compile_prior_rate': 10, 'hidden_size': 256}. Best is trial 10 with value: 1.0.
[I 2025-05-25 06:39:17,827] Trial 79 finished with value: 0.3151 and parameters: {'compile_train_steps': 3000, 'compile_lr': 0.001, 'compile_batch_size': 256, 'compile_beta_z': 1.0, 'compile_beta_b': 0.1, 'compile_prior_rate': 15, 'hidden_size': 64}. Best is trial 10 with value: 1.0.
[I 2025-05-25 06:40:27,892] Trial 80 finished with value: 0.66878 and parameters: {'compile_train_steps': 500, 'compile_lr': 0.001, 'compile_batch_size': 128, 'compile_beta_z': 0.1, 'compile_beta_b': 0.1, 'compile_prior_rate': 3, 'hidden_size': 128}. Best is trial 10 with value: 1.0.
[I 2025-05-25 07:02:57,716] Trial 81 finished with value: 1.0 and parameters: {'compile_train_steps': 5000, 'compile_lr': 0.0001, 'compile_batch_size': 128, 'compile_beta_z': 0.5, 'compile_beta_b': 0.01, 'compile_prior_rate': 10, 'hidden_size': 256}. Best is trial 10 with value: 1.0.
[I 2025-05-25 07:25:25,858] Trial 82 finished with value: 0.45146000000000003 and parameters: {'compile_train_steps': 5000, 'compile_lr': 0.0001, 'compile_batch_size': 128, 'compile_beta_z': 0.5, 'compile_beta_b': 0.01, 'compile_prior_rate': 10, 'hidden_size': 256}. Best is trial 10 with value: 1.0.
[I 2025-05-25 07:47:51,798] Trial 83 finished with value: 1.0 and parameters: {'compile_train_steps': 5000, 'compile_lr': 0.0001, 'compile_batch_size': 128, 'compile_beta_z': 0.5, 'compile_beta_b': 0.01, 'compile_prior_rate': 10, 'hidden_size': 256}. Best is trial 10 with value: 1.0.
[I 2025-05-25 08:10:08,480] Trial 84 finished with value: 1.0 and parameters: {'compile_train_steps': 5000, 'compile_lr': 0.0001, 'compile_batch_size': 128, 'compile_beta_z': 0.5, 'compile_beta_b': 0.01, 'compile_prior_rate': 10, 'hidden_size': 256}. Best is trial 10 with value: 1.0.
[I 2025-05-25 08:32:36,880] Trial 85 finished with value: 1.0 and parameters: {'compile_train_steps': 5000, 'compile_lr': 0.0001, 'compile_batch_size': 128, 'compile_beta_z': 0.5, 'compile_beta_b': 0.01, 'compile_prior_rate': 10, 'hidden_size': 256}. Best is trial 10 with value: 1.0.
[I 2025-05-25 08:55:03,725] Trial 86 finished with value: 1.0 and parameters: {'compile_train_steps': 5000, 'compile_lr': 0.0001, 'compile_batch_size': 128, 'compile_beta_z': 0.5, 'compile_beta_b': 0.01, 'compile_prior_rate': 10, 'hidden_size': 256}. Best is trial 10 with value: 1.0.
[I 2025-05-25 09:17:32,814] Trial 87 finished with value: 0.99724 and parameters: {'compile_train_steps': 5000, 'compile_lr': 0.0001, 'compile_batch_size': 128, 'compile_beta_z': 0.5, 'compile_beta_b': 0.01, 'compile_prior_rate': 10, 'hidden_size': 256}. Best is trial 10 with value: 1.0.
[I 2025-05-25 09:30:16,603] Trial 88 finished with value: 1.0 and parameters: {'compile_train_steps': 5000, 'compile_lr': 0.0001, 'compile_batch_size': 64, 'compile_beta_z': 0.5, 'compile_beta_b': 0.01, 'compile_prior_rate': 10, 'hidden_size': 256}. Best is trial 10 with value: 1.0.
[I 2025-05-25 09:42:55,822] Trial 89 finished with value: 0.33608000000000005 and parameters: {'compile_train_steps': 5000, 'compile_lr': 0.0001, 'compile_batch_size': 64, 'compile_beta_z': 0.5, 'compile_beta_b': 1.0, 'compile_prior_rate': 10, 'hidden_size': 256}. Best is trial 10 with value: 1.0.
[I 2025-05-25 10:05:23,233] Trial 90 finished with value: 1.0 and parameters: {'compile_train_steps': 5000, 'compile_lr': 0.0001, 'compile_batch_size': 128, 'compile_beta_z': 0.5, 'compile_beta_b': 0.01, 'compile_prior_rate': 10, 'hidden_size': 256}. Best is trial 10 with value: 1.0.
[I 2025-05-25 10:27:52,827] Trial 91 finished with value: 1.0 and parameters: {'compile_train_steps': 5000, 'compile_lr': 0.0001, 'compile_batch_size': 128, 'compile_beta_z': 0.5, 'compile_beta_b': 0.01, 'compile_prior_rate': 10, 'hidden_size': 256}. Best is trial 10 with value: 1.0.
[I 2025-05-25 10:31:52,517] Trial 92 finished with value: 0.3719 and parameters: {'compile_train_steps': 3000, 'compile_lr': 0.1, 'compile_batch_size': 128, 'compile_beta_z': 0.1, 'compile_beta_b': 0.01, 'compile_prior_rate': 10, 'hidden_size': 64}. Best is trial 10 with value: 1.0.
[I 2025-05-25 10:45:24,068] Trial 93 finished with value: 0.3725200000000001 and parameters: {'compile_train_steps': 3000, 'compile_lr': 0.0001, 'compile_batch_size': 128, 'compile_beta_z': 0.1, 'compile_beta_b': 0.5, 'compile_prior_rate': 10, 'hidden_size': 256}. Best is trial 10 with value: 1.0.
[I 2025-05-25 11:07:53,046] Trial 94 finished with value: 1.0 and parameters: {'compile_train_steps': 5000, 'compile_lr': 0.0001, 'compile_batch_size': 128, 'compile_beta_z': 0.5, 'compile_beta_b': 0.01, 'compile_prior_rate': 10, 'hidden_size': 256}. Best is trial 10 with value: 1.0.
[I 2025-05-25 11:30:21,010] Trial 95 finished with value: 1.0 and parameters: {'compile_train_steps': 5000, 'compile_lr': 0.0001, 'compile_batch_size': 128, 'compile_beta_z': 0.5, 'compile_beta_b': 0.01, 'compile_prior_rate': 10, 'hidden_size': 256}. Best is trial 10 with value: 1.0.
[I 2025-05-25 11:52:09,045] Trial 96 finished with value: 0.37006 and parameters: {'compile_train_steps': 5000, 'compile_lr': 0.0001, 'compile_batch_size': 128, 'compile_beta_z': 0.5, 'compile_beta_b': 0.01, 'compile_prior_rate': 10, 'hidden_size': 256}. Best is trial 10 with value: 1.0.
[I 2025-05-25 12:14:37,993] Trial 97 finished with value: 0.6717000000000001 and parameters: {'compile_train_steps': 5000, 'compile_lr': 0.0001, 'compile_batch_size': 128, 'compile_beta_z': 0.5, 'compile_beta_b': 0.01, 'compile_prior_rate': 10, 'hidden_size': 256}. Best is trial 10 with value: 1.0.
[I 2025-05-25 12:18:40,201] Trial 98 finished with value: 0.34932 and parameters: {'compile_train_steps': 3000, 'compile_lr': 0.0001, 'compile_batch_size': 128, 'compile_beta_z': 0.1, 'compile_beta_b': 1.0, 'compile_prior_rate': 10, 'hidden_size': 64}. Best is trial 10 with value: 1.0.
[I 2025-05-25 13:02:52,225] Trial 99 finished with value: 1.0 and parameters: {'compile_train_steps': 5000, 'compile_lr': 0.0001, 'compile_batch_size': 256, 'compile_beta_z': 0.5, 'compile_beta_b': 0.01, 'compile_prior_rate': 10, 'hidden_size': 256}. Best is trial 10 with value: 1.0.
[I 2025-05-25 13:36:17,347] Trial 100 finished with value: 0.72302 and parameters: {'compile_train_steps': 5000, 'compile_lr': 0.0001, 'compile_batch_size': 128, 'compile_beta_z': 0.5, 'compile_beta_b': 0.01, 'compile_prior_rate': 10, 'hidden_size': 256}. Best is trial 10 with value: 1.0.
[I 2025-05-25 14:19:59,419] Trial 101 finished with value: 1.0 and parameters: {'compile_train_steps': 5000, 'compile_lr': 0.0001, 'compile_batch_size': 256, 'compile_beta_z': 0.5, 'compile_beta_b': 0.01, 'compile_prior_rate': 10, 'hidden_size': 256}. Best is trial 10 with value: 1.0.
[I 2025-05-25 14:42:26,074] Trial 102 finished with value: 0.4006 and parameters: {'compile_train_steps': 5000, 'compile_lr': 0.0001, 'compile_batch_size': 128, 'compile_beta_z': 0.5, 'compile_beta_b': 0.01, 'compile_prior_rate': 10, 'hidden_size': 256}. Best is trial 10 with value: 1.0.
[I 2025-05-25 15:04:44,034] Trial 103 finished with value: 0.35278 and parameters: {'compile_train_steps': 5000, 'compile_lr': 0.0001, 'compile_batch_size': 128, 'compile_beta_z': 1.0, 'compile_beta_b': 0.01, 'compile_prior_rate': 10, 'hidden_size': 256}. Best is trial 10 with value: 1.0.
[I 2025-05-25 15:10:24,124] Trial 104 finished with value: 0.30896 and parameters: {'compile_train_steps': 500, 'compile_lr': 0.0001, 'compile_batch_size': 128, 'compile_beta_z': 0.5, 'compile_beta_b': 0.01, 'compile_prior_rate': 15, 'hidden_size': 512}. Best is trial 10 with value: 1.0.
[I 2025-05-25 15:32:51,043] Trial 105 finished with value: 1.0 and parameters: {'compile_train_steps': 5000, 'compile_lr': 0.0001, 'compile_batch_size': 128, 'compile_beta_z': 0.5, 'compile_beta_b': 0.01, 'compile_prior_rate': 10, 'hidden_size': 256}. Best is trial 10 with value: 1.0.
[I 2025-05-25 15:55:17,086] Trial 106 finished with value: 1.0 and parameters: {'compile_train_steps': 5000, 'compile_lr': 0.0001, 'compile_batch_size': 128, 'compile_beta_z': 0.5, 'compile_beta_b': 0.01, 'compile_prior_rate': 10, 'hidden_size': 256}. Best is trial 10 with value: 1.0.
[I 2025-05-25 16:17:45,025] Trial 107 finished with value: 0.99724 and parameters: {'compile_train_steps': 5000, 'compile_lr': 0.0001, 'compile_batch_size': 128, 'compile_beta_z': 0.5, 'compile_beta_b': 0.01, 'compile_prior_rate': 10, 'hidden_size': 256}. Best is trial 10 with value: 1.0.
[I 2025-05-25 16:40:13,224] Trial 108 finished with value: 1.0 and parameters: {'compile_train_steps': 5000, 'compile_lr': 0.0001, 'compile_batch_size': 128, 'compile_beta_z': 0.5, 'compile_beta_b': 0.01, 'compile_prior_rate': 10, 'hidden_size': 256}. Best is trial 10 with value: 1.0.
[I 2025-05-25 16:50:21,444] Trial 109 finished with value: 0.38028 and parameters: {'compile_train_steps': 5000, 'compile_lr': 0.1, 'compile_batch_size': 128, 'compile_beta_z': 0.5, 'compile_beta_b': 0.01, 'compile_prior_rate': 10, 'hidden_size': 128}. Best is trial 10 with value: 1.0.
[I 2025-05-25 17:03:04,691] Trial 110 finished with value: 0.45002000000000003 and parameters: {'compile_train_steps': 5000, 'compile_lr': 0.0001, 'compile_batch_size': 64, 'compile_beta_z': 0.5, 'compile_beta_b': 0.01, 'compile_prior_rate': 10, 'hidden_size': 256}. Best is trial 10 with value: 1.0.
[I 2025-05-25 17:13:15,200] Trial 111 finished with value: 1.0 and parameters: {'compile_train_steps': 5000, 'compile_lr': 0.0001, 'compile_batch_size': 128, 'compile_beta_z': 0.5, 'compile_beta_b': 0.01, 'compile_prior_rate': 10, 'hidden_size': 128}. Best is trial 10 with value: 1.0.
[I 2025-05-25 17:35:42,463] Trial 112 finished with value: 0.99724 and parameters: {'compile_train_steps': 5000, 'compile_lr': 0.0001, 'compile_batch_size': 128, 'compile_beta_z': 0.5, 'compile_beta_b': 0.01, 'compile_prior_rate': 10, 'hidden_size': 256}. Best is trial 10 with value: 1.0.
[I 2025-05-25 17:45:54,806] Trial 113 finished with value: 1.0 and parameters: {'compile_train_steps': 5000, 'compile_lr': 0.0001, 'compile_batch_size': 128, 'compile_beta_z': 0.5, 'compile_beta_b': 0.01, 'compile_prior_rate': 10, 'hidden_size': 128}. Best is trial 10 with value: 1.0.
[I 2025-05-25 18:08:19,689] Trial 114 finished with value: 1.0 and parameters: {'compile_train_steps': 5000, 'compile_lr': 0.0001, 'compile_batch_size': 128, 'compile_beta_z': 0.5, 'compile_beta_b': 0.01, 'compile_prior_rate': 10, 'hidden_size': 256}. Best is trial 10 with value: 1.0.
[I 2025-05-25 18:30:47,985] Trial 115 finished with value: 0.39268000000000003 and parameters: {'compile_train_steps': 5000, 'compile_lr': 0.0001, 'compile_batch_size': 128, 'compile_beta_z': 0.5, 'compile_beta_b': 0.01, 'compile_prior_rate': 10, 'hidden_size': 256}. Best is trial 10 with value: 1.0.
[I 2025-05-25 18:53:15,397] Trial 116 finished with value: 1.0 and parameters: {'compile_train_steps': 5000, 'compile_lr': 0.0001, 'compile_batch_size': 128, 'compile_beta_z': 0.5, 'compile_beta_b': 0.01, 'compile_prior_rate': 10, 'hidden_size': 256}. Best is trial 10 with value: 1.0.
[I 2025-05-25 18:55:39,350] Trial 117 finished with value: 0.46990000000000004 and parameters: {'compile_train_steps': 500, 'compile_lr': 0.001, 'compile_batch_size': 128, 'compile_beta_z': 0.1, 'compile_beta_b': 0.1, 'compile_prior_rate': 3, 'hidden_size': 256}. Best is trial 10 with value: 1.0.
[I 2025-05-25 18:59:42,204] Trial 118 finished with value: 0.9747200000000001 and parameters: {'compile_train_steps': 3000, 'compile_lr': 0.001, 'compile_batch_size': 128, 'compile_beta_z': 0.1, 'compile_beta_b': 0.1, 'compile_prior_rate': 3, 'hidden_size': 64}. Best is trial 10 with value: 1.0.
[I 2025-05-25 19:21:52,681] Trial 119 finished with value: 0.34258 and parameters: {'compile_train_steps': 5000, 'compile_lr': 0.0001, 'compile_batch_size': 128, 'compile_beta_z': 0.5, 'compile_beta_b': 0.5, 'compile_prior_rate': 10, 'hidden_size': 256}. Best is trial 10 with value: 1.0.
[I 2025-05-25 19:33:20,655] Trial 120 finished with value: 0.40032 and parameters: {'compile_train_steps': 3000, 'compile_lr': 0.001, 'compile_batch_size': 256, 'compile_beta_z': 1.0, 'compile_beta_b': 0.1, 'compile_prior_rate': 3, 'hidden_size': 128}. Best is trial 10 with value: 1.0.
[I 2025-05-25 19:55:49,946] Trial 121 finished with value: 1.0 and parameters: {'compile_train_steps': 5000, 'compile_lr': 0.0001, 'compile_batch_size': 128, 'compile_beta_z': 0.5, 'compile_beta_b': 0.01, 'compile_prior_rate': 10, 'hidden_size': 256}. Best is trial 10 with value: 1.0.
[I 2025-05-25 20:18:12,186] Trial 122 finished with value: 1.0 and parameters: {'compile_train_steps': 5000, 'compile_lr': 0.0001, 'compile_batch_size': 128, 'compile_beta_z': 0.5, 'compile_beta_b': 0.01, 'compile_prior_rate': 10, 'hidden_size': 256}. Best is trial 10 with value: 1.0.
[I 2025-05-25 20:40:33,576] Trial 123 finished with value: 0.49898000000000003 and parameters: {'compile_train_steps': 5000, 'compile_lr': 0.0001, 'compile_batch_size': 128, 'compile_beta_z': 0.5, 'compile_beta_b': 0.01, 'compile_prior_rate': 10, 'hidden_size': 256}. Best is trial 10 with value: 1.0.
[I 2025-05-25 21:03:01,750] Trial 124 finished with value: 1.0 and parameters: {'compile_train_steps': 5000, 'compile_lr': 0.0001, 'compile_batch_size': 128, 'compile_beta_z': 0.5, 'compile_beta_b': 0.01, 'compile_prior_rate': 10, 'hidden_size': 256}. Best is trial 10 with value: 1.0.
[I 2025-05-25 21:25:31,276] Trial 125 finished with value: 0.51632 and parameters: {'compile_train_steps': 5000, 'compile_lr': 0.0001, 'compile_batch_size': 128, 'compile_beta_z': 0.5, 'compile_beta_b': 0.01, 'compile_prior_rate': 10, 'hidden_size': 256}. Best is trial 10 with value: 1.0.
[I 2025-05-25 21:29:05,834] Trial 126 finished with value: 0.8075000000000001 and parameters: {'compile_train_steps': 3000, 'compile_lr': 0.0001, 'compile_batch_size': 64, 'compile_beta_z': 0.1, 'compile_beta_b': 0.01, 'compile_prior_rate': 15, 'hidden_size': 128}. Best is trial 10 with value: 1.0.
[I 2025-05-25 21:41:48,938] Trial 127 finished with value: 0.6714800000000001 and parameters: {'compile_train_steps': 5000, 'compile_lr': 0.0001, 'compile_batch_size': 64, 'compile_beta_z': 0.5, 'compile_beta_b': 0.01, 'compile_prior_rate': 10, 'hidden_size': 256}. Best is trial 10 with value: 1.0.
[I 2025-05-25 21:54:30,613] Trial 128 finished with value: 0.52528 and parameters: {'compile_train_steps': 5000, 'compile_lr': 0.0001, 'compile_batch_size': 64, 'compile_beta_z': 0.5, 'compile_beta_b': 0.01, 'compile_prior_rate': 10, 'hidden_size': 256}. Best is trial 10 with value: 1.0.
[I 2025-05-25 22:07:07,805] Trial 129 finished with value: 0.5854600000000001 and parameters: {'compile_train_steps': 5000, 'compile_lr': 0.0001, 'compile_batch_size': 64, 'compile_beta_z': 0.5, 'compile_beta_b': 0.01, 'compile_prior_rate': 10, 'hidden_size': 256}. Best is trial 10 with value: 1.0.
[I 2025-05-25 22:19:52,336] Trial 130 finished with value: 0.35350000000000004 and parameters: {'compile_train_steps': 5000, 'compile_lr': 0.0001, 'compile_batch_size': 64, 'compile_beta_z': 0.5, 'compile_beta_b': 1.0, 'compile_prior_rate': 10, 'hidden_size': 256}. Best is trial 10 with value: 1.0.
[I 2025-05-25 22:42:19,184] Trial 131 finished with value: 1.0 and parameters: {'compile_train_steps': 5000, 'compile_lr': 0.0001, 'compile_batch_size': 128, 'compile_beta_z': 0.5, 'compile_beta_b': 0.01, 'compile_prior_rate': 10, 'hidden_size': 256}. Best is trial 10 with value: 1.0.
[I 2025-05-25 23:04:29,796] Trial 132 finished with value: 0.54244 and parameters: {'compile_train_steps': 5000, 'compile_lr': 0.0001, 'compile_batch_size': 128, 'compile_beta_z': 0.5, 'compile_beta_b': 0.01, 'compile_prior_rate': 10, 'hidden_size': 256}. Best is trial 10 with value: 1.0.
[I 2025-05-25 23:26:13,809] Trial 133 finished with value: 0.53936 and parameters: {'compile_train_steps': 5000, 'compile_lr': 0.0001, 'compile_batch_size': 128, 'compile_beta_z': 0.5, 'compile_beta_b': 0.01, 'compile_prior_rate': 10, 'hidden_size': 256}. Best is trial 10 with value: 1.0.
[I 2025-05-25 23:48:40,836] Trial 134 finished with value: 1.0 and parameters: {'compile_train_steps': 5000, 'compile_lr': 0.0001, 'compile_batch_size': 128, 'compile_beta_z': 0.5, 'compile_beta_b': 0.01, 'compile_prior_rate': 10, 'hidden_size': 256}. Best is trial 10 with value: 1.0.
[I 2025-05-26 00:11:10,503] Trial 135 finished with value: 1.0 and parameters: {'compile_train_steps': 5000, 'compile_lr': 0.0001, 'compile_batch_size': 128, 'compile_beta_z': 0.5, 'compile_beta_b': 0.01, 'compile_prior_rate': 10, 'hidden_size': 256}. Best is trial 10 with value: 1.0.
[I 2025-05-26 00:32:44,960] Trial 136 finished with value: 0.99724 and parameters: {'compile_train_steps': 5000, 'compile_lr': 0.0001, 'compile_batch_size': 128, 'compile_beta_z': 0.5, 'compile_beta_b': 0.01, 'compile_prior_rate': 10, 'hidden_size': 256}. Best is trial 10 with value: 1.0.
[I 2025-05-26 01:26:15,866] Trial 137 finished with value: 0.39966 and parameters: {'compile_train_steps': 5000, 'compile_lr': 0.1, 'compile_batch_size': 128, 'compile_beta_z': 0.5, 'compile_beta_b': 0.01, 'compile_prior_rate': 10, 'hidden_size': 512}. Best is trial 10 with value: 1.0.
[I 2025-05-26 01:32:52,391] Trial 138 finished with value: 0.9963600000000001 and parameters: {'compile_train_steps': 5000, 'compile_lr': 0.0001, 'compile_batch_size': 128, 'compile_beta_z': 0.5, 'compile_beta_b': 0.01, 'compile_prior_rate': 10, 'hidden_size': 64}. Best is trial 10 with value: 1.0.
[I 2025-05-26 01:55:16,615] Trial 139 finished with value: 0.99766 and parameters: {'compile_train_steps': 5000, 'compile_lr': 0.0001, 'compile_batch_size': 128, 'compile_beta_z': 0.5, 'compile_beta_b': 0.01, 'compile_prior_rate': 10, 'hidden_size': 256}. Best is trial 10 with value: 1.0.
[I 2025-05-26 02:17:44,401] Trial 140 finished with value: 1.0 and parameters: {'compile_train_steps': 5000, 'compile_lr': 0.0001, 'compile_batch_size': 128, 'compile_beta_z': 0.5, 'compile_beta_b': 0.01, 'compile_prior_rate': 10, 'hidden_size': 256}. Best is trial 10 with value: 1.0.
[I 2025-05-26 02:40:13,136] Trial 141 finished with value: 0.45818000000000003 and parameters: {'compile_train_steps': 5000, 'compile_lr': 0.0001, 'compile_batch_size': 128, 'compile_beta_z': 0.5, 'compile_beta_b': 0.01, 'compile_prior_rate': 10, 'hidden_size': 256}. Best is trial 10 with value: 1.0.
[I 2025-05-26 03:23:58,168] Trial 142 finished with value: 1.0 and parameters: {'compile_train_steps': 5000, 'compile_lr': 0.0001, 'compile_batch_size': 256, 'compile_beta_z': 0.5, 'compile_beta_b': 0.01, 'compile_prior_rate': 10, 'hidden_size': 256}. Best is trial 10 with value: 1.0.
[I 2025-05-26 03:46:26,914] Trial 143 finished with value: 0.99724 and parameters: {'compile_train_steps': 5000, 'compile_lr': 0.0001, 'compile_batch_size': 128, 'compile_beta_z': 0.5, 'compile_beta_b': 0.01, 'compile_prior_rate': 10, 'hidden_size': 256}. Best is trial 10 with value: 1.0.
[I 2025-05-26 04:28:10,330] Trial 144 finished with value: 0.7944800000000001 and parameters: {'compile_train_steps': 5000, 'compile_lr': 0.0001, 'compile_batch_size': 256, 'compile_beta_z': 0.5, 'compile_beta_b': 0.01, 'compile_prior_rate': 10, 'hidden_size': 256}. Best is trial 10 with value: 1.0.
