[I 2025-05-26 05:11:52,813] Trial 145 finished with value: 1.0 and parameters: {'compile_train_steps': 5000, 'compile_lr': 0.0001, 'compile_batch_size': 256, 'compile_beta_z': 0.5, 'compile_beta_b': 0.01, 'compile_prior_rate': 10, 'hidden_size': 256}. Best is trial 10 with value: 1.0.
[I 2025-05-26 05:24:14,005] Trial 146 finished with value: 0.35080000000000006 and parameters: {'compile_train_steps': 5000, 'compile_lr': 0.0001, 'compile_batch_size': 256, 'compile_beta_z': 0.5, 'compile_beta_b': 0.5, 'compile_prior_rate': 10, 'hidden_size': 64}. Best is trial 10 with value: 1.0.
[I 2025-05-26 06:07:58,380] Trial 147 finished with value: 0.72368 and parameters: {'compile_train_steps': 5000, 'compile_lr': 0.0001, 'compile_batch_size': 256, 'compile_beta_z': 0.5, 'compile_beta_b': 0.01, 'compile_prior_rate': 10, 'hidden_size': 256}. Best is trial 10 with value: 1.0.
[I 2025-05-26 06:51:43,720] Trial 148 finished with value: 0.8780600000000001 and parameters: {'compile_train_steps': 5000, 'compile_lr': 0.0001, 'compile_batch_size': 256, 'compile_beta_z': 0.01, 'compile_beta_b': 0.01, 'compile_prior_rate': 10, 'hidden_size': 256}. Best is trial 10 with value: 1.0.
[I 2025-05-26 07:35:27,625] Trial 149 finished with value: 0.47450000000000003 and parameters: {'compile_train_steps': 5000, 'compile_lr': 0.0001, 'compile_batch_size': 256, 'compile_beta_z': 0.5, 'compile_beta_b': 0.01, 'compile_prior_rate': 10, 'hidden_size': 256}. Best is trial 10 with value: 1.0.
Study for task wsws_static_symbolic_big completed.
Running study for task: wsws_static_pixels
No study file found. Starting a new study.
[I 2025-05-26 07:35:28,589] A new study created in memory with name: no-name-8c0b5510-73b9-4d2c-8495-1ef635183c9d
Task: wsws_static_pixels
State size: 300
Action size: 17
Max segments: 4
Skills: 2
[I 2025-05-26 07:37:47,729] Trial 0 finished with value: 0.47478000000000004 and parameters: {'compile_train_steps': 3000, 'compile_lr': 0.1, 'compile_batch_size': 64, 'compile_beta_z': 1.0, 'compile_beta_b': 0.01, 'compile_prior_rate': 3, 'hidden_size': 128}. Best is trial 0 with value: 0.47478000000000004.
[I 2025-05-26 07:41:22,876] Trial 1 finished with value: 0.35530000000000006 and parameters: {'compile_train_steps': 500, 'compile_lr': 0.001, 'compile_batch_size': 256, 'compile_beta_z': 1.0, 'compile_beta_b': 0.1, 'compile_prior_rate': 10, 'hidden_size': 512}. Best is trial 0 with value: 0.47478000000000004.
[I 2025-05-26 07:45:15,385] Trial 2 finished with value: 0.38304000000000005 and parameters: {'compile_train_steps': 5000, 'compile_lr': 0.1, 'compile_batch_size': 64, 'compile_beta_z': 0.01, 'compile_beta_b': 0.5, 'compile_prior_rate': 15, 'hidden_size': 128}. Best is trial 0 with value: 0.47478000000000004.
[I 2025-05-26 08:20:19,515] Trial 3 finished with value: 0.42464 and parameters: {'compile_train_steps': 5000, 'compile_lr': 0.001, 'compile_batch_size': 128, 'compile_beta_z': 0.1, 'compile_beta_b': 1.0, 'compile_prior_rate': 3, 'hidden_size': 512}. Best is trial 0 with value: 0.47478000000000004.
[I 2025-05-26 08:29:09,214] Trial 4 finished with value: 0.32224 and parameters: {'compile_train_steps': 3000, 'compile_lr': 0.0001, 'compile_batch_size': 256, 'compile_beta_z': 0.5, 'compile_beta_b': 1.0, 'compile_prior_rate': 15, 'hidden_size': 256}. Best is trial 0 with value: 0.47478000000000004.
[I 2025-05-26 08:35:56,285] Trial 5 finished with value: 0.38311999999999996 and parameters: {'compile_train_steps': 5000, 'compile_lr': 0.0001, 'compile_batch_size': 128, 'compile_beta_z': 0.1, 'compile_beta_b': 0.1, 'compile_prior_rate': 10, 'hidden_size': 128}. Best is trial 0 with value: 0.47478000000000004.
[I 2025-05-26 08:36:40,714] Trial 6 finished with value: 0.53532 and parameters: {'compile_train_steps': 500, 'compile_lr': 0.0001, 'compile_batch_size': 256, 'compile_beta_z': 0.01, 'compile_beta_b': 0.01, 'compile_prior_rate': 3, 'hidden_size': 128}. Best is trial 6 with value: 0.53532.
[I 2025-05-26 08:37:25,243] Trial 7 finished with value: 0.48276 and parameters: {'compile_train_steps': 500, 'compile_lr': 0.0001, 'compile_batch_size': 128, 'compile_beta_z': 0.1, 'compile_beta_b': 1.0, 'compile_prior_rate': 3, 'hidden_size': 128}. Best is trial 6 with value: 0.53532.
[I 2025-05-26 08:38:56,877] Trial 8 finished with value: 0.34134000000000003 and parameters: {'compile_train_steps': 500, 'compile_lr': 0.001, 'compile_batch_size': 128, 'compile_beta_z': 1.0, 'compile_beta_b': 0.01, 'compile_prior_rate': 10, 'hidden_size': 256}. Best is trial 6 with value: 0.53532.
[I 2025-05-26 08:43:03,388] Trial 9 finished with value: 0.39492000000000005 and parameters: {'compile_train_steps': 3000, 'compile_lr': 0.0001, 'compile_batch_size': 128, 'compile_beta_z': 0.01, 'compile_beta_b': 0.1, 'compile_prior_rate': 15, 'hidden_size': 128}. Best is trial 6 with value: 0.53532.
[I 2025-05-26 08:43:33,152] Trial 10 finished with value: 0.48524 and parameters: {'compile_train_steps': 500, 'compile_lr': 0.0001, 'compile_batch_size': 256, 'compile_beta_z': 0.01, 'compile_beta_b': 0.01, 'compile_prior_rate': 3, 'hidden_size': 64}. Best is trial 6 with value: 0.53532.
[I 2025-05-26 08:44:02,856] Trial 11 finished with value: 0.50162 and parameters: {'compile_train_steps': 500, 'compile_lr': 0.0001, 'compile_batch_size': 256, 'compile_beta_z': 0.01, 'compile_beta_b': 0.01, 'compile_prior_rate': 3, 'hidden_size': 64}. Best is trial 6 with value: 0.53532.
[I 2025-05-26 08:44:32,559] Trial 12 finished with value: 0.5108400000000001 and parameters: {'compile_train_steps': 500, 'compile_lr': 0.0001, 'compile_batch_size': 256, 'compile_beta_z': 0.01, 'compile_beta_b': 0.01, 'compile_prior_rate': 3, 'hidden_size': 64}. Best is trial 6 with value: 0.53532.
[I 2025-05-26 08:45:02,317] Trial 13 finished with value: 0.5482800000000001 and parameters: {'compile_train_steps': 500, 'compile_lr': 0.0001, 'compile_batch_size': 256, 'compile_beta_z': 0.01, 'compile_beta_b': 0.01, 'compile_prior_rate': 3, 'hidden_size': 64}. Best is trial 13 with value: 0.5482800000000001.
[I 2025-05-26 08:45:31,980] Trial 14 finished with value: 0.5032200000000001 and parameters: {'compile_train_steps': 500, 'compile_lr': 0.0001, 'compile_batch_size': 256, 'compile_beta_z': 0.5, 'compile_beta_b': 0.5, 'compile_prior_rate': 3, 'hidden_size': 64}. Best is trial 13 with value: 0.5482800000000001.
[I 2025-05-26 08:46:01,128] Trial 15 finished with value: 0.43114 and parameters: {'compile_train_steps': 500, 'compile_lr': 0.1, 'compile_batch_size': 256, 'compile_beta_z': 0.01, 'compile_beta_b': 0.01, 'compile_prior_rate': 3, 'hidden_size': 64}. Best is trial 13 with value: 0.5482800000000001.
[I 2025-05-26 08:47:33,050] Trial 16 finished with value: 0.4727 and parameters: {'compile_train_steps': 500, 'compile_lr': 0.0001, 'compile_batch_size': 256, 'compile_beta_z': 0.01, 'compile_beta_b': 0.01, 'compile_prior_rate': 3, 'hidden_size': 256}. Best is trial 13 with value: 0.5482800000000001.
[I 2025-05-26 08:49:45,895] Trial 17 finished with value: 0.4615 and parameters: {'compile_train_steps': 500, 'compile_lr': 0.0001, 'compile_batch_size': 64, 'compile_beta_z': 0.01, 'compile_beta_b': 0.01, 'compile_prior_rate': 3, 'hidden_size': 512}. Best is trial 13 with value: 0.5482800000000001.
[I 2025-05-26 08:53:50,232] Trial 18 finished with value: 0.33690000000000003 and parameters: {'compile_train_steps': 3000, 'compile_lr': 0.001, 'compile_batch_size': 256, 'compile_beta_z': 0.5, 'compile_beta_b': 0.5, 'compile_prior_rate': 10, 'hidden_size': 128}. Best is trial 13 with value: 0.5482800000000001.
[I 2025-05-26 08:58:05,353] Trial 19 finished with value: 0.35662 and parameters: {'compile_train_steps': 5000, 'compile_lr': 0.1, 'compile_batch_size': 256, 'compile_beta_z': 0.01, 'compile_beta_b': 0.01, 'compile_prior_rate': 15, 'hidden_size': 64}. Best is trial 13 with value: 0.5482800000000001.
[I 2025-05-26 08:58:32,742] Trial 20 finished with value: 0.47576 and parameters: {'compile_train_steps': 500, 'compile_lr': 0.0001, 'compile_batch_size': 64, 'compile_beta_z': 0.01, 'compile_beta_b': 0.01, 'compile_prior_rate': 3, 'hidden_size': 128}. Best is trial 13 with value: 0.5482800000000001.
[I 2025-05-26 08:59:02,440] Trial 21 finished with value: 0.5195000000000001 and parameters: {'compile_train_steps': 500, 'compile_lr': 0.0001, 'compile_batch_size': 256, 'compile_beta_z': 0.01, 'compile_beta_b': 0.01, 'compile_prior_rate': 3, 'hidden_size': 64}. Best is trial 13 with value: 0.5482800000000001.
[I 2025-05-26 08:59:32,109] Trial 22 finished with value: 0.48360000000000003 and parameters: {'compile_train_steps': 500, 'compile_lr': 0.0001, 'compile_batch_size': 256, 'compile_beta_z': 0.01, 'compile_beta_b': 0.01, 'compile_prior_rate': 3, 'hidden_size': 64}. Best is trial 13 with value: 0.5482800000000001.
[I 2025-05-26 09:00:01,797] Trial 23 finished with value: 0.4959 and parameters: {'compile_train_steps': 500, 'compile_lr': 0.0001, 'compile_batch_size': 256, 'compile_beta_z': 0.01, 'compile_beta_b': 0.01, 'compile_prior_rate': 3, 'hidden_size': 64}. Best is trial 13 with value: 0.5482800000000001.
[I 2025-05-26 09:00:31,457] Trial 24 finished with value: 0.4804400000000001 and parameters: {'compile_train_steps': 500, 'compile_lr': 0.0001, 'compile_batch_size': 256, 'compile_beta_z': 0.01, 'compile_beta_b': 0.01, 'compile_prior_rate': 3, 'hidden_size': 64}. Best is trial 13 with value: 0.5482800000000001.
[I 2025-05-26 09:01:01,140] Trial 25 finished with value: 0.5500600000000001 and parameters: {'compile_train_steps': 500, 'compile_lr': 0.0001, 'compile_batch_size': 256, 'compile_beta_z': 0.01, 'compile_beta_b': 0.01, 'compile_prior_rate': 3, 'hidden_size': 64}. Best is trial 25 with value: 0.5500600000000001.
[I 2025-05-26 09:04:39,618] Trial 26 finished with value: 0.48463999999999996 and parameters: {'compile_train_steps': 500, 'compile_lr': 0.0001, 'compile_batch_size': 256, 'compile_beta_z': 1.0, 'compile_beta_b': 0.1, 'compile_prior_rate': 3, 'hidden_size': 512}. Best is trial 25 with value: 0.5500600000000001.
[I 2025-05-26 09:19:15,110] Trial 27 finished with value: 0.32142000000000004 and parameters: {'compile_train_steps': 5000, 'compile_lr': 0.001, 'compile_batch_size': 256, 'compile_beta_z': 0.1, 'compile_beta_b': 0.5, 'compile_prior_rate': 15, 'hidden_size': 256}. Best is trial 25 with value: 0.5500600000000001.
[I 2025-05-26 09:21:05,088] Trial 28 finished with value: 0.48894 and parameters: {'compile_train_steps': 3000, 'compile_lr': 0.0001, 'compile_batch_size': 64, 'compile_beta_z': 0.5, 'compile_beta_b': 1.0, 'compile_prior_rate': 3, 'hidden_size': 64}. Best is trial 25 with value: 0.5500600000000001.
[I 2025-05-26 09:21:49,251] Trial 29 finished with value: 0.47672000000000003 and parameters: {'compile_train_steps': 500, 'compile_lr': 0.1, 'compile_batch_size': 256, 'compile_beta_z': 1.0, 'compile_beta_b': 0.01, 'compile_prior_rate': 10, 'hidden_size': 128}. Best is trial 25 with value: 0.5500600000000001.
[I 2025-05-26 09:24:10,846] Trial 30 finished with value: 0.41026 and parameters: {'compile_train_steps': 3000, 'compile_lr': 0.1, 'compile_batch_size': 64, 'compile_beta_z': 0.01, 'compile_beta_b': 0.01, 'compile_prior_rate': 3, 'hidden_size': 128}. Best is trial 25 with value: 0.5500600000000001.
[I 2025-05-26 09:24:40,552] Trial 31 finished with value: 0.52258 and parameters: {'compile_train_steps': 500, 'compile_lr': 0.0001, 'compile_batch_size': 256, 'compile_beta_z': 0.01, 'compile_beta_b': 0.01, 'compile_prior_rate': 3, 'hidden_size': 64}. Best is trial 25 with value: 0.5500600000000001.
[I 2025-05-26 09:25:10,204] Trial 32 finished with value: 0.46402000000000004 and parameters: {'compile_train_steps': 500, 'compile_lr': 0.0001, 'compile_batch_size': 256, 'compile_beta_z': 0.01, 'compile_beta_b': 0.01, 'compile_prior_rate': 3, 'hidden_size': 64}. Best is trial 25 with value: 0.5500600000000001.
[I 2025-05-26 09:25:39,955] Trial 33 finished with value: 0.48252 and parameters: {'compile_train_steps': 500, 'compile_lr': 0.0001, 'compile_batch_size': 256, 'compile_beta_z': 0.01, 'compile_beta_b': 0.01, 'compile_prior_rate': 3, 'hidden_size': 64}. Best is trial 25 with value: 0.5500600000000001.
[I 2025-05-26 09:26:09,604] Trial 34 finished with value: 0.5023 and parameters: {'compile_train_steps': 500, 'compile_lr': 0.0001, 'compile_batch_size': 256, 'compile_beta_z': 0.01, 'compile_beta_b': 0.01, 'compile_prior_rate': 3, 'hidden_size': 64}. Best is trial 25 with value: 0.5500600000000001.
[I 2025-05-26 09:29:45,647] Trial 35 finished with value: 0.39948000000000006 and parameters: {'compile_train_steps': 500, 'compile_lr': 0.001, 'compile_batch_size': 256, 'compile_beta_z': 1.0, 'compile_beta_b': 0.1, 'compile_prior_rate': 3, 'hidden_size': 512}. Best is trial 25 with value: 0.5500600000000001.
[I 2025-05-26 09:34:06,134] Trial 36 finished with value: 0.28708 and parameters: {'compile_train_steps': 5000, 'compile_lr': 0.0001, 'compile_batch_size': 256, 'compile_beta_z': 0.01, 'compile_beta_b': 1.0, 'compile_prior_rate': 15, 'hidden_size': 64}. Best is trial 25 with value: 0.5500600000000001.
[I 2025-05-26 09:34:50,577] Trial 37 finished with value: 0.36332 and parameters: {'compile_train_steps': 500, 'compile_lr': 0.0001, 'compile_batch_size': 128, 'compile_beta_z': 0.1, 'compile_beta_b': 0.5, 'compile_prior_rate': 10, 'hidden_size': 128}. Best is trial 25 with value: 0.5500600000000001.
[I 2025-05-26 09:36:21,432] Trial 38 finished with value: 0.44964000000000004 and parameters: {'compile_train_steps': 500, 'compile_lr': 0.1, 'compile_batch_size': 256, 'compile_beta_z': 0.01, 'compile_beta_b': 0.01, 'compile_prior_rate': 3, 'hidden_size': 256}. Best is trial 25 with value: 0.5500600000000001.
[I 2025-05-26 10:11:59,657] Trial 39 finished with value: 0.47074000000000005 and parameters: {'compile_train_steps': 5000, 'compile_lr': 0.0001, 'compile_batch_size': 128, 'compile_beta_z': 0.5, 'compile_beta_b': 1.0, 'compile_prior_rate': 3, 'hidden_size': 512}. Best is trial 25 with value: 0.5500600000000001.
[I 2025-05-26 10:14:21,766] Trial 40 finished with value: 0.34842 and parameters: {'compile_train_steps': 3000, 'compile_lr': 0.001, 'compile_batch_size': 64, 'compile_beta_z': 0.1, 'compile_beta_b': 0.1, 'compile_prior_rate': 10, 'hidden_size': 128}. Best is trial 25 with value: 0.5500600000000001.
[I 2025-05-26 10:14:51,425] Trial 41 finished with value: 0.52566 and parameters: {'compile_train_steps': 500, 'compile_lr': 0.0001, 'compile_batch_size': 256, 'compile_beta_z': 0.01, 'compile_beta_b': 0.01, 'compile_prior_rate': 3, 'hidden_size': 64}. Best is trial 25 with value: 0.5500600000000001.
[I 2025-05-26 10:15:21,095] Trial 42 finished with value: 0.47506 and parameters: {'compile_train_steps': 500, 'compile_lr': 0.0001, 'compile_batch_size': 256, 'compile_beta_z': 0.01, 'compile_beta_b': 0.01, 'compile_prior_rate': 3, 'hidden_size': 64}. Best is trial 25 with value: 0.5500600000000001.
[I 2025-05-26 10:15:50,871] Trial 43 finished with value: 0.50166 and parameters: {'compile_train_steps': 500, 'compile_lr': 0.0001, 'compile_batch_size': 256, 'compile_beta_z': 0.01, 'compile_beta_b': 0.01, 'compile_prior_rate': 3, 'hidden_size': 64}. Best is trial 25 with value: 0.5500600000000001.
[I 2025-05-26 10:16:20,562] Trial 44 finished with value: 0.5137200000000001 and parameters: {'compile_train_steps': 500, 'compile_lr': 0.0001, 'compile_batch_size': 256, 'compile_beta_z': 0.01, 'compile_beta_b': 0.01, 'compile_prior_rate': 3, 'hidden_size': 64}. Best is trial 25 with value: 0.5500600000000001.
[I 2025-05-26 10:16:50,095] Trial 45 finished with value: 0.29306000000000004 and parameters: {'compile_train_steps': 500, 'compile_lr': 0.0001, 'compile_batch_size': 256, 'compile_beta_z': 0.01, 'compile_beta_b': 0.01, 'compile_prior_rate': 15, 'hidden_size': 64}. Best is trial 25 with value: 0.5500600000000001.
[I 2025-05-26 10:17:19,736] Trial 46 finished with value: 0.4976400000000001 and parameters: {'compile_train_steps': 500, 'compile_lr': 0.0001, 'compile_batch_size': 128, 'compile_beta_z': 0.01, 'compile_beta_b': 0.01, 'compile_prior_rate': 3, 'hidden_size': 64}. Best is trial 25 with value: 0.5500600000000001.
[I 2025-05-26 10:17:49,496] Trial 47 finished with value: 0.49386 and parameters: {'compile_train_steps': 500, 'compile_lr': 0.0001, 'compile_batch_size': 256, 'compile_beta_z': 1.0, 'compile_beta_b': 0.01, 'compile_prior_rate': 3, 'hidden_size': 64}. Best is trial 25 with value: 0.5500600000000001.
[I 2025-05-26 10:19:21,383] Trial 48 finished with value: 0.52964 and parameters: {'compile_train_steps': 500, 'compile_lr': 0.0001, 'compile_batch_size': 256, 'compile_beta_z': 0.01, 'compile_beta_b': 0.01, 'compile_prior_rate': 3, 'hidden_size': 256}. Best is trial 25 with value: 0.5500600000000001.
[I 2025-05-26 10:20:53,297] Trial 49 finished with value: 0.44776000000000005 and parameters: {'compile_train_steps': 500, 'compile_lr': 0.0001, 'compile_batch_size': 256, 'compile_beta_z': 0.01, 'compile_beta_b': 0.5, 'compile_prior_rate': 3, 'hidden_size': 256}. Best is trial 25 with value: 0.5500600000000001.
[I 2025-05-26 10:35:29,915] Trial 50 finished with value: 0.4809 and parameters: {'compile_train_steps': 5000, 'compile_lr': 0.001, 'compile_batch_size': 256, 'compile_beta_z': 0.5, 'compile_beta_b': 1.0, 'compile_prior_rate': 3, 'hidden_size': 256}. Best is trial 25 with value: 0.5500600000000001.
[I 2025-05-26 10:37:01,779] Trial 51 finished with value: 0.46614000000000005 and parameters: {'compile_train_steps': 500, 'compile_lr': 0.0001, 'compile_batch_size': 256, 'compile_beta_z': 0.01, 'compile_beta_b': 0.01, 'compile_prior_rate': 3, 'hidden_size': 256}. Best is trial 25 with value: 0.5500600000000001.
[I 2025-05-26 10:38:33,671] Trial 52 finished with value: 0.46868000000000004 and parameters: {'compile_train_steps': 500, 'compile_lr': 0.0001, 'compile_batch_size': 256, 'compile_beta_z': 0.01, 'compile_beta_b': 0.01, 'compile_prior_rate': 3, 'hidden_size': 256}. Best is trial 25 with value: 0.5500600000000001.
[I 2025-05-26 10:39:18,056] Trial 53 finished with value: 0.46908000000000005 and parameters: {'compile_train_steps': 500, 'compile_lr': 0.0001, 'compile_batch_size': 256, 'compile_beta_z': 0.01, 'compile_beta_b': 0.01, 'compile_prior_rate': 3, 'hidden_size': 128}. Best is trial 25 with value: 0.5500600000000001.
[I 2025-05-26 10:39:47,588] Trial 54 finished with value: 0.51058 and parameters: {'compile_train_steps': 500, 'compile_lr': 0.0001, 'compile_batch_size': 256, 'compile_beta_z': 0.01, 'compile_beta_b': 0.01, 'compile_prior_rate': 3, 'hidden_size': 64}. Best is trial 25 with value: 0.5500600000000001.
[I 2025-05-26 10:41:19,484] Trial 55 finished with value: 0.46180000000000004 and parameters: {'compile_train_steps': 500, 'compile_lr': 0.0001, 'compile_batch_size': 256, 'compile_beta_z': 0.01, 'compile_beta_b': 0.01, 'compile_prior_rate': 3, 'hidden_size': 256}. Best is trial 25 with value: 0.5500600000000001.
[I 2025-05-26 10:43:57,083] Trial 56 finished with value: 0.39842000000000005 and parameters: {'compile_train_steps': 3000, 'compile_lr': 0.0001, 'compile_batch_size': 128, 'compile_beta_z': 0.01, 'compile_beta_b': 0.01, 'compile_prior_rate': 10, 'hidden_size': 64}. Best is trial 25 with value: 0.5500600000000001.
[I 2025-05-26 10:44:41,070] Trial 57 finished with value: 0.38756 and parameters: {'compile_train_steps': 500, 'compile_lr': 0.1, 'compile_batch_size': 256, 'compile_beta_z': 0.1, 'compile_beta_b': 0.1, 'compile_prior_rate': 15, 'hidden_size': 128}. Best is trial 25 with value: 0.5500600000000001.
[I 2025-05-26 10:46:57,827] Trial 58 finished with value: 0.4847000000000001 and parameters: {'compile_train_steps': 500, 'compile_lr': 0.0001, 'compile_batch_size': 64, 'compile_beta_z': 0.01, 'compile_beta_b': 0.01, 'compile_prior_rate': 3, 'hidden_size': 512}. Best is trial 25 with value: 0.5500600000000001.
[I 2025-05-26 10:47:27,523] Trial 59 finished with value: 0.5316400000000001 and parameters: {'compile_train_steps': 500, 'compile_lr': 0.0001, 'compile_batch_size': 256, 'compile_beta_z': 0.01, 'compile_beta_b': 0.01, 'compile_prior_rate': 3, 'hidden_size': 64}. Best is trial 25 with value: 0.5500600000000001.
[I 2025-05-26 10:47:57,083] Trial 60 finished with value: 0.37736000000000003 and parameters: {'compile_train_steps': 500, 'compile_lr': 0.0001, 'compile_batch_size': 256, 'compile_beta_z': 0.01, 'compile_beta_b': 0.01, 'compile_prior_rate': 3, 'hidden_size': 64}. Best is trial 25 with value: 0.5500600000000001.
[I 2025-05-26 10:48:26,840] Trial 61 finished with value: 0.47842000000000007 and parameters: {'compile_train_steps': 500, 'compile_lr': 0.0001, 'compile_batch_size': 256, 'compile_beta_z': 0.01, 'compile_beta_b': 0.01, 'compile_prior_rate': 3, 'hidden_size': 64}. Best is trial 25 with value: 0.5500600000000001.
[I 2025-05-26 10:48:56,563] Trial 62 finished with value: 0.52932 and parameters: {'compile_train_steps': 500, 'compile_lr': 0.0001, 'compile_batch_size': 256, 'compile_beta_z': 0.01, 'compile_beta_b': 0.01, 'compile_prior_rate': 3, 'hidden_size': 64}. Best is trial 25 with value: 0.5500600000000001.
[I 2025-05-26 10:49:26,243] Trial 63 finished with value: 0.51198 and parameters: {'compile_train_steps': 500, 'compile_lr': 0.0001, 'compile_batch_size': 256, 'compile_beta_z': 0.01, 'compile_beta_b': 0.01, 'compile_prior_rate': 3, 'hidden_size': 64}. Best is trial 25 with value: 0.5500600000000001.
[I 2025-05-26 10:49:56,015] Trial 64 finished with value: 0.54956 and parameters: {'compile_train_steps': 500, 'compile_lr': 0.0001, 'compile_batch_size': 256, 'compile_beta_z': 0.01, 'compile_beta_b': 0.01, 'compile_prior_rate': 3, 'hidden_size': 64}. Best is trial 25 with value: 0.5500600000000001.
