number,value,datetime_start,datetime_complete,duration,params_compile_batch_size,params_compile_beta_b,params_compile_beta_z,params_compile_lr,params_compile_prior_rate,params_compile_train_steps,params_hidden_size,state
0,0.39548000000000005,2025-05-29 23:42:19.075667,2025-05-29 23:48:52.221011,0 days 00:06:33.145344000,128,0.1,0.01,0.001,10,5000,128,COMPLETE
1,0.4149,2025-05-29 23:48:52.228685,2025-05-29 23:51:45.561380,0 days 00:02:53.332695000,64,0.01,0.01,0.001,15,5000,64,COMPLETE
2,0.36352,2025-05-29 23:51:45.566165,2025-05-29 23:55:15.429586,0 days 00:03:29.863421000,128,1.0,0.5,0.001,10,500,512,COMPLETE
3,0.43198000000000003,2025-05-29 23:55:15.436633,2025-05-30 00:09:17.865778,0 days 00:14:02.429145000,128,0.5,0.01,0.1,3,5000,256,COMPLETE
4,0.47148,2025-05-30 00:09:17.870987,2025-05-30 00:11:50.950929,0 days 00:02:33.079942000,256,0.5,0.1,0.001,3,3000,64,COMPLETE
5,0.34012000000000003,2025-05-30 00:11:50.956142,2025-05-30 00:12:11.821287,0 days 00:00:20.865145000,64,0.1,1.0,0.0001,15,500,64,COMPLETE
6,0.38056,2025-05-30 00:12:11.826726,2025-05-30 00:32:26.913374,0 days 00:20:15.086648000,128,1.0,0.5,0.001,10,3000,512,COMPLETE
7,0.33577999999999997,2025-05-30 00:32:26.919153,2025-05-30 00:52:44.334411,0 days 00:20:17.415258000,128,0.1,0.1,0.001,15,3000,512,COMPLETE
8,0.33726,2025-05-30 00:52:44.340180,2025-05-30 01:01:16.807178,0 days 00:08:32.466998000,256,0.5,0.1,0.0001,15,3000,256,COMPLETE
9,0.43326000000000003,2025-05-30 01:01:16.813755,2025-05-30 01:01:59.232050,0 days 00:00:42.418295000,128,0.5,1.0,0.1,10,500,128,COMPLETE
10,0.51772,2025-05-30 01:01:59.238344,2025-05-30 01:04:35.658716,0 days 00:02:36.420372000,256,0.01,0.1,0.0001,3,3000,64,COMPLETE
11,0.5181600000000001,2025-05-30 01:04:35.665179,2025-05-30 01:07:10.461604,0 days 00:02:34.796425000,256,0.01,0.1,0.0001,3,3000,64,COMPLETE
12,0.5738,2025-05-30 01:07:10.468164,2025-05-30 01:09:45.252270,0 days 00:02:34.784106000,256,0.01,0.1,0.0001,3,3000,64,COMPLETE
13,0.56496,2025-05-30 01:09:45.259102,2025-05-30 01:12:20.158341,0 days 00:02:34.899239000,256,0.01,0.1,0.0001,3,3000,64,COMPLETE
14,0.47814000000000006,2025-05-30 01:12:20.165220,2025-05-30 01:14:54.948102,0 days 00:02:34.782882000,256,0.01,0.1,0.0001,3,3000,64,COMPLETE
15,0.5425200000000001,2025-05-30 01:14:54.955300,2025-05-30 01:17:30.127908,0 days 00:02:35.172608000,256,0.01,0.1,0.0001,3,3000,64,COMPLETE
16,0.57324,2025-05-30 01:17:30.135419,2025-05-30 01:20:05.098917,0 days 00:02:34.963498000,256,0.01,0.1,0.0001,3,3000,64,COMPLETE
17,0.4777,2025-05-30 01:20:05.106359,2025-05-30 01:28:39.027418,0 days 00:08:33.921059000,256,0.01,0.5,0.0001,3,3000,256,COMPLETE
18,0.43976000000000004,2025-05-30 01:28:39.035244,2025-05-30 01:32:25.345365,0 days 00:03:46.310121000,64,0.01,1.0,0.1,3,5000,128,COMPLETE
19,0.4588,2025-05-30 01:32:25.353184,2025-05-30 01:32:54.313480,0 days 00:00:28.960296000,256,1.0,0.1,0.0001,3,500,64,COMPLETE
20,0.5544000000000001,2025-05-30 01:32:54.321614,2025-05-30 01:35:29.375397,0 days 00:02:35.053783000,256,0.01,0.1,0.0001,3,3000,64,COMPLETE
21,0.5548,2025-05-30 01:35:29.383689,2025-05-30 01:38:04.582513,0 days 00:02:35.198824000,256,0.01,0.1,0.0001,3,3000,64,COMPLETE
22,0.54782,2025-05-30 01:38:04.591142,2025-05-30 01:40:39.455370,0 days 00:02:34.864228000,256,0.01,0.1,0.0001,3,3000,64,COMPLETE
23,0.55818,2025-05-30 01:40:39.464075,2025-05-30 01:43:14.490908,0 days 00:02:35.026833000,256,0.01,0.1,0.0001,3,3000,64,COMPLETE
24,0.56874,2025-05-30 01:43:14.500635,2025-05-30 01:45:49.426587,0 days 00:02:34.925952000,256,0.01,0.1,0.0001,3,3000,64,COMPLETE
25,0.35030000000000006,2025-05-30 01:45:49.435868,2025-05-30 01:47:33.116753,0 days 00:01:43.680885000,64,0.01,0.1,0.1,3,3000,64,COMPLETE
26,0.5922400000000001,2025-05-30 01:47:33.126024,2025-05-30 02:08:24.450153,0 days 00:20:51.324129000,256,0.01,0.01,0.0001,3,3000,512,COMPLETE
27,0.4672200000000001,2025-05-30 02:08:24.459675,2025-05-30 02:11:57.541599,0 days 00:03:33.081924000,256,1.0,0.01,0.0001,10,500,512,COMPLETE
28,0.51234,2025-05-30 02:11:57.551268,2025-05-30 02:46:27.524198,0 days 00:34:29.972930000,256,0.1,0.01,0.0001,3,5000,512,COMPLETE
29,0.47126,2025-05-30 02:46:27.533957,2025-05-30 02:48:44.646596,0 days 00:02:17.112639000,64,0.1,0.01,0.1,15,3000,128,COMPLETE
30,0.56374,2025-05-30 02:48:44.656647,2025-05-30 03:22:58.379104,0 days 00:34:13.722457000,256,0.01,0.01,0.0001,10,5000,512,COMPLETE
31,0.64746,2025-05-30 03:22:58.389566,2025-05-30 03:43:47.750013,0 days 00:20:49.360447000,256,0.01,0.01,0.0001,3,3000,512,COMPLETE
32,0.60238,2025-05-30 03:43:47.760516,2025-05-30 04:04:33.402904,0 days 00:20:45.642388000,256,0.01,0.01,0.0001,3,3000,512,COMPLETE
33,0.63016,2025-05-30 04:04:33.413508,2025-05-30 04:25:28.784137,0 days 00:20:55.370629000,256,0.01,0.01,0.0001,3,3000,512,COMPLETE
34,0.6130800000000001,2025-05-30 04:25:28.794807,2025-05-30 04:46:18.398687,0 days 00:20:49.603880000,256,0.01,0.01,0.0001,3,3000,512,COMPLETE
35,0.45914000000000005,2025-05-30 04:46:18.409765,2025-05-30 05:20:01.725337,0 days 00:33:43.315572000,256,0.01,0.01,0.001,3,5000,512,COMPLETE
36,0.364,2025-05-30 05:20:01.736552,2025-05-30 05:40:44.699128,0 days 00:20:42.962576000,128,0.5,0.01,0.0001,15,3000,512,COMPLETE
37,0.5713400000000001,2025-05-30 05:40:44.712335,2025-05-30 05:42:57.327176,0 days 00:02:12.614841000,64,1.0,0.01,0.001,3,500,512,COMPLETE
38,0.55556,2025-05-30 05:42:57.339579,2025-05-30 06:03:35.240286,0 days 00:20:37.900707000,256,0.01,0.01,0.0001,10,3000,512,COMPLETE
39,0.54606,2025-05-30 06:03:35.252086,2025-05-30 06:23:56.294184,0 days 00:20:21.042098000,128,0.5,0.01,0.001,3,3000,512,COMPLETE
40,0.44844,2025-05-30 06:23:56.306205,2025-05-30 06:56:56.209363,0 days 00:32:59.903158000,256,0.1,0.01,0.1,15,5000,512,COMPLETE
41,0.62544,2025-05-30 06:56:56.221330,2025-05-30 07:17:39.593650,0 days 00:20:43.372320000,256,0.01,0.01,0.0001,3,3000,512,COMPLETE
42,0.53146,2025-05-30 07:17:39.608293,2025-05-30 07:38:27.026562,0 days 00:20:47.418269000,256,0.01,0.01,0.0001,3,3000,512,COMPLETE
43,0.61382,2025-05-30 07:38:27.039100,2025-05-30 07:59:15.766277,0 days 00:20:48.727177000,256,0.01,0.01,0.0001,3,3000,512,COMPLETE
44,0.63034,2025-05-30 07:59:15.780732,2025-05-30 08:20:10.279182,0 days 00:20:54.498450000,256,0.01,0.01,0.0001,3,3000,512,COMPLETE
45,0.47954,2025-05-30 08:20:10.292123,2025-05-30 08:28:43.880630,0 days 00:08:33.588507000,128,0.01,0.5,0.0001,3,3000,256,COMPLETE
46,0.3625,2025-05-30 08:28:43.893654,2025-05-30 08:49:33.067782,0 days 00:20:49.174128000,256,1.0,1.0,0.0001,10,3000,512,COMPLETE
47,0.64454,2025-05-30 08:49:33.081047,2025-05-30 08:53:06.766762,0 days 00:03:33.685715000,256,0.01,0.01,0.0001,3,500,512,COMPLETE
48,0.37876,2025-05-30 08:53:06.780002,2025-05-30 08:55:19.022100,0 days 00:02:12.242098000,64,0.5,0.01,0.001,15,500,512,COMPLETE
49,0.5378400000000001,2025-05-30 08:55:19.035762,2025-05-30 08:56:02.022482,0 days 00:00:42.986720000,256,0.01,0.01,0.0001,3,500,128,COMPLETE
50,0.45352000000000003,2025-05-30 08:56:02.036455,2025-05-30 08:57:30.688292,0 days 00:01:28.651837000,256,0.1,0.5,0.0001,3,500,256,COMPLETE
51,0.63748,2025-05-30 08:57:30.702363,2025-05-30 09:01:03.583668,0 days 00:03:32.881305000,256,0.01,0.01,0.0001,3,500,512,COMPLETE
52,0.6309,2025-05-30 09:01:03.597911,2025-05-30 09:04:37.336395,0 days 00:03:33.738484000,256,0.01,0.01,0.0001,3,500,512,COMPLETE
53,0.69716,2025-05-30 09:04:37.350900,2025-05-30 09:08:11.075299,0 days 00:03:33.724399000,256,0.01,0.01,0.0001,3,500,512,COMPLETE
54,0.65764,2025-05-30 09:08:11.090018,2025-05-30 09:11:44.745050,0 days 00:03:33.655032000,256,0.01,0.01,0.0001,3,500,512,COMPLETE
55,0.4833,2025-05-30 09:11:44.759836,2025-05-30 09:15:18.618461,0 days 00:03:33.858625000,256,0.01,1.0,0.0001,3,500,512,COMPLETE
56,0.41050000000000003,2025-05-30 09:15:18.633460,2025-05-30 09:18:39.735351,0 days 00:03:21.101891000,128,0.01,0.01,0.1,3,500,512,COMPLETE
57,0.6117,2025-05-30 09:18:39.750529,2025-05-30 09:22:13.341742,0 days 00:03:33.591213000,256,0.01,0.01,0.0001,3,500,512,COMPLETE
58,0.48508,2025-05-30 09:22:13.357076,2025-05-30 09:25:47.109538,0 days 00:03:33.752462000,256,0.01,0.5,0.0001,3,500,512,COMPLETE
59,0.56966,2025-05-30 09:25:47.125480,2025-05-30 09:26:30.055558,0 days 00:00:42.930078000,256,0.01,0.01,0.0001,3,500,128,COMPLETE
60,0.6181,2025-05-30 09:26:30.071246,2025-05-30 09:27:58.714043,0 days 00:01:28.642797000,256,0.01,0.01,0.0001,3,500,256,COMPLETE
61,0.6161000000000001,2025-05-30 09:27:58.730245,2025-05-30 09:31:31.039104,0 days 00:03:32.308859000,256,0.01,0.01,0.0001,3,500,512,COMPLETE
62,0.6944000000000001,2025-05-30 09:31:31.055197,2025-05-30 09:35:04.537487,0 days 00:03:33.482290000,256,0.01,0.01,0.0001,3,500,512,COMPLETE
63,0.6470600000000001,2025-05-30 09:35:04.553903,2025-05-30 09:38:38.349815,0 days 00:03:33.795912000,256,0.01,0.01,0.0001,3,500,512,COMPLETE
64,0.66032,2025-05-30 09:38:38.366378,2025-05-30 09:42:11.830682,0 days 00:03:33.464304000,256,0.01,0.01,0.0001,3,500,512,COMPLETE
65,0.5055000000000001,2025-05-30 09:42:11.849006,2025-05-30 09:45:45.125763,0 days 00:03:33.276757000,256,0.01,1.0,0.0001,3,500,512,COMPLETE
66,0.45948000000000006,2025-05-30 09:45:45.142410,2025-05-30 09:49:18.886532,0 days 00:03:33.744122000,256,1.0,0.01,0.0001,10,500,512,COMPLETE
67,0.54566,2025-05-30 09:49:18.903693,2025-05-30 09:51:32.693368,0 days 00:02:13.789675000,64,0.5,0.01,0.0001,3,500,512,COMPLETE
68,0.4879,2025-05-30 09:51:32.710813,2025-05-30 09:54:55.022032,0 days 00:03:22.311219000,256,0.01,0.01,0.1,15,500,512,COMPLETE
69,0.5295200000000001,2025-05-30 09:54:55.039629,2025-05-30 09:55:37.913107,0 days 00:00:42.873478000,256,0.01,0.01,0.0001,3,500,128,COMPLETE
70,0.67876,2025-05-30 09:55:37.931150,2025-05-30 09:59:08.882727,0 days 00:03:30.951577000,256,0.01,0.01,0.001,3,500,512,COMPLETE
71,0.53646,2025-05-30 09:59:08.901093,2025-05-30 10:02:39.616636,0 days 00:03:30.715543000,256,0.01,0.01,0.001,3,500,512,COMPLETE
72,0.5446200000000001,2025-05-30 10:02:39.636513,2025-05-30 10:06:10.742270,0 days 00:03:31.105757000,256,0.01,0.01,0.001,3,500,512,COMPLETE
73,0.64228,2025-05-30 10:06:10.760715,2025-05-30 10:09:41.296641,0 days 00:03:30.535926000,256,0.01,0.01,0.001,3,500,512,COMPLETE
74,0.61428,2025-05-30 10:09:41.315235,2025-05-30 10:13:12.038340,0 days 00:03:30.723105000,256,0.01,0.01,0.001,3,500,512,COMPLETE
75,0.5642,2025-05-30 10:13:12.058585,2025-05-30 10:16:56.339173,0 days 00:03:44.280588000,256,0.1,0.01,0.0001,3,500,512,COMPLETE
76,0.49096000000000006,2025-05-30 10:16:56.358142,2025-05-30 10:20:26.869275,0 days 00:03:30.511133000,128,0.01,0.5,0.001,3,500,512,COMPLETE
77,0.69262,2025-05-30 10:20:26.887999,2025-05-30 10:24:00.601253,0 days 00:03:33.713254000,256,0.01,0.01,0.0001,3,500,512,COMPLETE
78,0.53006,2025-05-30 10:24:00.620577,2025-05-30 10:25:29.295980,0 days 00:01:28.675403000,256,0.01,0.01,0.0001,10,500,256,COMPLETE
79,0.49995999999999996,2025-05-30 10:25:29.315568,2025-05-30 10:46:00.516858,0 days 00:20:31.201290000,64,0.01,1.0,0.001,3,5000,512,COMPLETE
80,0.5519000000000001,2025-05-30 10:46:00.536751,2025-05-30 10:49:33.933564,0 days 00:03:33.396813000,256,1.0,0.01,0.0001,3,500,512,COMPLETE
81,0.5861000000000001,2025-05-30 10:49:33.953600,2025-05-30 10:53:06.831725,0 days 00:03:32.878125000,256,0.01,0.01,0.0001,3,500,512,COMPLETE
82,0.71172,2025-05-30 10:53:06.851845,2025-05-30 10:56:39.984534,0 days 00:03:33.132689000,256,0.01,0.01,0.0001,3,500,512,COMPLETE
83,0.64888,2025-05-30 10:56:40.008127,2025-05-30 11:00:13.536608,0 days 00:03:33.528481000,256,0.01,0.01,0.0001,3,500,512,COMPLETE
84,0.6492800000000001,2025-05-30 11:00:13.557115,2025-05-30 11:03:47.245789,0 days 00:03:33.688674000,256,0.01,0.01,0.0001,3,500,512,COMPLETE
85,0.63208,2025-05-30 11:03:47.266373,2025-05-30 11:07:20.725779,0 days 00:03:33.459406000,256,0.01,0.01,0.0001,3,500,512,COMPLETE
86,0.5799400000000001,2025-05-30 11:07:20.746549,2025-05-30 11:10:53.858000,0 days 00:03:33.111451000,256,0.01,0.01,0.0001,3,500,512,COMPLETE
87,0.41050000000000003,2025-05-30 11:10:53.879008,2025-05-30 11:14:15.413929,0 days 00:03:21.534921000,256,0.5,0.01,0.1,15,500,512,COMPLETE
88,0.6083000000000001,2025-05-30 11:14:15.435234,2025-05-30 11:17:49.029994,0 days 00:03:33.594760000,256,0.01,0.01,0.0001,3,500,512,COMPLETE
89,0.5351400000000001,2025-05-30 11:17:49.051291,2025-05-30 11:18:32.095554,0 days 00:00:43.044263000,256,0.1,0.01,0.0001,3,500,128,COMPLETE
90,0.6222,2025-05-30 11:18:32.117165,2025-05-30 11:22:04.640836,0 days 00:03:32.523671000,128,0.01,0.01,0.0001,3,500,512,COMPLETE
91,0.6833400000000001,2025-05-30 11:22:04.662566,2025-05-30 11:25:38.180471,0 days 00:03:33.517905000,256,0.01,0.01,0.0001,3,500,512,COMPLETE
92,0.6148,2025-05-30 11:25:38.202384,2025-05-30 11:29:11.916743,0 days 00:03:33.714359000,256,0.01,0.01,0.0001,3,500,512,COMPLETE
93,0.56174,2025-05-30 11:29:11.941573,2025-05-30 11:32:45.220952,0 days 00:03:33.279379000,256,0.01,0.01,0.0001,3,500,512,COMPLETE
94,0.6407,2025-05-30 11:32:45.243312,2025-05-30 11:36:18.748535,0 days 00:03:33.505223000,256,0.01,0.01,0.0001,3,500,512,COMPLETE
95,0.58918,2025-05-30 11:36:18.771965,2025-05-30 11:39:52.556580,0 days 00:03:33.784615000,256,0.01,0.01,0.0001,3,500,512,COMPLETE
96,0.46998,2025-05-30 11:39:52.579378,2025-05-30 11:43:26.241154,0 days 00:03:33.661776000,256,0.01,0.5,0.0001,3,500,512,COMPLETE
97,0.5878400000000001,2025-05-30 11:43:26.264024,2025-05-30 11:57:37.335522,0 days 00:14:11.071498000,256,0.01,0.01,0.0001,3,5000,256,COMPLETE
98,0.56442,2025-05-30 11:57:37.358857,2025-05-30 12:01:09.555266,0 days 00:03:32.196409000,256,0.01,0.01,0.0001,10,500,512,COMPLETE
99,0.4784,2025-05-30 12:01:09.578585,2025-05-30 12:03:22.125403,0 days 00:02:12.546818000,64,0.01,1.0,0.001,3,500,512,COMPLETE
100,0.5594000000000001,2025-05-30 12:03:22.148848,2025-05-30 12:06:55.777944,0 days 00:03:33.629096000,256,1.0,0.01,0.0001,3,500,512,COMPLETE
101,0.7488,2025-05-30 12:06:55.802542,2025-05-30 12:10:29.541537,0 days 00:03:33.738995000,256,0.01,0.01,0.0001,3,500,512,COMPLETE
102,0.6291800000000001,2025-05-30 12:10:29.565447,2025-05-30 12:14:03.221601,0 days 00:03:33.656154000,256,0.01,0.01,0.0001,3,500,512,COMPLETE
103,0.6614200000000001,2025-05-30 12:14:03.245603,2025-05-30 12:17:42.293422,0 days 00:03:39.047819000,256,0.01,0.01,0.0001,3,500,512,COMPLETE
104,0.6531,2025-05-30 12:17:42.317445,2025-05-30 12:21:22.890862,0 days 00:03:40.573417000,256,0.01,0.01,0.0001,3,500,512,COMPLETE
105,0.5005,2025-05-30 12:21:22.915169,2025-05-30 12:21:51.764540,0 days 00:00:28.849371000,256,0.01,0.01,0.0001,3,500,64,COMPLETE
106,0.4746,2025-05-30 12:21:51.789158,2025-05-30 12:25:12.812833,0 days 00:03:21.023675000,256,0.01,0.1,0.1,15,500,512,COMPLETE
107,0.5642199999999999,2025-05-30 12:25:12.840231,2025-05-30 12:28:46.375475,0 days 00:03:33.535244000,256,0.5,0.01,0.0001,3,500,512,COMPLETE
108,0.56874,2025-05-30 12:28:46.400069,2025-05-30 12:32:19.500578,0 days 00:03:33.100509000,256,0.01,0.01,0.0001,3,500,512,COMPLETE
109,0.6085,2025-05-30 12:32:19.525889,2025-05-30 12:35:53.207423,0 days 00:03:33.681534000,256,0.01,0.01,0.0001,3,500,512,COMPLETE
110,0.5974400000000001,2025-05-30 12:35:53.232540,2025-05-30 12:36:36.164073,0 days 00:00:42.931533000,128,0.01,0.01,0.0001,3,500,128,COMPLETE
111,0.66212,2025-05-30 12:36:36.189724,2025-05-30 12:40:09.544716,0 days 00:03:33.354992000,256,0.01,0.01,0.0001,3,500,512,COMPLETE
112,0.6326400000000001,2025-05-30 12:40:09.570114,2025-05-30 12:43:43.262885,0 days 00:03:33.692771000,256,0.01,0.01,0.0001,3,500,512,COMPLETE
113,0.6367800000000001,2025-05-30 12:43:43.288833,2025-05-30 12:47:16.987463,0 days 00:03:33.698630000,256,0.01,0.01,0.0001,3,500,512,COMPLETE
114,0.6788000000000001,2025-05-30 12:47:17.013382,2025-05-30 12:50:50.759954,0 days 00:03:33.746572000,256,0.01,0.01,0.0001,3,500,512,COMPLETE
115,0.7060200000000001,2025-05-30 12:50:50.786312,2025-05-30 12:54:24.261804,0 days 00:03:33.475492000,256,0.01,0.01,0.0001,3,500,512,COMPLETE
116,0.7580600000000001,2025-05-30 12:54:24.288329,2025-05-30 12:57:54.988050,0 days 00:03:30.699721000,256,0.01,0.01,0.001,3,500,512,COMPLETE
117,0.49584000000000006,2025-05-30 12:57:55.014897,2025-05-30 13:31:42.927802,0 days 00:33:47.912905000,256,0.1,0.01,0.001,3,5000,512,COMPLETE
118,0.49152000000000007,2025-05-30 13:31:42.954717,2025-05-30 13:35:13.046954,0 days 00:03:30.092237000,256,0.01,0.5,0.001,3,500,512,COMPLETE
119,0.48606000000000005,2025-05-30 13:35:13.073942,2025-05-30 13:36:41.511654,0 days 00:01:28.437712000,256,0.01,0.01,0.001,10,500,256,COMPLETE
120,0.6029800000000001,2025-05-30 13:36:41.538661,2025-05-30 13:38:53.058766,0 days 00:02:11.520105000,64,0.01,0.01,0.001,3,500,512,COMPLETE
121,0.55508,2025-05-30 13:38:53.086193,2025-05-30 13:42:23.889741,0 days 00:03:30.803548000,256,0.01,0.01,0.001,3,500,512,COMPLETE
122,0.66496,2025-05-30 13:42:23.918579,2025-05-30 13:45:57.640153,0 days 00:03:33.721574000,256,0.01,0.01,0.0001,3,500,512,COMPLETE
123,0.60886,2025-05-30 13:45:57.667983,2025-05-30 13:49:31.154180,0 days 00:03:33.486197000,256,0.01,0.01,0.0001,3,500,512,COMPLETE
124,0.6378400000000001,2025-05-30 13:49:31.182408,2025-05-30 13:53:04.896552,0 days 00:03:33.714144000,256,0.01,0.01,0.0001,3,500,512,COMPLETE
125,0.6554600000000002,2025-05-30 13:53:04.924600,2025-05-30 13:56:38.429267,0 days 00:03:33.504667000,256,0.01,0.01,0.0001,3,500,512,COMPLETE
126,0.59228,2025-05-30 13:56:38.457511,2025-05-30 14:00:10.184733,0 days 00:03:31.727222000,256,0.01,0.01,0.001,3,500,512,COMPLETE
127,0.47184000000000004,2025-05-30 14:00:10.213600,2025-05-30 14:00:39.045589,0 days 00:00:28.831989000,256,0.01,1.0,0.0001,3,500,64,COMPLETE
128,0.41050000000000003,2025-05-30 14:00:39.076034,2025-05-30 14:04:00.213001,0 days 00:03:21.136967000,256,1.0,0.1,0.1,15,500,512,COMPLETE
129,0.64852,2025-05-30 14:04:00.241399,2025-05-30 14:07:33.860802,0 days 00:03:33.619403000,256,0.01,0.01,0.0001,3,500,512,COMPLETE
130,0.6209000000000001,2025-05-30 14:07:33.889958,2025-05-30 14:11:06.935015,0 days 00:03:33.045057000,256,0.01,0.01,0.0001,3,500,512,COMPLETE
131,0.61504,2025-05-30 14:11:06.964407,2025-05-30 14:14:40.208400,0 days 00:03:33.243993000,256,0.01,0.01,0.0001,3,500,512,COMPLETE
132,0.64852,2025-05-30 14:14:40.238205,2025-05-30 14:18:14.185117,0 days 00:03:33.946912000,256,0.01,0.01,0.0001,3,500,512,COMPLETE
133,0.61488,2025-05-30 14:18:14.214840,2025-05-30 14:21:54.028766,0 days 00:03:39.813926000,256,0.01,0.01,0.0001,3,500,512,COMPLETE
134,0.61774,2025-05-30 14:21:54.058139,2025-05-30 14:25:27.667490,0 days 00:03:33.609351000,256,0.01,0.01,0.0001,3,500,512,COMPLETE
135,0.62652,2025-05-30 14:25:27.697681,2025-05-30 14:29:01.429454,0 days 00:03:33.731773000,256,0.01,0.01,0.0001,3,500,512,COMPLETE
136,0.54944,2025-05-30 14:29:01.459788,2025-05-30 15:03:21.645848,0 days 00:34:20.186060000,256,0.5,0.01,0.0001,3,5000,512,COMPLETE
137,0.6612,2025-05-30 15:03:21.675951,2025-05-30 15:06:52.885482,0 days 00:03:31.209531000,256,0.01,0.01,0.001,3,500,512,COMPLETE
138,0.5452400000000001,2025-05-30 15:06:52.918081,2025-05-30 15:07:35.956173,0 days 00:00:43.038092000,128,0.01,0.01,0.001,3,500,128,COMPLETE
139,0.52982,2025-05-30 15:07:35.986975,2025-05-30 15:11:07.595538,0 days 00:03:31.608563000,256,0.1,0.01,0.001,3,500,512,COMPLETE
140,0.55844,2025-05-30 15:11:07.626326,2025-05-30 15:14:38.905674,0 days 00:03:31.279348000,256,0.01,0.01,0.001,3,500,512,COMPLETE
141,0.61136,2025-05-30 15:14:38.936488,2025-05-30 15:18:10.050839,0 days 00:03:31.114351000,256,0.01,0.01,0.001,3,500,512,COMPLETE
142,0.63002,2025-05-30 15:18:10.081765,2025-05-30 15:21:42.354682,0 days 00:03:32.272917000,256,0.01,0.01,0.001,3,500,512,COMPLETE
143,0.66366,2025-05-30 15:21:42.385896,2025-05-30 15:25:16.082682,0 days 00:03:33.696786000,256,0.01,0.01,0.0001,3,500,512,COMPLETE
144,0.6394,2025-05-30 15:25:16.114154,2025-05-30 15:28:49.207097,0 days 00:03:33.092943000,256,0.01,0.01,0.0001,3,500,512,COMPLETE
145,0.6576000000000001,2025-05-30 15:28:49.238657,2025-05-30 15:32:22.963935,0 days 00:03:33.725278000,256,0.01,0.01,0.0001,3,500,512,COMPLETE
146,0.7349800000000001,2025-05-30 15:32:22.995937,2025-05-30 15:35:56.685041,0 days 00:03:33.689104000,256,0.01,0.01,0.0001,3,500,512,COMPLETE
147,0.3603,2025-05-30 15:35:56.718166,2025-05-30 15:39:30.389853,0 days 00:03:33.671687000,256,0.01,0.5,0.0001,10,500,512,COMPLETE
148,0.62426,2025-05-30 15:39:30.422267,2025-05-30 15:41:43.756166,0 days 00:02:13.333899000,64,0.01,0.01,0.0001,3,500,512,COMPLETE
149,0.61362,2025-05-30 15:41:43.788871,2025-05-30 15:43:12.368509,0 days 00:01:28.579638000,256,0.01,0.01,0.0001,3,500,256,COMPLETE
