number,value,datetime_start,datetime_complete,duration,params_compile_batch_size,params_compile_beta_b,params_compile_beta_z,params_compile_lr,params_compile_prior_rate,params_compile_train_steps,params_hidden_size,state
0,0.15844,2025-06-05 15:01:49.552201,2025-06-05 15:03:26.663873,0 days 00:01:37.111672000,128,0.5,0.1,0.1,15,500,64,COMPLETE
1,0.25994000000000006,2025-06-08 13:49:15.300757,2025-06-08 13:58:37.144780,0 days 00:09:21.844023000,256,1.0,0.01,0.0001,3,3000,64,COMPLETE
2,0.27034,2025-06-08 13:58:37.152625,2025-06-08 14:04:31.512687,0 days 00:05:54.360062000,256,0.1,0.1,0.001,10,500,256,COMPLETE
3,0.31024,2025-06-08 14:04:31.517684,2025-06-08 14:05:36.252539,0 days 00:01:04.734855000,64,1.0,0.01,0.001,10,500,64,COMPLETE
4,0.39204,2025-06-08 14:05:36.257958,2025-06-08 15:37:03.511719,0 days 01:31:27.253761000,128,0.5,0.01,0.0001,3,3000,512,COMPLETE
5,0.33436,2025-06-08 15:37:03.517062,2025-06-08 16:10:59.193104,0 days 00:33:55.676042000,64,0.01,0.1,0.001,3,5000,256,COMPLETE
6,0.20706000000000002,2025-06-08 16:10:59.198528,2025-06-08 16:19:44.020402,0 days 00:08:44.821874000,64,1.0,0.01,0.1,3,500,512,COMPLETE
7,0.3598,2025-06-08 16:19:44.026634,2025-06-08 16:22:22.745790,0 days 00:02:38.719156000,128,0.01,0.1,0.0001,3,500,128,COMPLETE
8,0.2755,2025-06-08 16:22:22.751696,2025-06-08 16:37:42.870436,0 days 00:15:20.118740000,128,1.0,0.01,0.001,3,500,512,COMPLETE
9,0.20786000000000002,2025-06-08 16:37:42.876619,2025-06-08 16:47:01.171581,0 days 00:09:18.294962000,128,1.0,0.5,0.001,15,3000,64,COMPLETE
10,0.16742,2025-06-08 16:47:01.177887,2025-06-08 18:18:42.001902,0 days 01:31:40.824015000,128,0.5,1.0,0.0001,10,3000,512,COMPLETE
11,0.25336000000000003,2025-06-08 18:18:42.008382,2025-06-08 18:41:28.360306,0 days 00:22:46.351924000,128,0.01,1.0,0.0001,3,5000,128,COMPLETE
12,0.26654,2025-06-08 18:41:28.370122,2025-06-08 18:56:52.739936,0 days 00:15:24.369814000,128,0.01,0.5,0.0001,3,3000,128,COMPLETE
13,0.27554,2025-06-08 18:56:52.746748,2025-06-08 19:12:16.024656,0 days 00:15:23.277908000,128,0.5,0.1,0.0001,3,3000,128,COMPLETE
14,0.28690000000000004,2025-06-08 19:12:16.031785,2025-06-08 19:37:49.606414,0 days 00:25:33.574629000,128,0.1,0.01,0.0001,3,5000,128,COMPLETE
15,0.2946,2025-06-08 19:37:49.613674,2025-06-08 19:53:08.261925,0 days 00:15:18.648251000,256,0.01,0.1,0.0001,15,500,512,COMPLETE
16,0.26326000000000005,2025-06-08 19:53:08.269419,2025-06-08 20:08:34.815422,0 days 00:15:26.546003000,128,0.5,0.5,0.0001,3,3000,128,COMPLETE
17,0.08712,2025-06-08 20:08:34.823085,2025-06-08 20:23:32.218697,0 days 00:14:57.395612000,128,0.01,1.0,0.1,3,500,512,COMPLETE
18,0.31738,2025-06-08 20:23:32.226476,2025-06-08 20:43:57.555542,0 days 00:20:25.329066000,64,0.5,0.1,0.0001,10,3000,256,COMPLETE
19,0.24372000000000002,2025-06-08 20:43:57.563636,2025-06-08 23:16:12.380533,0 days 02:32:14.816897000,256,0.1,0.01,0.0001,15,5000,512,COMPLETE
20,0.08712,2025-06-08 23:16:12.389301,2025-06-08 23:31:37.232574,0 days 00:15:24.843273000,128,0.5,0.01,0.1,3,3000,128,COMPLETE
21,0.12022,2025-06-08 23:31:37.240963,2025-06-09 00:05:22.685016,0 days 00:33:45.444053000,64,0.01,0.1,0.001,3,5000,256,COMPLETE
22,0.08416,2025-06-09 00:05:22.693509,2025-06-09 00:39:15.785228,0 days 00:33:53.091719000,64,0.01,0.1,0.001,3,5000,256,COMPLETE
23,0.20016,2025-06-09 00:39:15.794076,2025-06-09 01:13:11.889175,0 days 00:33:56.095099000,64,0.01,0.1,0.001,3,5000,256,COMPLETE
24,0.19068000000000002,2025-06-09 01:13:11.897935,2025-06-09 01:47:08.336383,0 days 00:33:56.438448000,64,0.01,0.1,0.0001,3,5000,256,COMPLETE
25,0.25692000000000004,2025-06-09 01:47:08.345421,2025-06-09 02:02:21.493273,0 days 00:15:13.147852000,64,0.01,0.1,0.001,3,5000,128,COMPLETE
26,0.23368000000000003,2025-06-09 02:02:21.502545,2025-06-09 02:17:39.921687,0 days 00:15:18.419142000,128,0.01,1.0,0.0001,3,500,512,COMPLETE
27,0.08712,2025-06-09 02:17:39.931123,2025-06-09 02:23:31.912734,0 days 00:05:51.981611000,256,0.5,0.5,0.1,10,500,256,COMPLETE
28,0.13190000000000002,2025-06-09 02:23:31.922393,2025-06-09 02:49:04.470637,0 days 00:25:32.548244000,128,0.1,0.1,0.001,3,5000,128,COMPLETE
29,0.30494000000000004,2025-06-09 02:49:04.480421,2025-06-09 02:55:03.609805,0 days 00:05:59.129384000,64,0.5,0.1,0.0001,15,3000,64,COMPLETE
30,0.19096000000000002,2025-06-09 02:55:03.620050,2025-06-09 03:00:50.668323,0 days 00:05:47.048273000,128,0.01,0.01,0.1,15,500,256,COMPLETE
31,0.2683,2025-06-09 03:00:50.678755,2025-06-09 03:21:17.450611,0 days 00:20:26.771856000,64,0.5,0.1,0.0001,10,3000,256,COMPLETE
32,0.27990000000000004,2025-06-09 03:21:17.461006,2025-06-09 03:41:42.921114,0 days 00:20:25.460108000,64,0.5,0.1,0.0001,10,3000,256,COMPLETE
33,0.247,2025-06-09 03:41:42.931727,2025-06-09 04:02:07.098427,0 days 00:20:24.166700000,64,0.5,0.1,0.0001,10,3000,256,COMPLETE
34,0.25664,2025-06-09 04:02:07.109102,2025-06-09 04:22:32.978621,0 days 00:20:25.869519000,64,0.5,0.1,0.0001,10,3000,256,COMPLETE
35,0.30526000000000003,2025-06-09 04:22:32.989411,2025-06-09 04:31:51.536803,0 days 00:09:18.547392000,256,0.5,0.1,0.0001,10,3000,64,COMPLETE
36,0.2023,2025-06-09 04:31:51.548058,2025-06-09 04:40:08.441881,0 days 00:08:16.893823000,64,1.0,0.01,0.001,10,500,512,COMPLETE
37,0.33184,2025-06-09 04:40:08.453258,2025-06-09 05:00:33.685285,0 days 00:20:25.232027000,64,0.01,0.01,0.0001,3,3000,256,COMPLETE
38,0.18466000000000002,2025-06-09 05:00:33.696997,2025-06-09 05:02:11.152378,0 days 00:01:37.455381000,128,0.01,0.01,0.001,3,500,64,COMPLETE
39,0.194,2025-06-09 05:02:11.166712,2025-06-09 06:33:19.978049,0 days 01:31:08.811337000,256,0.01,0.01,0.0001,3,3000,512,COMPLETE
40,0.08486000000000002,2025-06-09 06:33:19.989839,2025-06-09 06:38:40.764367,0 days 00:05:20.774528000,128,0.01,0.01,0.001,3,500,256,COMPLETE
41,0.38626000000000005,2025-06-09 06:38:40.776535,2025-06-09 06:59:03.453611,0 days 00:20:22.677076000,64,1.0,0.01,0.0001,3,3000,256,COMPLETE
42,0.4055000000000001,2025-06-09 06:59:03.466010,2025-06-09 07:19:29.442121,0 days 00:20:25.976111000,64,1.0,0.01,0.0001,3,3000,256,COMPLETE
43,0.3789,2025-06-09 07:19:29.454531,2025-06-09 07:39:54.120627,0 days 00:20:24.666096000,64,1.0,0.01,0.0001,3,3000,256,COMPLETE
44,0.35584,2025-06-09 07:39:54.133234,2025-06-09 08:00:17.377972,0 days 00:20:23.244738000,64,1.0,0.01,0.0001,3,3000,256,COMPLETE
45,0.39872,2025-06-09 08:00:17.390795,2025-06-09 08:09:27.317152,0 days 00:09:09.926357000,64,1.0,0.01,0.0001,3,3000,128,COMPLETE
46,0.39888,2025-06-09 08:09:27.332797,2025-06-09 08:29:50.908461,0 days 00:20:23.575664000,64,1.0,0.01,0.0001,3,3000,256,COMPLETE
47,0.43288000000000004,2025-06-09 08:29:50.921628,2025-06-09 09:23:08.983509,0 days 00:53:18.061881000,64,1.0,0.01,0.0001,3,3000,512,COMPLETE
48,0.35952,2025-06-09 09:23:08.996920,2025-06-09 10:12:28.716334,0 days 00:49:19.719414000,64,1.0,0.01,0.0001,3,3000,512,COMPLETE
49,0.3955000000000001,2025-06-09 10:12:28.729730,2025-06-09 11:01:48.682283,0 days 00:49:19.952553000,64,1.0,0.01,0.0001,3,3000,512,COMPLETE
50,0.28578000000000003,2025-06-09 11:01:48.695884,2025-06-09 11:51:13.029403,0 days 00:49:24.333519000,64,1.0,0.01,0.0001,3,3000,512,COMPLETE
51,0.42974000000000007,2025-06-09 11:51:13.043623,2025-06-09 12:44:34.530117,0 days 00:53:21.486494000,64,1.0,0.01,0.0001,3,3000,512,COMPLETE
52,0.43294,2025-06-09 12:44:34.544269,2025-06-09 13:38:02.551586,0 days 00:53:28.007317000,64,1.0,0.01,0.0001,3,3000,512,COMPLETE
53,0.41558,2025-06-09 13:38:02.565971,2025-06-09 14:31:31.450735,0 days 00:53:28.884764000,64,1.0,0.01,0.0001,3,3000,512,COMPLETE
54,0.29900000000000004,2025-06-09 14:31:31.465198,2025-06-09 15:24:53.112886,0 days 00:53:21.647688000,64,1.0,0.01,0.0001,3,3000,512,COMPLETE
55,0.34846000000000005,2025-06-09 15:24:53.127321,2025-06-09 16:18:17.577346,0 days 00:53:24.450025000,64,1.0,0.01,0.0001,3,3000,512,COMPLETE
56,0.33006,2025-06-09 16:18:17.592280,2025-06-09 17:11:38.012239,0 days 00:53:20.419959000,64,1.0,0.01,0.0001,3,3000,512,COMPLETE
57,0.23208,2025-06-09 17:11:38.028671,2025-06-09 18:05:04.273942,0 days 00:53:26.245271000,64,1.0,0.01,0.0001,15,3000,512,COMPLETE
58,0.20706000000000002,2025-06-09 18:05:04.289972,2025-06-09 18:56:57.526424,0 days 00:51:53.236452000,64,1.0,0.5,0.1,3,3000,512,COMPLETE
59,0.24204000000000003,2025-06-09 18:56:57.541950,2025-06-09 19:50:19.414951,0 days 00:53:21.873001000,64,1.0,1.0,0.0001,3,3000,512,COMPLETE
60,0.33544,2025-06-09 19:50:19.431397,2025-06-09 20:43:35.769389,0 days 00:53:16.337992000,64,1.0,0.01,0.0001,3,3000,512,COMPLETE
61,0.40856000000000003,2025-06-09 20:43:35.785512,2025-06-09 20:52:46.055131,0 days 00:09:10.269619000,64,1.0,0.01,0.0001,3,3000,128,COMPLETE
62,0.38552000000000003,2025-06-09 20:52:46.072578,2025-06-09 21:01:56.163175,0 days 00:09:10.090597000,64,1.0,0.01,0.0001,3,3000,128,COMPLETE
63,0.30756000000000006,2025-06-09 21:01:56.179324,2025-06-09 21:55:13.314404,0 days 00:53:17.135080000,64,1.0,0.01,0.0001,3,3000,512,COMPLETE
64,0.3635,2025-06-09 21:55:13.332461,2025-06-09 22:48:26.067239,0 days 00:53:12.734778000,64,1.0,0.01,0.0001,3,3000,512,COMPLETE
65,0.34140000000000004,2025-06-09 22:48:26.083711,2025-06-09 22:57:35.747974,0 days 00:09:09.664263000,64,0.1,0.01,0.0001,3,3000,128,COMPLETE
66,0.25252,2025-06-09 22:57:35.767406,2025-06-09 23:03:37.297717,0 days 00:06:01.530311000,64,1.0,0.01,0.0001,3,3000,64,COMPLETE
67,0.12278,2025-06-09 23:03:37.314859,2025-06-09 23:55:25.374407,0 days 00:51:48.059548000,64,1.0,1.0,0.1,15,3000,512,COMPLETE
68,0.25206,2025-06-09 23:55:25.391709,2025-06-10 01:26:55.549192,0 days 01:31:30.157483000,256,1.0,0.5,0.0001,3,3000,512,COMPLETE
69,0.42292,2025-06-10 01:26:55.566732,2025-06-10 01:36:05.085579,0 days 00:09:09.518847000,64,1.0,0.01,0.0001,3,3000,128,COMPLETE
70,0.39048000000000005,2025-06-10 01:36:05.103296,2025-06-10 01:45:14.721119,0 days 00:09:09.617823000,64,1.0,0.01,0.0001,3,3000,128,COMPLETE
71,0.41052000000000005,2025-06-10 01:45:14.738600,2025-06-10 01:54:25.071977,0 days 00:09:10.333377000,64,1.0,0.01,0.0001,3,3000,128,COMPLETE
72,0.44896,2025-06-10 01:54:25.090003,2025-06-10 02:03:34.682080,0 days 00:09:09.592077000,64,1.0,0.01,0.0001,3,3000,128,COMPLETE
73,0.42044000000000004,2025-06-10 02:03:34.700064,2025-06-10 02:12:44.654477,0 days 00:09:09.954413000,64,1.0,0.01,0.0001,3,3000,128,COMPLETE
74,0.42542,2025-06-10 02:12:44.673069,2025-06-10 02:21:54.157370,0 days 00:09:09.484301000,64,0.1,0.01,0.0001,3,3000,128,COMPLETE
75,0.28368000000000004,2025-06-10 02:21:54.176049,2025-06-10 02:31:03.105344,0 days 00:09:08.929295000,64,0.1,0.01,0.0001,3,3000,128,COMPLETE
76,0.2864,2025-06-10 02:31:03.124272,2025-06-10 02:40:12.157400,0 days 00:09:09.033128000,64,0.1,0.01,0.0001,3,3000,128,COMPLETE
77,0.29414,2025-06-10 02:40:12.175994,2025-06-10 02:49:22.136848,0 days 00:09:09.960854000,64,0.1,0.01,0.0001,3,3000,128,COMPLETE
78,0.08712,2025-06-10 02:49:22.155824,2025-06-10 03:14:46.253045,0 days 00:25:24.097221000,256,0.1,0.01,0.1,15,5000,128,COMPLETE
79,0.25232000000000004,2025-06-10 03:14:46.272377,2025-06-10 03:23:58.019560,0 days 00:09:11.747183000,64,0.1,1.0,0.0001,3,3000,128,COMPLETE
80,0.25094000000000005,2025-06-10 03:23:58.039259,2025-06-10 03:33:05.603600,0 days 00:09:07.564341000,64,1.0,0.5,0.0001,3,3000,128,COMPLETE
81,0.30194,2025-06-10 03:33:05.625581,2025-06-10 03:42:16.231287,0 days 00:09:10.605706000,64,1.0,0.01,0.0001,3,3000,128,COMPLETE
82,0.38988,2025-06-10 03:42:16.251126,2025-06-10 03:51:26.650809,0 days 00:09:10.399683000,64,1.0,0.01,0.0001,3,3000,128,COMPLETE
83,0.27318,2025-06-10 03:51:26.672187,2025-06-10 04:00:37.263727,0 days 00:09:10.591540000,64,1.0,0.01,0.0001,3,3000,128,COMPLETE
84,0.38168,2025-06-10 04:00:37.285098,2025-06-10 04:09:47.478991,0 days 00:09:10.193893000,64,1.0,0.01,0.0001,3,3000,128,COMPLETE
85,0.42644000000000004,2025-06-10 04:09:47.499517,2025-06-10 04:18:57.169322,0 days 00:09:09.669805000,64,1.0,0.01,0.0001,3,3000,128,COMPLETE
86,0.36978,2025-06-10 04:18:57.190049,2025-06-10 04:28:06.694418,0 days 00:09:09.504369000,64,1.0,0.01,0.0001,3,3000,128,COMPLETE
87,0.41136000000000006,2025-06-10 04:28:06.717641,2025-06-10 04:37:16.611862,0 days 00:09:09.894221000,64,1.0,0.01,0.0001,3,3000,128,COMPLETE
88,0.3921,2025-06-10 04:37:16.635548,2025-06-10 04:43:16.643072,0 days 00:06:00.007524000,64,1.0,0.01,0.0001,3,3000,64,COMPLETE
89,0.28848,2025-06-10 04:43:16.663877,2025-06-10 06:11:36.532594,0 days 01:28:19.868717000,64,0.1,0.01,0.0001,3,5000,512,COMPLETE
90,0.44064000000000003,2025-06-10 06:11:36.553663,2025-06-10 06:26:58.666286,0 days 00:15:22.112623000,256,1.0,0.01,0.0001,3,3000,128,COMPLETE
91,0.29788000000000003,2025-06-10 06:26:58.687508,2025-06-10 06:42:21.959859,0 days 00:15:23.272351000,256,1.0,0.01,0.0001,3,3000,128,COMPLETE
92,0.39628,2025-06-10 06:42:21.981489,2025-06-10 06:57:44.700657,0 days 00:15:22.719168000,256,1.0,0.01,0.0001,3,3000,128,COMPLETE
93,0.28634000000000004,2025-06-10 06:57:44.722753,2025-06-10 07:13:08.549066,0 days 00:15:23.826313000,256,1.0,0.01,0.0001,3,3000,128,COMPLETE
94,0.29734000000000005,2025-06-10 07:13:08.571148,2025-06-10 07:28:32.328247,0 days 00:15:23.757099000,256,1.0,0.01,0.0001,3,3000,128,COMPLETE
95,0.26652000000000003,2025-06-10 07:28:32.350259,2025-06-10 08:21:40.798130,0 days 00:53:08.447871000,64,1.0,0.01,0.001,10,3000,512,COMPLETE
96,0.26074,2025-06-10 08:21:40.820511,2025-06-10 08:24:19.669721,0 days 00:02:38.849210000,256,1.0,0.01,0.0001,3,500,128,COMPLETE
97,0.20706000000000002,2025-06-10 08:24:19.692686,2025-06-10 09:12:07.950696,0 days 00:47:48.258010000,64,1.0,0.01,0.1,3,3000,512,COMPLETE
98,0.24834,2025-06-10 09:12:07.973349,2025-06-10 09:21:18.372742,0 days 00:09:10.399393000,64,1.0,0.01,0.0001,15,3000,128,COMPLETE
99,0.24556,2025-06-10 09:21:18.395583,2025-06-10 10:14:41.519172,0 days 00:53:23.123589000,64,1.0,0.5,0.0001,3,3000,512,COMPLETE
100,0.2579,2025-06-10 10:14:41.542223,2025-06-10 10:23:52.216010,0 days 00:09:10.673787000,64,1.0,1.0,0.0001,3,3000,128,COMPLETE
101,0.41666000000000003,2025-06-10 10:23:52.239073,2025-06-10 10:33:02.140415,0 days 00:09:09.901342000,64,1.0,0.01,0.0001,3,3000,128,COMPLETE
102,0.38456,2025-06-10 10:33:02.163725,2025-06-10 10:41:34.245574,0 days 00:08:32.081849000,64,1.0,0.01,0.0001,3,3000,128,COMPLETE
103,0.42288,2025-06-10 10:41:34.269310,2025-06-10 10:50:44.123818,0 days 00:09:09.854508000,64,1.0,0.01,0.0001,3,3000,128,COMPLETE
104,0.27994,2025-06-10 10:50:44.147877,2025-06-10 10:59:55.605399,0 days 00:09:11.457522000,64,1.0,0.01,0.0001,3,3000,128,COMPLETE
105,0.26446000000000003,2025-06-10 10:59:55.629605,2025-06-10 11:09:06.558268,0 days 00:09:10.928663000,64,1.0,0.01,0.0001,3,3000,128,COMPLETE
106,0.27934000000000003,2025-06-10 11:09:06.584227,2025-06-10 11:24:30.796747,0 days 00:15:24.212520000,128,1.0,0.01,0.0001,3,3000,128,COMPLETE
107,0.37018,2025-06-10 11:24:30.821218,2025-06-10 11:33:40.237566,0 days 00:09:09.416348000,64,1.0,0.01,0.0001,3,3000,128,COMPLETE
108,0.27232,2025-06-10 11:33:40.262378,2025-06-10 11:36:18.790028,0 days 00:02:38.527650000,256,0.1,0.01,0.0001,3,500,128,COMPLETE
109,0.25438,2025-06-10 11:36:18.814905,2025-06-10 11:42:17.602669,0 days 00:05:58.787764000,64,1.0,0.01,0.001,10,3000,64,COMPLETE
110,0.30382,2025-06-10 11:42:17.629160,2025-06-10 11:57:26.295290,0 days 00:15:08.666130000,64,1.0,0.01,0.0001,3,5000,128,COMPLETE
111,0.29758,2025-06-10 11:57:26.322392,2025-06-10 12:50:35.465705,0 days 00:53:09.143313000,64,1.0,0.01,0.0001,3,3000,512,COMPLETE
112,0.31608,2025-06-10 12:50:35.491216,2025-06-10 13:43:51.558110,0 days 00:53:16.066894000,64,1.0,0.01,0.0001,3,3000,512,COMPLETE
113,0.27464000000000005,2025-06-10 13:43:51.584598,2025-06-10 13:52:58.218908,0 days 00:09:06.634310000,64,1.0,0.01,0.0001,3,3000,128,COMPLETE
114,0.27790000000000004,2025-06-10 13:52:58.244820,2025-06-10 14:02:08.996936,0 days 00:09:10.752116000,64,1.0,0.01,0.0001,3,3000,128,COMPLETE
115,0.31326000000000004,2025-06-10 14:02:09.022894,2025-06-10 14:55:19.679991,0 days 00:53:10.657097000,64,1.0,0.01,0.0001,3,3000,512,COMPLETE
116,0.31244,2025-06-10 14:55:19.706075,2025-06-10 15:04:25.316716,0 days 00:09:05.610641000,64,0.5,0.01,0.0001,3,3000,128,COMPLETE
117,0.18064000000000002,2025-06-10 15:04:25.344110,2025-06-10 15:57:37.750162,0 days 00:53:12.406052000,64,0.1,0.01,0.0001,3,3000,512,COMPLETE
118,0.08712,2025-06-10 15:57:37.777029,2025-06-10 16:06:44.208315,0 days 00:09:06.431286000,64,1.0,0.01,0.1,3,3000,128,COMPLETE
119,0.20552,2025-06-10 16:06:44.235432,2025-06-10 16:15:52.800044,0 days 00:09:08.564612000,64,1.0,1.0,0.0001,15,3000,128,COMPLETE
120,0.2379,2025-06-10 16:15:52.830845,2025-06-10 17:47:13.102949,0 days 01:31:20.272104000,128,1.0,0.5,0.0001,3,3000,512,COMPLETE
121,0.45358,2025-06-10 17:47:13.130387,2025-06-10 17:56:22.233185,0 days 00:09:09.102798000,64,1.0,0.01,0.0001,3,3000,128,COMPLETE
122,0.34856000000000004,2025-06-10 17:56:22.260730,2025-06-10 18:05:31.247265,0 days 00:09:08.986535000,64,1.0,0.01,0.0001,3,3000,128,COMPLETE
123,0.40794,2025-06-10 18:05:31.274508,2025-06-10 18:14:40.599229,0 days 00:09:09.324721000,64,1.0,0.01,0.0001,3,3000,128,COMPLETE
124,0.39038000000000006,2025-06-10 18:14:40.626985,2025-06-10 18:23:49.665381,0 days 00:09:09.038396000,64,1.0,0.01,0.0001,3,3000,128,COMPLETE
125,0.27476,2025-06-10 18:23:49.693532,2025-06-10 18:32:58.809513,0 days 00:09:09.115981000,64,1.0,0.01,0.0001,3,3000,128,COMPLETE
126,0.41114,2025-06-10 18:32:58.837787,2025-06-10 18:42:08.468024,0 days 00:09:09.630237000,64,1.0,0.01,0.0001,3,3000,128,COMPLETE
127,0.24668,2025-06-10 18:42:08.496704,2025-06-10 18:51:27.018561,0 days 00:09:18.521857000,256,1.0,0.01,0.0001,3,3000,64,COMPLETE
128,0.46798000000000006,2025-06-10 18:51:27.047466,2025-06-10 19:40:38.404392,0 days 00:49:11.356926000,64,0.1,0.01,0.0001,3,3000,512,COMPLETE
129,0.43052,2025-06-10 19:40:38.433454,2025-06-10 19:49:43.490561,0 days 00:09:05.057107000,64,0.1,0.01,0.0001,3,3000,128,COMPLETE
130,0.1774,2025-06-10 19:49:43.519417,2025-06-10 21:10:10.760494,0 days 01:20:27.241077000,64,0.1,0.01,0.0001,3,5000,512,COMPLETE
131,0.3017,2025-06-10 21:10:10.789320,2025-06-10 21:18:42.412750,0 days 00:08:31.623430000,64,0.1,0.01,0.0001,3,3000,128,COMPLETE
132,0.2786,2025-06-10 21:18:42.442015,2025-06-10 21:27:51.177480,0 days 00:09:08.735465000,64,0.1,0.01,0.0001,3,3000,128,COMPLETE
133,0.32948000000000005,2025-06-10 21:27:51.206407,2025-06-10 21:37:00.481128,0 days 00:09:09.274721000,64,0.1,0.01,0.0001,3,3000,128,COMPLETE
134,0.30232000000000003,2025-06-10 21:37:00.511619,2025-06-10 21:46:05.697649,0 days 00:09:05.186030000,64,0.1,0.01,0.0001,3,3000,128,COMPLETE
135,0.34042,2025-06-10 21:46:05.727227,2025-06-10 21:55:14.125361,0 days 00:09:08.398134000,64,0.1,0.01,0.0001,3,3000,128,COMPLETE
136,0.20624000000000003,2025-06-10 21:55:14.155591,2025-06-10 21:56:50.196785,0 days 00:01:36.041194000,64,0.1,0.01,0.001,10,500,128,COMPLETE
137,0.2828,2025-06-10 21:56:50.226641,2025-06-10 22:05:59.130618,0 days 00:09:08.903977000,64,0.1,0.01,0.0001,3,3000,128,COMPLETE
138,0.20606000000000002,2025-06-10 22:05:59.160892,2025-06-10 22:58:41.190711,0 days 00:52:42.029819000,64,0.1,0.1,0.0001,3,3000,512,COMPLETE
139,0.31157999999999997,2025-06-10 22:58:41.254946,2025-06-10 23:14:02.926740,0 days 00:15:21.671794000,256,0.01,0.01,0.0001,3,3000,128,COMPLETE
140,0.08712,2025-06-10 23:14:02.957298,2025-06-10 23:23:09.109262,0 days 00:09:06.151964000,64,0.1,0.01,0.1,3,3000,128,COMPLETE
141,0.29036,2025-06-10 23:23:09.140120,2025-06-11 00:16:14.827071,0 days 00:53:05.686951000,64,1.0,0.01,0.0001,3,3000,512,COMPLETE
142,0.31484,2025-06-11 00:16:14.857868,2025-06-11 01:09:22.473356,0 days 00:53:07.615488000,64,1.0,0.01,0.0001,3,3000,512,COMPLETE
143,0.33940000000000003,2025-06-11 01:09:22.504405,2025-06-11 02:02:28.599561,0 days 00:53:06.095156000,64,1.0,0.01,0.0001,3,3000,512,COMPLETE
144,0.34342,2025-06-11 02:02:28.630815,2025-06-11 02:55:33.177171,0 days 00:53:04.546356000,64,1.0,0.01,0.0001,3,3000,512,COMPLETE
145,0.36484,2025-06-11 02:55:33.208886,2025-06-11 03:48:41.518331,0 days 00:53:08.309445000,64,0.5,0.01,0.0001,3,3000,512,COMPLETE
146,0.37526000000000004,2025-06-11 03:48:41.550475,2025-06-11 03:57:51.195050,0 days 00:09:09.644575000,64,1.0,0.01,0.0001,3,3000,128,COMPLETE
147,0.3440000000000001,2025-06-11 03:57:51.227217,2025-06-11 04:51:00.248652,0 days 00:53:09.021435000,64,1.0,0.01,0.0001,3,3000,512,COMPLETE
148,0.22668,2025-06-11 04:51:00.281464,2025-06-11 05:00:07.176534,0 days 00:09:06.895070000,64,1.0,0.5,0.0001,3,3000,128,COMPLETE
149,0.21148,2025-06-11 05:00:07.209379,2025-06-11 05:13:46.146820,0 days 00:13:38.937441000,128,1.0,1.0,0.0001,15,3000,128,COMPLETE
150,0.30848000000000003,2025-06-11 05:13:46.179422,2025-06-11 06:06:48.955050,0 days 00:53:02.775628000,64,1.0,0.01,0.0001,3,3000,512,COMPLETE
