number,value,datetime_start,datetime_complete,duration,params_compile_batch_size,params_compile_beta_b,params_compile_beta_z,params_compile_lr,params_compile_prior_rate,params_compile_train_steps,params_hidden_size,state
0,0.2805,2025-07-11 10:00:06.143318,2025-07-11 10:00:50.545024,0 days 00:00:44.401706000,128,0.1,0.01,0.1,15,500,64,COMPLETE
1,0.37568,2025-07-11 10:00:50.550779,2025-07-11 10:04:28.419352,0 days 00:03:37.868573000,128,1.0,0.1,0.001,15,3000,64,COMPLETE
2,0.37357999999999997,2025-07-11 10:04:28.424109,2025-07-11 10:05:42.650770,0 days 00:01:14.226661000,256,0.1,0.5,0.001,3,500,64,COMPLETE
3,0.3204,2025-07-11 10:05:42.656194,2025-07-11 10:18:49.524821,0 days 00:13:06.868627000,256,0.5,0.1,0.1,10,5000,64,COMPLETE
4,0.3746,2025-07-11 10:18:49.529841,2025-07-11 10:29:13.859535,0 days 00:10:24.329694000,128,1.0,0.01,0.001,10,5000,128,COMPLETE
5,0.35472000000000004,2025-07-11 10:29:13.864824,2025-07-11 12:30:10.496826,0 days 02:00:56.632002000,256,1.0,0.01,0.0001,3,5000,512,COMPLETE
6,0.2805,2025-07-11 12:30:10.502458,2025-07-11 12:31:20.349117,0 days 00:01:09.846659000,128,0.01,0.01,0.1,10,500,128,COMPLETE
7,0.3633,2025-07-11 12:31:20.355295,2025-07-11 13:29:11.992603,0 days 00:57:51.637308000,128,0.5,1.0,0.0001,3,5000,512,COMPLETE
8,0.2805,2025-07-11 13:29:11.998521,2025-07-11 13:47:56.756092,0 days 00:18:44.757571000,64,1.0,0.5,0.001,15,3000,512,COMPLETE
9,0.39494,2025-07-11 13:47:56.762179,2025-07-11 14:07:29.637557,0 days 00:19:32.875378000,64,0.01,0.01,0.001,3,3000,512,COMPLETE
10,0.34748,2025-07-11 14:07:29.643788,2025-07-11 14:15:21.556785,0 days 00:07:51.912997000,64,0.01,1.0,0.001,3,3000,256,COMPLETE
11,0.36212000000000005,2025-07-11 14:15:21.563369,2025-07-11 14:23:12.606557,0 days 00:07:51.043188000,64,0.01,0.1,0.001,15,3000,256,COMPLETE
12,0.32338,2025-07-11 14:23:12.613130,2025-07-11 14:42:14.753265,0 days 00:19:02.140135000,64,1.0,0.1,0.001,15,3000,512,COMPLETE
13,0.43710000000000004,2025-07-11 14:42:14.760062,2025-07-11 14:46:13.304618,0 days 00:03:58.544556000,128,0.01,0.1,0.001,3,3000,64,COMPLETE
14,0.39516,2025-07-11 14:46:13.311688,2025-07-11 14:48:39.562843,0 days 00:02:26.251155000,64,0.01,0.01,0.001,3,3000,64,COMPLETE
15,0.42726,2025-07-11 14:48:39.570084,2025-07-11 14:52:46.939423,0 days 00:04:07.369339000,128,0.01,0.1,0.0001,3,3000,64,COMPLETE
16,0.42586,2025-07-11 14:52:46.946923,2025-07-11 14:56:54.376381,0 days 00:04:07.429458000,128,0.01,0.1,0.0001,3,3000,64,COMPLETE
17,0.42978000000000005,2025-07-11 14:56:54.383940,2025-07-11 15:01:01.030802,0 days 00:04:06.646862000,128,0.01,0.1,0.0001,3,3000,64,COMPLETE
18,0.4305,2025-07-11 15:01:01.038662,2025-07-11 15:05:07.578456,0 days 00:04:06.539794000,128,0.01,0.1,0.0001,3,3000,64,COMPLETE
19,0.39802000000000004,2025-07-11 15:05:07.586480,2025-07-11 15:07:35.972976,0 days 00:02:28.386496000,128,0.5,0.1,0.0001,3,500,256,COMPLETE
20,0.31688,2025-07-11 15:07:35.981235,2025-07-11 15:13:48.346462,0 days 00:06:12.365227000,128,0.1,0.5,0.0001,10,3000,128,COMPLETE
21,0.44816000000000006,2025-07-11 15:13:48.354822,2025-07-11 15:17:54.273572,0 days 00:04:05.918750000,128,0.01,0.1,0.0001,3,3000,64,COMPLETE
22,0.39926,2025-07-11 15:17:54.282093,2025-07-11 15:22:00.514535,0 days 00:04:06.232442000,128,0.01,0.1,0.0001,3,3000,64,COMPLETE
23,0.42056000000000004,2025-07-11 15:22:00.523245,2025-07-11 15:26:08.389117,0 days 00:04:07.865872000,128,0.01,0.1,0.0001,3,3000,64,COMPLETE
24,0.43422000000000005,2025-07-11 15:26:08.398022,2025-07-11 15:30:14.695089,0 days 00:04:06.297067000,128,0.01,1.0,0.0001,3,3000,64,COMPLETE
25,0.34792,2025-07-11 15:30:14.704082,2025-07-11 15:37:59.327863,0 days 00:07:44.623781000,256,0.01,1.0,0.1,3,3000,64,COMPLETE
26,0.44134,2025-07-11 15:37:59.337083,2025-07-11 15:42:06.568308,0 days 00:04:07.231225000,128,0.01,1.0,0.0001,3,3000,64,COMPLETE
27,0.45066000000000006,2025-07-11 15:42:06.577834,2025-07-11 15:48:51.347703,0 days 00:06:44.769869000,128,0.01,1.0,0.0001,3,5000,64,COMPLETE
28,0.41096,2025-07-11 15:48:51.357362,2025-07-11 15:59:13.896272,0 days 00:10:22.538910000,128,0.1,1.0,0.0001,3,5000,128,COMPLETE
29,0.2805,2025-07-11 15:59:13.906050,2025-07-11 16:05:57.617274,0 days 00:06:43.711224000,128,0.5,1.0,0.0001,10,5000,64,COMPLETE
30,0.29266,2025-07-11 16:05:57.627214,2025-07-11 16:52:44.875021,0 days 00:46:47.247807000,256,0.1,1.0,0.1,15,5000,256,COMPLETE
31,0.37836000000000003,2025-07-11 16:52:44.885283,2025-07-11 16:53:33.570883,0 days 00:00:48.685600000,128,0.01,1.0,0.0001,3,500,64,COMPLETE
32,0.45186000000000004,2025-07-11 16:53:33.581678,2025-07-11 17:00:17.897583,0 days 00:06:44.315905000,128,0.01,1.0,0.0001,3,5000,64,COMPLETE
33,0.40742,2025-07-11 17:00:17.908325,2025-07-11 17:07:02.934369,0 days 00:06:45.026044000,128,0.01,1.0,0.0001,3,5000,64,COMPLETE
34,0.44968,2025-07-11 17:07:02.945194,2025-07-11 17:13:34.216706,0 days 00:06:31.271512000,128,0.01,1.0,0.0001,3,5000,64,COMPLETE
35,0.45184,2025-07-11 17:13:34.228014,2025-07-11 17:20:18.318797,0 days 00:06:44.090783000,128,0.01,1.0,0.0001,3,5000,64,COMPLETE
36,0.44804000000000005,2025-07-11 17:20:18.330072,2025-07-11 17:32:50.422533,0 days 00:12:32.092461000,256,0.1,1.0,0.0001,3,5000,64,COMPLETE
37,0.2805,2025-07-11 17:32:50.433686,2025-07-11 17:39:32.710305,0 days 00:06:42.276619000,128,0.01,1.0,0.1,10,5000,64,COMPLETE
38,0.39840000000000003,2025-07-11 17:39:32.721679,2025-07-11 17:49:57.402933,0 days 00:10:24.681254000,128,0.5,1.0,0.0001,15,5000,128,COMPLETE
39,0.44098000000000004,2025-07-11 17:49:57.414609,2025-07-11 17:56:41.815681,0 days 00:06:44.401072000,128,1.0,0.5,0.0001,3,5000,64,COMPLETE
40,0.28032,2025-07-11 17:56:41.827718,2025-07-11 18:09:51.557704,0 days 00:13:09.729986000,256,0.01,1.0,0.0001,10,5000,64,COMPLETE
41,0.43314,2025-07-11 18:09:51.569581,2025-07-11 18:16:35.645905,0 days 00:06:44.076324000,128,0.01,1.0,0.0001,3,5000,64,COMPLETE
42,0.38964,2025-07-11 18:16:35.658164,2025-07-11 18:23:17.774383,0 days 00:06:42.116219000,128,0.01,1.0,0.0001,3,5000,64,COMPLETE
43,0.44240000000000007,2025-07-11 18:23:17.786679,2025-07-11 18:30:02.471345,0 days 00:06:44.684666000,128,0.01,1.0,0.0001,3,5000,64,COMPLETE
44,0.39211999999999997,2025-07-11 18:30:02.483856,2025-07-11 19:27:52.857077,0 days 00:57:50.373221000,128,0.01,0.5,0.0001,3,5000,512,COMPLETE
45,0.2805,2025-07-11 19:27:52.870128,2025-07-11 19:28:40.993595,0 days 00:00:48.123467000,128,1.0,0.01,0.1,3,500,64,COMPLETE
46,0.38974,2025-07-11 19:28:41.006606,2025-07-11 19:52:00.318664,0 days 00:23:19.312058000,128,0.01,1.0,0.0001,3,5000,256,COMPLETE
47,0.29466000000000003,2025-07-11 19:52:00.331697,2025-07-11 19:55:56.042997,0 days 00:03:55.711300000,64,0.01,1.0,0.0001,15,5000,64,COMPLETE
48,0.4125000000000001,2025-07-11 19:55:56.056348,2025-07-11 20:05:59.878506,0 days 00:10:03.822158000,128,0.5,0.01,0.0001,3,5000,128,COMPLETE
49,0.36538000000000004,2025-07-11 20:05:59.892200,2025-07-11 21:04:07.104593,0 days 00:58:07.212393000,128,0.01,1.0,0.0001,3,5000,512,COMPLETE
