number,value,datetime_start,datetime_complete,duration,params_hidden_size,params_il_batch_size,params_il_clip,params_il_lr,params_il_recurrence,params_il_train_steps,params_nb_slots,state
0,0.18820000000000003,2025-07-21 23:52:47.380017,2025-07-21 23:57:04.584478,0 days 00:04:17.204461000,64,128,0.3,0.1,10,500,4,COMPLETE
1,0.18794,2025-07-21 23:57:04.590233,2025-07-22 00:19:48.013222,0 days 00:22:43.422989000,64,128,0.1,0.0001,30,5000,2,COMPLETE
2,0.18794,2025-07-22 00:19:48.018359,2025-07-22 00:59:26.110843,0 days 00:39:38.092484000,64,128,0.8,1e-05,20,5000,4,COMPLETE
3,0.18794,2025-07-22 00:59:26.116080,2025-07-22 01:17:34.698673,0 days 00:18:08.582593000,256,64,0.1,1e-05,30,1000,3,COMPLETE
4,0.18794,2025-07-22 01:17:34.703762,2025-07-22 01:42:44.680370,0 days 00:25:09.976608000,128,64,0.1,1e-05,30,5000,2,COMPLETE
5,0.25024,2025-07-22 01:42:44.686067,2025-07-22 01:55:20.860027,0 days 00:12:36.173960000,256,64,0.1,0.0001,30,1000,2,COMPLETE
6,0.19590000000000002,2025-07-22 01:55:20.865534,2025-07-22 01:57:06.058036,0 days 00:01:45.192502000,64,64,0.2,1e-05,30,500,2,COMPLETE
7,0.18794,2025-07-22 01:57:06.064041,2025-07-22 02:09:13.442361,0 days 00:12:07.378320000,256,64,0.1,0.1,40,500,5,COMPLETE
8,0.19332000000000002,2025-07-22 02:09:13.448311,2025-07-22 02:10:11.737770,0 days 00:00:58.289459000,64,64,0.2,1e-05,10,250,2,COMPLETE
9,0.40658,2025-07-22 02:10:11.743978,2025-07-22 02:14:20.878682,0 days 00:04:09.134704000,128,128,0.1,0.001,40,250,4,COMPLETE
10,0.39596000000000003,2025-07-22 02:14:20.885388,2025-07-22 02:18:30.184893,0 days 00:04:09.299505000,128,128,0.3,0.001,40,250,4,COMPLETE
11,0.39596000000000003,2025-07-22 02:18:30.191252,2025-07-22 02:22:37.701864,0 days 00:04:07.510612000,128,128,0.3,0.001,40,250,4,COMPLETE
12,0.39596000000000003,2025-07-22 02:22:37.708485,2025-07-22 02:26:46.266376,0 days 00:04:08.557891000,128,128,0.3,0.001,40,250,4,COMPLETE
13,0.45192000000000004,2025-07-22 02:26:46.273267,2025-07-22 03:12:40.279183,0 days 00:45:54.005916000,128,128,0.8,0.001,40,3000,4,COMPLETE
14,0.31048000000000003,2025-07-22 03:12:40.286064,2025-07-22 03:48:50.362938,0 days 00:36:10.076874000,128,128,0.8,0.001,40,3000,3,COMPLETE
15,0.32046,2025-07-22 03:48:50.370031,2025-07-22 04:45:18.918757,0 days 00:56:28.548726000,128,128,0.8,0.001,20,3000,5,COMPLETE
16,0.45192000000000004,2025-07-22 04:45:18.926112,2025-07-22 05:31:25.489157,0 days 00:46:06.563045000,128,128,0.8,0.001,40,3000,4,COMPLETE
17,0.45192000000000004,2025-07-22 05:31:25.496685,2025-07-22 06:17:21.293049,0 days 00:45:55.796364000,128,128,0.8,0.001,40,3000,4,COMPLETE
18,0.45192000000000004,2025-07-22 06:17:21.300735,2025-07-22 07:03:26.645071,0 days 00:46:05.344336000,128,128,0.8,0.001,40,3000,4,COMPLETE
19,0.18794,2025-07-22 07:03:26.652946,2025-07-22 07:39:26.482082,0 days 00:35:59.829136000,128,128,0.8,0.0001,10,3000,3,COMPLETE
20,0.18794,2025-07-22 07:39:26.490975,2025-07-22 09:32:31.850734,0 days 01:53:05.359759000,256,128,0.8,0.1,20,3000,5,COMPLETE
21,0.45192000000000004,2025-07-22 09:32:31.859037,2025-07-22 10:18:26.842407,0 days 00:45:54.983370000,128,128,0.8,0.001,40,3000,4,COMPLETE
22,0.45192000000000004,2025-07-22 10:18:26.850941,2025-07-22 11:04:26.257223,0 days 00:45:59.406282000,128,128,0.8,0.001,40,3000,4,COMPLETE
23,0.45192000000000004,2025-07-22 11:04:26.265790,2025-07-22 11:50:36.307939,0 days 00:46:10.042149000,128,128,0.8,0.001,40,3000,4,COMPLETE
24,0.45192000000000004,2025-07-22 11:50:36.316661,2025-07-22 12:36:41.950098,0 days 00:46:05.633437000,128,128,0.8,0.001,40,3000,4,COMPLETE
25,0.4952000000000001,2025-07-22 12:36:41.959123,2025-07-22 13:22:44.052301,0 days 00:46:02.093178000,128,128,0.2,0.001,40,3000,4,COMPLETE
26,0.47226,2025-07-22 13:22:44.062061,2025-07-22 13:38:12.295523,0 days 00:15:28.233462000,128,128,0.2,0.001,40,1000,4,COMPLETE
27,0.47226,2025-07-22 13:38:12.304946,2025-07-22 13:53:43.260584,0 days 00:15:30.955638000,128,128,0.2,0.001,40,1000,4,COMPLETE
28,0.18794,2025-07-22 13:53:43.270202,2025-07-22 14:05:49.516759,0 days 00:12:06.246557000,128,128,0.2,0.0001,10,1000,3,COMPLETE
29,0.18794,2025-07-22 14:05:49.526602,2025-07-22 14:35:15.515377,0 days 00:29:25.988775000,256,128,0.2,0.1,20,1000,4,COMPLETE
30,0.18794,2025-07-22 14:35:15.525341,2025-07-22 14:45:46.550077,0 days 00:10:31.024736000,64,128,0.2,0.1,10,1000,5,COMPLETE
31,0.47226,2025-07-22 14:45:46.560196,2025-07-22 15:01:25.002893,0 days 00:15:38.442697000,128,128,0.2,0.001,40,1000,4,COMPLETE
32,0.47226,2025-07-22 15:01:25.013271,2025-07-22 15:16:59.654480,0 days 00:15:34.641209000,128,128,0.2,0.001,40,1000,4,COMPLETE
33,0.47226,2025-07-22 15:16:59.665188,2025-07-22 15:32:38.295098,0 days 00:15:38.629910000,128,128,0.2,0.001,40,1000,4,COMPLETE
34,0.47226,2025-07-22 15:32:38.305849,2025-07-22 15:48:07.741522,0 days 00:15:29.435673000,128,128,0.2,0.001,40,1000,4,COMPLETE
35,0.31374,2025-07-22 15:48:07.752509,2025-07-22 15:56:13.449185,0 days 00:08:05.696676000,64,128,0.2,0.001,40,1000,4,COMPLETE
36,0.19835999999999998,2025-07-22 15:56:13.461529,2025-07-22 16:43:31.158741,0 days 00:47:17.697212000,128,64,0.2,0.0001,30,5000,4,COMPLETE
37,0.18794,2025-07-22 16:43:31.170000,2025-07-22 17:04:37.631840,0 days 00:21:06.461840000,256,128,0.2,1e-05,20,1000,2,COMPLETE
38,0.29744000000000004,2025-07-22 17:04:37.643265,2025-07-22 17:06:57.599750,0 days 00:02:19.956485000,64,64,0.2,0.001,40,500,3,COMPLETE
39,0.18794,2025-07-22 17:06:57.612646,2025-07-22 17:22:29.716373,0 days 00:15:32.103727000,128,128,0.2,1e-05,30,1000,4,COMPLETE
40,0.20584000000000002,2025-07-22 17:22:29.728225,2025-07-22 17:47:42.018174,0 days 00:25:12.289949000,128,64,0.2,0.0001,40,5000,2,COMPLETE
41,0.47226,2025-07-22 17:47:42.031207,2025-07-22 18:03:13.393769,0 days 00:15:31.362562000,128,128,0.2,0.001,40,1000,4,COMPLETE
42,0.47226,2025-07-22 18:03:13.405836,2025-07-22 18:18:50.954097,0 days 00:15:37.548261000,128,128,0.2,0.001,40,1000,4,COMPLETE
43,0.47226,2025-07-22 18:18:50.966474,2025-07-22 18:34:21.362382,0 days 00:15:30.395908000,128,128,0.2,0.001,40,1000,4,COMPLETE
44,0.47226,2025-07-22 18:34:21.374895,2025-07-22 18:49:56.732473,0 days 00:15:35.357578000,128,128,0.2,0.001,40,1000,4,COMPLETE
45,0.28704,2025-07-22 18:49:56.745166,2025-07-22 19:10:16.842172,0 days 00:20:20.097006000,256,128,0.1,0.001,40,500,4,COMPLETE
46,0.33334,2025-07-22 19:10:16.855097,2025-07-22 19:22:15.944752,0 days 00:11:59.089655000,128,64,0.2,0.001,30,1000,5,COMPLETE
47,0.18794,2025-07-22 19:22:15.957847,2025-07-22 19:30:36.364068,0 days 00:08:20.406221000,64,128,0.3,0.1,40,1000,4,COMPLETE
48,0.18794,2025-07-22 19:30:36.377405,2025-07-22 20:11:57.491583,0 days 00:41:21.114178000,128,128,0.2,1e-05,10,5000,2,COMPLETE
49,0.44792000000000004,2025-07-22 20:11:57.506372,2025-07-22 20:27:28.301839,0 days 00:15:30.795467000,128,128,0.1,0.001,40,1000,4,COMPLETE
50,0.41108,2025-07-22 20:27:28.316061,2025-07-22 20:31:35.940069,0 days 00:04:07.624008000,128,128,0.2,0.001,40,250,4,COMPLETE
51,0.47226,2025-07-22 20:31:35.953917,2025-07-22 20:47:07.748828,0 days 00:15:31.794911000,128,128,0.2,0.001,40,1000,4,COMPLETE
52,0.47226,2025-07-22 20:47:07.762855,2025-07-22 21:02:39.494147,0 days 00:15:31.731292000,128,128,0.2,0.001,40,1000,4,COMPLETE
53,0.47226,2025-07-22 21:02:39.508424,2025-07-22 21:18:12.514718,0 days 00:15:33.006294000,128,128,0.2,0.001,40,1000,4,COMPLETE
54,0.4477,2025-07-22 21:18:12.529229,2025-07-22 21:33:40.903127,0 days 00:15:28.373898000,128,128,0.3,0.001,40,1000,4,COMPLETE
55,0.46543999999999996,2025-07-22 21:33:40.918077,2025-07-22 21:41:36.391696,0 days 00:07:55.473619000,128,128,0.2,0.001,40,500,4,COMPLETE
56,0.29306000000000004,2025-07-22 21:41:36.406673,2025-07-22 21:53:50.143261,0 days 00:12:13.736588000,128,128,0.2,0.001,20,1000,3,COMPLETE
57,0.29838000000000003,2025-07-22 21:53:50.158368,2025-07-22 22:03:30.039740,0 days 00:09:39.881372000,128,64,0.2,0.001,40,1000,4,COMPLETE
58,0.2681,2025-07-22 22:03:30.054794,2025-07-22 22:16:44.441287,0 days 00:13:14.386493000,256,128,0.1,0.001,40,250,5,COMPLETE
59,0.19146000000000002,2025-07-22 22:16:44.456898,2025-07-22 22:32:17.918839,0 days 00:15:33.461941000,128,128,0.2,0.0001,30,1000,4,COMPLETE
