number,value,datetime_start,datetime_complete,duration,params_compile_batch_size,params_compile_beta_b,params_compile_beta_z,params_compile_lr,params_compile_prior_rate,params_compile_train_steps,params_hidden_size,state
0,-inf,2025-07-06 16:50:20.300970,2025-07-06 16:50:24.126479,0 days 00:00:03.825509000,256,0.1,0.01,0.0001,3,3000,512,COMPLETE
1,0.11420000000000001,2025-07-06 16:50:24.132273,2025-07-06 16:57:16.817590,0 days 00:06:52.685317000,64,0.1,0.01,0.1,10,3000,64,COMPLETE
2,0.11678000000000001,2025-07-06 16:57:16.822321,2025-07-06 17:08:04.894207,0 days 00:10:48.071886000,64,1.0,0.1,0.1,10,3000,128,COMPLETE
3,0.2272,2025-07-06 17:08:04.899153,2025-07-06 17:19:42.300099,0 days 00:11:37.400946000,128,1.0,1.0,0.0001,15,3000,64,COMPLETE
4,0.27116,2025-07-06 17:19:42.305261,2025-07-06 19:57:11.842759,0 days 02:37:29.537498000,256,0.1,0.01,0.0001,15,5000,256,COMPLETE
5,0.15614,2025-07-06 19:57:11.848049,2025-07-06 20:00:33.175619,0 days 00:03:21.327570000,128,0.01,1.0,0.0001,15,500,128,COMPLETE
6,0.2827,2025-07-06 20:00:33.181183,2025-07-06 20:12:14.704272,0 days 00:11:41.523089000,128,0.01,0.1,0.0001,10,3000,64,COMPLETE
7,-inf,2025-07-06 20:12:14.709929,2025-07-06 20:12:18.403408,0 days 00:00:03.693479000,256,0.1,0.5,0.0001,3,3000,512,COMPLETE
8,-inf,2025-07-06 20:12:18.409448,2025-07-06 20:25:07.080545,0 days 00:12:48.671097000,64,1.0,0.01,0.1,15,500,512,COMPLETE
9,0.18926,2025-07-06 20:25:07.086606,2025-07-06 21:42:50.823478,0 days 01:17:43.736872000,64,0.1,0.1,0.001,10,3000,512,COMPLETE
10,0.21214000000000002,2025-07-06 21:42:50.829648,2025-07-06 22:02:02.186612,0 days 00:19:11.356964000,128,0.01,0.1,0.001,10,5000,64,COMPLETE
11,0.2484,2025-07-06 22:02:02.193001,2025-07-07 00:38:55.501993,0 days 02:36:53.308992000,256,0.5,0.5,0.0001,15,5000,256,COMPLETE
12,0.21488000000000002,2025-07-07 00:38:55.508640,2025-07-07 01:54:21.497104,0 days 01:15:25.988464000,128,0.01,0.1,0.0001,15,5000,256,COMPLETE
13,0.27772,2025-07-07 01:54:21.503955,2025-07-07 04:31:39.627640,0 days 02:37:18.123685000,256,0.5,0.01,0.0001,10,5000,256,COMPLETE
14,0.27908,2025-07-07 04:31:39.634665,2025-07-07 07:08:09.156491,0 days 02:36:29.521826000,256,0.5,0.01,0.0001,10,5000,256,COMPLETE
15,0.29096,2025-07-07 07:08:09.163659,2025-07-07 07:10:20.843333,0 days 00:02:11.679674000,128,0.5,0.1,0.001,10,500,64,COMPLETE
16,0.20478000000000002,2025-07-07 07:10:20.850789,2025-07-07 07:12:31.502076,0 days 00:02:10.651287000,128,0.01,0.1,0.001,10,500,64,COMPLETE
17,0.2501,2025-07-07 07:12:31.509737,2025-07-07 07:14:42.517737,0 days 00:02:11.008000000,128,0.5,0.1,0.001,10,500,64,COMPLETE
18,0.08098,2025-07-07 07:14:42.525465,2025-07-07 07:16:54.610255,0 days 00:02:12.084790000,128,0.01,0.1,0.001,3,500,64,COMPLETE
19,0.2556,2025-07-07 07:16:54.618290,2025-07-07 07:19:02.778617,0 days 00:02:08.160327000,128,0.5,0.1,0.001,10,500,64,COMPLETE
20,0.15138000000000001,2025-07-07 07:19:02.786842,2025-07-07 07:21:15.582479,0 days 00:02:12.795637000,128,0.01,0.5,0.001,10,500,64,COMPLETE
21,0.14752,2025-07-07 07:21:15.590875,2025-07-07 09:58:10.972781,0 days 02:36:55.381906000,256,0.5,1.0,0.0001,10,5000,256,COMPLETE
22,0.29966000000000004,2025-07-07 09:58:10.981299,2025-07-07 10:17:41.870318,0 days 00:19:30.889019000,128,0.5,0.01,0.0001,10,3000,128,COMPLETE
23,0.14174,2025-07-07 10:17:41.879152,2025-07-07 10:36:43.830884,0 days 00:19:01.951732000,128,0.5,0.1,0.1,10,3000,128,COMPLETE
24,0.21846000000000002,2025-07-07 10:36:43.839844,2025-07-07 10:56:12.399089,0 days 00:19:28.559245000,128,0.5,0.1,0.0001,10,3000,128,COMPLETE
25,0.20558000000000004,2025-07-07 10:56:12.408310,2025-07-07 11:15:43.939713,0 days 00:19:31.531403000,128,0.5,0.01,0.001,3,3000,128,COMPLETE
26,0.19266,2025-07-07 11:15:43.949086,2025-07-07 11:35:13.340858,0 days 00:19:29.391772000,128,0.5,1.0,0.0001,10,3000,128,COMPLETE
27,0.10708000000000001,2025-07-07 11:35:13.350527,2025-07-07 11:46:35.533366,0 days 00:11:22.182839000,128,0.01,0.5,0.1,10,3000,64,COMPLETE
28,0.20242000000000002,2025-07-07 11:46:35.542958,2025-07-07 11:48:48.531863,0 days 00:02:12.988905000,128,1.0,0.1,0.0001,10,500,64,COMPLETE
29,0.22388000000000002,2025-07-07 11:48:48.542623,2025-07-07 12:08:01.235309,0 days 00:19:12.692686000,128,0.5,0.01,0.001,3,3000,128,COMPLETE
30,0.23286,2025-07-07 12:08:01.245335,2025-07-07 13:25:42.176337,0 days 01:17:40.931002000,64,0.01,0.01,0.0001,10,3000,512,COMPLETE
31,0.22956000000000001,2025-07-07 13:25:42.186619,2025-07-07 16:02:15.815756,0 days 02:36:33.629137000,256,0.5,0.01,0.0001,10,5000,256,COMPLETE
32,0.222,2025-07-07 16:02:15.826632,2025-07-07 18:38:20.007287,0 days 02:36:04.180655000,256,0.5,0.01,0.0001,10,5000,256,COMPLETE
33,0.2629,2025-07-07 18:38:20.017922,2025-07-07 19:00:28.448708,0 days 00:22:08.430786000,256,0.5,0.01,0.0001,10,3000,64,COMPLETE
34,0.27970000000000006,2025-07-07 19:00:28.459524,2025-07-07 19:11:36.382619,0 days 00:11:07.923095000,64,0.5,0.01,0.0001,10,3000,128,COMPLETE
35,0.11452000000000001,2025-07-07 19:11:36.393464,2025-07-07 19:22:12.127951,0 days 00:10:35.734487000,64,1.0,0.01,0.1,10,3000,128,COMPLETE
36,0.29456,2025-07-07 19:22:12.139180,2025-07-07 19:32:48.547009,0 days 00:10:36.407829000,64,0.1,0.1,0.0001,10,3000,128,COMPLETE
37,0.20424,2025-07-07 19:32:48.558356,2025-07-07 19:43:43.949701,0 days 00:10:55.391345000,64,0.1,0.1,0.0001,3,3000,128,COMPLETE
38,0.30326,2025-07-07 19:43:43.961295,2025-07-07 19:54:38.036331,0 days 00:10:54.075036000,64,0.1,0.1,0.0001,10,3000,128,COMPLETE
39,0.11726,2025-07-07 19:54:38.048146,2025-07-07 20:05:22.006412,0 days 00:10:43.958266000,64,0.1,0.1,0.1,15,3000,128,COMPLETE
40,0.14796,2025-07-07 20:05:22.018323,2025-07-07 20:07:26.767241,0 days 00:02:04.748918000,64,0.1,1.0,0.0001,10,500,128,COMPLETE
41,0.19382000000000002,2025-07-07 20:07:26.779253,2025-07-07 20:18:19.041147,0 days 00:10:52.261894000,64,0.1,0.1,0.0001,10,3000,128,COMPLETE
42,0.31096,2025-07-07 20:18:19.053834,2025-07-07 20:29:15.888638,0 days 00:10:56.834804000,64,0.1,0.1,0.0001,10,3000,128,COMPLETE
43,0.23468000000000003,2025-07-07 20:29:15.901238,2025-07-07 20:40:07.986026,0 days 00:10:52.084788000,64,0.1,0.1,0.0001,10,3000,128,COMPLETE
44,0.22322000000000003,2025-07-07 20:40:07.998708,2025-07-07 20:51:01.204527,0 days 00:10:53.205819000,64,0.1,0.1,0.0001,10,3000,128,COMPLETE
45,0.28994000000000003,2025-07-07 20:51:01.217446,2025-07-07 21:01:53.095443,0 days 00:10:51.877997000,64,0.1,0.1,0.0001,10,3000,128,COMPLETE
46,0.26066,2025-07-07 21:01:53.108432,2025-07-07 21:12:36.762461,0 days 00:10:43.654029000,64,0.1,0.1,0.0001,15,3000,128,COMPLETE
47,0.19510000000000002,2025-07-07 21:12:36.775764,2025-07-07 22:28:52.836074,0 days 01:16:16.060310000,64,0.1,0.1,0.001,10,3000,512,COMPLETE
48,0.23837999999999998,2025-07-07 22:28:52.849606,2025-07-07 22:30:58.297714,0 days 00:02:05.448108000,64,0.1,0.5,0.0001,10,500,128,COMPLETE
49,0.21836,2025-07-07 22:30:58.311332,2025-07-07 22:41:51.786137,0 days 00:10:53.474805000,64,0.1,0.1,0.0001,3,3000,128,COMPLETE
