number,value,datetime_start,datetime_complete,duration,params_compile_batch_size,params_compile_beta_b,params_compile_beta_z,params_compile_lr,params_compile_prior_rate,params_compile_train_steps,params_hidden_size,state
0,0.13340000000000002,2025-07-27 23:12:56.483960,2025-07-27 23:54:10.119774,0 days 00:41:13.635814000,128,1.0,0.1,0.1,3,5000,128,COMPLETE
1,0.17570000000000002,2025-07-27 23:54:10.130792,2025-07-28 00:19:22.323220,0 days 00:25:12.192428000,128,0.1,0.1,0.1,3,3000,128,COMPLETE
2,0.09138,2025-07-28 00:19:22.331394,2025-07-28 00:44:48.541592,0 days 00:25:26.210198000,128,0.1,1.0,0.0001,3,3000,64,COMPLETE
3,0.21182,2025-07-28 00:44:48.550974,2025-07-28 00:51:50.437494,0 days 00:07:01.886520000,256,0.5,0.5,0.001,5,500,64,COMPLETE
4,0.31858,2025-07-28 00:51:50.447255,2025-07-28 01:30:37.781749,0 days 00:38:47.334494000,256,0.1,1.0,0.0001,10,3000,64,COMPLETE
5,0.11466000000000001,2025-07-28 01:30:37.792178,2025-07-28 01:35:15.138831,0 days 00:04:37.346653000,128,0.5,0.5,0.1,10,500,64,COMPLETE
6,0.176,2025-07-28 01:35:15.149031,2025-07-28 01:53:03.678910,0 days 00:17:48.529879000,64,0.01,0.5,0.1,3,3000,256,COMPLETE
7,0.07850000000000001,2025-07-28 01:53:03.691038,2025-07-28 02:02:40.692088,0 days 00:09:37.001050000,256,0.1,1.0,0.0001,3,500,256,COMPLETE
8,0.14968,2025-07-28 02:02:40.703602,2025-07-28 02:34:57.801174,0 days 00:32:17.097572000,128,0.01,0.1,0.1,5,5000,256,COMPLETE
9,0.24404,2025-07-28 02:34:57.813948,2025-07-28 02:54:39.218212,0 days 00:19:41.404264000,128,0.5,0.5,0.001,10,3000,256,COMPLETE
10,0.23868,2025-07-28 02:54:39.229364,2025-07-28 03:15:52.317385,0 days 00:21:13.088021000,256,1.0,0.01,0.0001,10,3000,64,COMPLETE
11,0.27172,2025-07-28 03:15:52.330154,2025-07-28 03:29:05.767280,0 days 00:13:13.437126000,64,0.5,1.0,0.001,10,3000,256,COMPLETE
12,0.28666,2025-07-28 03:29:05.781004,2025-07-28 03:42:07.385349,0 days 00:13:01.604345000,64,0.5,1.0,0.001,10,3000,64,COMPLETE
13,0.31466,2025-07-28 03:42:07.397629,2025-07-28 03:55:09.242417,0 days 00:13:01.844788000,64,0.1,1.0,0.0001,10,3000,64,COMPLETE
14,0.31858,2025-07-28 03:55:09.256658,2025-07-28 04:16:22.312176,0 days 00:21:13.055518000,256,0.1,1.0,0.0001,10,3000,64,COMPLETE
15,0.26252000000000003,2025-07-28 04:16:22.326028,2025-07-28 04:51:36.793162,0 days 00:35:14.467134000,256,0.1,0.01,0.0001,10,5000,64,COMPLETE
16,0.31858,2025-07-28 04:51:36.806449,2025-07-28 05:12:58.556089,0 days 00:21:21.749640000,256,0.1,1.0,0.0001,10,3000,64,COMPLETE
17,0.23702,2025-07-28 05:12:58.570252,2025-07-28 05:35:08.515857,0 days 00:22:09.945605000,256,0.1,1.0,0.0001,5,3000,128,COMPLETE
18,0.31642000000000003,2025-07-28 05:35:08.530117,2025-07-28 06:10:11.488769,0 days 00:35:02.958652000,256,0.1,1.0,0.0001,10,5000,64,COMPLETE
19,0.17664,2025-07-28 06:10:11.503069,2025-07-28 06:14:13.618769,0 days 00:04:02.115700000,256,0.01,0.01,0.0001,10,500,64,COMPLETE
20,0.22820000000000001,2025-07-28 06:14:13.635852,2025-07-28 06:36:19.613815,0 days 00:22:05.977963000,256,1.0,1.0,0.0001,5,3000,128,COMPLETE
21,0.31858,2025-07-28 06:36:19.631452,2025-07-28 06:57:43.927072,0 days 00:21:24.295620000,256,0.1,1.0,0.0001,10,3000,64,COMPLETE
22,0.31858,2025-07-28 06:57:43.946404,2025-07-28 07:19:10.948676,0 days 00:21:27.002272000,256,0.1,1.0,0.0001,10,3000,64,COMPLETE
23,0.31858,2025-07-28 07:19:10.964240,2025-07-28 07:40:31.568665,0 days 00:21:20.604425000,256,0.1,1.0,0.0001,10,3000,64,COMPLETE
24,0.31858,2025-07-28 07:40:31.584607,2025-07-28 08:01:39.300897,0 days 00:21:07.716290000,256,0.1,1.0,0.0001,10,3000,64,COMPLETE
25,0.31858,2025-07-28 08:01:39.319062,2025-07-28 08:22:58.842318,0 days 00:21:19.523256000,256,0.1,1.0,0.0001,10,3000,64,COMPLETE
26,0.31858,2025-07-28 08:22:58.862661,2025-07-28 08:44:16.240528,0 days 00:21:17.377867000,256,0.1,1.0,0.0001,10,3000,64,COMPLETE
27,0.29962,2025-07-28 08:44:16.257296,2025-07-28 09:05:25.859202,0 days 00:21:09.601906000,256,0.1,0.1,0.0001,10,3000,64,COMPLETE
28,0.18464,2025-07-28 09:05:25.877115,2025-07-28 09:09:29.835620,0 days 00:04:03.958505000,256,1.0,0.01,0.0001,5,500,64,COMPLETE
29,0.23324,2025-07-28 09:09:29.853315,2025-07-28 09:30:42.923343,0 days 00:21:13.070028000,64,0.01,0.1,0.001,10,5000,128,COMPLETE
30,0.15998,2025-07-28 09:30:42.941219,2025-07-28 10:06:32.615760,0 days 00:35:49.674541000,256,1.0,1.0,0.1,3,5000,128,COMPLETE
31,0.31858,2025-07-28 10:06:32.634109,2025-07-28 10:27:58.376458,0 days 00:21:25.742349000,256,0.1,1.0,0.0001,10,3000,64,COMPLETE
32,0.31858,2025-07-28 10:27:58.394893,2025-07-28 10:55:29.803393,0 days 00:27:31.408500000,256,0.1,1.0,0.0001,10,3000,64,COMPLETE
33,0.31858,2025-07-28 10:55:29.822399,2025-07-28 11:16:58.126651,0 days 00:21:28.304252000,256,0.1,1.0,0.0001,10,3000,64,COMPLETE
34,0.31858,2025-07-28 11:16:58.148268,2025-07-28 11:51:25.487020,0 days 00:34:27.338752000,256,0.1,1.0,0.0001,10,3000,64,COMPLETE
35,0.09138,2025-07-28 11:51:25.507120,2025-07-28 12:14:31.163619,0 days 00:23:05.656499000,128,0.1,1.0,0.0001,3,3000,64,COMPLETE
36,0.18014,2025-07-28 12:14:31.183597,2025-07-28 12:48:47.843067,0 days 00:34:16.659470000,256,0.1,0.1,0.1,10,3000,64,COMPLETE
37,0.29578,2025-07-28 12:48:47.863650,2025-07-28 13:23:17.616316,0 days 00:34:29.752666000,256,0.1,0.5,0.0001,10,3000,64,COMPLETE
38,0.15586,2025-07-28 13:23:17.637041,2025-07-28 13:27:33.729615,0 days 00:04:16.092574000,128,0.1,1.0,0.1,3,500,128,COMPLETE
39,0.24454000000000004,2025-07-28 13:27:33.751408,2025-07-28 13:56:56.298717,0 days 00:29:22.547309000,256,0.01,1.0,0.0001,5,3000,64,COMPLETE
40,0.2453,2025-07-28 13:56:56.320155,2025-07-28 14:47:21.875240,0 days 00:50:25.555085000,256,0.1,0.5,0.001,10,3000,256,COMPLETE
41,0.31858,2025-07-28 14:47:21.896920,2025-07-28 15:21:47.147576,0 days 00:34:25.250656000,256,0.1,1.0,0.0001,10,3000,64,COMPLETE
42,0.31858,2025-07-28 15:21:47.169149,2025-07-28 15:56:01.188664,0 days 00:34:14.019515000,256,0.1,1.0,0.0001,10,3000,64,COMPLETE
43,0.31858,2025-07-28 15:56:01.210574,2025-07-28 16:22:54.228594,0 days 00:26:53.018020000,256,0.1,1.0,0.0001,10,3000,64,COMPLETE
44,0.28890000000000005,2025-07-28 16:22:54.247117,2025-07-28 16:38:58.698193,0 days 00:16:04.451076000,128,0.5,1.0,0.0001,10,3000,64,COMPLETE
45,0.31218,2025-07-28 16:38:58.722032,2025-07-28 16:41:40.009148,0 days 00:02:41.287116000,64,0.1,1.0,0.0001,10,500,256,COMPLETE
46,0.11662,2025-07-28 16:41:40.030754,2025-07-28 17:03:06.217558,0 days 00:21:26.186804000,256,0.1,0.5,0.0001,3,3000,64,COMPLETE
47,0.29102,2025-07-28 17:03:06.242601,2025-07-28 17:24:17.649424,0 days 00:21:11.406823000,256,0.5,1.0,0.001,10,3000,64,COMPLETE
48,0.15724000000000002,2025-07-28 17:24:17.671801,2025-07-28 17:58:59.077278,0 days 00:34:41.405477000,256,0.1,0.01,0.1,10,5000,64,COMPLETE
49,0.33036,2025-07-28 17:58:59.100301,2025-07-28 18:12:13.227263,0 days 00:13:14.126962000,64,1.0,0.1,0.0001,10,3000,256,COMPLETE
