number,value,datetime_start,datetime_complete,duration,params_compile_batch_size,params_compile_beta_b,params_compile_beta_z,params_compile_lr,params_compile_prior_rate,params_compile_train_steps,params_hidden_size,state
0,0.42766,2025-05-26 17:30:46.528595,2025-05-26 17:34:46.474828,0 days 00:03:59.946233000,128,0.01,1.0,0.001,3,3000,64,COMPLETE
1,0.45652000000000004,2025-05-26 17:34:46.480910,2025-05-26 17:44:52.778473,0 days 00:10:06.297563000,128,1.0,0.5,0.001,3,5000,128,COMPLETE
2,0.3693,2025-05-26 17:44:52.783231,2025-05-26 17:48:25.439155,0 days 00:03:32.655924000,64,0.1,0.1,0.1,15,3000,128,COMPLETE
3,0.4156000000000001,2025-05-26 17:48:25.444241,2025-05-26 18:10:46.078080,0 days 00:22:20.633839000,128,0.01,0.1,0.0001,15,5000,256,COMPLETE
4,0.35066,2025-05-26 18:10:46.083272,2025-05-26 18:12:10.111429,0 days 00:01:24.028157000,256,0.5,0.1,0.0001,10,500,64,COMPLETE
5,0.37457999999999997,2025-05-26 18:12:10.119092,2025-05-26 18:23:36.120509,0 days 00:11:26.001417000,256,0.01,0.1,0.1,15,3000,128,COMPLETE
6,0.39030000000000004,2025-05-26 18:23:36.126013,2025-05-26 18:26:56.630416,0 days 00:03:20.504403000,64,0.5,0.1,0.1,3,500,512,COMPLETE
7,0.33528,2025-05-26 18:26:56.636043,2025-05-26 18:29:00.085638,0 days 00:02:03.449595000,256,1.0,0.5,0.0001,10,500,128,COMPLETE
8,0.32504,2025-05-26 18:29:00.091618,2025-05-26 19:01:21.317492,0 days 00:32:21.225874000,64,0.1,0.5,0.001,15,5000,512,COMPLETE
9,0.37782000000000004,2025-05-26 19:01:21.323573,2025-05-26 19:06:57.560742,0 days 00:05:36.237169000,128,0.01,0.5,0.1,3,500,512,COMPLETE
10,0.45466000000000006,2025-05-26 19:06:57.567083,2025-05-26 19:29:13.243845,0 days 00:22:15.676762000,128,1.0,0.01,0.001,3,5000,256,COMPLETE
11,0.43846000000000007,2025-05-26 19:29:13.250449,2025-05-26 19:51:33.699018,0 days 00:22:20.448569000,128,1.0,0.01,0.001,3,5000,256,COMPLETE
12,0.42410000000000003,2025-05-26 19:51:33.705628,2025-05-26 20:13:54.860828,0 days 00:22:21.155200000,128,1.0,0.01,0.001,3,5000,256,COMPLETE
13,0.43194000000000005,2025-05-26 20:13:54.867683,2025-05-26 20:36:14.964743,0 days 00:22:20.097060000,128,1.0,0.01,0.001,3,5000,256,COMPLETE
14,0.45216,2025-05-26 20:36:14.971817,2025-05-26 20:46:19.829847,0 days 00:10:04.858030000,128,1.0,1.0,0.001,3,5000,128,COMPLETE
15,0.44448000000000004,2025-05-26 20:46:19.837131,2025-05-26 20:56:25.412525,0 days 00:10:05.575394000,128,1.0,0.5,0.001,3,5000,128,COMPLETE
16,0.38722,2025-05-26 20:56:25.420144,2025-05-26 21:18:45.775060,0 days 00:22:20.354916000,128,1.0,0.01,0.001,10,5000,256,COMPLETE
17,0.38664000000000004,2025-05-26 21:18:45.782741,2025-05-26 21:25:18.546280,0 days 00:06:32.763539000,128,1.0,0.01,0.001,3,5000,64,COMPLETE
18,0.40936,2025-05-26 21:25:18.554195,2025-05-26 21:31:09.875647,0 days 00:05:51.321452000,64,0.5,0.5,0.001,3,5000,128,COMPLETE
19,0.35206,2025-05-26 21:31:09.883679,2025-05-26 21:56:38.965260,0 days 00:25:29.081581000,256,0.1,1.0,0.0001,10,3000,256,COMPLETE
20,0.46378,2025-05-26 21:56:38.973604,2025-05-26 22:06:44.908110,0 days 00:10:05.934506000,128,1.0,0.01,0.001,3,5000,128,COMPLETE
21,0.42966,2025-05-26 22:06:44.916517,2025-05-26 22:16:50.233002,0 days 00:10:05.316485000,128,1.0,0.01,0.001,3,5000,128,COMPLETE
22,0.43046,2025-05-26 22:16:50.241503,2025-05-26 22:26:54.882928,0 days 00:10:04.641425000,128,1.0,0.01,0.001,3,5000,128,COMPLETE
23,0.44592000000000004,2025-05-26 22:26:54.891690,2025-05-26 22:37:02.966140,0 days 00:10:08.074450000,128,1.0,0.01,0.001,3,5000,128,COMPLETE
24,0.42494,2025-05-26 22:37:02.975157,2025-05-26 22:47:04.258218,0 days 00:10:01.283061000,128,1.0,0.5,0.001,3,5000,128,COMPLETE
25,0.45014,2025-05-26 22:47:04.267420,2025-05-26 23:09:23.981553,0 days 00:22:19.714133000,128,1.0,0.01,0.001,3,5000,256,COMPLETE
26,0.45028000000000007,2025-05-26 23:09:23.990931,2025-05-26 23:15:53.275578,0 days 00:06:29.284647000,128,1.0,0.01,0.001,3,5000,64,COMPLETE
27,0.41786,2025-05-26 23:15:53.285032,2025-05-26 23:19:12.189517,0 days 00:03:18.904485000,64,0.5,0.5,0.1,15,500,512,COMPLETE
28,0.4242,2025-05-26 23:19:12.199288,2025-05-26 23:25:17.067516,0 days 00:06:04.868228000,128,0.1,1.0,0.0001,3,3000,128,COMPLETE
29,0.35666000000000003,2025-05-26 23:25:17.077458,2025-05-26 23:37:49.370356,0 days 00:12:32.292898000,256,0.01,1.0,0.001,10,5000,64,COMPLETE
30,0.41926,2025-05-26 23:37:49.380493,2025-05-26 23:51:17.439947,0 days 00:13:28.059454000,128,1.0,0.01,0.001,3,3000,256,COMPLETE
31,0.43704000000000004,2025-05-26 23:51:17.450269,2025-05-27 00:01:22.381471,0 days 00:10:04.931202000,128,1.0,1.0,0.001,3,5000,128,COMPLETE
32,0.45284,2025-05-27 00:01:22.392140,2025-05-27 00:11:22.568339,0 days 00:10:00.176199000,128,1.0,1.0,0.001,3,5000,128,COMPLETE
33,0.43628,2025-05-27 00:11:22.578997,2025-05-27 00:21:29.007078,0 days 00:10:06.428081000,128,1.0,1.0,0.001,3,5000,128,COMPLETE
34,0.31672,2025-05-27 00:21:29.017829,2025-05-27 00:31:32.048177,0 days 00:10:03.030348000,128,1.0,1.0,0.001,15,5000,128,COMPLETE
35,0.42882000000000003,2025-05-27 00:31:32.059014,2025-05-27 00:41:33.148361,0 days 00:10:01.089347000,128,0.1,0.1,0.1,3,5000,128,COMPLETE
36,0.44366,2025-05-27 00:41:33.161440,2025-05-27 00:45:08.272118,0 days 00:03:35.110678000,64,0.01,0.5,0.0001,3,3000,128,COMPLETE
37,0.28148,2025-05-27 00:45:08.283595,2025-05-27 00:46:32.349831,0 days 00:01:24.066236000,256,0.5,0.1,0.001,15,500,64,COMPLETE
38,0.28876,2025-05-27 00:46:32.361519,2025-05-27 00:56:30.437234,0 days 00:09:58.075715000,128,1.0,1.0,0.1,10,5000,128,COMPLETE
39,0.41806,2025-05-27 00:56:30.448991,2025-05-27 01:18:50.086044,0 days 00:22:19.637053000,128,1.0,0.01,0.0001,3,5000,256,COMPLETE
40,0.43666,2025-05-27 01:18:50.098021,2025-05-27 01:30:18.938698,0 days 00:11:28.840677000,256,0.01,0.5,0.001,3,500,512,COMPLETE
41,0.44811999999999996,2025-05-27 01:30:18.950994,2025-05-27 01:40:15.332209,0 days 00:09:56.381215000,128,1.0,1.0,0.001,3,5000,128,COMPLETE
42,0.43290000000000006,2025-05-27 01:40:15.344622,2025-05-27 01:50:19.490129,0 days 00:10:04.145507000,128,1.0,1.0,0.001,3,5000,128,COMPLETE
43,0.42700000000000005,2025-05-27 01:50:19.502783,2025-05-27 02:00:19.536578,0 days 00:10:00.033795000,128,1.0,1.0,0.001,3,5000,128,COMPLETE
44,0.43714000000000003,2025-05-27 02:00:19.549438,2025-05-27 02:10:24.918487,0 days 00:10:05.369049000,128,1.0,1.0,0.001,3,5000,128,COMPLETE
45,0.31774,2025-05-27 02:10:24.931666,2025-05-27 02:16:10.083871,0 days 00:05:45.152205000,64,1.0,0.1,0.001,15,5000,128,COMPLETE
46,0.47618000000000005,2025-05-27 02:16:10.096925,2025-05-27 03:11:06.185892,0 days 00:54:56.088967000,128,1.0,0.01,0.001,3,5000,512,COMPLETE
47,0.37782000000000004,2025-05-27 03:11:06.199117,2025-05-27 04:05:31.289636,0 days 00:54:25.090519000,128,0.1,0.01,0.1,3,5000,512,COMPLETE
48,0.3938,2025-05-27 04:05:31.303295,2025-05-27 04:11:14.754009,0 days 00:05:43.450714000,128,0.5,0.01,0.001,3,500,512,COMPLETE
49,0.38520000000000004,2025-05-27 04:11:14.767559,2025-05-27 04:44:51.745385,0 days 00:33:36.977826000,128,1.0,0.01,0.001,10,3000,512,COMPLETE
50,0.45432,2025-05-27 04:44:51.759337,2025-05-27 05:17:25.676747,0 days 00:32:33.917410000,64,1.0,0.01,0.001,3,5000,512,COMPLETE
51,0.49954000000000004,2025-05-27 05:17:25.690911,2025-05-27 05:49:56.906455,0 days 00:32:31.215544000,64,1.0,0.01,0.001,3,5000,512,COMPLETE
52,0.43906000000000006,2025-05-27 05:49:56.920941,2025-05-27 06:22:31.937381,0 days 00:32:35.016440000,64,1.0,0.01,0.001,3,5000,512,COMPLETE
53,0.46526,2025-05-27 06:22:31.951663,2025-05-27 06:55:08.317990,0 days 00:32:36.366327000,64,1.0,0.01,0.001,3,5000,512,COMPLETE
54,0.42398,2025-05-27 06:55:08.332785,2025-05-27 07:27:34.277330,0 days 00:32:25.944545000,64,1.0,0.01,0.001,3,5000,512,COMPLETE
55,0.4494,2025-05-27 07:27:34.292343,2025-05-27 08:00:04.121335,0 days 00:32:29.828992000,64,1.0,0.01,0.001,3,5000,512,COMPLETE
56,0.43466000000000005,2025-05-27 08:00:04.136466,2025-05-27 08:32:48.442759,0 days 00:32:44.306293000,64,1.0,0.01,0.0001,3,5000,512,COMPLETE
57,0.42424,2025-05-27 08:32:48.458103,2025-05-27 09:05:15.956426,0 days 00:32:27.498323000,64,0.01,0.01,0.001,3,5000,512,COMPLETE
58,0.43612000000000006,2025-05-27 09:05:15.972028,2025-05-27 09:17:51.798306,0 days 00:12:35.826278000,64,1.0,0.01,0.001,3,5000,256,COMPLETE
