number,value,datetime_start,datetime_complete,duration,params_compile_batch_size,params_compile_beta_b,params_compile_beta_z,params_compile_lr,params_compile_prior_rate,params_compile_train_steps,params_hidden_size,state
0,0.40536000000000005,2025-06-20 09:21:34.578936,2025-06-20 09:29:44.161969,0 days 00:08:09.583033000,64,0.5,0.1,0.001,10,5000,64,COMPLETE
1,0.23252000000000003,2025-06-20 09:29:44.167693,2025-06-20 09:36:40.161502,0 days 00:06:55.993809000,256,0.1,0.01,0.1,10,3000,64,COMPLETE
2,0.36836,2025-06-20 09:36:40.166262,2025-06-20 09:38:55.062785,0 days 00:02:14.896523000,256,1.0,0.5,0.0001,3,500,128,COMPLETE
3,0.43650000000000005,2025-06-20 09:38:55.067716,2025-06-20 10:00:23.586006,0 days 00:21:28.518290000,128,1.0,0.5,0.001,10,5000,128,COMPLETE
4,0.26758000000000004,2025-06-20 10:00:23.591116,2025-06-20 10:17:08.667109,0 days 00:16:45.075993000,64,1.0,1.0,0.1,15,3000,256,COMPLETE
5,0.388,2025-06-20 10:17:08.674530,2025-06-20 10:19:23.408178,0 days 00:02:14.733648000,128,0.1,0.01,0.0001,15,500,128,COMPLETE
6,0.32530000000000003,2025-06-20 10:19:23.413669,2025-06-20 10:36:15.022794,0 days 00:16:51.609125000,64,0.01,1.0,0.001,15,3000,256,COMPLETE
7,0.39461999999999997,2025-06-20 10:36:15.028481,2025-06-20 12:49:36.295944,0 days 02:13:21.267463000,256,1.0,0.1,0.0001,3,5000,512,COMPLETE
8,0.37020000000000003,2025-06-20 12:49:36.301826,2025-06-20 13:01:54.264462,0 days 00:12:17.962636000,64,0.1,0.1,0.0001,15,5000,128,COMPLETE
9,0.36792,2025-06-20 13:01:54.270494,2025-06-20 13:06:49.021752,0 days 00:04:54.751258000,256,0.01,0.5,0.1,10,500,256,COMPLETE
10,0.38494000000000006,2025-06-20 13:06:49.028008,2025-06-20 15:03:30.524030,0 days 01:56:41.496022000,128,0.5,0.5,0.001,10,5000,512,COMPLETE
11,0.43396,2025-06-20 15:03:30.530557,2025-06-20 15:16:27.608970,0 days 00:12:57.078413000,128,0.5,0.1,0.001,10,5000,64,COMPLETE
12,0.44830000000000003,2025-06-20 15:16:27.615743,2025-06-20 15:29:24.335191,0 days 00:12:56.719448000,128,0.5,0.1,0.001,10,5000,64,COMPLETE
13,0.42298,2025-06-20 15:29:24.342065,2025-06-20 15:51:08.536038,0 days 00:21:44.193973000,128,0.5,0.5,0.001,10,5000,128,COMPLETE
14,0.42932000000000003,2025-06-20 15:51:08.543055,2025-06-20 16:04:06.343059,0 days 00:12:57.800004000,128,1.0,0.5,0.001,10,5000,64,COMPLETE
15,0.4333600000000001,2025-06-20 16:04:06.350622,2025-06-20 16:17:03.013791,0 days 00:12:56.663169000,128,1.0,0.1,0.001,10,5000,64,COMPLETE
16,0.4553,2025-06-20 16:17:03.021267,2025-06-20 16:38:50.074287,0 days 00:21:47.053020000,128,0.5,0.01,0.001,3,5000,128,COMPLETE
17,0.44842000000000004,2025-06-20 16:38:50.081848,2025-06-20 18:52:09.393372,0 days 02:13:19.311524000,128,0.5,0.01,0.001,3,5000,512,COMPLETE
18,0.48136,2025-06-20 18:52:09.401288,2025-06-20 20:12:02.520553,0 days 01:19:53.119265000,128,0.5,0.01,0.001,3,3000,512,COMPLETE
19,0.4680000000000001,2025-06-20 20:12:02.528578,2025-06-20 21:30:02.245259,0 days 01:17:59.716681000,128,0.5,0.01,0.1,3,3000,512,COMPLETE
20,0.40086,2025-06-20 21:30:02.253483,2025-06-20 22:48:07.854501,0 days 01:18:05.601018000,128,0.5,0.01,0.1,3,3000,512,COMPLETE
21,0.4680000000000001,2025-06-20 22:48:07.863064,2025-06-21 00:06:11.201871,0 days 01:18:03.338807000,128,0.5,0.01,0.1,3,3000,512,COMPLETE
22,0.4680000000000001,2025-06-21 00:06:11.210556,2025-06-21 01:24:20.031154,0 days 01:18:08.820598000,128,0.5,0.01,0.1,3,3000,512,COMPLETE
23,0.37126000000000003,2025-06-21 01:24:20.040073,2025-06-21 02:42:19.480186,0 days 01:17:59.440113000,128,0.5,0.01,0.1,3,3000,512,COMPLETE
24,0.40880000000000005,2025-06-21 02:42:19.489247,2025-06-21 04:00:19.385363,0 days 01:17:59.896116000,128,0.01,0.01,0.1,3,3000,512,COMPLETE
25,0.4680000000000001,2025-06-21 04:00:19.394655,2025-06-21 05:18:19.249149,0 days 01:17:59.854494000,128,0.5,0.01,0.1,3,3000,512,COMPLETE
26,0.4680000000000001,2025-06-21 05:18:19.258620,2025-06-21 06:36:13.590965,0 days 01:17:54.332345000,128,0.5,0.01,0.1,3,3000,512,COMPLETE
27,0.4680000000000001,2025-06-21 06:36:13.600604,2025-06-21 07:14:41.392720,0 days 00:38:27.792116000,64,0.5,1.0,0.1,3,3000,512,COMPLETE
28,0.4680000000000001,2025-06-21 07:14:41.402511,2025-06-21 07:58:41.742801,0 days 00:44:00.340290000,64,0.5,1.0,0.1,3,3000,512,COMPLETE
29,0.4680000000000001,2025-06-21 07:58:41.752756,2025-06-21 08:42:33.587360,0 days 00:43:51.834604000,64,0.5,1.0,0.1,3,3000,512,COMPLETE
30,0.36663999999999997,2025-06-21 08:42:33.597686,2025-06-21 09:27:46.484728,0 days 00:45:12.887042000,64,0.01,1.0,0.0001,3,3000,512,COMPLETE
31,0.38349999999999995,2025-06-21 09:27:46.495137,2025-06-21 10:11:44.215750,0 days 00:43:57.720613000,64,0.5,1.0,0.1,3,3000,512,COMPLETE
32,0.26766,2025-06-21 10:11:44.226381,2025-06-21 10:55:48.427199,0 days 00:44:04.200818000,64,0.5,1.0,0.1,3,3000,512,COMPLETE
33,0.4680000000000001,2025-06-21 10:55:48.437847,2025-06-21 11:34:23.588062,0 days 00:38:35.150215000,64,0.1,1.0,0.1,3,3000,512,COMPLETE
34,0.38416,2025-06-21 11:34:23.599128,2025-06-21 11:41:48.359007,0 days 00:07:24.759879000,64,0.1,1.0,0.1,3,500,512,COMPLETE
35,0.34952,2025-06-21 11:41:48.370183,2025-06-21 12:11:17.911678,0 days 00:29:29.541495000,256,0.1,0.01,0.1,3,3000,256,COMPLETE
36,0.4680000000000001,2025-06-21 12:11:17.923160,2025-06-21 13:29:21.618094,0 days 01:18:03.694934000,128,0.5,0.01,0.1,3,3000,512,COMPLETE
37,0.4680000000000001,2025-06-21 13:29:21.629624,2025-06-21 14:13:14.916656,0 days 00:43:53.287032000,64,0.1,1.0,0.1,15,3000,512,COMPLETE
38,0.37852,2025-06-21 14:13:14.928321,2025-06-21 14:16:07.201597,0 days 00:02:52.273276000,64,0.1,1.0,0.0001,3,500,256,COMPLETE
39,0.4680000000000001,2025-06-21 14:16:07.213490,2025-06-21 15:34:07.073874,0 days 01:17:59.860384000,256,0.1,0.01,0.1,15,3000,512,COMPLETE
40,0.39504000000000006,2025-06-21 15:34:07.085860,2025-06-21 16:54:06.490114,0 days 01:19:59.404254000,256,0.1,0.01,0.0001,15,3000,512,COMPLETE
41,0.25768,2025-06-21 16:54:06.502394,2025-06-21 18:12:08.135448,0 days 01:18:01.633054000,256,0.5,0.01,0.1,15,3000,512,COMPLETE
42,0.4680000000000001,2025-06-21 18:12:08.147824,2025-06-21 19:30:06.876994,0 days 01:17:58.729170000,128,0.5,0.01,0.1,3,3000,512,COMPLETE
43,0.4680000000000001,2025-06-21 19:30:06.889691,2025-06-21 20:48:03.749414,0 days 01:17:56.859723000,256,0.1,0.01,0.1,15,3000,512,COMPLETE
44,0.2965,2025-06-21 20:48:03.762016,2025-06-21 22:06:02.073208,0 days 01:17:58.311192000,256,0.1,0.01,0.1,15,3000,512,COMPLETE
45,0.41494000000000003,2025-06-21 22:06:02.086131,2025-06-21 22:08:16.842462,0 days 00:02:14.756331000,128,0.01,0.01,0.001,15,500,128,COMPLETE
46,0.4680000000000001,2025-06-21 22:08:16.855602,2025-06-21 22:37:25.628000,0 days 00:29:08.772398000,128,0.5,0.01,0.1,3,3000,256,COMPLETE
47,0.47788,2025-06-21 22:37:25.642107,2025-06-21 23:06:50.517060,0 days 00:29:24.874953000,128,0.5,0.01,0.001,3,3000,256,COMPLETE
48,0.41456000000000004,2025-06-21 23:06:50.530690,2025-06-21 23:36:13.942881,0 days 00:29:23.412191000,128,0.5,0.01,0.001,3,3000,256,COMPLETE
49,0.38880000000000003,2025-06-21 23:36:13.956932,2025-06-21 23:41:13.694042,0 days 00:04:59.737110000,128,1.0,0.5,0.001,3,500,256,COMPLETE
50,0.41524,2025-06-21 23:41:13.707992,2025-06-21 23:46:10.560262,0 days 00:04:56.852270000,64,0.5,1.0,0.001,3,3000,64,COMPLETE
51,0.4537,2025-06-21 23:46:10.574379,2025-06-22 00:15:38.750100,0 days 00:29:28.175721000,128,0.5,0.01,0.001,3,3000,256,COMPLETE
52,0.45555999999999996,2025-06-22 00:15:38.764393,2025-06-22 00:45:02.798171,0 days 00:29:24.033778000,128,0.5,0.01,0.001,3,3000,256,COMPLETE
53,0.36734000000000006,2025-06-22 00:45:02.812549,2025-06-22 00:58:07.081497,0 days 00:13:04.268948000,128,0.5,0.1,0.001,3,3000,128,COMPLETE
54,0.37472000000000005,2025-06-22 00:58:07.096148,2025-06-22 01:37:37.215452,0 days 00:39:30.119304000,64,0.5,1.0,0.0001,3,3000,512,COMPLETE
55,0.36652,2025-06-22 01:37:37.230029,2025-06-22 01:42:32.040887,0 days 00:04:54.810858000,64,0.5,0.5,0.1,3,3000,64,COMPLETE
56,0.40646000000000004,2025-06-22 01:42:32.055850,2025-06-22 03:02:02.908323,0 days 01:19:30.852473000,128,0.5,0.1,0.001,10,3000,512,COMPLETE
57,0.4680000000000001,2025-06-22 03:02:02.923604,2025-06-22 03:45:44.925816,0 days 00:43:42.002212000,64,1.0,1.0,0.1,3,3000,512,COMPLETE
58,0.43710000000000004,2025-06-22 03:45:44.941353,2025-06-22 05:05:12.033367,0 days 01:19:27.092014000,128,0.5,0.01,0.001,3,3000,512,COMPLETE
59,0.38492000000000004,2025-06-22 05:05:12.049452,2025-06-22 05:18:14.349578,0 days 00:13:02.300126000,128,0.5,0.01,0.1,3,3000,128,COMPLETE
60,0.3284,2025-06-22 05:18:14.365239,2025-06-22 05:23:10.587821,0 days 00:04:56.222582000,256,0.1,1.0,0.1,15,500,256,COMPLETE
61,0.4680000000000001,2025-06-22 05:23:10.603700,2025-06-22 06:31:04.479776,0 days 01:07:53.876076000,128,0.5,0.01,0.1,3,3000,512,COMPLETE
62,0.4680000000000001,2025-06-22 06:31:04.495890,2025-06-22 07:48:41.665254,0 days 01:17:37.169364000,256,0.1,0.01,0.1,15,3000,512,COMPLETE
63,0.30712000000000006,2025-06-22 07:48:41.684356,2025-06-22 08:56:45.027003,0 days 01:08:03.342647000,256,0.1,0.01,0.1,15,3000,512,COMPLETE
64,0.3609,2025-06-22 08:56:45.043596,2025-06-22 09:40:27.206265,0 days 00:43:42.162669000,64,0.5,1.0,0.1,3,3000,512,COMPLETE
65,0.4680000000000001,2025-06-22 09:40:27.222785,2025-06-22 10:53:17.204486,0 days 01:12:49.981701000,64,0.1,1.0,0.1,15,5000,512,COMPLETE
66,0.32336000000000004,2025-06-22 10:53:17.221346,2025-06-22 12:12:51.529682,0 days 01:19:34.308336000,256,0.1,0.01,0.001,15,3000,512,COMPLETE
67,0.26016000000000006,2025-06-22 12:12:51.546671,2025-06-22 12:25:45.826491,0 days 00:12:54.279820000,256,0.1,0.5,0.1,15,5000,64,COMPLETE
68,0.44988000000000006,2025-06-22 12:25:45.843734,2025-06-22 12:55:20.356863,0 days 00:29:34.513129000,256,0.01,0.01,0.0001,10,3000,256,COMPLETE
69,0.24914,2025-06-22 12:55:20.374357,2025-06-22 13:24:30.663161,0 days 00:29:10.288804000,256,0.1,0.01,0.1,15,3000,256,COMPLETE
70,0.4680000000000001,2025-06-22 13:24:30.680947,2025-06-22 14:08:16.206405,0 days 00:43:45.525458000,64,0.5,1.0,0.1,3,3000,512,COMPLETE
71,0.40046000000000004,2025-06-22 14:08:16.224145,2025-06-22 14:37:27.692914,0 days 00:29:11.468769000,128,0.5,0.01,0.1,3,3000,256,COMPLETE
72,0.33336,2025-06-22 14:37:27.710802,2025-06-22 15:06:46.152513,0 days 00:29:18.441711000,128,0.5,1.0,0.1,3,3000,256,COMPLETE
73,0.4680000000000001,2025-06-22 15:06:46.170695,2025-06-22 16:24:35.510500,0 days 01:17:49.339805000,128,1.0,0.01,0.1,3,3000,512,COMPLETE
74,0.4680000000000001,2025-06-22 16:24:35.528596,2025-06-22 17:03:04.946242,0 days 00:38:29.417646000,64,0.5,1.0,0.1,3,3000,512,COMPLETE
75,0.2842,2025-06-22 17:03:04.964813,2025-06-22 17:46:53.757618,0 days 00:43:48.792805000,64,0.01,1.0,0.1,3,3000,512,COMPLETE
76,0.49816000000000005,2025-06-22 17:46:53.776607,2025-06-22 19:06:28.032961,0 days 01:19:34.256354000,128,0.5,0.01,0.001,3,3000,512,COMPLETE
77,0.37870000000000004,2025-06-22 19:06:28.051622,2025-06-22 19:35:49.925729,0 days 00:29:21.874107000,128,0.5,0.1,0.001,3,3000,256,COMPLETE
78,0.4953000000000001,2025-06-22 19:35:49.944753,2025-06-22 20:55:18.874231,0 days 01:19:28.929478000,128,0.5,0.01,0.001,3,3000,512,COMPLETE
79,0.38228,2025-06-22 20:55:18.893794,2025-06-22 21:02:52.727101,0 days 00:07:33.833307000,64,0.5,1.0,0.001,3,500,512,COMPLETE
80,0.42980000000000007,2025-06-22 21:02:52.746632,2025-06-22 22:22:21.468080,0 days 01:19:28.721448000,128,1.0,0.01,0.001,10,3000,512,COMPLETE
81,0.42216,2025-06-22 22:22:21.487939,2025-06-22 23:41:49.686357,0 days 01:19:28.198418000,128,1.0,0.01,0.001,3,3000,512,COMPLETE
82,0.3548,2025-06-22 23:41:49.706057,2025-06-23 00:26:38.203250,0 days 00:44:48.497193000,64,0.1,0.01,0.001,15,3000,512,COMPLETE
83,0.36398,2025-06-23 00:26:38.223253,2025-06-23 01:46:02.443616,0 days 01:19:24.220363000,128,0.5,1.0,0.001,3,3000,512,COMPLETE
84,0.37914000000000003,2025-06-23 01:46:02.463747,2025-06-23 03:05:30.523741,0 days 01:19:28.059994000,128,0.5,0.01,0.001,3,3000,512,COMPLETE
85,0.44256000000000006,2025-06-23 03:05:30.544004,2025-06-23 04:24:54.621541,0 days 01:19:24.077537000,128,0.5,0.01,0.001,3,3000,512,COMPLETE
86,0.36528,2025-06-23 04:24:54.641982,2025-06-23 05:44:18.613779,0 days 01:19:23.971797000,128,0.5,0.5,0.001,3,3000,512,COMPLETE
87,0.49678,2025-06-23 05:44:18.634557,2025-06-23 06:06:07.450072,0 days 00:21:48.815515000,128,0.5,0.01,0.0001,3,5000,128,COMPLETE
88,0.39242,2025-06-23 06:06:07.471359,2025-06-23 06:18:24.795245,0 days 00:12:17.323886000,64,0.5,1.0,0.0001,3,5000,128,COMPLETE
89,0.4711,2025-06-23 06:18:24.816593,2025-06-23 06:40:12.782380,0 days 00:21:47.965787000,128,0.5,0.01,0.0001,3,5000,128,COMPLETE
90,0.47412,2025-06-23 06:40:12.804002,2025-06-23 07:02:01.791828,0 days 00:21:48.987826000,128,0.5,0.01,0.0001,3,5000,128,COMPLETE
91,0.47572000000000003,2025-06-23 07:02:01.814595,2025-06-23 07:23:50.091973,0 days 00:21:48.277378000,128,0.5,0.01,0.0001,3,5000,128,COMPLETE
92,0.52298,2025-06-23 07:23:50.113581,2025-06-23 07:45:37.282180,0 days 00:21:47.168599000,128,0.5,0.01,0.0001,3,5000,128,COMPLETE
93,0.48374000000000006,2025-06-23 07:45:37.304874,2025-06-23 08:07:25.063786,0 days 00:21:47.758912000,128,0.5,0.01,0.0001,3,5000,128,COMPLETE
94,0.45865999999999996,2025-06-23 08:07:25.086082,2025-06-23 08:29:13.149988,0 days 00:21:48.063906000,128,0.5,0.01,0.0001,3,5000,128,COMPLETE
95,0.46362000000000003,2025-06-23 08:29:13.172478,2025-06-23 08:51:02.446461,0 days 00:21:49.273983000,128,0.5,0.01,0.0001,3,5000,128,COMPLETE
96,0.47662000000000004,2025-06-23 08:51:02.469388,2025-06-23 09:12:50.680216,0 days 00:21:48.210828000,128,0.5,0.01,0.0001,3,5000,128,COMPLETE
97,0.4617800000000001,2025-06-23 09:12:50.703116,2025-06-23 09:34:37.388424,0 days 00:21:46.685308000,128,0.5,0.01,0.0001,3,5000,128,COMPLETE
98,0.47348,2025-06-23 09:34:37.411450,2025-06-23 09:56:27.814142,0 days 00:21:50.402692000,128,0.5,0.01,0.0001,3,5000,128,COMPLETE
99,0.46596000000000004,2025-06-23 09:56:27.837515,2025-06-23 10:18:15.932565,0 days 00:21:48.095050000,128,0.5,0.01,0.0001,3,5000,128,COMPLETE
100,0.46744,2025-06-23 10:18:15.956113,2025-06-23 10:40:03.023136,0 days 00:21:47.067023000,128,0.5,0.01,0.0001,3,5000,128,COMPLETE
101,0.46420000000000006,2025-06-23 10:40:03.046415,2025-06-23 11:01:51.750386,0 days 00:21:48.703971000,128,0.5,0.01,0.0001,3,5000,128,COMPLETE
102,0.48790000000000006,2025-06-23 11:01:51.774032,2025-06-23 11:23:40.631378,0 days 00:21:48.857346000,128,0.5,0.01,0.0001,3,5000,128,COMPLETE
103,0.4837,2025-06-23 11:23:40.655673,2025-06-23 11:45:28.868835,0 days 00:21:48.213162000,128,0.5,0.01,0.0001,3,5000,128,COMPLETE
104,0.46608000000000005,2025-06-23 11:45:28.892677,2025-06-23 12:07:16.620769,0 days 00:21:47.728092000,128,0.5,0.01,0.0001,3,5000,128,COMPLETE
105,0.48138000000000003,2025-06-23 12:07:16.645015,2025-06-23 12:29:04.397900,0 days 00:21:47.752885000,128,0.5,0.01,0.0001,3,5000,128,COMPLETE
106,0.47924,2025-06-23 12:29:04.422164,2025-06-23 12:50:51.791402,0 days 00:21:47.369238000,128,0.5,0.01,0.0001,3,5000,128,COMPLETE
107,0.47506000000000004,2025-06-23 12:50:51.816259,2025-06-23 13:12:39.453353,0 days 00:21:47.637094000,128,0.5,0.01,0.0001,3,5000,128,COMPLETE
108,0.44642000000000004,2025-06-23 13:12:39.478048,2025-06-23 13:31:57.252250,0 days 00:19:17.774202000,128,0.5,0.01,0.0001,10,5000,128,COMPLETE
109,0.47272000000000003,2025-06-23 13:31:57.277493,2025-06-23 13:53:46.009647,0 days 00:21:48.732154000,128,0.5,0.01,0.0001,3,5000,128,COMPLETE
110,0.48818000000000006,2025-06-23 13:53:46.034644,2025-06-23 14:15:33.254251,0 days 00:21:47.219607000,128,0.01,0.01,0.0001,3,5000,128,COMPLETE
111,0.48294000000000004,2025-06-23 14:15:33.279426,2025-06-23 14:37:19.574005,0 days 00:21:46.294579000,128,0.01,0.01,0.0001,3,5000,128,COMPLETE
112,0.5049600000000001,2025-06-23 14:37:19.599401,2025-06-23 14:59:08.653562,0 days 00:21:49.054161000,128,0.01,0.01,0.0001,3,5000,128,COMPLETE
113,0.47216,2025-06-23 14:59:08.679074,2025-06-23 15:18:26.728635,0 days 00:19:18.049561000,128,0.01,0.01,0.0001,3,5000,128,COMPLETE
114,0.42052,2025-06-23 15:18:26.754539,2025-06-23 15:40:14.109432,0 days 00:21:47.354893000,128,0.01,0.01,0.0001,3,5000,128,COMPLETE
115,0.4572400000000001,2025-06-23 15:40:14.135998,2025-06-23 16:02:02.289436,0 days 00:21:48.153438000,128,0.01,0.1,0.0001,3,5000,128,COMPLETE
116,0.46702,2025-06-23 16:02:02.316648,2025-06-23 16:21:20.244418,0 days 00:19:17.927770000,128,0.01,0.01,0.0001,3,5000,128,COMPLETE
117,0.49022000000000004,2025-06-23 16:21:20.271080,2025-06-23 16:43:07.780454,0 days 00:21:47.509374000,128,0.01,0.01,0.0001,3,5000,128,COMPLETE
118,0.52296,2025-06-23 16:43:07.807273,2025-06-23 17:04:55.395324,0 days 00:21:47.588051000,128,0.01,0.01,0.0001,3,5000,128,COMPLETE
119,0.47498000000000007,2025-06-23 17:04:55.422026,2025-06-23 17:26:43.060346,0 days 00:21:47.638320000,128,0.01,0.01,0.0001,3,5000,128,COMPLETE
120,0.48940000000000006,2025-06-23 17:26:43.087356,2025-06-23 17:48:30.924236,0 days 00:21:47.836880000,128,0.01,0.01,0.0001,3,5000,128,COMPLETE
121,0.46714,2025-06-23 17:48:30.951323,2025-06-23 18:10:17.942262,0 days 00:21:46.990939000,128,0.01,0.01,0.0001,3,5000,128,COMPLETE
122,0.49988,2025-06-23 18:10:17.969766,2025-06-23 18:32:05.253113,0 days 00:21:47.283347000,128,0.01,0.01,0.0001,3,5000,128,COMPLETE
123,0.41764,2025-06-23 18:32:05.281035,2025-06-23 18:53:52.806627,0 days 00:21:47.525592000,128,0.01,0.01,0.0001,3,5000,128,COMPLETE
124,0.50676,2025-06-23 18:53:52.836821,2025-06-23 19:15:39.622551,0 days 00:21:46.785730000,128,0.01,0.01,0.0001,3,5000,128,COMPLETE
125,0.46258000000000005,2025-06-23 19:15:39.650511,2025-06-23 19:37:26.112900,0 days 00:21:46.462389000,128,0.01,0.01,0.0001,3,5000,128,COMPLETE
126,0.46412,2025-06-23 19:37:26.141047,2025-06-23 19:59:11.599334,0 days 00:21:45.458287000,128,0.01,0.01,0.0001,3,5000,128,COMPLETE
127,0.47648,2025-06-23 19:59:11.627980,2025-06-23 20:20:59.773597,0 days 00:21:48.145617000,128,0.01,0.01,0.0001,3,5000,128,COMPLETE
128,0.38424,2025-06-23 20:20:59.802544,2025-06-23 20:42:48.866402,0 days 00:21:49.063858000,128,0.01,0.5,0.0001,3,5000,128,COMPLETE
129,0.36778,2025-06-23 20:42:48.895208,2025-06-23 20:55:48.088542,0 days 00:12:59.193334000,128,0.01,0.01,0.0001,10,5000,64,COMPLETE
130,0.4655,2025-06-23 20:55:48.117720,2025-06-23 21:15:04.465475,0 days 00:19:16.347755000,128,0.01,0.01,0.0001,3,5000,128,COMPLETE
131,0.48248,2025-06-23 21:15:04.495069,2025-06-23 21:36:51.470578,0 days 00:21:46.975509000,128,0.01,0.01,0.0001,3,5000,128,COMPLETE
132,0.47380000000000005,2025-06-23 21:36:51.500103,2025-06-23 21:58:37.568638,0 days 00:21:46.068535000,128,0.01,0.01,0.0001,3,5000,128,COMPLETE
133,0.48712,2025-06-23 21:58:37.598455,2025-06-23 22:20:24.847292,0 days 00:21:47.248837000,128,0.01,0.01,0.0001,3,5000,128,COMPLETE
134,0.49028000000000005,2025-06-23 22:20:24.876725,2025-06-23 22:42:12.645145,0 days 00:21:47.768420000,128,0.01,0.01,0.0001,3,5000,128,COMPLETE
135,0.50558,2025-06-23 22:42:12.675184,2025-06-23 23:04:00.229614,0 days 00:21:47.554430000,128,0.01,0.01,0.0001,3,5000,128,COMPLETE
136,0.47126,2025-06-23 23:04:00.259788,2025-06-23 23:25:47.355659,0 days 00:21:47.095871000,128,0.01,0.1,0.0001,3,5000,128,COMPLETE
137,0.48250000000000004,2025-06-23 23:25:47.385487,2025-06-23 23:47:35.359633,0 days 00:21:47.974146000,128,0.01,0.01,0.0001,3,5000,128,COMPLETE
138,0.49180000000000007,2025-06-23 23:47:35.389885,2025-06-24 00:09:21.522075,0 days 00:21:46.132190000,128,0.01,0.01,0.0001,3,5000,128,COMPLETE
139,0.4849000000000001,2025-06-24 00:09:21.553121,2025-06-24 00:11:36.333157,0 days 00:02:14.780036000,128,0.01,0.01,0.0001,3,500,128,COMPLETE
140,0.51478,2025-06-24 00:11:36.364066,2025-06-24 00:33:23.666251,0 days 00:21:47.302185000,128,0.01,0.01,0.0001,3,5000,128,COMPLETE
141,0.49802,2025-06-24 00:33:23.697439,2025-06-24 00:55:11.417279,0 days 00:21:47.719840000,128,0.01,0.01,0.0001,3,5000,128,COMPLETE
142,0.51202,2025-06-24 00:55:11.448737,2025-06-24 01:16:59.366271,0 days 00:21:47.917534000,128,0.01,0.01,0.0001,3,5000,128,COMPLETE
143,0.4696800000000001,2025-06-24 01:16:59.397608,2025-06-24 01:38:45.849351,0 days 00:21:46.451743000,128,0.01,0.01,0.0001,3,5000,128,COMPLETE
144,0.46146,2025-06-24 01:38:45.880521,2025-06-24 01:58:03.704167,0 days 00:19:17.823646000,128,0.01,0.01,0.0001,3,5000,128,COMPLETE
145,0.45706,2025-06-24 01:58:03.736474,2025-06-24 02:19:50.300203,0 days 00:21:46.563729000,128,0.01,0.01,0.0001,3,5000,128,COMPLETE
146,0.49254000000000003,2025-06-24 02:19:50.331927,2025-06-24 02:41:37.889283,0 days 00:21:47.557356000,128,0.01,0.01,0.0001,3,5000,128,COMPLETE
147,0.4839800000000001,2025-06-24 02:41:37.921778,2025-06-24 02:54:37.668502,0 days 00:12:59.746724000,128,0.01,0.01,0.0001,3,5000,64,COMPLETE
148,0.4587000000000001,2025-06-24 02:54:37.701752,2025-06-24 03:16:25.497584,0 days 00:21:47.795832000,128,0.01,0.01,0.0001,3,5000,128,COMPLETE
149,0.48230000000000006,2025-06-24 03:16:25.530644,2025-06-24 03:38:12.864320,0 days 00:21:47.333676000,128,0.01,0.01,0.0001,3,5000,128,COMPLETE
