number,value,datetime_start,datetime_complete,duration,params_compile_batch_size,params_compile_beta_b,params_compile_beta_z,params_compile_lr,params_compile_prior_rate,params_compile_train_steps,params_hidden_size,state
0,0.32742000000000004,2025-06-18 21:34:01.829168,2025-06-18 21:47:15.389348,0 days 00:13:13.560180000,64,1.0,0.01,0.1,15,5000,128,COMPLETE
1,0.20726,2025-06-18 21:47:15.395149,2025-06-18 21:48:40.307076,0 days 00:01:24.911927000,128,0.5,0.1,0.1,15,500,64,COMPLETE
2,0.2868,2025-06-18 21:48:40.311869,2025-06-18 21:56:23.861982,0 days 00:07:43.550113000,64,1.0,0.1,0.0001,15,500,512,COMPLETE
3,0.22934000000000002,2025-06-18 21:56:23.869575,2025-06-19 00:09:53.532628,0 days 02:13:29.663053000,256,0.5,1.0,0.001,15,5000,512,COMPLETE
4,0.5785600000000001,2025-06-19 00:09:53.537719,2025-06-19 00:18:02.433307,0 days 00:08:08.895588000,128,0.01,0.01,0.0001,3,3000,64,COMPLETE
5,0.39086000000000004,2025-06-19 00:18:02.440791,2025-06-19 01:10:00.689286,0 days 00:51:58.248495000,128,0.1,0.5,0.001,3,5000,256,COMPLETE
6,0.5751200000000001,2025-06-19 01:10:00.694798,2025-06-19 01:12:19.352784,0 days 00:02:18.657986000,128,0.01,0.01,0.0001,15,500,128,COMPLETE
7,0.26388,2025-06-19 01:12:19.358505,2025-06-19 01:34:42.882838,0 days 00:22:23.524333000,256,0.5,1.0,0.1,15,5000,128,COMPLETE
8,0.34122,2025-06-19 01:34:42.888846,2025-06-19 01:37:01.449632,0 days 00:02:18.560786000,256,1.0,0.01,0.001,10,500,128,COMPLETE
9,0.40448000000000006,2025-06-19 01:37:01.455752,2025-06-19 02:51:57.967237,0 days 01:14:56.511485000,64,0.1,1.0,0.1,3,5000,512,COMPLETE
10,0.42368000000000006,2025-06-19 02:51:57.973494,2025-06-19 03:00:08.117684,0 days 00:08:10.144190000,128,0.01,0.5,0.0001,3,3000,64,COMPLETE
11,0.63092,2025-06-19 03:00:08.124130,2025-06-19 03:08:17.405336,0 days 00:08:09.281206000,128,0.01,0.01,0.0001,10,3000,64,COMPLETE
12,0.49696,2025-06-19 03:08:17.414264,2025-06-19 03:16:26.018465,0 days 00:08:08.604201000,128,0.01,0.01,0.0001,10,3000,64,COMPLETE
13,0.45658000000000004,2025-06-19 03:16:26.025154,2025-06-19 03:24:34.796199,0 days 00:08:08.771045000,128,0.01,0.01,0.0001,10,3000,64,COMPLETE
14,0.535,2025-06-19 03:24:34.803225,2025-06-19 03:32:43.119833,0 days 00:08:08.316608000,128,0.01,0.01,0.0001,10,3000,64,COMPLETE
15,0.33680000000000004,2025-06-19 03:32:43.127045,2025-06-19 04:03:55.669652,0 days 00:31:12.542607000,128,0.01,0.01,0.0001,3,3000,256,COMPLETE
16,0.5765,2025-06-19 04:03:55.677113,2025-06-19 04:12:04.604157,0 days 00:08:08.927044000,128,0.01,0.01,0.0001,10,3000,64,COMPLETE
17,0.54776,2025-06-19 04:12:04.611828,2025-06-19 04:20:12.897372,0 days 00:08:08.285544000,128,0.01,0.1,0.0001,3,3000,64,COMPLETE
18,0.32468,2025-06-19 04:20:12.905093,2025-06-19 04:28:22.768405,0 days 00:08:09.863312000,256,0.1,0.5,0.0001,10,3000,64,COMPLETE
19,0.34002000000000004,2025-06-19 04:28:22.776342,2025-06-19 04:46:15.112352,0 days 00:17:52.336010000,64,0.01,0.01,0.001,3,3000,256,COMPLETE
20,0.52036,2025-06-19 04:46:15.120655,2025-06-19 04:54:24.241399,0 days 00:08:09.120744000,128,0.01,0.01,0.0001,10,3000,64,COMPLETE
21,0.5717000000000001,2025-06-19 04:54:24.250550,2025-06-19 05:02:33.285782,0 days 00:08:09.035232000,128,0.01,0.01,0.0001,10,3000,64,COMPLETE
22,0.6247400000000001,2025-06-19 05:02:33.294498,2025-06-19 05:10:41.877120,0 days 00:08:08.582622000,128,0.01,0.01,0.0001,10,3000,64,COMPLETE
23,0.52044,2025-06-19 05:10:41.885695,2025-06-19 05:18:50.122519,0 days 00:08:08.236824000,128,0.01,0.01,0.0001,10,3000,64,COMPLETE
24,0.55616,2025-06-19 05:18:50.131414,2025-06-19 05:26:58.528284,0 days 00:08:08.396870000,128,0.01,0.01,0.0001,10,3000,64,COMPLETE
25,0.57176,2025-06-19 05:26:58.537421,2025-06-19 05:35:06.886818,0 days 00:08:08.349397000,128,0.01,0.01,0.0001,3,3000,64,COMPLETE
26,0.3667,2025-06-19 05:35:06.898300,2025-06-19 05:43:15.608271,0 days 00:08:08.709971000,128,0.1,0.1,0.0001,10,3000,64,COMPLETE
27,0.42338,2025-06-19 05:43:15.617615,2025-06-19 06:14:20.500233,0 days 00:31:04.882618000,256,1.0,1.0,0.1,3,3000,256,COMPLETE
28,0.32456,2025-06-19 06:14:20.509835,2025-06-19 06:22:07.913585,0 days 00:07:47.403750000,64,0.5,0.5,0.001,10,500,512,COMPLETE
29,0.43378000000000005,2025-06-19 06:22:07.923488,2025-06-19 06:35:39.705055,0 days 00:13:31.781567000,128,1.0,0.01,0.0001,3,3000,128,COMPLETE
30,0.21750000000000003,2025-06-19 06:35:39.714933,2025-06-19 06:44:16.792475,0 days 00:08:37.077542000,64,0.01,0.01,0.1,10,5000,64,COMPLETE
31,0.5619799999999999,2025-06-19 06:44:16.802801,2025-06-19 06:52:25.874968,0 days 00:08:09.072167000,128,0.01,0.01,0.0001,10,3000,64,COMPLETE
32,0.53192,2025-06-19 06:52:25.885178,2025-06-19 07:00:35.546326,0 days 00:08:09.661148000,128,0.01,0.01,0.0001,10,3000,64,COMPLETE
33,0.57036,2025-06-19 07:00:35.556919,2025-06-19 07:08:44.257781,0 days 00:08:08.700862000,128,0.01,0.01,0.0001,10,3000,64,COMPLETE
34,0.45302000000000003,2025-06-19 07:08:44.270614,2025-06-19 07:10:09.236714,0 days 00:01:24.966100000,128,0.5,0.1,0.0001,15,500,64,COMPLETE
35,0.32274,2025-06-19 07:10:09.247708,2025-06-19 08:30:17.066935,0 days 01:20:07.819227000,128,0.01,0.01,0.0001,10,3000,512,COMPLETE
36,0.53006,2025-06-19 08:30:17.078223,2025-06-19 08:38:25.398660,0 days 00:08:08.320437000,128,0.01,0.01,0.0001,15,3000,64,COMPLETE
37,0.31496,2025-06-19 08:38:25.410046,2025-06-19 08:51:54.941159,0 days 00:13:29.531113000,128,0.5,1.0,0.001,10,5000,64,COMPLETE
38,0.35216000000000003,2025-06-19 08:51:54.952665,2025-06-19 08:54:13.251579,0 days 00:02:18.298914000,256,1.0,0.1,0.1,15,500,128,COMPLETE
39,0.40392000000000006,2025-06-19 08:54:13.263393,2025-06-19 09:11:56.743147,0 days 00:17:43.479754000,64,0.1,0.5,0.0001,3,3000,256,COMPLETE
40,0.37028000000000005,2025-06-19 09:11:56.756875,2025-06-19 11:25:21.370696,0 days 02:13:24.613821000,128,0.01,0.01,0.001,10,5000,512,COMPLETE
41,0.5192800000000001,2025-06-19 11:25:21.382890,2025-06-19 11:27:40.254167,0 days 00:02:18.871277000,128,0.01,0.01,0.0001,15,500,128,COMPLETE
42,0.5077800000000001,2025-06-19 11:27:40.266423,2025-06-19 11:29:58.957194,0 days 00:02:18.690771000,128,0.01,0.01,0.0001,15,500,128,COMPLETE
43,0.5646800000000001,2025-06-19 11:29:58.969915,2025-06-19 11:32:17.736002,0 days 00:02:18.766087000,128,0.01,0.01,0.0001,15,500,128,COMPLETE
44,0.41516,2025-06-19 11:32:17.748567,2025-06-19 11:34:36.394632,0 days 00:02:18.646065000,128,0.01,1.0,0.0001,15,500,128,COMPLETE
45,0.44826,2025-06-19 11:34:36.407642,2025-06-19 11:36:54.196178,0 days 00:02:17.788536000,256,0.01,0.01,0.1,15,500,128,COMPLETE
46,0.45452000000000004,2025-06-19 11:36:54.208970,2025-06-19 11:45:04.364617,0 days 00:08:10.155647000,128,1.0,0.01,0.0001,3,3000,64,COMPLETE
47,0.5316000000000001,2025-06-19 11:45:04.377877,2025-06-19 11:58:35.360365,0 days 00:13:30.982488000,128,0.01,0.01,0.0001,10,5000,64,COMPLETE
48,0.47884000000000004,2025-06-19 11:58:35.373639,2025-06-19 12:06:44.790828,0 days 00:08:09.417189000,128,0.1,0.5,0.0001,3,3000,64,COMPLETE
49,0.37329999999999997,2025-06-19 12:06:44.804316,2025-06-19 12:14:32.043900,0 days 00:07:47.239584000,64,0.5,0.01,0.0001,10,500,512,COMPLETE
50,0.37694,2025-06-19 12:14:32.057842,2025-06-19 12:45:48.577483,0 days 00:31:16.519641000,128,0.01,0.01,0.001,15,3000,256,COMPLETE
51,0.5754600000000001,2025-06-19 12:45:48.591564,2025-06-19 12:53:57.688110,0 days 00:08:09.096546000,128,0.01,0.01,0.0001,3,3000,64,COMPLETE
52,0.55176,2025-06-19 12:53:57.702173,2025-06-19 13:02:05.838097,0 days 00:08:08.135924000,128,0.01,0.01,0.0001,3,3000,64,COMPLETE
53,0.55686,2025-06-19 13:02:05.852411,2025-06-19 13:10:14.364090,0 days 00:08:08.511679000,128,0.01,0.01,0.0001,3,3000,64,COMPLETE
54,0.59148,2025-06-19 13:10:14.378668,2025-06-19 13:18:23.067345,0 days 00:08:08.688677000,128,0.01,0.01,0.0001,3,3000,64,COMPLETE
55,0.47920000000000007,2025-06-19 13:18:23.081835,2025-06-19 13:26:31.656145,0 days 00:08:08.574310000,128,0.01,0.01,0.0001,3,3000,64,COMPLETE
56,0.5253400000000001,2025-06-19 13:26:31.671151,2025-06-19 13:34:29.082229,0 days 00:07:57.411078000,128,0.01,0.1,0.0001,3,3000,64,COMPLETE
57,0.5703,2025-06-19 13:34:29.097234,2025-06-19 13:42:38.142332,0 days 00:08:09.045098000,256,0.01,0.01,0.0001,3,3000,64,COMPLETE
58,0.45824,2025-06-19 13:42:38.157554,2025-06-19 13:50:48.606097,0 days 00:08:10.448543000,128,0.01,1.0,0.0001,3,3000,64,COMPLETE
59,0.32324,2025-06-19 13:50:48.623542,2025-06-19 13:58:57.768848,0 days 00:08:09.145306000,128,0.01,0.01,0.1,3,3000,64,COMPLETE
60,0.60224,2025-06-19 13:58:57.784495,2025-06-19 14:07:07.135154,0 days 00:08:09.350659000,128,0.1,0.01,0.0001,3,3000,64,COMPLETE
61,0.60182,2025-06-19 14:07:07.150857,2025-06-19 14:15:15.086338,0 days 00:08:07.935481000,128,0.1,0.01,0.0001,3,3000,64,COMPLETE
62,0.5996600000000001,2025-06-19 14:15:15.102382,2025-06-19 14:23:12.015056,0 days 00:07:56.912674000,128,0.1,0.01,0.0001,3,3000,64,COMPLETE
63,0.5702200000000001,2025-06-19 14:23:12.031314,2025-06-19 14:31:20.894538,0 days 00:08:08.863224000,128,0.1,0.01,0.0001,3,3000,64,COMPLETE
64,0.541,2025-06-19 14:31:20.910957,2025-06-19 14:39:29.325538,0 days 00:08:08.414581000,128,0.1,0.01,0.0001,3,3000,64,COMPLETE
65,0.562,2025-06-19 14:39:29.342522,2025-06-19 14:47:37.539213,0 days 00:08:08.196691000,128,0.1,0.01,0.0001,3,3000,64,COMPLETE
66,0.43296,2025-06-19 14:47:37.555753,2025-06-19 14:55:36.759980,0 days 00:07:59.204227000,128,0.1,0.5,0.0001,3,3000,64,COMPLETE
67,0.5626200000000001,2025-06-19 14:55:36.776960,2025-06-19 15:00:52.272619,0 days 00:05:15.495659000,64,0.1,0.01,0.0001,3,3000,64,COMPLETE
68,0.52522,2025-06-19 15:00:52.289564,2025-06-19 15:09:00.321072,0 days 00:08:08.031508000,128,0.1,0.01,0.0001,3,3000,64,COMPLETE
69,0.41054,2025-06-19 15:09:00.338593,2025-06-19 15:17:08.531996,0 days 00:08:08.193403000,128,0.1,0.01,0.001,3,3000,64,COMPLETE
70,0.5283,2025-06-19 15:17:08.550983,2025-06-19 15:46:20.103736,0 days 00:29:11.552753000,256,0.1,0.1,0.0001,3,3000,256,COMPLETE
71,0.41986,2025-06-19 15:46:20.121744,2025-06-19 15:54:28.359723,0 days 00:08:08.237979000,128,0.1,0.01,0.0001,10,3000,64,COMPLETE
72,0.37238000000000004,2025-06-19 15:54:28.377806,2025-06-19 16:02:36.581710,0 days 00:08:08.203904000,128,0.1,0.01,0.0001,10,3000,64,COMPLETE
73,0.44200000000000006,2025-06-19 16:02:36.599980,2025-06-19 16:10:44.425519,0 days 00:08:07.825539000,128,0.1,0.01,0.0001,10,3000,64,COMPLETE
74,0.43698000000000004,2025-06-19 16:10:44.446546,2025-06-19 16:18:53.537640,0 days 00:08:09.091094000,128,1.0,0.01,0.0001,10,3000,64,COMPLETE
75,0.42696,2025-06-19 16:18:53.556029,2025-06-19 16:32:25.246608,0 days 00:13:31.690579000,128,0.5,0.01,0.0001,3,5000,64,COMPLETE
76,0.42532000000000003,2025-06-19 16:32:25.265391,2025-06-19 17:51:01.940586,0 days 01:18:36.675195000,128,0.1,1.0,0.1,10,3000,512,COMPLETE
77,0.56874,2025-06-19 17:51:01.959788,2025-06-19 17:59:10.492238,0 days 00:08:08.532450000,128,0.1,0.01,0.0001,3,3000,64,COMPLETE
78,0.5486800000000001,2025-06-19 17:59:10.511312,2025-06-19 18:04:18.549045,0 days 00:05:08.037733000,64,0.01,0.01,0.0001,10,3000,64,COMPLETE
79,0.42632000000000003,2025-06-19 18:04:18.567973,2025-06-19 18:12:29.530068,0 days 00:08:10.962095000,128,1.0,0.5,0.0001,3,3000,64,COMPLETE
80,0.42954000000000003,2025-06-19 18:12:29.549580,2025-06-19 18:20:38.579830,0 days 00:08:09.030250000,128,0.1,0.01,0.0001,10,3000,64,COMPLETE
81,0.60436,2025-06-19 18:20:38.602071,2025-06-19 18:28:48.468055,0 days 00:08:09.865984000,128,0.01,0.01,0.0001,3,3000,64,COMPLETE
82,0.5811999999999999,2025-06-19 18:28:48.487657,2025-06-19 18:36:57.452982,0 days 00:08:08.965325000,128,0.01,0.01,0.0001,3,3000,64,COMPLETE
83,0.60948,2025-06-19 18:36:57.473023,2025-06-19 18:45:06.862981,0 days 00:08:09.389958000,128,0.01,0.01,0.0001,3,3000,64,COMPLETE
84,0.56962,2025-06-19 18:45:06.883141,2025-06-19 18:53:05.609030,0 days 00:07:58.725889000,128,0.01,0.01,0.0001,3,3000,64,COMPLETE
85,0.51036,2025-06-19 18:53:05.630614,2025-06-19 19:01:14.332033,0 days 00:08:08.701419000,128,0.01,0.01,0.0001,3,3000,64,COMPLETE
86,0.4864200000000001,2025-06-19 19:01:14.352410,2025-06-19 19:09:23.672923,0 days 00:08:09.320513000,128,0.01,0.01,0.0001,3,3000,64,COMPLETE
87,0.366,2025-06-19 19:09:23.695205,2025-06-19 19:22:57.089792,0 days 00:13:33.394587000,128,0.01,0.01,0.001,3,5000,64,COMPLETE
88,0.56972,2025-06-19 19:22:57.113471,2025-06-19 19:54:12.499860,0 days 00:31:15.386389000,128,0.5,0.01,0.0001,3,3000,256,COMPLETE
89,0.57594,2025-06-19 19:54:12.520899,2025-06-19 20:02:20.508690,0 days 00:08:07.987791000,256,0.01,0.01,0.0001,3,3000,64,COMPLETE
90,0.37404000000000004,2025-06-19 20:02:20.529759,2025-06-19 21:22:32.845233,0 days 01:20:12.315474000,128,0.01,0.01,0.0001,3,3000,512,COMPLETE
91,0.5655800000000001,2025-06-19 21:22:32.866596,2025-06-19 21:30:41.135173,0 days 00:08:08.268577000,128,0.01,0.01,0.0001,3,3000,64,COMPLETE
92,0.56768,2025-06-19 21:30:41.156594,2025-06-19 21:38:50.502602,0 days 00:08:09.346008000,128,0.01,0.01,0.0001,3,3000,64,COMPLETE
93,0.5502800000000001,2025-06-19 21:38:50.524413,2025-06-19 21:47:00.044114,0 days 00:08:09.519701000,128,0.01,0.1,0.0001,3,3000,64,COMPLETE
94,0.56192,2025-06-19 21:47:00.066308,2025-06-19 21:55:09.790226,0 days 00:08:09.723918000,128,0.01,0.01,0.0001,3,3000,64,COMPLETE
95,0.333,2025-06-19 21:55:09.812266,2025-06-19 22:03:20.366559,0 days 00:08:10.554293000,128,0.01,0.01,0.1,3,3000,64,COMPLETE
96,0.37744,2025-06-19 22:03:20.389043,2025-06-19 22:11:30.890886,0 days 00:08:10.501843000,128,0.01,1.0,0.0001,3,3000,64,COMPLETE
97,0.5835,2025-06-19 22:11:30.914881,2025-06-19 22:19:40.895329,0 days 00:08:09.980448000,128,0.01,0.01,0.0001,3,3000,64,COMPLETE
98,0.56192,2025-06-19 22:19:40.919931,2025-06-19 22:27:50.582179,0 days 00:08:09.662248000,128,0.1,0.01,0.0001,3,3000,64,COMPLETE
99,0.55318,2025-06-19 22:27:50.605025,2025-06-19 22:33:05.401175,0 days 00:05:14.796150000,64,0.01,0.01,0.0001,3,3000,64,COMPLETE
100,0.5696,2025-06-19 22:33:05.424488,2025-06-19 22:41:14.061365,0 days 00:08:08.636877000,128,0.01,0.01,0.0001,3,3000,64,COMPLETE
101,0.45838000000000007,2025-06-19 22:41:14.084608,2025-06-19 22:49:23.156064,0 days 00:08:09.071456000,128,0.01,0.01,0.0001,3,3000,64,COMPLETE
102,0.5691200000000001,2025-06-19 22:49:23.182059,2025-06-19 22:57:32.521089,0 days 00:08:09.339030000,128,0.01,0.01,0.0001,3,3000,64,COMPLETE
103,0.6048600000000001,2025-06-19 22:57:32.544875,2025-06-19 23:05:41.423058,0 days 00:08:08.878183000,128,0.01,0.01,0.0001,3,3000,64,COMPLETE
104,0.5087,2025-06-19 23:05:41.446823,2025-06-19 23:13:39.810641,0 days 00:07:58.363818000,128,0.01,0.01,0.0001,3,3000,64,COMPLETE
105,0.5704400000000001,2025-06-19 23:13:39.834621,2025-06-19 23:21:48.030288,0 days 00:08:08.195667000,128,0.01,0.01,0.0001,3,3000,64,COMPLETE
106,0.36568,2025-06-19 23:21:48.057181,2025-06-19 23:35:21.388522,0 days 00:13:33.331341000,128,0.1,0.5,0.001,3,5000,64,COMPLETE
107,0.47326,2025-06-19 23:35:21.412889,2025-06-20 00:06:38.377248,0 days 00:31:16.964359000,128,0.01,0.01,0.0001,3,3000,256,COMPLETE
108,0.51314,2025-06-20 00:06:38.402098,2025-06-20 00:14:46.962111,0 days 00:08:08.560013000,256,0.5,0.01,0.0001,3,3000,64,COMPLETE
109,0.44924000000000003,2025-06-20 00:14:46.988066,2025-06-20 00:28:19.069028,0 days 00:13:32.080962000,128,0.01,0.01,0.0001,3,3000,128,COMPLETE
110,0.42644000000000004,2025-06-20 00:28:19.094021,2025-06-20 00:36:29.671215,0 days 00:08:10.577194000,128,1.0,0.1,0.0001,3,3000,64,COMPLETE
111,0.4983000000000001,2025-06-20 00:36:29.701682,2025-06-20 00:44:38.111233,0 days 00:08:08.409551000,128,0.01,0.01,0.0001,3,3000,64,COMPLETE
112,0.47586,2025-06-20 00:44:38.136737,2025-06-20 00:52:47.574919,0 days 00:08:09.438182000,128,0.01,0.01,0.0001,3,3000,64,COMPLETE
113,0.58268,2025-06-20 00:52:47.600056,2025-06-20 01:00:57.077534,0 days 00:08:09.477478000,128,0.01,0.01,0.0001,3,3000,64,COMPLETE
114,0.5460400000000001,2025-06-20 01:00:57.104808,2025-06-20 01:09:05.787938,0 days 00:08:08.683130000,128,0.01,0.01,0.0001,3,3000,64,COMPLETE
115,0.53576,2025-06-20 01:09:05.813829,2025-06-20 01:17:03.342549,0 days 00:07:57.528720000,128,0.1,0.01,0.0001,3,3000,64,COMPLETE
116,0.44826,2025-06-20 01:17:03.368418,2025-06-20 02:35:22.161133,0 days 01:18:18.792715000,128,0.01,0.01,0.1,10,3000,512,COMPLETE
117,0.5481800000000001,2025-06-20 02:35:22.187049,2025-06-20 02:36:47.201536,0 days 00:01:25.014487000,128,0.01,0.01,0.0001,3,500,64,COMPLETE
118,0.45526,2025-06-20 02:36:47.228197,2025-06-20 02:44:57.444861,0 days 00:08:10.216664000,128,0.1,1.0,0.0001,3,3000,64,COMPLETE
119,0.5314800000000001,2025-06-20 02:44:57.471786,2025-06-20 02:50:11.024798,0 days 00:05:13.553012000,64,0.01,0.01,0.0001,15,3000,64,COMPLETE
120,0.6047600000000001,2025-06-20 02:50:11.051716,2025-06-20 02:58:21.093319,0 days 00:08:10.041603000,128,0.01,0.01,0.0001,3,3000,64,COMPLETE
121,0.5864,2025-06-20 02:58:21.123170,2025-06-20 03:06:30.658192,0 days 00:08:09.535022000,128,0.01,0.01,0.0001,3,3000,64,COMPLETE
122,0.43704,2025-06-20 03:06:30.685439,2025-06-20 03:14:28.876126,0 days 00:07:58.190687000,128,0.01,0.01,0.0001,3,3000,64,COMPLETE
123,0.6193000000000001,2025-06-20 03:14:28.903379,2025-06-20 03:22:37.709611,0 days 00:08:08.806232000,128,0.01,0.01,0.0001,3,3000,64,COMPLETE
124,0.48226,2025-06-20 03:22:37.737344,2025-06-20 03:30:47.682671,0 days 00:08:09.945327000,128,0.01,0.01,0.0001,3,3000,64,COMPLETE
125,0.5550999999999999,2025-06-20 03:30:47.710719,2025-06-20 03:38:57.325093,0 days 00:08:09.614374000,128,0.01,0.01,0.0001,10,3000,64,COMPLETE
126,0.6139800000000001,2025-06-20 03:38:57.354595,2025-06-20 03:47:06.811128,0 days 00:08:09.456533000,128,0.1,0.01,0.0001,3,3000,64,COMPLETE
127,0.60178,2025-06-20 03:47:06.841901,2025-06-20 04:00:39.921066,0 days 00:13:33.079165000,128,0.1,0.01,0.0001,3,5000,64,COMPLETE
128,0.37992000000000004,2025-06-20 04:00:39.950973,2025-06-20 04:14:11.182171,0 days 00:13:31.231198000,128,0.1,0.5,0.001,3,5000,64,COMPLETE
129,0.36202,2025-06-20 04:14:11.211036,2025-06-20 05:06:11.032770,0 days 00:51:59.821734000,128,0.1,0.01,0.0001,10,5000,256,COMPLETE
130,0.5521800000000001,2025-06-20 05:06:11.061949,2025-06-20 05:28:40.967303,0 days 00:22:29.905354000,256,0.1,0.01,0.0001,3,5000,128,COMPLETE
131,0.53962,2025-06-20 05:28:40.996479,2025-06-20 05:42:13.376016,0 days 00:13:32.379537000,128,0.1,0.01,0.0001,3,5000,64,COMPLETE
132,0.58372,2025-06-20 05:42:13.405347,2025-06-20 05:55:44.653503,0 days 00:13:31.248156000,128,0.1,0.01,0.0001,3,5000,64,COMPLETE
133,0.53822,2025-06-20 05:55:44.682936,2025-06-20 06:03:54.436355,0 days 00:08:09.753419000,128,0.1,0.01,0.0001,3,3000,64,COMPLETE
134,0.5768,2025-06-20 06:03:54.466018,2025-06-20 06:12:03.725259,0 days 00:08:09.259241000,128,0.1,0.01,0.0001,3,3000,64,COMPLETE
135,0.5573800000000001,2025-06-20 06:12:03.756405,2025-06-20 06:20:12.245312,0 days 00:08:08.488907000,128,0.1,0.01,0.0001,3,3000,64,COMPLETE
136,0.60384,2025-06-20 06:20:12.275132,2025-06-20 06:28:21.298008,0 days 00:08:09.022876000,128,0.1,0.01,0.0001,3,3000,64,COMPLETE
137,0.5640000000000001,2025-06-20 06:28:21.328835,2025-06-20 06:36:30.710667,0 days 00:08:09.381832000,128,0.1,0.01,0.0001,3,3000,64,COMPLETE
138,0.41836,2025-06-20 06:36:30.742252,2025-06-20 06:37:55.682185,0 days 00:01:24.939933000,128,0.1,0.01,0.1,10,500,64,COMPLETE
139,0.33374000000000004,2025-06-20 06:37:55.712411,2025-06-20 07:57:57.701335,0 days 01:20:01.988924000,128,0.1,0.01,0.0001,3,3000,512,COMPLETE
140,0.50748,2025-06-20 07:57:57.731908,2025-06-20 08:06:06.636973,0 days 00:08:08.905065000,128,0.1,0.1,0.0001,15,3000,64,COMPLETE
141,0.60294,2025-06-20 08:06:06.668013,2025-06-20 08:14:16.335406,0 days 00:08:09.667393000,128,0.1,0.01,0.0001,3,3000,64,COMPLETE
142,0.57642,2025-06-20 08:14:16.367590,2025-06-20 08:22:26.234752,0 days 00:08:09.867162000,128,0.1,0.01,0.0001,3,3000,64,COMPLETE
143,0.52158,2025-06-20 08:22:26.266252,2025-06-20 08:30:35.076320,0 days 00:08:08.810068000,128,0.1,0.01,0.0001,3,3000,64,COMPLETE
144,0.59332,2025-06-20 08:30:35.107963,2025-06-20 08:38:44.286169,0 days 00:08:09.178206000,128,0.1,0.01,0.0001,3,3000,64,COMPLETE
145,0.5153800000000001,2025-06-20 08:38:44.320760,2025-06-20 08:46:25.807208,0 days 00:07:41.486448000,128,0.1,0.01,0.0001,3,3000,64,COMPLETE
146,0.5972000000000001,2025-06-20 08:46:25.839535,2025-06-20 08:54:34.864367,0 days 00:08:09.024832000,128,0.1,0.01,0.0001,3,3000,64,COMPLETE
147,0.41890000000000005,2025-06-20 08:54:34.899465,2025-06-20 09:08:09.409173,0 days 00:13:34.509708000,128,0.1,1.0,0.0001,3,5000,64,COMPLETE
148,0.5794000000000001,2025-06-20 09:08:09.441768,2025-06-20 09:13:24.354092,0 days 00:05:14.912324000,64,0.1,0.01,0.0001,3,3000,64,COMPLETE
149,0.62934,2025-06-20 09:13:24.386812,2025-06-20 09:21:33.694093,0 days 00:08:09.307281000,128,0.1,0.01,0.0001,3,3000,64,COMPLETE
