number,value,datetime_start,datetime_complete,duration,params_compile_batch_size,params_compile_beta_b,params_compile_beta_z,params_compile_lr,params_compile_prior_rate,params_compile_train_steps,params_hidden_size,state
0,0.20980000000000001,2025-07-26 21:57:54.733582,2025-07-26 22:01:19.441031,0 days 00:03:24.707449000,128,0.01,0.5,0.0001,5,500,128,COMPLETE
1,0.19752000000000003,2025-07-26 22:01:19.452539,2025-07-26 22:23:55.158056,0 days 00:22:35.705517000,64,1.0,0.01,0.1,5,5000,128,COMPLETE
2,0.22098,2025-07-26 22:23:55.165825,2025-07-26 22:45:32.326008,0 days 00:21:37.160183000,128,0.5,0.5,0.001,5,3000,256,COMPLETE
3,0.38056,2025-07-26 22:45:32.335093,2025-07-26 22:59:15.579398,0 days 00:13:43.244305000,64,0.01,0.01,0.001,10,3000,128,COMPLETE
4,0.19808000000000003,2025-07-26 22:59:15.588283,2025-07-27 00:18:09.742220,0 days 01:18:54.153937000,256,0.1,0.1,0.1,10,5000,256,COMPLETE
5,0.21336,2025-07-27 00:18:09.748592,2025-07-27 00:25:28.882739,0 days 00:07:19.134147000,256,1.0,0.5,0.0001,10,500,64,COMPLETE
6,0.07656,2025-07-27 00:25:28.889541,2025-07-27 00:31:28.542796,0 days 00:05:59.653255000,256,0.01,0.1,0.001,3,500,64,COMPLETE
7,0.36494000000000004,2025-07-27 00:31:28.553925,2025-07-27 00:57:04.017344,0 days 00:25:35.463419000,256,0.1,0.01,0.001,10,3000,128,COMPLETE
8,0.27908,2025-07-27 00:57:04.027175,2025-07-27 01:01:09.944081,0 days 00:04:05.916906000,128,0.1,0.01,0.001,10,500,256,COMPLETE
9,0.24822000000000005,2025-07-27 01:01:09.952044,2025-07-27 01:24:14.800075,0 days 00:23:04.848031000,64,1.0,0.01,0.001,10,5000,256,COMPLETE
10,0.16176000000000001,2025-07-27 01:24:14.813181,2025-07-27 01:37:55.333557,0 days 00:13:40.520376000,64,0.01,1.0,0.0001,3,3000,128,COMPLETE
11,0.36494000000000004,2025-07-27 01:37:55.347535,2025-07-27 02:03:27.386504,0 days 00:25:32.038969000,256,0.1,0.01,0.001,10,3000,128,COMPLETE
12,0.32014,2025-07-27 02:03:27.400717,2025-07-27 02:17:17.310827,0 days 00:13:49.910110000,64,0.5,0.01,0.001,10,3000,128,COMPLETE
13,0.26492000000000004,2025-07-27 02:17:17.324503,2025-07-27 02:31:00.783474,0 days 00:13:43.458971000,64,0.1,1.0,0.001,10,3000,128,COMPLETE
14,0.1811,2025-07-27 02:31:00.796948,2025-07-27 02:56:23.313852,0 days 00:25:22.516904000,256,0.01,0.01,0.1,10,3000,128,COMPLETE
15,0.24066,2025-07-27 02:56:23.324996,2025-07-27 03:10:03.225363,0 days 00:13:39.900367000,64,0.01,0.01,0.001,3,3000,128,COMPLETE
16,0.39294,2025-07-27 03:10:03.238344,2025-07-27 03:33:58.430869,0 days 00:23:55.192525000,256,0.1,0.01,0.001,10,3000,64,COMPLETE
17,0.28294,2025-07-27 03:33:58.446039,2025-07-27 03:57:59.471420,0 days 00:24:01.025381000,256,0.5,0.1,0.001,10,3000,64,COMPLETE
18,0.17878000000000002,2025-07-27 03:57:59.488553,2025-07-27 04:11:33.188550,0 days 00:13:33.699997000,64,0.01,1.0,0.1,3,3000,64,COMPLETE
19,0.26216,2025-07-27 04:11:33.201238,2025-07-27 04:40:10.403760,0 days 00:28:37.202522000,128,0.1,0.01,0.0001,5,5000,64,COMPLETE
20,0.39294,2025-07-27 04:40:10.414496,2025-07-27 05:04:11.268624,0 days 00:24:00.854128000,256,0.1,0.01,0.001,10,3000,64,COMPLETE
21,0.39294,2025-07-27 05:04:11.286284,2025-07-27 05:28:08.371530,0 days 00:23:57.085246000,256,0.1,0.01,0.001,10,3000,64,COMPLETE
22,0.39294,2025-07-27 05:28:08.384193,2025-07-27 05:52:15.071350,0 days 00:24:06.687157000,256,0.1,0.01,0.001,10,3000,64,COMPLETE
23,0.39294,2025-07-27 05:52:15.088510,2025-07-27 06:16:10.960861,0 days 00:23:55.872351000,256,0.1,0.01,0.001,10,3000,64,COMPLETE
24,0.39294,2025-07-27 06:16:10.972738,2025-07-27 06:39:43.602742,0 days 00:23:32.630004000,256,0.1,0.01,0.001,10,3000,64,COMPLETE
25,0.39294,2025-07-27 06:39:43.619355,2025-07-27 07:03:09.639402,0 days 00:23:26.020047000,256,0.1,0.01,0.001,10,3000,64,COMPLETE
26,0.17906,2025-07-27 07:03:09.656030,2025-07-27 07:26:34.206838,0 days 00:23:24.550808000,256,0.1,0.1,0.001,10,3000,64,COMPLETE
27,0.32126,2025-07-27 07:26:34.226232,2025-07-27 07:50:03.377107,0 days 00:23:29.150875000,256,0.1,1.0,0.001,10,3000,64,COMPLETE
28,0.09548000000000001,2025-07-27 07:50:03.397694,2025-07-27 07:54:26.033066,0 days 00:04:22.635372000,256,0.1,0.5,0.1,3,500,64,COMPLETE
29,0.23234000000000002,2025-07-27 07:54:26.049992,2025-07-27 08:22:22.088671,0 days 00:27:56.038679000,128,0.1,0.5,0.0001,5,5000,64,COMPLETE
30,0.19292,2025-07-27 08:22:22.107246,2025-07-27 08:26:49.137300,0 days 00:04:27.030054000,256,0.5,0.01,0.0001,5,500,64,COMPLETE
31,0.39294,2025-07-27 08:26:49.154444,2025-07-27 08:50:15.706354,0 days 00:23:26.551910000,256,0.1,0.01,0.001,10,3000,64,COMPLETE
32,0.39294,2025-07-27 08:50:15.723627,2025-07-27 09:13:38.707376,0 days 00:23:22.983749000,256,0.1,0.01,0.001,10,3000,64,COMPLETE
33,0.23850000000000002,2025-07-27 09:13:38.726133,2025-07-27 09:37:01.445316,0 days 00:23:22.719183000,256,1.0,0.01,0.001,10,3000,64,COMPLETE
34,0.39294,2025-07-27 09:37:01.465421,2025-07-27 10:00:24.553460,0 days 00:23:23.088039000,256,0.1,0.01,0.001,10,3000,64,COMPLETE
35,0.35364000000000007,2025-07-27 10:00:24.575028,2025-07-27 10:30:05.068814,0 days 00:29:40.493786000,128,0.1,0.01,0.001,5,3000,256,COMPLETE
36,0.13480000000000003,2025-07-27 10:30:05.087881,2025-07-27 11:41:52.861302,0 days 01:11:47.773421000,256,1.0,0.5,0.1,10,5000,64,COMPLETE
37,0.39294,2025-07-27 11:41:52.880568,2025-07-27 12:30:15.864145,0 days 00:48:22.983577000,256,0.1,0.01,0.001,10,3000,64,COMPLETE
38,0.28294,2025-07-27 12:30:15.883970,2025-07-27 13:20:20.512398,0 days 00:50:04.628428000,256,0.5,0.1,0.001,10,3000,64,COMPLETE
39,0.24173999999999998,2025-07-27 13:20:20.532646,2025-07-27 13:33:13.046143,0 days 00:12:52.513497000,256,0.1,0.01,0.001,10,500,256,COMPLETE
40,0.36434,2025-07-27 13:33:13.066273,2025-07-27 14:04:20.963612,0 days 00:31:07.897339000,128,0.1,0.01,0.001,5,3000,64,COMPLETE
41,0.39294,2025-07-27 14:04:20.984998,2025-07-27 14:32:55.374149,0 days 00:28:34.389151000,256,0.1,0.01,0.001,10,3000,64,COMPLETE
42,0.39294,2025-07-27 14:32:55.397680,2025-07-27 14:56:50.333392,0 days 00:23:54.935712000,256,0.1,0.01,0.001,10,3000,64,COMPLETE
43,0.39294,2025-07-27 14:56:50.354341,2025-07-27 15:20:52.073517,0 days 00:24:01.719176000,256,0.1,0.01,0.001,10,3000,64,COMPLETE
44,0.23850000000000002,2025-07-27 15:20:52.097076,2025-07-27 15:44:40.583351,0 days 00:23:48.486275000,256,1.0,0.01,0.001,10,3000,64,COMPLETE
45,0.56352,2025-07-27 15:44:40.605932,2025-07-27 16:50:32.033418,0 days 01:05:51.427486000,256,0.1,0.01,0.0001,10,5000,256,COMPLETE
46,0.18736000000000003,2025-07-27 16:50:32.058663,2025-07-27 17:56:22.147938,0 days 01:05:50.089275000,256,0.1,0.5,0.0001,3,5000,256,COMPLETE
47,0.23356000000000002,2025-07-27 17:56:22.170869,2025-07-27 19:02:03.851849,0 days 01:05:41.680980000,256,0.1,1.0,0.0001,10,5000,256,COMPLETE
48,0.56352,2025-07-27 19:02:03.876494,2025-07-27 20:07:43.378803,0 days 01:05:39.502309000,256,0.1,0.01,0.0001,10,5000,256,COMPLETE
49,0.5207,2025-07-27 20:07:43.403240,2025-07-27 21:12:57.576404,0 days 01:05:14.173164000,256,0.01,0.1,0.0001,10,5000,256,COMPLETE
