number,value,datetime_start,datetime_complete,duration,params_compile_batch_size,params_compile_beta_b,params_compile_beta_z,params_compile_lr,params_compile_prior_rate,params_compile_train_steps,params_hidden_size,state
0,0.34112,2025-07-11 21:04:07.923414,2025-07-11 21:07:32.580903,0 days 00:03:24.657489000,64,0.1,0.1,0.001,10,3000,128,COMPLETE
1,0.33612000000000003,2025-07-11 21:07:32.586759,2025-07-11 21:09:53.388181,0 days 00:02:20.801422000,128,0.1,1.0,0.0001,10,500,256,COMPLETE
2,0.39764,2025-07-11 21:09:53.392989,2025-07-11 21:13:40.304066,0 days 00:03:46.911077000,64,0.01,0.01,0.0001,10,5000,64,COMPLETE
3,0.37062000000000006,2025-07-11 21:13:40.309060,2025-07-11 21:19:10.285108,0 days 00:05:29.976048000,128,0.1,0.01,0.001,15,500,512,COMPLETE
4,0.29574,2025-07-11 21:19:10.290326,2025-07-11 21:22:57.874196,0 days 00:03:47.583870000,128,0.5,0.5,0.0001,3,3000,64,COMPLETE
5,0.31874,2025-07-11 21:22:57.879478,2025-07-11 21:29:24.934879,0 days 00:06:27.055401000,128,1.0,0.5,0.1,15,5000,64,COMPLETE
6,0.46558000000000005,2025-07-11 21:29:24.940323,2025-07-11 21:30:47.606125,0 days 00:01:22.665802000,64,1.0,0.01,0.0001,3,500,256,COMPLETE
7,0.29368,2025-07-11 21:30:47.611721,2025-07-11 22:01:57.980739,0 days 00:31:10.369018000,64,0.1,0.5,0.0001,10,5000,512,COMPLETE
8,0.40574000000000005,2025-07-11 22:01:57.986739,2025-07-11 22:03:06.725587,0 days 00:01:08.738848000,128,0.01,0.5,0.0001,3,500,128,COMPLETE
9,0.29798,2025-07-11 22:03:06.731653,2025-07-11 22:10:45.142937,0 days 00:07:38.411284000,256,0.01,1.0,0.0001,3,3000,64,COMPLETE
10,0.34072,2025-07-11 22:10:45.149224,2025-07-11 22:15:19.438034,0 days 00:04:34.288810000,256,1.0,0.01,0.1,3,500,256,COMPLETE
11,0.36638,2025-07-11 22:15:19.444443,2025-07-11 22:16:00.975286,0 days 00:00:41.530843000,64,1.0,0.1,0.0001,3,500,128,COMPLETE
12,0.29312,2025-07-11 22:16:00.981891,2025-07-11 22:16:43.194576,0 days 00:00:42.212685000,64,0.01,0.01,0.0001,3,500,128,COMPLETE
13,0.31720000000000004,2025-07-11 22:16:43.201330,2025-07-11 22:19:04.416972,0 days 00:02:21.215642000,128,0.5,0.5,0.0001,3,500,256,COMPLETE
14,0.3538,2025-07-11 22:19:04.423996,2025-07-11 22:21:08.752345,0 days 00:02:04.328349000,256,1.0,0.01,0.1,3,500,128,COMPLETE
15,0.30388000000000004,2025-07-11 22:21:08.759577,2025-07-11 22:23:27.927046,0 days 00:02:19.167469000,128,0.01,0.5,0.001,3,500,256,COMPLETE
16,0.29332,2025-07-11 22:23:27.934498,2025-07-11 22:24:09.646066,0 days 00:00:41.711568000,64,1.0,0.1,0.0001,15,500,128,COMPLETE
17,0.31504,2025-07-11 22:24:09.653576,2025-07-11 22:25:32.638374,0 days 00:01:22.984798000,64,0.01,1.0,0.0001,3,500,256,COMPLETE
18,0.32499999999999996,2025-07-11 22:25:32.646218,2025-07-11 22:57:34.159898,0 days 00:32:01.513680000,128,0.5,0.5,0.1,3,3000,512,COMPLETE
19,0.34434000000000003,2025-07-11 22:57:34.167884,2025-07-11 23:41:46.977517,0 days 00:44:12.809633000,256,1.0,0.01,0.001,15,5000,256,COMPLETE
20,0.28208,2025-07-11 23:41:46.985746,2025-07-11 23:42:28.833576,0 days 00:00:41.847830000,64,0.01,0.01,0.0001,3,500,128,COMPLETE
21,0.4032,2025-07-11 23:42:28.841787,2025-07-11 23:46:16.288948,0 days 00:03:47.447161000,64,0.01,0.01,0.0001,10,5000,64,COMPLETE
22,0.33872,2025-07-11 23:46:16.297476,2025-07-11 23:50:04.307653,0 days 00:03:48.010177000,64,0.01,0.01,0.0001,10,5000,64,COMPLETE
23,0.28038,2025-07-11 23:50:04.316413,2025-07-11 23:53:51.594190,0 days 00:03:47.277777000,64,0.01,0.01,0.0001,10,5000,64,COMPLETE
24,0.36972000000000005,2025-07-11 23:53:51.603074,2025-07-11 23:57:39.309563,0 days 00:03:47.706489000,64,0.01,0.01,0.0001,10,5000,64,COMPLETE
25,0.28550000000000003,2025-07-11 23:57:39.318638,2025-07-12 00:07:40.966611,0 days 00:10:01.647973000,128,0.01,0.5,0.0001,10,5000,128,COMPLETE
26,0.35250000000000004,2025-07-12 00:07:40.975742,2025-07-12 00:09:04.767849,0 days 00:01:23.792107000,64,1.0,0.1,0.0001,3,500,256,COMPLETE
27,0.27974,2025-07-12 00:09:04.777324,2025-07-12 01:17:07.572150,0 days 01:08:02.794826000,256,0.5,1.0,0.1,10,3000,512,COMPLETE
28,0.41524000000000005,2025-07-12 01:17:07.581626,2025-07-12 01:17:38.504042,0 days 00:00:30.922416000,64,0.01,0.01,0.001,15,500,64,COMPLETE
29,0.34202,2025-07-12 01:17:38.513842,2025-07-12 01:18:46.771040,0 days 00:01:08.257198000,128,0.1,0.1,0.001,15,500,128,COMPLETE
30,0.29586,2025-07-12 01:18:46.781090,2025-07-12 01:20:09.763757,0 days 00:01:22.982667000,64,1.0,0.5,0.001,15,500,256,COMPLETE
31,0.41458,2025-07-12 01:20:09.774160,2025-07-12 01:20:40.742558,0 days 00:00:30.968398000,64,0.01,0.01,0.001,15,500,64,COMPLETE
32,0.40692000000000006,2025-07-12 01:20:40.753052,2025-07-12 01:21:11.729248,0 days 00:00:30.976196000,64,0.01,0.01,0.001,15,500,64,COMPLETE
33,0.42362,2025-07-12 01:21:11.739857,2025-07-12 01:21:42.631921,0 days 00:00:30.892064000,64,0.01,0.01,0.001,15,500,64,COMPLETE
34,0.39388,2025-07-12 01:21:42.642673,2025-07-12 01:22:13.652935,0 days 00:00:31.010262000,64,0.01,0.01,0.001,15,500,64,COMPLETE
35,0.40554000000000007,2025-07-12 01:22:13.663841,2025-07-12 01:22:44.725106,0 days 00:00:31.061265000,64,0.1,0.01,0.001,15,500,64,COMPLETE
36,0.39424,2025-07-12 01:22:44.736264,2025-07-12 01:23:15.679654,0 days 00:00:30.943390000,64,0.01,0.01,0.001,15,500,64,COMPLETE
37,0.40096,2025-07-12 01:23:15.690797,2025-07-12 01:23:46.874597,0 days 00:00:31.183800000,64,0.01,0.01,0.001,15,500,64,COMPLETE
38,0.41592000000000007,2025-07-12 01:23:46.886155,2025-07-12 01:26:06.877874,0 days 00:02:19.991719000,64,0.1,0.01,0.001,15,3000,64,COMPLETE
39,0.27972,2025-07-12 01:26:06.889856,2025-07-12 01:28:26.343205,0 days 00:02:19.453349000,64,0.1,0.01,0.001,15,3000,64,COMPLETE
40,0.27992000000000006,2025-07-12 01:28:26.355020,2025-07-12 01:47:08.064894,0 days 00:18:41.709874000,64,0.1,1.0,0.001,15,3000,512,COMPLETE
41,0.35168,2025-07-12 01:47:08.076973,2025-07-12 01:49:28.183115,0 days 00:02:20.106142000,64,0.1,0.01,0.001,15,3000,64,COMPLETE
42,0.4041,2025-07-12 01:49:28.195315,2025-07-12 01:51:46.598863,0 days 00:02:18.403548000,64,0.1,0.01,0.001,15,3000,64,COMPLETE
43,0.37746,2025-07-12 01:51:46.611285,2025-07-12 01:52:17.937565,0 days 00:00:31.326280000,64,0.1,0.01,0.001,15,500,64,COMPLETE
44,0.33694,2025-07-12 01:52:17.950229,2025-07-12 01:54:37.232269,0 days 00:02:19.282040000,64,0.5,0.01,0.001,15,3000,64,COMPLETE
45,0.33694,2025-07-12 01:54:37.245003,2025-07-12 01:55:07.943380,0 days 00:00:30.698377000,64,1.0,0.01,0.001,15,500,64,COMPLETE
46,0.4340200000000001,2025-07-12 01:55:07.956406,2025-07-12 01:55:38.393518,0 days 00:00:30.437112000,64,0.01,0.01,0.001,15,500,64,COMPLETE
47,0.3987,2025-07-12 01:55:38.406520,2025-07-12 02:00:13.622602,0 days 00:04:35.216082000,256,0.01,0.01,0.001,15,500,256,COMPLETE
48,0.28382,2025-07-12 02:00:13.636023,2025-07-12 02:02:31.904643,0 days 00:02:18.268620000,64,1.0,0.01,0.1,15,3000,64,COMPLETE
49,0.28418,2025-07-12 02:02:31.918240,2025-07-12 02:03:52.998149,0 days 00:01:21.079909000,64,0.01,1.0,0.001,15,500,256,COMPLETE
