number,value,datetime_start,datetime_complete,duration,params_compile_batch_size,params_compile_beta_b,params_compile_beta_z,params_compile_lr,params_compile_prior_rate,params_compile_train_steps,params_hidden_size,state
0,0.28042,2025-07-22 12:37:35.434550,2025-07-22 12:47:10.570743,0 days 00:09:35.136193000,64,0.5,1.0,0.0001,3,5000,256,COMPLETE
1,0.33480000000000004,2025-07-22 12:47:10.584802,2025-07-22 13:01:55.218944,0 days 00:14:44.634142000,256,0.5,0.1,0.1,5,3000,64,COMPLETE
2,0.28944,2025-07-22 13:01:55.229048,2025-07-22 13:07:36.479392,0 days 00:05:41.250344000,64,1.0,1.0,0.0001,3,3000,128,COMPLETE
3,0.31606,2025-07-22 13:07:36.489747,2025-07-22 13:17:23.106955,0 days 00:09:46.617208000,64,1.0,0.01,0.1,5,5000,64,COMPLETE
4,0.28146,2025-07-22 13:17:23.118905,2025-07-22 13:47:28.634168,0 days 00:30:05.515263000,256,0.1,1.0,0.1,5,5000,256,COMPLETE
5,0.39458,2025-07-22 13:47:28.719299,2025-07-22 13:50:31.424176,0 days 00:03:02.704877000,256,0.01,0.1,0.001,10,500,256,COMPLETE
6,0.34246,2025-07-22 13:50:31.466030,2025-07-22 13:53:03.742383,0 days 00:02:32.276353000,256,1.0,0.01,0.1,3,500,128,COMPLETE
7,0.38582000000000005,2025-07-22 13:53:03.751790,2025-07-22 14:07:20.671522,0 days 00:14:16.919732000,256,0.01,0.5,0.0001,5,3000,128,COMPLETE
8,0.30584,2025-07-22 14:07:20.680885,2025-07-22 14:10:13.075039,0 days 00:02:52.394154000,256,0.5,1.0,0.0001,3,500,256,COMPLETE
9,0.36616000000000004,2025-07-22 14:10:13.084140,2025-07-22 14:19:47.618033,0 days 00:09:34.533893000,128,0.1,0.01,0.001,10,3000,256,COMPLETE
10,0.3501,2025-07-22 14:19:47.627496,2025-07-22 14:21:33.515153,0 days 00:01:45.887657000,128,0.01,0.1,0.001,10,500,256,COMPLETE
11,0.27958000000000005,2025-07-22 14:21:33.525209,2025-07-22 14:35:50.632679,0 days 00:14:17.107470000,256,0.01,0.5,0.001,10,3000,128,COMPLETE
12,0.27974,2025-07-22 14:35:50.644114,2025-07-22 14:38:33.239091,0 days 00:02:42.594977000,256,0.01,0.5,0.0001,10,500,128,COMPLETE
13,0.40115999999999996,2025-07-22 14:38:33.253147,2025-07-22 14:41:18.552857,0 days 00:02:45.299710000,256,0.01,0.1,0.001,5,500,128,COMPLETE
14,0.3354,2025-07-22 14:41:18.563119,2025-07-22 14:44:07.762159,0 days 00:02:49.199040000,256,0.01,0.1,0.001,10,500,64,COMPLETE
15,0.39608000000000004,2025-07-22 14:44:07.771566,2025-07-22 14:46:04.835438,0 days 00:01:57.063872000,128,0.01,0.1,0.001,5,500,256,COMPLETE
16,0.40152,2025-07-22 14:46:04.845703,2025-07-22 14:47:47.368471,0 days 00:01:42.522768000,128,0.01,0.1,0.001,5,500,128,COMPLETE
17,0.40152,2025-07-22 14:47:47.378457,2025-07-22 14:49:29.934451,0 days 00:01:42.555994000,128,0.01,0.1,0.001,5,500,128,COMPLETE
18,0.4022,2025-07-22 14:49:29.945110,2025-07-22 14:51:12.835351,0 days 00:01:42.890241000,128,0.1,0.1,0.001,5,500,128,COMPLETE
19,0.4022,2025-07-22 14:51:12.846679,2025-07-22 14:52:53.400311,0 days 00:01:40.553632000,128,0.1,0.1,0.001,5,500,128,COMPLETE
20,0.39680000000000004,2025-07-22 14:52:53.411080,2025-07-22 15:07:17.749065,0 days 00:14:24.337985000,128,0.1,0.1,0.001,5,5000,128,COMPLETE
21,0.4022,2025-07-22 15:07:17.759743,2025-07-22 15:08:58.175282,0 days 00:01:40.415539000,128,0.1,0.1,0.001,5,500,128,COMPLETE
22,0.4022,2025-07-22 15:08:58.189660,2025-07-22 15:10:37.612133,0 days 00:01:39.422473000,128,0.1,0.1,0.001,5,500,128,COMPLETE
23,0.4022,2025-07-22 15:10:37.625463,2025-07-22 15:12:17.281947,0 days 00:01:39.656484000,128,0.1,0.1,0.001,5,500,128,COMPLETE
24,0.4022,2025-07-22 15:12:17.294189,2025-07-22 15:13:50.399450,0 days 00:01:33.105261000,128,0.1,0.1,0.001,5,500,128,COMPLETE
25,0.4022,2025-07-22 19:40:33.803142,2025-07-22 19:42:41.274481,0 days 00:02:07.471339000,128,0.1,0.1,0.001,5,500,128,COMPLETE
26,0.40046000000000004,2025-07-22 19:42:41.299006,2025-07-22 19:44:31.081230,0 days 00:01:49.782224000,128,0.1,0.1,0.001,5,500,64,COMPLETE
27,0.29438000000000003,2025-07-22 19:44:31.104924,2025-07-22 19:46:20.673512,0 days 00:01:49.568588000,128,0.1,0.5,0.001,5,500,128,COMPLETE
28,0.43986000000000003,2025-07-22 19:46:20.694181,2025-07-22 19:48:09.200261,0 days 00:01:48.506080000,128,0.1,0.01,0.001,5,500,128,COMPLETE
29,0.28668,2025-07-22 19:48:09.217103,2025-07-22 19:59:40.351918,0 days 00:11:31.134815000,64,0.5,0.01,0.1,3,5000,128,COMPLETE
30,0.47188,2025-07-22 19:59:40.373572,2025-07-22 20:11:41.273815,0 days 00:12:00.900243000,64,0.1,0.01,0.0001,5,5000,64,COMPLETE
31,0.47188,2025-07-22 20:11:41.296030,2025-07-22 20:25:34.505123,0 days 00:13:53.209093000,64,0.1,0.01,0.0001,5,5000,64,COMPLETE
32,0.47188,2025-07-22 20:25:34.539283,2025-07-22 20:39:46.018351,0 days 00:14:11.479068000,64,0.1,0.01,0.0001,5,5000,64,COMPLETE
33,0.47188,2025-07-22 20:39:46.046040,2025-07-22 20:50:45.707320,0 days 00:10:59.661280000,64,0.1,0.01,0.0001,5,5000,64,COMPLETE
34,0.46058,2025-07-22 20:50:45.725679,2025-07-22 21:00:56.492592,0 days 00:10:10.766913000,64,0.1,0.01,0.0001,3,5000,64,COMPLETE
35,0.44666,2025-07-22 21:00:56.509961,2025-07-22 21:11:46.185599,0 days 00:10:49.675638000,64,1.0,0.01,0.0001,5,5000,64,COMPLETE
36,0.45082,2025-07-22 21:11:46.212877,2025-07-22 21:22:24.092967,0 days 00:10:37.880090000,64,0.5,0.01,0.0001,5,5000,64,COMPLETE
37,0.47188,2025-07-22 21:22:24.107843,2025-07-22 21:32:22.314572,0 days 00:09:58.206729000,64,0.1,0.01,0.0001,5,5000,64,COMPLETE
38,0.43424000000000007,2025-07-22 21:32:22.330387,2025-07-22 21:42:11.976915,0 days 00:09:49.646528000,64,1.0,0.01,0.0001,3,5000,64,COMPLETE
39,0.47188,2025-07-22 21:42:11.994466,2025-07-22 21:51:56.485231,0 days 00:09:44.490765000,64,0.1,0.01,0.0001,5,5000,64,COMPLETE
40,0.28158000000000005,2025-07-22 21:51:56.502525,2025-07-22 22:01:34.004865,0 days 00:09:37.502340000,64,0.1,1.0,0.0001,5,5000,64,COMPLETE
41,0.47188,2025-07-22 22:01:34.020227,2025-07-22 22:11:01.780467,0 days 00:09:27.760240000,64,0.1,0.01,0.0001,5,5000,64,COMPLETE
42,0.47188,2025-07-22 22:11:01.796992,2025-07-22 22:20:32.673925,0 days 00:09:30.876933000,64,0.1,0.01,0.0001,5,5000,64,COMPLETE
43,0.47188,2025-07-22 22:20:32.692642,2025-07-22 22:31:07.298804,0 days 00:10:34.606162000,64,0.1,0.01,0.0001,5,5000,64,COMPLETE
44,0.47188,2025-07-23 16:18:21.820191,2025-07-23 16:27:58.713944,0 days 00:09:36.893753000,64,0.1,0.01,0.0001,5,5000,64,COMPLETE
45,0.45082,2025-07-23 16:27:58.733081,2025-07-23 16:37:15.535024,0 days 00:09:16.801943000,64,0.5,0.01,0.0001,5,5000,64,COMPLETE
46,0.4286,2025-07-23 16:37:15.560150,2025-07-23 16:46:26.823305,0 days 00:09:11.263155000,64,1.0,0.01,0.0001,10,5000,64,COMPLETE
47,0.33592000000000005,2025-07-23 16:46:26.842530,2025-07-23 16:51:59.234269,0 days 00:05:32.391739000,64,0.1,1.0,0.1,3,3000,64,COMPLETE
48,0.47188,2025-07-23 16:51:59.252908,2025-07-23 17:01:11.030917,0 days 00:09:11.778009000,64,0.1,0.01,0.0001,5,5000,64,COMPLETE
49,0.47188,2025-07-23 17:01:11.050939,2025-07-23 17:10:28.992239,0 days 00:09:17.941300000,64,0.1,0.01,0.0001,5,5000,64,COMPLETE
50,0.40406000000000003,2025-07-23 17:10:29.010646,2025-07-23 17:19:43.889709,0 days 00:09:14.879063000,64,0.1,0.01,0.0001,10,5000,64,COMPLETE
51,0.47188,2025-07-23 17:19:43.908804,2025-07-23 17:29:02.949483,0 days 00:09:19.040679000,64,0.1,0.01,0.0001,5,5000,64,COMPLETE
52,0.47188,2025-07-23 17:29:02.967185,2025-07-23 17:38:16.163862,0 days 00:09:13.196677000,64,0.1,0.01,0.0001,5,5000,64,COMPLETE
53,0.44336000000000003,2025-07-23 17:38:16.180931,2025-07-23 17:47:11.541065,0 days 00:08:55.360134000,64,0.1,0.01,0.0001,5,5000,256,COMPLETE
54,0.28858,2025-07-23 17:47:11.558325,2025-07-23 17:52:55.771921,0 days 00:05:44.213596000,64,0.1,0.5,0.0001,5,3000,64,COMPLETE
55,0.45082,2025-07-23 17:52:55.789539,2025-07-23 18:02:14.804627,0 days 00:09:19.015088000,64,0.5,0.01,0.0001,5,5000,64,COMPLETE
56,0.34374000000000005,2025-07-23 18:02:14.821933,2025-07-23 18:11:26.252419,0 days 00:09:11.430486000,64,0.1,0.01,0.1,5,5000,64,COMPLETE
57,0.2919,2025-07-23 18:11:26.273563,2025-07-23 18:20:24.199987,0 days 00:08:57.926424000,64,1.0,1.0,0.0001,5,5000,64,COMPLETE
58,0.3942,2025-07-23 18:20:24.217195,2025-07-23 18:29:33.241257,0 days 00:09:09.024062000,64,0.1,0.01,0.0001,10,5000,256,COMPLETE
59,0.47746000000000005,2025-07-24 08:24:33.222580,2025-07-24 08:38:10.684097,0 days 00:13:37.461517000,256,0.1,0.01,0.0001,5,3000,64,COMPLETE
60,0.47746000000000005,2025-07-24 08:38:10.705697,2025-07-24 08:51:55.018991,0 days 00:13:44.313294000,256,0.1,0.01,0.0001,5,3000,64,COMPLETE
61,0.47746000000000005,2025-07-24 08:51:55.036421,2025-07-24 09:05:30.011642,0 days 00:13:34.975221000,256,0.1,0.01,0.0001,5,3000,64,COMPLETE
62,0.47746000000000005,2025-07-24 09:05:30.028938,2025-07-24 09:19:18.396951,0 days 00:13:48.368013000,256,0.1,0.01,0.0001,5,3000,64,COMPLETE
63,0.47746000000000005,2025-07-24 09:19:18.415479,2025-07-24 09:32:51.870828,0 days 00:13:33.455349000,256,0.1,0.01,0.0001,5,3000,64,COMPLETE
64,0.3088,2025-07-24 09:32:51.893721,2025-07-24 09:46:39.388601,0 days 00:13:47.494880000,256,0.1,0.5,0.0001,5,3000,64,COMPLETE
65,0.29510000000000003,2025-07-24 09:46:39.406597,2025-07-24 09:59:44.283556,0 days 00:13:04.876959000,256,0.1,0.01,0.1,5,3000,64,COMPLETE
66,0.47746000000000005,2025-07-24 09:59:44.302215,2025-07-24 10:13:26.455491,0 days 00:13:42.153276000,256,0.1,0.01,0.0001,5,3000,64,COMPLETE
67,0.43848000000000004,2025-07-24 10:13:26.474550,2025-07-24 10:28:33.641435,0 days 00:15:07.166885000,256,0.01,0.01,0.0001,3,3000,256,COMPLETE
68,0.47746000000000005,2025-07-24 10:28:33.660604,2025-07-24 10:42:14.980910,0 days 00:13:41.320306000,256,0.1,0.01,0.0001,5,3000,64,COMPLETE
69,0.28262000000000004,2025-07-24 10:42:15.000205,2025-07-24 10:55:48.745278,0 days 00:13:33.745073000,256,0.1,1.0,0.0001,5,3000,64,COMPLETE
70,0.47746000000000005,2025-07-24 10:55:48.764003,2025-07-24 11:09:33.008416,0 days 00:13:44.244413000,256,0.1,0.01,0.0001,5,3000,64,COMPLETE
71,0.47746000000000005,2025-07-24 11:09:33.027297,2025-07-24 11:23:12.714416,0 days 00:13:39.687119000,256,0.1,0.01,0.0001,5,3000,64,COMPLETE
72,0.47746000000000005,2025-07-24 11:23:12.732798,2025-07-24 11:36:54.411205,0 days 00:13:41.678407000,256,0.1,0.01,0.0001,5,3000,64,COMPLETE
73,0.47746000000000005,2025-07-24 11:36:54.429154,2025-07-24 11:51:13.147039,0 days 00:14:18.717885000,256,0.1,0.01,0.0001,5,3000,64,COMPLETE
74,0.47746000000000005,2025-07-24 11:51:13.166091,2025-07-24 12:07:59.565491,0 days 00:16:46.399400000,256,0.1,0.01,0.0001,5,3000,64,COMPLETE
75,0.47746000000000005,2025-07-24 12:07:59.594126,2025-07-24 12:27:00.573964,0 days 00:19:00.979838000,256,0.1,0.01,0.0001,5,3000,64,COMPLETE
76,0.2888,2025-07-24 12:27:00.598599,2025-07-24 12:45:10.266180,0 days 00:18:09.667581000,256,0.5,0.5,0.0001,5,3000,64,COMPLETE
77,0.36482000000000003,2025-07-24 12:45:10.287630,2025-07-24 13:03:04.085418,0 days 00:17:53.797788000,256,0.1,0.01,0.1,10,3000,64,COMPLETE
78,0.2801,2025-07-24 13:03:04.105650,2025-07-24 13:19:54.769129,0 days 00:16:50.663479000,256,0.01,0.01,0.0001,5,3000,64,COMPLETE
79,0.43628000000000006,2025-07-24 13:19:54.789813,2025-07-24 13:37:43.554541,0 days 00:17:48.764728000,256,1.0,0.01,0.0001,5,3000,256,COMPLETE
80,0.46956000000000003,2025-07-24 13:37:43.577325,2025-07-24 13:53:22.081238,0 days 00:15:38.503913000,256,0.1,0.01,0.0001,3,3000,64,COMPLETE
