number,value,datetime_start,datetime_complete,duration,params_compile_batch_size,params_compile_beta_b,params_compile_beta_z,params_compile_lr,params_compile_prior_rate,params_compile_train_steps,params_hidden_size,state
0,0.29974,2025-06-26 04:39:18.537322,2025-06-26 04:51:44.857514,0 days 00:12:26.320192000,256,0.1,1.0,0.0001,15,500,256,COMPLETE
1,0.34342,2025-06-26 04:51:44.863309,2025-06-26 05:48:26.468486,0 days 00:56:41.605177000,64,0.01,1.0,0.001,3,3000,512,COMPLETE
2,0.42368000000000006,2025-06-26 05:48:26.473339,2025-06-26 07:25:25.769050,0 days 01:36:59.295711000,128,1.0,0.1,0.1,3,3000,512,COMPLETE
3,0.3764,2025-06-26 07:25:25.773931,2025-06-26 07:26:34.173523,0 days 00:01:08.399592000,64,1.0,1.0,0.0001,15,500,64,COMPLETE
4,0.37098,2025-06-26 07:26:34.178569,2025-06-26 07:32:06.936361,0 days 00:05:32.757792000,256,0.5,0.01,0.001,15,500,128,COMPLETE
5,0.40358,2025-06-26 07:32:06.941693,2025-06-26 08:07:37.372938,0 days 00:35:30.431245000,64,1.0,1.0,0.001,3,5000,256,COMPLETE
6,0.30802,2025-06-26 08:07:37.378435,2025-06-26 08:13:27.763965,0 days 00:05:50.385530000,64,0.1,0.1,0.0001,15,3000,64,COMPLETE
7,0.34722,2025-06-26 08:13:27.769621,2025-06-26 08:23:03.595520,0 days 00:09:35.825899000,64,0.01,1.0,0.001,15,3000,128,COMPLETE
8,-inf,2025-06-26 08:23:03.601318,2025-06-26 08:23:07.379900,0 days 00:00:03.778582000,256,0.5,0.5,0.0001,15,500,512,COMPLETE
9,0.31988000000000005,2025-06-26 08:23:07.385949,2025-06-26 08:26:49.614270,0 days 00:03:42.228321000,64,1.0,1.0,0.0001,15,500,256,COMPLETE
10,0.3539,2025-06-26 08:26:49.620557,2025-06-26 11:14:26.780652,0 days 02:47:37.160095000,128,1.0,0.1,0.1,10,5000,512,COMPLETE
11,0.3587,2025-06-26 11:14:26.787240,2025-06-26 12:16:40.263360,0 days 01:02:13.476120000,128,1.0,0.1,0.1,3,5000,256,COMPLETE
12,0.35928000000000004,2025-06-26 12:16:40.270215,2025-06-26 15:04:49.852447,0 days 02:48:09.582232000,128,1.0,0.01,0.1,3,5000,512,COMPLETE
13,0.36928000000000005,2025-06-26 15:04:49.859311,2025-06-26 16:07:18.757629,0 days 01:02:28.898318000,128,1.0,0.5,0.001,3,5000,256,COMPLETE
14,0.3782,2025-06-26 16:07:18.764834,2025-06-26 17:47:58.097859,0 days 01:40:39.333025000,128,1.0,0.1,0.1,3,3000,512,COMPLETE
15,0.21614,2025-06-27 14:46:33.407892,2025-06-27 15:22:11.436395,0 days 00:35:38.028503000,64,1.0,0.1,0.1,10,5000,256,COMPLETE
16,0.29754,2025-06-27 15:22:11.445042,2025-06-27 15:32:20.642743,0 days 00:10:09.197701000,128,0.5,0.5,0.001,3,3000,64,COMPLETE
17,0.2591,2025-06-27 15:32:20.650401,2025-06-27 15:48:13.315670,0 days 00:15:52.665269000,64,0.1,0.01,0.001,3,5000,128,COMPLETE
18,-inf,2025-06-27 15:48:13.323429,2025-06-27 17:25:24.147420,0 days 01:37:10.823991000,128,0.01,1.0,0.1,3,3000,512,COMPLETE
19,0.20776000000000003,2025-06-27 17:25:24.155452,2025-06-27 18:36:56.520625,0 days 01:11:32.365173000,256,1.0,0.1,0.1,10,3000,256,COMPLETE
20,0.18784,2025-06-27 18:36:56.528662,2025-06-27 21:28:30.338839,0 days 02:51:33.810177000,128,1.0,1.0,0.001,3,5000,512,COMPLETE
21,-inf,2025-06-27 21:28:30.347073,2025-06-27 23:09:10.262505,0 days 01:40:39.915432000,128,1.0,0.1,0.1,3,3000,512,COMPLETE
22,-inf,2025-06-27 23:09:10.271043,2025-06-28 00:50:07.625111,0 days 01:40:57.354068000,128,1.0,0.1,0.1,3,3000,512,COMPLETE
23,-inf,2025-06-28 00:50:07.633834,2025-06-28 02:24:24.790902,0 days 01:34:17.157068000,128,1.0,0.1,0.1,3,3000,512,COMPLETE
24,-inf,2025-06-28 02:24:24.799877,2025-06-28 04:04:45.633300,0 days 01:40:20.833423000,128,1.0,0.1,0.1,3,3000,512,COMPLETE
25,0.20726,2025-06-28 04:04:45.642384,2025-06-28 04:26:17.531803,0 days 00:21:31.889419000,64,1.0,0.1,0.1,3,3000,256,COMPLETE
26,0.26880000000000004,2025-06-28 04:26:17.541018,2025-06-28 04:53:41.952890,0 days 00:27:24.411872000,128,0.1,0.01,0.001,10,5000,128,COMPLETE
27,0.20640000000000003,2025-06-28 04:53:41.962383,2025-06-28 05:13:16.872576,0 days 00:19:34.910193000,256,0.01,0.5,0.1,3,3000,64,COMPLETE
28,-inf,2025-06-28 05:13:16.882298,2025-06-28 06:53:33.791311,0 days 01:40:16.909013000,128,0.5,0.1,0.1,3,3000,512,COMPLETE
29,0.18586000000000003,2025-06-28 06:53:33.805047,2025-06-28 07:29:17.733825,0 days 00:35:43.928778000,64,0.1,1.0,0.001,3,5000,256,COMPLETE
30,0.27256,2025-06-28 07:29:17.743794,2025-06-28 07:41:48.874592,0 days 00:12:31.130798000,256,1.0,1.0,0.0001,10,500,256,COMPLETE
31,0.27166,2025-06-28 07:41:48.884708,2025-06-28 07:42:57.631455,0 days 00:01:08.746747000,64,1.0,1.0,0.0001,15,500,64,COMPLETE
32,0.30172,2025-06-28 07:42:57.642005,2025-06-28 07:44:06.572016,0 days 00:01:08.930011000,64,1.0,1.0,0.0001,15,500,64,COMPLETE
33,0.27912000000000003,2025-06-28 07:44:06.583055,2025-06-28 07:45:15.176672,0 days 00:01:08.593617000,64,1.0,1.0,0.0001,15,500,64,COMPLETE
34,0.28614,2025-06-28 07:45:15.187415,2025-06-28 07:46:24.175056,0 days 00:01:08.987641000,64,1.0,1.0,0.0001,15,500,64,COMPLETE
35,0.22144,2025-06-28 07:46:24.186028,2025-06-28 07:47:33.240926,0 days 00:01:09.054898000,64,0.01,1.0,0.001,3,500,64,COMPLETE
36,0.24164000000000002,2025-06-28 07:47:33.252053,2025-06-28 07:57:07.850853,0 days 00:09:34.598800000,64,0.5,0.1,0.0001,15,3000,128,COMPLETE
37,-inf,2025-06-28 07:57:07.862251,2025-06-28 07:57:11.687139,0 days 00:00:03.824888000,256,1.0,0.01,0.001,15,500,512,COMPLETE
38,0.26174000000000003,2025-06-28 07:57:11.698672,2025-06-28 08:53:03.654810,0 days 00:55:51.956138000,64,0.1,1.0,0.0001,3,3000,512,COMPLETE
39,0.195,2025-06-28 08:53:03.666568,2025-06-28 08:54:11.937162,0 days 00:01:08.270594000,64,1.0,0.1,0.1,15,500,64,COMPLETE
40,0.23996,2025-06-28 08:54:11.949183,2025-06-28 09:21:40.859484,0 days 00:27:28.910301000,128,0.01,0.5,0.0001,3,5000,128,COMPLETE
41,0.29238000000000003,2025-06-28 09:21:40.871603,2025-06-28 09:27:19.784741,0 days 00:05:38.913138000,256,0.5,0.01,0.001,15,500,128,COMPLETE
42,0.27014000000000005,2025-06-28 09:27:19.797112,2025-06-28 09:32:56.400137,0 days 00:05:36.603025000,256,0.5,0.01,0.001,15,500,128,COMPLETE
43,0.25332000000000005,2025-06-28 09:32:56.412673,2025-06-28 09:38:33.802161,0 days 00:05:37.389488000,256,0.5,0.01,0.001,15,500,128,COMPLETE
44,0.32242,2025-06-28 09:38:33.814836,2025-06-28 09:51:05.189731,0 days 00:12:31.374895000,256,0.5,0.01,0.001,15,500,256,COMPLETE
45,0.1904,2025-06-28 09:51:05.202589,2025-06-28 12:41:58.587897,0 days 02:50:53.385308000,128,1.0,1.0,0.001,15,5000,512,COMPLETE
46,0.19558,2025-06-28 12:41:58.600761,2025-06-28 13:14:36.274059,0 days 00:32:37.673298000,256,0.5,0.1,0.1,10,3000,128,COMPLETE
47,0.18772,2025-06-28 13:14:36.287127,2025-06-28 13:50:25.035451,0 days 00:35:48.748324000,64,1.0,0.5,0.001,3,5000,256,COMPLETE
48,-inf,2025-06-28 13:50:25.048769,2025-06-28 14:07:03.443077,0 days 00:16:38.394308000,128,1.0,0.01,0.1,3,500,512,COMPLETE
49,0.2258,2025-06-28 14:07:03.456590,2025-06-28 14:43:36.528279,0 days 00:36:33.071689000,128,1.0,0.1,0.0001,15,3000,256,COMPLETE
50,0.1879,2025-06-28 14:43:36.541749,2025-06-28 16:19:07.577139,0 days 01:35:31.035390000,64,0.1,1.0,0.001,3,5000,512,COMPLETE
51,0.18618,2025-06-28 16:19:07.591072,2025-06-28 17:21:42.070982,0 days 01:02:34.479910000,128,1.0,0.5,0.001,3,5000,256,COMPLETE
52,0.18618,2025-06-28 17:21:42.085228,2025-06-28 18:23:56.885260,0 days 01:02:14.800032000,128,1.0,0.5,0.001,3,5000,256,COMPLETE
53,0.20392,2025-06-28 18:23:56.899585,2025-06-28 19:26:38.566990,0 days 01:02:41.667405000,128,1.0,0.5,0.001,3,5000,256,COMPLETE
54,-inf,2025-06-28 19:26:38.581447,2025-06-28 20:28:48.540450,0 days 01:02:09.959003000,128,1.0,0.5,0.1,3,5000,256,COMPLETE
55,0.18566000000000002,2025-06-28 20:28:48.555338,2025-06-28 22:11:34.485413,0 days 01:42:45.930075000,128,1.0,0.1,0.001,3,3000,512,COMPLETE
56,0.20062000000000002,2025-06-28 22:11:34.500427,2025-06-28 22:21:38.303404,0 days 00:10:03.802977000,128,0.01,0.1,0.1,10,3000,64,COMPLETE
57,0.20240000000000002,2025-06-28 22:21:38.318713,2025-06-28 23:23:15.125128,0 days 01:01:36.806415000,128,1.0,0.5,0.001,3,5000,256,COMPLETE
58,0.20884000000000003,2025-06-28 23:23:15.140494,2025-06-28 23:55:51.997648,0 days 00:32:36.857154000,256,0.5,1.0,0.1,3,3000,128,COMPLETE
59,-inf,2025-06-28 23:55:52.013124,2025-06-29 01:28:59.282928,0 days 01:33:07.269804000,64,1.0,0.01,0.1,3,5000,512,COMPLETE
60,0.33392,2025-06-29 01:28:59.298586,2025-06-29 01:35:31.385694,0 days 00:06:32.087108000,128,1.0,0.1,0.001,10,500,256,COMPLETE
61,-inf,2025-06-29 01:35:31.401764,2025-06-29 04:22:49.721427,0 days 02:47:18.319663000,128,1.0,0.01,0.1,3,5000,512,COMPLETE
62,-inf,2025-06-29 04:22:49.737554,2025-06-29 07:10:25.352523,0 days 02:47:35.614969000,128,1.0,0.01,0.1,3,5000,512,COMPLETE
63,-inf,2025-06-29 07:10:25.368782,2025-06-29 09:57:57.265690,0 days 02:47:31.896908000,128,1.0,0.01,0.1,3,5000,512,COMPLETE
64,-inf,2025-06-29 09:57:57.282408,2025-06-29 12:45:44.965070,0 days 02:47:47.682662000,128,1.0,1.0,0.1,3,5000,512,COMPLETE
65,0.33762000000000003,2025-07-01 03:01:42.484255,2025-07-01 03:07:36.600984,0 days 00:05:54.116729000,64,0.1,0.01,0.0001,3,3000,64,COMPLETE
66,-inf,2025-07-01 03:07:36.619093,2025-07-01 05:54:48.881724,0 days 02:47:12.262631000,128,1.0,0.1,0.1,15,5000,512,COMPLETE
67,-inf,2025-07-01 05:54:48.899829,2025-07-01 06:49:59.603412,0 days 00:55:10.703583000,64,1.0,1.0,0.1,3,3000,512,COMPLETE
68,0.32872,2025-07-01 06:49:59.620872,2025-07-01 06:53:21.027833,0 days 00:03:21.406961000,256,0.01,0.01,0.001,3,500,64,COMPLETE
69,0.21650000000000003,2025-07-01 06:53:21.045390,2025-07-01 07:20:51.414549,0 days 00:27:30.369159000,128,0.5,0.1,0.0001,15,5000,128,COMPLETE
70,0.19386,2025-07-01 07:20:51.431853,2025-07-01 07:24:36.958406,0 days 00:03:45.526553000,64,1.0,1.0,0.1,3,500,256,COMPLETE
71,0.20457999999999998,2025-07-01 07:24:36.976382,2025-07-01 08:26:52.944682,0 days 01:02:15.968300000,128,1.0,0.1,0.1,3,5000,256,COMPLETE
72,0.19704,2025-07-01 08:26:52.962788,2025-07-01 09:28:38.307265,0 days 01:01:45.344477000,128,1.0,0.1,0.1,3,5000,256,COMPLETE
73,0.20096000000000003,2025-07-01 09:28:38.325594,2025-07-01 10:28:52.369354,0 days 01:00:14.043760000,128,1.0,0.1,0.1,3,5000,256,COMPLETE
74,0.19234,2025-07-01 10:28:52.387635,2025-07-01 11:06:12.894596,0 days 00:37:20.506961000,128,1.0,0.1,0.1,15,3000,256,COMPLETE
75,-inf,2025-07-01 11:06:12.913164,2025-07-01 11:06:16.741675,0 days 00:00:03.828511000,256,1.0,0.5,0.001,3,5000,512,COMPLETE
76,0.26039999999999996,2025-07-01 11:06:16.760556,2025-07-01 11:08:08.764610,0 days 00:01:52.004054000,128,0.5,1.0,0.0001,10,500,64,COMPLETE
77,0.21406000000000003,2025-07-01 11:08:08.783648,2025-07-01 11:17:45.030530,0 days 00:09:36.246882000,64,1.0,0.1,0.1,3,3000,128,COMPLETE
78,0.22406,2025-07-01 11:17:45.049764,2025-07-01 12:19:51.502843,0 days 01:02:06.453079000,128,0.1,0.01,0.001,15,5000,256,COMPLETE
79,-inf,2025-07-01 12:19:51.522324,2025-07-01 12:19:55.328064,0 days 00:00:03.805740000,256,1.0,0.1,0.0001,3,500,512,COMPLETE
80,0.23018,2025-07-01 12:19:55.347673,2025-07-01 12:35:44.259846,0 days 00:15:48.912173000,64,1.0,1.0,0.001,15,5000,128,COMPLETE
81,0.19494,2025-07-01 12:35:44.279551,2025-07-01 15:12:46.359767,0 days 02:37:02.080216000,128,1.0,0.1,0.1,10,5000,512,COMPLETE
82,-inf,2025-07-01 15:12:46.379693,2025-07-01 17:59:51.798041,0 days 02:47:05.418348000,128,1.0,0.1,0.1,10,5000,512,COMPLETE
83,-inf,2025-07-01 17:59:51.818291,2025-07-01 20:41:19.661731,0 days 02:41:27.843440000,128,1.0,0.1,0.1,10,5000,512,COMPLETE
84,-inf,2025-07-01 20:41:19.682053,2025-07-01 23:28:44.597801,0 days 02:47:24.915748000,128,0.01,0.5,0.1,10,5000,512,COMPLETE
85,0.18706,2025-07-01 23:28:44.618307,2025-07-01 23:38:51.024178,0 days 00:10:06.405871000,128,1.0,0.1,0.1,3,3000,64,COMPLETE
86,0.34765999999999997,2025-07-01 23:38:51.044962,2025-07-01 23:45:23.296107,0 days 00:06:32.251145000,128,0.5,0.01,0.001,3,500,256,COMPLETE
87,0.19966,2025-07-01 23:45:23.317251,2025-07-02 01:18:47.190957,0 days 01:33:23.873706000,64,1.0,0.1,0.1,10,5000,512,COMPLETE
88,0.26834,2025-07-02 01:18:47.212163,2025-07-02 02:32:39.710753,0 days 01:13:52.498590000,256,1.0,1.0,0.001,15,3000,256,COMPLETE
89,0.20632,2025-07-02 02:32:39.732210,2025-07-02 02:50:07.370652,0 days 00:17:27.638442000,128,1.0,0.5,0.0001,3,500,512,COMPLETE
90,0.20706000000000002,2025-07-02 02:50:07.392075,2025-07-02 03:16:58.595028,0 days 00:26:51.202953000,128,0.5,0.01,0.1,3,5000,128,COMPLETE
91,0.3579,2025-07-02 03:16:58.616503,2025-07-02 03:23:32.524220,0 days 00:06:33.907717000,128,0.5,0.01,0.001,3,500,256,COMPLETE
92,0.28174,2025-07-02 03:23:32.546378,2025-07-02 03:30:04.208422,0 days 00:06:31.662044000,128,0.5,0.01,0.001,3,500,256,COMPLETE
93,0.28766,2025-07-02 03:30:04.230516,2025-07-02 03:36:35.141226,0 days 00:06:30.910710000,128,0.5,0.01,0.001,3,500,256,COMPLETE
94,0.31002,2025-07-02 03:36:35.163371,2025-07-02 03:42:58.461457,0 days 00:06:23.298086000,128,0.5,0.01,0.001,3,500,256,COMPLETE
95,0.30942000000000003,2025-07-02 03:42:58.484147,2025-07-02 03:49:28.996855,0 days 00:06:30.512708000,128,0.5,0.01,0.001,3,500,256,COMPLETE
96,0.26698,2025-07-02 03:49:29.019212,2025-07-02 03:55:21.407658,0 days 00:05:52.388446000,64,1.0,0.1,0.001,15,3000,64,COMPLETE
97,-inf,2025-07-02 03:55:21.430509,2025-07-02 06:37:09.675876,0 days 02:41:48.245367000,128,0.1,1.0,0.1,3,5000,512,COMPLETE
98,0.26198,2025-07-02 06:37:09.701819,2025-07-02 06:49:26.620168,0 days 00:12:16.918349000,256,1.0,0.01,0.001,3,500,256,COMPLETE
99,0.26966,2025-07-02 06:49:26.643408,2025-07-02 09:33:53.114521,0 days 02:44:26.471113000,128,1.0,0.1,0.0001,10,5000,512,COMPLETE
100,0.19828,2025-07-02 09:33:53.138065,2025-07-02 09:55:23.948208,0 days 00:21:30.810143000,64,0.01,0.5,0.1,3,3000,256,COMPLETE
101,0.3853000000000001,2025-07-02 09:55:23.972086,2025-07-02 10:01:56.040741,0 days 00:06:32.068655000,128,0.5,0.01,0.001,3,500,256,COMPLETE
102,0.30102,2025-07-02 10:01:56.064771,2025-07-02 10:08:32.132645,0 days 00:06:36.067874000,128,0.5,0.01,0.001,3,500,256,COMPLETE
103,0.4073,2025-07-02 10:08:32.157028,2025-07-02 10:15:12.070478,0 days 00:06:39.913450000,128,0.5,0.01,0.001,3,500,256,COMPLETE
104,0.2706,2025-07-02 10:15:12.094887,2025-07-02 10:21:47.253574,0 days 00:06:35.158687000,128,0.5,0.01,0.001,3,500,256,COMPLETE
105,0.31962,2025-07-02 10:21:47.278195,2025-07-02 10:28:24.961194,0 days 00:06:37.682999000,128,0.5,0.01,0.001,3,500,256,COMPLETE
106,0.34922000000000003,2025-07-02 10:28:24.986008,2025-07-02 10:34:57.147823,0 days 00:06:32.161815000,128,0.5,0.01,0.001,3,500,256,COMPLETE
107,0.31712,2025-07-02 10:34:57.172922,2025-07-02 10:41:33.677247,0 days 00:06:36.504325000,128,0.5,0.01,0.001,3,500,256,COMPLETE
108,0.32036,2025-07-02 10:41:33.702468,2025-07-02 10:48:00.492083,0 days 00:06:26.789615000,128,0.5,0.01,0.001,3,500,256,COMPLETE
109,0.32116,2025-07-02 10:48:00.517402,2025-07-02 10:52:00.013325,0 days 00:03:59.495923000,64,0.5,0.01,0.001,3,500,256,COMPLETE
110,0.25688,2025-07-02 10:52:00.038637,2025-07-02 10:57:36.460133,0 days 00:05:36.421496000,256,0.5,1.0,0.001,15,500,128,COMPLETE
111,0.31726000000000004,2025-07-02 10:57:36.485850,2025-07-02 10:59:28.987339,0 days 00:01:52.501489000,128,1.0,0.01,0.001,3,500,64,COMPLETE
112,0.21148,2025-07-02 10:59:29.013301,2025-07-02 12:01:49.144013,0 days 01:02:20.130712000,128,1.0,0.1,0.1,3,5000,256,COMPLETE
113,0.267,2025-07-02 12:01:49.170247,2025-07-02 14:53:46.281212,0 days 02:51:57.110965000,128,0.5,0.01,0.001,3,5000,512,COMPLETE
114,0.18834,2025-07-02 14:53:46.306949,2025-07-02 15:00:14.274370,0 days 00:06:27.967421000,128,1.0,1.0,0.1,15,500,256,COMPLETE
