number,value,datetime_start,datetime_complete,duration,params_compile_batch_size,params_compile_beta_b,params_compile_beta_z,params_compile_lr,params_compile_prior_rate,params_compile_train_steps,params_hidden_size,state
0,0.17644,2025-06-02 04:03:25.475858,2025-06-02 04:18:03.104517,0 days 00:14:37.628659000,256,0.5,0.01,0.1,3,3000,128,COMPLETE
1,0.23734,2025-06-02 04:18:03.110277,2025-06-02 04:49:45.416451,0 days 00:31:42.306174000,128,1.0,1.0,0.001,15,3000,256,COMPLETE
2,0.29044000000000003,2025-06-02 04:49:45.421153,2025-06-02 07:20:15.902046,0 days 02:30:30.480893000,128,0.01,0.5,0.0001,10,5000,512,COMPLETE
3,0.22010000000000002,2025-06-02 07:20:15.906953,2025-06-02 08:51:07.301468,0 days 01:30:51.394515000,64,0.5,0.01,0.001,10,5000,512,COMPLETE
4,0.12090000000000001,2025-06-02 08:51:07.306614,2025-06-02 08:52:38.886489,0 days 00:01:31.579875000,256,0.1,0.5,0.1,3,500,64,COMPLETE
5,0.16514,2025-06-02 08:52:38.891806,2025-06-02 09:07:05.033611,0 days 00:14:26.141805000,256,1.0,0.1,0.1,10,5000,64,COMPLETE
6,0.26084,2025-06-02 09:07:05.039115,2025-06-02 10:38:29.704639,0 days 01:31:24.665524000,64,0.5,0.1,0.0001,10,5000,512,COMPLETE
7,0.21860000000000002,2025-06-02 10:38:29.710458,2025-06-02 11:09:22.638659,0 days 00:30:52.928201000,256,1.0,0.01,0.1,3,3000,256,COMPLETE
8,0.34888,2025-06-02 11:09:22.644564,2025-06-02 11:24:36.236974,0 days 00:15:13.592410000,128,0.01,0.01,0.0001,15,500,512,COMPLETE
9,0.44714,2025-06-02 11:24:36.243070,2025-06-02 13:56:06.081016,0 days 02:31:29.837946000,128,0.1,0.01,0.001,10,5000,512,COMPLETE
10,0.21128000000000002,2025-06-02 13:56:06.087268,2025-06-02 14:20:31.126864,0 days 00:24:25.039596000,128,0.1,1.0,0.001,10,5000,128,COMPLETE
11,0.36666000000000004,2025-06-02 14:20:31.133328,2025-06-02 14:35:44.098229,0 days 00:15:12.964901000,128,0.01,0.01,0.0001,15,500,512,COMPLETE
12,0.35725999999999997,2025-06-02 14:35:44.104850,2025-06-02 14:51:01.536673,0 days 00:15:17.431823000,128,0.1,0.01,0.001,15,500,512,COMPLETE
13,0.35088,2025-06-02 14:51:01.543460,2025-06-02 15:06:16.903548,0 days 00:15:15.360088000,128,0.01,0.01,0.0001,15,500,512,COMPLETE
14,0.36746,2025-06-02 15:06:16.910492,2025-06-02 15:21:31.816568,0 days 00:15:14.906076000,128,0.01,0.01,0.0001,15,500,512,COMPLETE
15,0.34903999999999996,2025-06-02 15:21:31.823767,2025-06-02 17:52:13.812416,0 days 02:30:41.988649000,128,0.1,0.01,0.001,10,5000,512,COMPLETE
16,0.25422,2025-06-02 17:52:13.819777,2025-06-02 17:53:47.233535,0 days 00:01:33.413758000,64,0.1,1.0,0.0001,15,500,128,COMPLETE
17,0.29952,2025-06-02 17:53:47.243705,2025-06-02 18:46:04.831403,0 days 00:52:17.587698000,128,0.01,0.5,0.001,10,5000,256,COMPLETE
18,0.23266,2025-06-02 18:46:04.839220,2025-06-02 18:47:37.143619,0 days 00:01:32.304399000,128,0.1,0.1,0.0001,15,500,64,COMPLETE
19,0.27746000000000004,2025-06-02 18:47:37.151607,2025-06-02 19:41:46.549389,0 days 00:54:09.397782000,64,0.01,0.01,0.001,3,3000,512,COMPLETE
20,0.33616000000000007,2025-06-02 19:41:46.557620,2025-06-02 22:12:07.841334,0 days 02:30:21.283714000,128,0.1,0.01,0.0001,15,5000,512,COMPLETE
21,0.36274,2025-06-02 22:12:07.849681,2025-06-02 22:27:16.976101,0 days 00:15:09.126420000,128,0.01,0.01,0.0001,15,500,512,COMPLETE
22,0.37739999999999996,2025-06-02 22:27:16.984557,2025-06-02 22:42:26.196547,0 days 00:15:09.211990000,128,0.01,0.01,0.0001,15,500,512,COMPLETE
23,0.33486000000000005,2025-06-02 22:42:26.205243,2025-06-02 22:57:34.037618,0 days 00:15:07.832375000,128,0.01,0.01,0.0001,15,500,512,COMPLETE
24,0.3561,2025-06-02 22:57:34.046585,2025-06-02 23:12:42.454294,0 days 00:15:08.407709000,128,0.01,0.01,0.0001,15,500,512,COMPLETE
25,0.43614,2025-06-02 23:12:42.463484,2025-06-02 23:27:49.357665,0 days 00:15:06.894181000,128,0.01,0.01,0.001,10,500,512,COMPLETE
26,0.2256,2025-06-02 23:27:49.366955,2025-06-02 23:29:21.694816,0 days 00:01:32.327861000,128,1.0,0.1,0.001,10,500,64,COMPLETE
27,0.21774000000000002,2025-06-02 23:29:21.704226,2025-06-02 23:44:02.668503,0 days 00:14:40.964277000,256,0.5,1.0,0.001,10,3000,128,COMPLETE
28,0.30384,2025-06-02 23:44:02.677999,2025-06-02 23:49:28.326531,0 days 00:05:25.648532000,128,0.01,0.5,0.001,10,500,256,COMPLETE
29,0.21860000000000002,2025-06-02 23:49:28.336497,2025-06-03 01:17:33.150461,0 days 01:28:04.813964000,64,0.5,0.01,0.1,3,5000,512,COMPLETE
30,0.28506000000000004,2025-06-03 01:17:33.160345,2025-06-03 01:32:15.828180,0 days 00:14:42.667835000,256,0.1,0.01,0.001,10,3000,128,COMPLETE
31,0.4786,2025-06-03 01:32:15.838399,2025-06-03 01:47:22.271567,0 days 00:15:06.433168000,128,0.01,0.01,0.0001,10,500,512,COMPLETE
32,0.44256,2025-06-03 01:47:22.281977,2025-06-03 02:02:28.871615,0 days 00:15:06.589638000,128,0.01,0.01,0.001,10,500,512,COMPLETE
33,0.39626000000000006,2025-06-03 02:02:28.882076,2025-06-03 02:17:35.224968,0 days 00:15:06.342892000,128,0.01,0.01,0.001,10,500,512,COMPLETE
34,0.39118,2025-06-03 02:17:35.235595,2025-06-03 02:32:43.511219,0 days 00:15:08.275624000,128,0.01,0.01,0.001,10,500,512,COMPLETE
35,0.30324,2025-06-03 02:32:43.522195,2025-06-03 02:47:52.608455,0 days 00:15:09.086260000,128,0.01,0.5,0.001,10,500,512,COMPLETE
36,0.2973,2025-06-03 02:47:52.619566,2025-06-03 03:40:10.538499,0 days 00:52:17.918933000,128,1.0,1.0,0.001,10,5000,256,COMPLETE
37,0.16677999999999998,2025-06-03 03:40:10.549836,2025-06-03 03:48:50.803825,0 days 00:08:40.253989000,128,0.5,0.01,0.1,10,3000,64,COMPLETE
38,0.28502,2025-06-03 03:48:50.815457,2025-06-03 06:13:12.511634,0 days 02:24:21.696177000,256,0.01,0.1,0.001,10,5000,512,COMPLETE
39,0.33218000000000003,2025-06-03 06:13:12.523383,2025-06-03 06:22:19.298412,0 days 00:09:06.775029000,64,1.0,0.01,0.001,10,500,512,COMPLETE
40,0.21860000000000002,2025-06-03 06:22:19.310371,2025-06-03 08:49:35.738867,0 days 02:27:16.428496000,128,0.1,0.5,0.1,10,5000,512,COMPLETE
41,0.35674,2025-06-03 08:49:35.751005,2025-06-03 09:04:48.146439,0 days 00:15:12.395434000,128,0.01,0.01,0.001,10,500,512,COMPLETE
42,0.38316000000000006,2025-06-03 09:04:48.158612,2025-06-03 09:20:00.260126,0 days 00:15:12.101514000,128,0.01,0.01,0.001,10,500,512,COMPLETE
43,0.47602,2025-06-03 09:20:00.272453,2025-06-03 09:35:11.039414,0 days 00:15:10.766961000,128,0.01,0.01,0.001,10,500,512,COMPLETE
44,0.38450000000000006,2025-06-03 09:35:11.052075,2025-06-03 09:50:22.070836,0 days 00:15:11.018761000,128,0.01,0.01,0.001,10,500,512,COMPLETE
45,0.21514,2025-06-03 09:50:22.086300,2025-06-03 10:05:34.729129,0 days 00:15:12.642829000,128,0.01,0.01,0.001,3,500,512,COMPLETE
46,0.35106000000000004,2025-06-03 10:05:34.742213,2025-06-03 10:11:02.446145,0 days 00:05:27.703932000,256,0.01,0.01,0.001,10,500,256,COMPLETE
47,0.24154,2025-06-03 10:11:02.459399,2025-06-03 10:13:34.405872,0 days 00:02:31.946473000,128,0.1,0.01,0.001,10,500,128,COMPLETE
48,0.21860000000000002,2025-06-03 10:13:34.419433,2025-06-03 12:41:51.841887,0 days 02:28:17.422454000,128,0.5,1.0,0.1,10,5000,512,COMPLETE
49,0.18534,2025-06-03 12:41:51.855353,2025-06-03 12:42:54.254757,0 days 00:01:02.399404000,64,0.01,0.1,0.001,10,500,64,COMPLETE
50,0.19654000000000002,2025-06-03 12:42:54.268330,2025-06-03 14:13:56.618671,0 days 01:31:02.350341000,128,1.0,0.01,0.001,3,3000,512,COMPLETE
51,0.43102,2025-06-03 14:13:56.632621,2025-06-03 14:29:12.113874,0 days 00:15:15.481253000,128,0.01,0.01,0.001,10,500,512,COMPLETE
52,0.46578,2025-06-03 14:29:12.127836,2025-06-03 14:44:27.274979,0 days 00:15:15.147143000,128,0.01,0.01,0.001,10,500,512,COMPLETE
53,0.29869999999999997,2025-06-03 14:44:27.289257,2025-06-03 14:59:42.206595,0 days 00:15:14.917338000,128,0.01,0.01,0.001,10,500,512,COMPLETE
54,0.28726,2025-06-03 14:59:42.221131,2025-06-03 15:14:57.504526,0 days 00:15:15.283395000,128,0.01,0.01,0.001,10,500,512,COMPLETE
55,0.37646,2025-06-03 15:14:57.519333,2025-06-03 15:30:13.032376,0 days 00:15:15.513043000,128,0.1,0.01,0.001,10,500,512,COMPLETE
56,0.35216000000000003,2025-06-03 15:30:13.047296,2025-06-03 18:01:30.647781,0 days 02:31:17.600485000,128,0.01,0.01,0.0001,10,5000,512,COMPLETE
57,0.32267999999999997,2025-06-03 18:01:30.662621,2025-06-03 18:16:43.666672,0 days 00:15:13.004051000,128,0.01,0.01,0.001,10,500,512,COMPLETE
58,0.36672,2025-06-03 18:16:43.682324,2025-06-03 18:31:57.070597,0 days 00:15:13.388273000,128,0.01,0.01,0.0001,10,500,512,COMPLETE
59,0.07566,2025-06-03 18:31:57.086591,2025-06-03 18:34:29.254682,0 days 00:02:32.168091000,256,0.1,0.5,0.001,3,500,128,COMPLETE
60,0.32306,2025-06-03 18:34:29.270472,2025-06-03 19:07:07.871123,0 days 00:32:38.600651000,64,0.01,1.0,0.0001,10,5000,256,COMPLETE
61,0.39654,2025-06-03 19:07:07.887044,2025-06-03 19:22:15.025440,0 days 00:15:07.138396000,128,0.01,0.01,0.001,10,500,512,COMPLETE
62,0.34806000000000004,2025-06-03 19:22:15.041673,2025-06-03 19:37:23.494522,0 days 00:15:08.452849000,128,0.01,0.01,0.001,10,500,512,COMPLETE
63,0.33438,2025-06-03 19:37:23.510616,2025-06-03 19:52:31.580864,0 days 00:15:08.070248000,128,0.01,0.01,0.001,10,500,512,COMPLETE
64,0.38312,2025-06-03 19:52:31.597372,2025-06-03 20:07:39.554167,0 days 00:15:07.956795000,128,0.01,0.01,0.001,10,500,512,COMPLETE
65,0.33205999999999997,2025-06-03 20:07:39.570896,2025-06-03 20:22:48.470880,0 days 00:15:08.899984000,128,0.01,0.01,0.001,10,500,512,COMPLETE
66,0.12932000000000002,2025-06-03 20:22:48.487558,2025-06-03 20:24:20.154039,0 days 00:01:31.666481000,128,0.01,0.1,0.1,10,500,64,COMPLETE
67,0.29504,2025-06-03 20:24:20.171197,2025-06-03 21:54:31.204083,0 days 01:30:11.032886000,128,0.1,0.01,0.001,10,3000,512,COMPLETE
68,0.3301,2025-06-03 21:54:31.221307,2025-06-03 22:09:41.160403,0 days 00:15:09.939096000,128,0.5,0.01,0.0001,10,500,512,COMPLETE
69,0.27254,2025-06-03 22:09:41.177871,2025-06-04 00:39:45.966120,0 days 02:30:04.788249000,128,0.01,0.01,0.001,10,5000,512,COMPLETE
70,0.23556,2025-06-04 00:39:45.983888,2025-06-04 00:54:55.396628,0 days 00:15:09.412740000,128,1.0,0.01,0.001,3,500,512,COMPLETE
71,0.46094,2025-06-04 00:54:55.414459,2025-06-04 01:10:01.804258,0 days 00:15:06.389799000,128,0.01,0.01,0.001,10,500,512,COMPLETE
72,0.35374,2025-06-04 01:10:01.822509,2025-06-04 01:25:09.337288,0 days 00:15:07.514779000,128,0.01,0.01,0.001,10,500,512,COMPLETE
73,0.36968,2025-06-04 01:25:09.355558,2025-06-04 01:40:15.848801,0 days 00:15:06.493243000,128,0.01,0.01,0.001,10,500,512,COMPLETE
74,0.32816,2025-06-04 01:40:15.867343,2025-06-04 01:55:23.618588,0 days 00:15:07.751245000,128,0.01,0.01,0.001,10,500,512,COMPLETE
75,0.36688000000000004,2025-06-04 01:55:23.637285,2025-06-04 02:10:31.707807,0 days 00:15:08.070522000,128,0.01,0.01,0.001,10,500,512,COMPLETE
76,0.23982000000000003,2025-06-04 02:10:31.726498,2025-06-04 02:13:03.722920,0 days 00:02:31.996422000,256,0.01,0.5,0.0001,10,500,128,COMPLETE
77,0.37604,2025-06-04 02:13:03.742009,2025-06-04 02:28:10.733506,0 days 00:15:06.991497000,128,0.1,0.01,0.001,10,500,512,COMPLETE
78,0.25522,2025-06-04 02:28:10.752900,2025-06-04 03:00:38.298798,0 days 00:32:27.545898000,64,0.01,0.01,0.001,15,5000,256,COMPLETE
79,0.17684,2025-06-04 03:00:38.318032,2025-06-04 03:09:18.955894,0 days 00:08:40.637862000,128,0.01,1.0,0.1,10,3000,64,COMPLETE
80,0.29706000000000005,2025-06-04 03:09:18.977099,2025-06-04 03:24:26.225924,0 days 00:15:07.248825000,128,0.5,0.1,0.001,10,500,512,COMPLETE
81,0.34942000000000006,2025-06-04 03:24:26.245615,2025-06-04 03:39:33.717264,0 days 00:15:07.471649000,128,0.01,0.01,0.001,10,500,512,COMPLETE
82,0.32884,2025-06-04 03:39:33.736965,2025-06-04 03:54:40.784327,0 days 00:15:07.047362000,128,0.01,0.01,0.001,10,500,512,COMPLETE
83,0.43708,2025-06-04 03:54:40.804412,2025-06-04 04:09:48.314983,0 days 00:15:07.510571000,128,0.01,0.01,0.001,10,500,512,COMPLETE
84,0.30308,2025-06-04 04:09:48.335996,2025-06-04 04:24:55.802599,0 days 00:15:07.466603000,128,0.01,0.01,0.001,10,500,512,COMPLETE
85,0.40196000000000004,2025-06-04 04:24:55.823356,2025-06-04 04:40:03.542623,0 days 00:15:07.719267000,128,0.01,0.01,0.001,10,500,512,COMPLETE
86,0.37072,2025-06-04 04:40:03.563418,2025-06-04 04:55:11.017959,0 days 00:15:07.454541000,128,0.01,0.01,0.001,10,500,512,COMPLETE
87,0.4153,2025-06-04 04:55:11.038892,2025-06-04 05:10:19.582601,0 days 00:15:08.543709000,128,0.1,0.01,0.0001,10,500,512,COMPLETE
88,0.25196,2025-06-04 05:10:19.603679,2025-06-04 07:40:28.861016,0 days 02:30:09.257337000,128,1.0,0.01,0.001,10,5000,512,COMPLETE
89,0.15242,2025-06-04 07:40:28.882070,2025-06-04 07:55:37.249198,0 days 00:15:08.367128000,256,0.01,0.01,0.001,3,500,512,COMPLETE
90,0.37122,2025-06-04 07:55:37.270564,2025-06-04 08:10:44.440180,0 days 00:15:07.169616000,128,0.01,0.01,0.001,15,500,512,COMPLETE
91,0.49436,2025-06-04 08:10:44.461844,2025-06-04 08:25:54.106724,0 days 00:15:09.644880000,128,0.1,0.01,0.0001,10,500,512,COMPLETE
92,0.41656,2025-06-04 08:25:54.128631,2025-06-04 08:41:03.654458,0 days 00:15:09.525827000,128,0.1,0.01,0.0001,10,500,512,COMPLETE
93,0.36306,2025-06-04 08:41:03.676793,2025-06-04 08:55:39.846101,0 days 00:14:36.169308000,128,0.1,0.01,0.0001,10,500,512,COMPLETE
94,0.35094,2025-06-04 08:55:39.868995,2025-06-04 09:10:49.808368,0 days 00:15:09.939373000,128,0.1,0.01,0.0001,10,500,512,COMPLETE
95,0.24078,2025-06-04 09:10:49.830988,2025-06-04 09:12:23.451974,0 days 00:01:33.620986000,64,0.1,0.5,0.0001,10,500,128,COMPLETE
96,0.5581800000000001,2025-06-04 09:12:23.476034,2025-06-04 09:27:33.214976,0 days 00:15:09.738942000,128,0.01,0.01,0.0001,10,500,512,COMPLETE
97,0.28806000000000004,2025-06-04 09:27:33.237894,2025-06-04 10:21:18.490448,0 days 00:53:45.252554000,128,0.01,1.0,0.0001,10,5000,256,COMPLETE
98,0.36666,2025-06-04 10:21:18.513652,2025-06-04 11:48:30.685319,0 days 01:27:12.171667000,128,0.1,0.01,0.0001,10,3000,512,COMPLETE
99,0.17954,2025-06-04 11:48:30.708664,2025-06-04 11:50:03.007395,0 days 00:01:32.298731000,128,0.01,0.01,0.0001,10,500,64,COMPLETE
100,0.27256,2025-06-04 11:50:03.030923,2025-06-04 12:05:15.037712,0 days 00:15:12.006789000,128,0.5,0.1,0.0001,10,500,512,COMPLETE
101,0.40304000000000006,2025-06-04 12:05:15.061073,2025-06-04 12:20:29.596135,0 days 00:15:14.535062000,128,0.01,0.01,0.0001,10,500,512,COMPLETE
102,0.31220000000000003,2025-06-04 12:20:29.619636,2025-06-04 12:35:44.488510,0 days 00:15:14.868874000,128,0.01,0.01,0.001,10,500,512,COMPLETE
103,0.13670000000000002,2025-06-04 12:35:44.512428,2025-06-04 12:50:41.010231,0 days 00:14:56.497803000,128,0.01,0.01,0.1,10,500,512,COMPLETE
104,0.34484000000000004,2025-06-04 12:50:41.034479,2025-06-04 13:05:52.281890,0 days 00:15:11.247411000,128,0.01,0.01,0.001,10,500,512,COMPLETE
105,0.28842000000000007,2025-06-04 13:05:52.306207,2025-06-04 13:21:03.790704,0 days 00:15:11.484497000,128,0.01,0.01,0.001,10,500,512,COMPLETE
106,0.40282,2025-06-04 13:21:03.814907,2025-06-04 13:36:16.727310,0 days 00:15:12.912403000,128,0.01,0.01,0.0001,10,500,512,COMPLETE
107,0.37036,2025-06-04 13:36:16.751768,2025-06-04 13:51:28.209691,0 days 00:15:11.457923000,128,0.01,0.01,0.001,10,500,512,COMPLETE
108,0.20292000000000002,2025-06-04 13:51:28.234678,2025-06-04 16:22:27.532101,0 days 02:30:59.297423000,128,1.0,0.01,0.001,3,5000,512,COMPLETE
109,0.40732,2025-06-04 16:22:27.556773,2025-06-04 16:37:38.906302,0 days 00:15:11.349529000,256,0.1,0.01,0.0001,10,500,512,COMPLETE
110,0.30094,2025-06-04 16:37:38.931684,2025-06-04 16:52:48.608855,0 days 00:15:09.677171000,128,0.01,0.01,0.001,15,500,512,COMPLETE
111,0.381,2025-06-04 16:52:48.634488,2025-06-04 17:07:59.043840,0 days 00:15:10.409352000,128,0.1,0.01,0.0001,10,500,512,COMPLETE
112,0.46696000000000004,2025-06-04 17:07:59.069635,2025-06-04 17:23:09.254046,0 days 00:15:10.184411000,128,0.1,0.01,0.0001,10,500,512,COMPLETE
113,0.38128,2025-06-04 17:23:09.279956,2025-06-04 17:38:19.785321,0 days 00:15:10.505365000,128,0.1,0.01,0.0001,10,500,512,COMPLETE
114,0.31182000000000004,2025-06-04 17:38:19.811594,2025-06-04 17:53:30.498606,0 days 00:15:10.687012000,128,0.1,0.01,0.0001,10,500,512,COMPLETE
115,0.39176,2025-06-04 17:53:30.525047,2025-06-04 18:08:41.108479,0 days 00:15:10.583432000,128,0.1,0.01,0.0001,10,500,512,COMPLETE
116,0.275,2025-06-04 18:08:41.134545,2025-06-04 18:10:14.795428,0 days 00:01:33.660883000,64,0.01,0.5,0.001,10,500,128,COMPLETE
117,0.18484,2025-06-04 18:10:14.821827,2025-06-04 19:38:51.938094,0 days 01:28:37.116267000,128,0.01,0.01,0.1,10,3000,512,COMPLETE
118,0.35498,2025-06-04 19:38:51.964431,2025-06-04 19:44:20.181039,0 days 00:05:28.216608000,128,0.01,0.01,0.001,10,500,256,COMPLETE
119,0.24306000000000003,2025-06-04 19:44:20.207701,2025-06-04 22:14:54.920148,0 days 02:30:34.712447000,128,0.1,1.0,0.001,10,5000,512,COMPLETE
120,0.38348000000000004,2025-06-04 22:14:54.947348,2025-06-04 22:30:02.602079,0 days 00:15:07.654731000,128,0.01,0.01,0.0001,10,500,512,COMPLETE
121,0.38798000000000005,2025-06-04 22:30:02.629637,2025-06-04 22:45:11.168716,0 days 00:15:08.539079000,128,0.1,0.01,0.0001,10,500,512,COMPLETE
122,0.34852000000000005,2025-06-04 22:45:11.196355,2025-06-04 23:00:18.454782,0 days 00:15:07.258427000,128,0.1,0.01,0.0001,10,500,512,COMPLETE
123,0.39152000000000003,2025-06-04 23:00:18.483079,2025-06-04 23:15:27.468814,0 days 00:15:08.985735000,128,0.1,0.01,0.0001,10,500,512,COMPLETE
124,0.38855999999999996,2025-06-04 23:15:27.496641,2025-06-04 23:30:37.015323,0 days 00:15:09.518682000,128,0.1,0.01,0.0001,10,500,512,COMPLETE
125,0.23342000000000002,2025-06-04 23:30:37.043656,2025-06-04 23:32:09.314675,0 days 00:01:32.271019000,128,0.1,0.01,0.0001,10,500,64,COMPLETE
126,0.37402,2025-06-04 23:32:09.343216,2025-06-04 23:47:16.726602,0 days 00:15:07.383386000,128,0.01,0.1,0.001,10,500,512,COMPLETE
127,0.24844000000000002,2025-06-04 23:47:16.755204,2025-06-05 00:02:25.356209,0 days 00:15:08.601005000,128,0.5,0.01,0.001,10,500,512,COMPLETE
128,0.35748,2025-06-05 00:02:25.384500,2025-06-05 00:17:34.564361,0 days 00:15:09.179861000,128,0.01,0.01,0.0001,10,500,512,COMPLETE
129,0.14532,2025-06-05 00:17:34.593188,2025-06-05 00:32:43.501687,0 days 00:15:08.908499000,128,0.1,0.01,0.001,3,500,512,COMPLETE
130,0.17192000000000002,2025-06-05 00:32:43.531011,2025-06-05 03:02:48.808832,0 days 02:30:05.277821000,256,0.01,0.01,0.001,10,5000,512,COMPLETE
131,0.33052000000000004,2025-06-05 03:02:48.838387,2025-06-05 03:17:57.214476,0 days 00:15:08.376089000,128,0.1,0.01,0.0001,10,500,512,COMPLETE
132,0.32156,2025-06-05 03:17:57.244137,2025-06-05 03:33:05.896746,0 days 00:15:08.652609000,128,0.1,0.01,0.0001,10,500,512,COMPLETE
133,0.34252000000000005,2025-06-05 03:33:05.926639,2025-06-05 03:48:14.865943,0 days 00:15:08.939304000,128,0.1,0.01,0.0001,10,500,512,COMPLETE
134,0.36832000000000004,2025-06-05 03:48:14.896629,2025-06-05 04:03:24.083196,0 days 00:15:09.186567000,128,0.1,0.01,0.0001,10,500,512,COMPLETE
135,0.28802,2025-06-05 04:03:24.113455,2025-06-05 04:18:33.435559,0 days 00:15:09.322104000,128,1.0,0.01,0.0001,10,500,512,COMPLETE
136,0.42482000000000003,2025-06-05 04:18:33.465546,2025-06-05 04:33:42.408411,0 days 00:15:08.942865000,128,0.1,0.01,0.0001,10,500,512,COMPLETE
137,0.32006,2025-06-05 04:33:42.438907,2025-06-05 04:42:50.723456,0 days 00:09:08.284549000,64,0.01,0.01,0.001,15,500,512,COMPLETE
138,0.38322000000000006,2025-06-05 04:42:50.754732,2025-06-05 04:57:59.518079,0 days 00:15:08.763347000,128,0.01,0.01,0.0001,10,500,512,COMPLETE
139,0.24036000000000002,2025-06-05 04:57:59.549000,2025-06-05 05:00:31.831972,0 days 00:02:32.282972000,128,0.1,0.5,0.001,10,500,128,COMPLETE
140,0.21860000000000002,2025-06-05 05:00:31.863206,2025-06-05 06:28:39.159739,0 days 01:28:07.296533000,128,0.01,0.01,0.1,10,3000,512,COMPLETE
141,0.35692,2025-06-05 06:28:39.191274,2025-06-05 06:43:47.389467,0 days 00:15:08.198193000,128,0.1,0.01,0.0001,10,500,512,COMPLETE
142,0.32256,2025-06-05 06:43:47.420805,2025-06-05 06:58:53.683618,0 days 00:15:06.262813000,128,0.1,0.01,0.0001,10,500,512,COMPLETE
143,0.28836,2025-06-05 06:58:53.715554,2025-06-05 07:14:00.203980,0 days 00:15:06.488426000,128,0.1,0.01,0.0001,10,500,512,COMPLETE
144,0.32858,2025-06-05 07:14:00.235894,2025-06-05 07:29:06.465153,0 days 00:15:06.229259000,128,0.1,0.01,0.0001,10,500,512,COMPLETE
145,0.4152,2025-06-05 07:29:06.496681,2025-06-05 07:44:14.194517,0 days 00:15:07.697836000,128,0.1,0.01,0.0001,10,500,512,COMPLETE
146,0.27442000000000005,2025-06-05 07:44:14.226445,2025-06-05 07:49:40.325034,0 days 00:05:26.098589000,128,0.01,0.01,0.001,10,500,256,COMPLETE
147,0.26928,2025-06-05 07:49:40.357477,2025-06-05 08:04:47.386433,0 days 00:15:07.028956000,128,0.01,1.0,0.0001,10,500,512,COMPLETE
148,0.36462,2025-06-05 08:04:47.419299,2025-06-05 10:34:54.256122,0 days 02:30:06.836823000,128,0.1,0.01,0.001,10,5000,512,COMPLETE
149,0.3086,2025-06-05 10:34:54.288786,2025-06-05 10:36:26.855279,0 days 00:01:32.566493000,128,0.01,0.01,0.001,10,500,64,COMPLETE
