number,value,datetime_start,datetime_complete,duration,params_compile_batch_size,params_compile_beta_b,params_compile_beta_z,params_compile_lr,params_compile_prior_rate,params_compile_train_steps,params_hidden_size,state
0,0.42206,2025-07-27 02:32:52.859114,2025-07-27 02:39:01.260533,0 days 00:06:08.401419000,128,1.0,0.01,0.0001,3,3000,128,COMPLETE
1,0.42228000000000004,2025-07-27 02:39:01.270654,2025-07-27 02:40:25.785352,0 days 00:01:24.514698000,128,0.01,0.5,0.0001,10,500,256,COMPLETE
2,0.41332,2025-07-27 02:40:25.792683,2025-07-27 02:46:32.530213,0 days 00:06:06.737530000,128,0.5,0.1,0.001,3,3000,128,COMPLETE
3,0.45258000000000004,2025-07-27 02:46:32.541640,2025-07-27 02:47:48.575879,0 days 00:01:16.034239000,128,0.5,0.5,0.001,3,500,128,COMPLETE
4,0.43766000000000005,2025-07-27 02:47:48.586593,2025-07-27 03:02:11.520730,0 days 00:14:22.934137000,256,0.01,0.5,0.1,5,5000,64,COMPLETE
5,0.51992,2025-07-27 03:02:11.530722,2025-07-27 03:08:16.100881,0 days 00:06:04.570159000,128,0.5,0.5,0.001,5,3000,64,COMPLETE
6,0.38568,2025-07-27 03:08:16.112792,2025-07-27 03:09:17.486711,0 days 00:01:01.373919000,64,0.1,1.0,0.0001,10,500,64,COMPLETE
7,0.32364000000000004,2025-07-27 03:09:17.498958,2025-07-27 03:10:17.840289,0 days 00:01:00.341331000,64,0.01,0.1,0.0001,10,500,64,COMPLETE
8,0.45752000000000004,2025-07-27 03:10:17.852161,2025-07-27 03:11:31.783932,0 days 00:01:13.931771000,128,0.5,0.1,0.1,3,500,128,COMPLETE
9,0.42426,2025-07-27 03:11:31.795769,2025-07-27 03:26:28.730126,0 days 00:14:56.934357000,256,0.5,0.1,0.0001,3,5000,128,COMPLETE
10,0.54496,2025-07-27 03:26:28.741450,2025-07-27 03:31:09.329538,0 days 00:04:40.588088000,64,0.1,1.0,0.001,5,3000,256,COMPLETE
11,0.54496,2025-07-27 03:31:09.341788,2025-07-27 03:35:53.023222,0 days 00:04:43.681434000,64,0.1,1.0,0.001,5,3000,256,COMPLETE
12,0.54496,2025-07-27 03:35:53.034089,2025-07-27 03:40:36.718780,0 days 00:04:43.684691000,64,0.1,1.0,0.001,5,3000,256,COMPLETE
13,0.54496,2025-07-27 03:40:36.732220,2025-07-27 03:45:21.087313,0 days 00:04:44.355093000,64,0.1,1.0,0.001,5,3000,256,COMPLETE
14,0.54496,2025-07-27 03:45:21.100798,2025-07-27 03:50:04.390266,0 days 00:04:43.289468000,64,0.1,1.0,0.001,5,3000,256,COMPLETE
15,0.54496,2025-07-27 03:50:04.400420,2025-07-27 03:54:45.902562,0 days 00:04:41.502142000,64,0.1,1.0,0.001,5,3000,256,COMPLETE
16,0.71584,2025-07-27 03:54:45.917127,2025-07-27 03:59:29.272301,0 days 00:04:43.355174000,64,1.0,0.01,0.001,5,3000,256,COMPLETE
17,0.34844,2025-07-27 03:59:29.286017,2025-07-27 04:17:38.394284,0 days 00:18:09.108267000,256,1.0,0.01,0.1,5,5000,256,COMPLETE
18,0.71584,2025-07-27 04:17:38.409602,2025-07-27 04:22:18.536273,0 days 00:04:40.126671000,64,1.0,0.01,0.001,5,3000,256,COMPLETE
19,0.71584,2025-07-27 04:22:18.550236,2025-07-27 04:27:01.277461,0 days 00:04:42.727225000,64,1.0,0.01,0.001,5,3000,256,COMPLETE
20,0.37704000000000004,2025-07-27 04:27:01.288109,2025-07-27 04:34:32.811307,0 days 00:07:31.523198000,64,1.0,0.01,0.1,10,5000,256,COMPLETE
21,0.71584,2025-07-27 04:34:32.828182,2025-07-27 04:39:14.834600,0 days 00:04:42.006418000,64,1.0,0.01,0.001,5,3000,256,COMPLETE
22,0.71584,2025-07-27 04:39:14.850710,2025-07-27 04:43:55.403252,0 days 00:04:40.552542000,64,1.0,0.01,0.001,5,3000,256,COMPLETE
23,0.71584,2025-07-27 04:43:55.414750,2025-07-27 04:48:37.130187,0 days 00:04:41.715437000,64,1.0,0.01,0.001,5,3000,256,COMPLETE
24,0.71584,2025-07-27 04:48:37.146823,2025-07-27 04:53:20.135368,0 days 00:04:42.988545000,64,1.0,0.01,0.001,5,3000,256,COMPLETE
25,0.48074000000000006,2025-07-27 04:53:20.154798,2025-07-27 05:04:36.341391,0 days 00:11:16.186593000,256,1.0,0.01,0.001,5,3000,256,COMPLETE
26,0.71584,2025-07-27 05:04:36.359760,2025-07-27 05:09:20.043138,0 days 00:04:43.683378000,64,1.0,0.01,0.001,5,3000,256,COMPLETE
27,0.71584,2025-07-27 05:09:20.060203,2025-07-27 05:14:01.776937,0 days 00:04:41.716734000,64,1.0,0.01,0.001,5,3000,256,COMPLETE
28,0.58238,2025-07-27 05:14:01.796427,2025-07-27 05:18:39.977021,0 days 00:04:38.180594000,64,1.0,0.01,0.001,5,3000,64,COMPLETE
29,0.39572,2025-07-27 05:18:39.990306,2025-07-27 05:36:49.020914,0 days 00:18:09.030608000,256,1.0,0.01,0.1,10,5000,256,COMPLETE
30,0.4281400000000001,2025-07-27 05:36:49.038567,2025-07-27 05:41:29.314337,0 days 00:04:40.275770000,64,1.0,0.01,0.0001,3,3000,128,COMPLETE
31,0.71584,2025-07-27 05:41:29.333405,2025-07-27 05:46:09.001552,0 days 00:04:39.668147000,64,1.0,0.01,0.001,5,3000,256,COMPLETE
32,0.71584,2025-07-27 05:46:09.021065,2025-07-27 05:50:51.236890,0 days 00:04:42.215825000,64,1.0,0.01,0.001,5,3000,256,COMPLETE
33,0.71584,2025-07-27 05:50:51.252905,2025-07-27 05:55:33.128519,0 days 00:04:41.875614000,64,1.0,0.01,0.001,5,3000,256,COMPLETE
34,0.36138,2025-07-27 05:55:33.146913,2025-07-27 06:02:21.138638,0 days 00:06:47.991725000,128,0.01,0.01,0.001,5,3000,256,COMPLETE
35,0.48660000000000003,2025-07-27 06:02:21.156556,2025-07-27 06:03:23.900773,0 days 00:01:02.744217000,64,1.0,0.5,0.001,5,500,256,COMPLETE
36,0.41474,2025-07-27 06:03:23.922018,2025-07-27 06:09:29.118825,0 days 00:06:05.196807000,128,1.0,0.01,0.001,3,3000,128,COMPLETE
37,0.35024,2025-07-27 06:09:29.139599,2025-07-27 06:14:11.935355,0 days 00:04:42.795756000,64,0.01,0.5,0.0001,10,3000,256,COMPLETE
38,0.71594,2025-07-27 06:14:11.951188,2025-07-27 06:15:13.489605,0 days 00:01:01.538417000,64,1.0,0.01,0.001,5,500,64,COMPLETE
39,0.4384,2025-07-27 06:15:13.510964,2025-07-27 06:16:27.520669,0 days 00:01:14.009705000,128,0.5,0.1,0.1,5,500,64,COMPLETE
40,0.43002000000000007,2025-07-27 06:16:27.540828,2025-07-27 06:18:09.695735,0 days 00:01:42.154907000,256,1.0,0.01,0.001,3,500,64,COMPLETE
41,0.71594,2025-07-27 06:18:09.718773,2025-07-27 06:19:11.013633,0 days 00:01:01.294860000,64,1.0,0.01,0.001,5,500,64,COMPLETE
42,0.71594,2025-07-27 06:19:11.035712,2025-07-27 06:20:12.776945,0 days 00:01:01.741233000,64,1.0,0.01,0.001,5,500,64,COMPLETE
43,0.71594,2025-07-27 06:20:12.797852,2025-07-27 06:21:15.468695,0 days 00:01:02.670843000,64,1.0,0.01,0.001,5,500,64,COMPLETE
44,0.40302,2025-07-27 06:21:15.486140,2025-07-27 06:22:17.273262,0 days 00:01:01.787122000,64,0.01,0.1,0.0001,5,500,64,COMPLETE
45,0.3371,2025-07-27 06:22:17.293710,2025-07-27 06:23:18.657511,0 days 00:01:01.363801000,64,0.5,0.5,0.001,10,500,64,COMPLETE
46,0.71594,2025-07-27 06:23:18.680704,2025-07-27 06:24:20.102948,0 days 00:01:01.422244000,64,1.0,0.01,0.001,5,500,64,COMPLETE
47,0.71594,2025-07-27 06:24:20.126050,2025-07-27 06:25:21.954720,0 days 00:01:01.828670000,64,1.0,0.01,0.001,5,500,64,COMPLETE
48,0.50108,2025-07-27 06:25:21.977547,2025-07-27 06:26:38.340456,0 days 00:01:16.362909000,128,1.0,0.01,0.001,5,500,64,COMPLETE
49,0.48432000000000003,2025-07-27 06:26:38.359313,2025-07-27 06:27:39.983129,0 days 00:01:01.623816000,64,0.5,0.1,0.0001,3,500,64,COMPLETE
