number,value,datetime_start,datetime_complete,duration,params_hidden_size,params_il_batch_size,params_il_clip,params_il_lr,params_il_recurrence,params_il_train_steps,params_nb_slots,state
0,0.09066,2025-07-23 08:13:45.550194,2025-07-23 11:43:05.839459,0 days 03:29:20.289265000,256,128,0.2,0.0001,40,5000,3,COMPLETE
1,0.09066,2025-07-23 11:43:05.845205,2025-07-23 13:02:16.788382,0 days 01:19:10.943177000,128,128,0.8,1e-05,30,3000,5,COMPLETE
2,0.09066,2025-07-23 13:02:16.793116,2025-07-23 13:11:10.299047,0 days 00:08:53.505931000,128,64,0.1,1e-05,10,500,5,COMPLETE
3,0.09218000000000001,2025-07-23 13:11:10.449237,2025-07-23 13:20:09.283351,0 days 00:08:58.834114000,128,64,0.8,0.0001,10,500,5,COMPLETE
4,0.18084000000000003,2025-07-23 13:20:09.289829,2025-07-23 13:26:46.390513,0 days 00:06:37.100684000,64,128,0.3,0.001,30,500,4,COMPLETE
5,0.20782,2025-07-23 13:26:46.396948,2025-07-23 15:44:46.953016,0 days 02:18:00.556068000,128,128,0.8,0.001,30,5000,5,COMPLETE
6,0.21832000000000001,2025-07-23 15:44:47.146132,2025-07-23 16:33:11.121608,0 days 00:48:23.975476000,128,64,0.8,0.001,20,3000,5,COMPLETE
7,0.09066,2025-07-23 16:33:11.131861,2025-07-23 16:45:36.436731,0 days 00:12:25.304870000,64,128,0.3,0.1,30,1000,4,COMPLETE
8,0.09066,2025-07-23 16:45:36.443740,2025-07-23 20:19:21.502491,0 days 03:33:45.058751000,256,128,0.8,0.1,40,5000,3,COMPLETE
9,0.09066,2025-07-23 20:19:21.508623,2025-07-23 20:30:53.819500,0 days 00:11:32.310877000,256,128,0.1,1e-05,20,250,3,COMPLETE
10,0.25980000000000003,2025-07-23 20:30:53.828136,2025-07-23 21:28:11.726580,0 days 00:57:17.898444000,128,64,0.2,0.001,20,3000,6,COMPLETE
11,0.25980000000000003,2025-07-23 21:28:11.736443,2025-07-23 22:24:58.366632,0 days 00:56:46.630189000,128,64,0.2,0.001,20,3000,6,COMPLETE
12,0.25980000000000003,2025-07-23 22:24:58.376212,2025-07-23 23:22:35.528808,0 days 00:57:37.152596000,128,64,0.2,0.001,20,3000,6,COMPLETE
13,0.25980000000000003,2025-07-23 23:22:35.535608,2025-07-24 00:19:23.373143,0 days 00:56:47.837535000,128,64,0.2,0.001,20,3000,6,COMPLETE
14,0.25980000000000003,2025-07-24 00:19:23.380090,2025-07-24 01:16:13.305870,0 days 00:56:49.925780000,128,64,0.2,0.001,20,3000,6,COMPLETE
15,0.19198,2025-07-24 01:16:13.312964,2025-07-24 01:27:17.930995,0 days 00:11:04.618031000,64,64,0.2,0.001,20,1000,6,COMPLETE
16,0.27828,2025-07-24 01:27:17.938233,2025-07-24 01:32:54.155213,0 days 00:05:36.216980000,128,64,0.2,0.001,20,250,6,COMPLETE
17,0.09066,2025-07-24 01:32:54.162773,2025-07-24 01:38:29.589296,0 days 00:05:35.426523000,128,64,0.2,0.0001,20,250,6,COMPLETE
18,0.09066,2025-07-24 01:38:29.599783,2025-07-24 01:49:34.416498,0 days 00:11:04.816715000,256,64,0.2,0.1,10,250,6,COMPLETE
19,0.18206000000000003,2025-07-24 01:49:34.424381,2025-07-24 01:52:55.392331,0 days 00:03:20.967950000,64,64,0.3,0.001,40,250,6,COMPLETE
20,0.18062,2025-07-24 01:52:55.400454,2025-07-24 01:56:46.344609,0 days 00:03:50.944155000,128,64,0.1,0.001,20,250,4,COMPLETE
21,0.25980000000000003,2025-07-24 01:56:46.352843,2025-07-24 02:53:34.009450,0 days 00:56:47.656607000,128,64,0.2,0.001,20,3000,6,COMPLETE
22,0.25980000000000003,2025-07-24 02:53:34.017976,2025-07-24 03:50:13.784023,0 days 00:56:39.766047000,128,64,0.2,0.001,20,3000,6,COMPLETE
23,0.25980000000000003,2025-07-24 03:50:13.792621,2025-07-24 04:47:23.254798,0 days 00:57:09.462177000,128,64,0.2,0.001,20,3000,6,COMPLETE
24,0.27802000000000004,2025-07-24 04:47:23.263616,2025-07-24 05:07:05.593077,0 days 00:19:42.329461000,128,64,0.2,0.001,20,1000,6,COMPLETE
25,0.27802000000000004,2025-07-24 05:07:05.602020,2025-07-24 05:26:49.087430,0 days 00:19:43.485410000,128,64,0.2,0.001,20,1000,6,COMPLETE
26,0.09534000000000001,2025-07-24 05:26:49.165818,2025-07-24 05:46:33.527063,0 days 00:19:44.361245000,128,64,0.2,0.0001,20,1000,6,COMPLETE
27,0.09066,2025-07-24 05:46:33.536454,2025-07-24 06:33:06.252015,0 days 00:46:32.715561000,256,64,0.2,1e-05,10,1000,6,COMPLETE
28,0.09066,2025-07-24 06:33:06.261769,2025-07-24 06:39:46.379532,0 days 00:06:40.117763000,64,64,0.1,0.1,40,1000,3,COMPLETE
29,0.0995,2025-07-24 06:39:46.390256,2025-07-24 06:53:10.276463,0 days 00:13:23.886207000,128,64,0.2,0.0001,40,1000,4,COMPLETE
30,0.19910000000000003,2025-07-24 06:53:10.287579,2025-07-24 07:18:06.628493,0 days 00:24:56.340914000,256,64,0.3,0.001,20,1000,3,COMPLETE
31,0.27802000000000004,2025-07-24 07:18:06.638746,2025-07-24 07:37:44.606799,0 days 00:19:37.968053000,128,64,0.2,0.001,20,1000,6,COMPLETE
32,0.27802000000000004,2025-07-24 07:37:44.617205,2025-07-24 07:57:21.609801,0 days 00:19:36.992596000,128,64,0.2,0.001,20,1000,6,COMPLETE
33,0.27802000000000004,2025-07-24 07:57:21.620417,2025-07-24 08:17:01.809270,0 days 00:19:40.188853000,128,64,0.2,0.001,20,1000,6,COMPLETE
34,0.27802000000000004,2025-07-24 08:17:01.820065,2025-07-24 08:36:37.007919,0 days 00:19:35.187854000,128,64,0.2,0.001,20,1000,6,COMPLETE
35,0.09066,2025-07-24 08:36:37.018925,2025-07-24 08:53:03.726474,0 days 00:16:26.707549000,128,128,0.2,1e-05,30,500,6,COMPLETE
36,0.2231,2025-07-24 08:53:03.740395,2025-07-24 10:13:10.937516,0 days 01:20:07.197121000,128,64,0.1,0.001,10,5000,5,COMPLETE
37,0.30946,2025-07-24 10:13:10.948770,2025-07-24 10:32:52.672381,0 days 00:19:41.723611000,128,64,0.8,0.001,20,1000,6,COMPLETE
38,0.09066,2025-07-24 10:32:52.683806,2025-07-24 10:46:39.301557,0 days 00:13:46.617751000,128,128,0.8,1e-05,30,500,5,COMPLETE
39,0.09066,2025-07-24 10:46:39.315987,2025-07-24 10:49:01.473449,0 days 00:02:22.157462000,64,64,0.8,0.0001,10,250,4,COMPLETE
40,0.09066,2025-07-24 10:49:01.485345,2025-07-24 11:13:57.505907,0 days 00:24:56.020562000,128,128,0.8,0.1,20,1000,6,COMPLETE
41,0.30946,2025-07-24 11:13:57.520773,2025-07-24 11:33:45.300373,0 days 00:19:47.779600000,128,64,0.8,0.001,20,1000,6,COMPLETE
42,0.30946,2025-07-24 11:33:45.312543,2025-07-24 11:53:26.480963,0 days 00:19:41.168420000,128,64,0.8,0.001,20,1000,6,COMPLETE
43,0.30946,2025-07-24 11:53:26.496589,2025-07-24 12:12:58.574724,0 days 00:19:32.078135000,128,64,0.8,0.001,20,1000,6,COMPLETE
44,0.22808,2025-07-24 12:12:58.590267,2025-07-24 13:02:26.231730,0 days 00:49:27.641463000,128,64,0.8,0.001,20,5000,3,COMPLETE
45,0.22678,2025-07-24 13:02:26.244466,2025-07-24 13:19:03.628177,0 days 00:16:37.383711000,128,64,0.8,0.001,30,1000,5,COMPLETE
46,0.16866,2025-07-24 13:19:03.641067,2025-07-24 14:49:10.583176,0 days 01:30:06.942109000,256,128,0.8,0.001,20,1000,6,COMPLETE
47,0.29012000000000004,2025-07-24 14:49:10.596269,2025-07-24 14:54:47.421378,0 days 00:05:36.825109000,128,64,0.8,0.001,20,250,6,COMPLETE
48,0.3083,2025-07-24 14:54:47.434643,2025-07-24 15:05:16.910937,0 days 00:10:29.476294000,128,64,0.8,0.001,40,500,6,COMPLETE
49,0.09066,2025-07-24 15:05:16.924544,2025-07-24 15:12:17.244190,0 days 00:07:00.319646000,128,64,0.8,1e-05,40,500,4,COMPLETE
50,0.3083,2025-07-24 15:12:17.257644,2025-07-24 15:22:40.650135,0 days 00:10:23.392491000,128,64,0.8,0.001,40,500,6,COMPLETE
51,0.3083,2025-07-24 15:22:40.666729,2025-07-24 15:32:55.045873,0 days 00:10:14.379144000,128,64,0.8,0.001,40,500,6,COMPLETE
52,0.3083,2025-07-24 15:32:55.059743,2025-07-24 15:43:10.921381,0 days 00:10:15.861638000,128,64,0.8,0.001,40,500,6,COMPLETE
53,0.3083,2025-07-24 15:43:10.939551,2025-07-24 15:53:35.162720,0 days 00:10:24.223169000,128,64,0.8,0.001,40,500,6,COMPLETE
54,0.18772,2025-07-24 15:53:35.177080,2025-07-24 15:59:30.534857,0 days 00:05:55.357777000,64,64,0.8,0.001,40,500,6,COMPLETE
55,0.09066,2025-07-24 15:59:30.552955,2025-07-24 16:08:56.015489,0 days 00:09:25.462534000,128,64,0.8,0.1,40,500,6,COMPLETE
56,0.3083,2025-07-24 16:08:56.030425,2025-07-24 16:19:13.940961,0 days 00:10:17.910536000,128,64,0.8,0.001,40,500,6,COMPLETE
57,0.18814,2025-07-24 16:19:13.956063,2025-07-24 16:36:18.030202,0 days 00:17:04.074139000,128,128,0.8,0.001,40,1000,3,COMPLETE
58,0.18516,2025-07-24 16:36:18.045319,2025-07-24 20:33:25.990054,0 days 03:57:07.944735000,256,64,0.8,0.001,40,5000,6,COMPLETE
59,0.09474,2025-07-24 20:33:26.005458,2025-07-24 20:53:01.001349,0 days 00:19:34.995891000,128,64,0.8,0.0001,30,1000,6,COMPLETE
